<?xml version="1.0" encoding="UTF-8"?>
<testsuites name="Feature Notifikasi - Positive Case" time="11.025" tests="1" failures="0" errors="0">
   <testsuite name="Feature Notifikasi - Positive Case" tests="1" failures="0" errors="0" time="11.025" skipped="0" timestamp="2023-07-03 17:48:14" hostname="ASUS - ASUS-RN911" id="Test Suites/Feature Notifikasi - Positive Case">
      <properties>
         <property name="deviceName" value=""/>
         <property name="devicePlatform" value=""/>
         <property name="logFolder" value="E:\\GitRepo\\Katalon\\binarqa-group1-web\\Reports\\20230703_174811\\Feature Notifikasi - Positive Case\\20230703_174812"/>
         <property name="logFiles" value="E:\\GitRepo\\Katalon\\binarqa-group1-web\\Reports\\20230703_174811\\Feature Notifikasi - Positive Case\\20230703_174812\\execution0.log"/>
         <property name="attachments" value=""/>
         <property name="hostName" value="ASUS - ASUS-RN911"/>
         <property name="os" value="Windows 10 64bit"/>
         <property name="katalonVersion" value="8.6.0.208"/>
         <property name="browser" value="Chrome 114.0.0.0"/>
         <property name="hostAddress" value="192.168.1.116"/>
         <property name="sessionId" value="3c5b4b5b5b50f8b482d1c83be5fab4dd"/>
         <property name="seleniumVersion" value="3.141.59"/>
         <property name="proxyInformation" value="ProxyInformation { proxyOption=NO_PROXY, proxyServerType=HTTP, username=, password=********, proxyServerAddress=, proxyServerPort=0, executionList=&quot;&quot;, isApplyToDesiredCapabilities=true }"/>
         <property name="platform" value="Windows 10"/>
      </properties>
      <testcase name="Test Cases/Step Definition/Feature Notification/NTF01 - See Notification" time="10.85" classname="Test Cases/Step Definition/Feature Notification/NTF01 - See Notification" status="PASSED">
         <system-out><![CDATA[2023-07-03 17:48:14 - [TEST_CASE][PASSED] - Test Cases/Step Definition/Feature Notification/NTF01 - See Notification: Test Cases/Step Definition/Feature Notification/NTF01 - See Notification

2023-07-03 17:48:14 - [TEST_STEP][PASSED] - Start listener action : BeforeTestCase: Current window maximized

2023-07-03 17:48:14 - [TEST_STEP][PASSED] - logInfo("Test Case: " + testCaseContext.getTestCaseId()): Test Case: Test Cases/Step Definition/Feature Notification/NTF01 - See Notification

2023-07-03 17:48:14 - [MESSAGE][INFO] - Test Case: Test Cases/Step Definition/Feature Notification/NTF01 - See Notification

2023-07-03 17:48:14 - [TEST_STEP][PASSED] - openBrowser(): null

2023-07-03 17:48:14 - [TEST_STEP][PASSED] - openBrowser("https://secondhand.binaracademy.org/"): Browser is opened with url: 'https://secondhand.binaracademy.org/'

2023-07-03 17:48:15 - [MESSAGE][INFO] - Starting 'Chrome' driver

2023-07-03 17:48:15 - [MESSAGE][INFO] - Action delay is set to 0 milliseconds

2023-07-03 17:48:18 - [MESSAGE][PASSED] - Browser is opened with url: 'https://secondhand.binaracademy.org/'

2023-07-03 17:48:18 - [TEST_STEP][PASSED] - maximizeWindow(): Current window maximized

2023-07-03 17:48:19 - [MESSAGE][PASSED] - Current window maximized

2023-07-03 17:48:19 - [TEST_STEP][PASSED] - callTestCase(findTestCase("Pages/Homepage/Click Masuk from homepage"), [:], STOP_ON_FAILURE): Call Test Case 'Test Cases/Pages/Homepage/Click Masuk from homepage' successfully

2023-07-03 17:48:19 - [TEST_CASE][PASSED] - Test Cases/Pages/Homepage/Click Masuk from homepage: Test Cases/Pages/Homepage/Click Masuk from homepage

2023-07-03 17:48:19 - [TEST_STEP][PASSED] - click(findTestObject("Navbar/a_Masuk")): Object: 'Object Repository/Navbar/a_Masuk' is clicked on

2023-07-03 17:48:19 - [MESSAGE][PASSED] - Object: 'Object Repository/Navbar/a_Masuk' is clicked on

2023-07-03 17:48:19 - [MESSAGE][PASSED] - Call Test Case 'Test Cases/Pages/Homepage/Click Masuk from homepage' successfully

2023-07-03 17:48:19 - [TEST_STEP][PASSED] - callTestCase(findTestCase("Pages/Login/Input Email"), ["email":email], STOP_ON_FAILURE): Call Test Case 'Test Cases/Pages/Login/Input Email' successfully

2023-07-03 17:48:19 - [TEST_CASE][PASSED] - Test Cases/Pages/Login/Input Email: Test Cases/Pages/Login/Input Email

2023-07-03 17:48:20 - [TEST_STEP][PASSED] - setText(findTestObject("Login/input_Email"), email): Text 'group1qatest@mytestmail.net' is set on object 'Object Repository/Login/input_Email'

2023-07-03 17:48:21 - [MESSAGE][PASSED] - Text 'group1qatest@mytestmail.net' is set on object 'Object Repository/Login/input_Email'

2023-07-03 17:48:21 - [MESSAGE][PASSED] - Call Test Case 'Test Cases/Pages/Login/Input Email' successfully

2023-07-03 17:48:21 - [TEST_STEP][PASSED] - callTestCase(findTestCase("Pages/Login/Input Password"), ["password":password], STOP_ON_FAILURE): Call Test Case 'Test Cases/Pages/Login/Input Password' successfully

2023-07-03 17:48:21 - [TEST_CASE][PASSED] - Test Cases/Pages/Login/Input Password: Test Cases/Pages/Login/Input Password

2023-07-03 17:48:21 - [TEST_STEP][PASSED] - setText(findTestObject("Login/input_Password"), password): Text 'abc!12345' is set on object 'Object Repository/Login/input_Password'

2023-07-03 17:48:22 - [MESSAGE][PASSED] - Text 'abc!12345' is set on object 'Object Repository/Login/input_Password'

2023-07-03 17:48:22 - [MESSAGE][PASSED] - Call Test Case 'Test Cases/Pages/Login/Input Password' successfully

2023-07-03 17:48:22 - [TEST_STEP][PASSED] - callTestCase(findTestCase("Pages/Login/Click Button Masuk"), [:], STOP_ON_FAILURE): Call Test Case 'Test Cases/Pages/Login/Click Button Masuk' successfully

2023-07-03 17:48:22 - [TEST_CASE][PASSED] - Test Cases/Pages/Login/Click Button Masuk: Test Cases/Pages/Login/Click Button Masuk

2023-07-03 17:48:22 - [TEST_STEP][PASSED] - click(findTestObject("Login/button_Masuk")): Object: 'Object Repository/Login/button_Masuk' is clicked on

2023-07-03 17:48:22 - [MESSAGE][PASSED] - Object: 'Object Repository/Login/button_Masuk' is clicked on

2023-07-03 17:48:22 - [TEST_STEP][PASSED] - waitForPageLoad(5): Wait for page load successfully

2023-07-03 17:48:22 - [MESSAGE][PASSED] - Wait for page load successfully

2023-07-03 17:48:22 - [MESSAGE][PASSED] - Call Test Case 'Test Cases/Pages/Login/Click Button Masuk' successfully

2023-07-03 17:48:22 - [TEST_STEP][PASSED] - callTestCase(findTestCase("Pages/Notification/Click Notification Icon on Navbar"), [:], STOP_ON_FAILURE): Call Test Case 'Test Cases/Pages/Notification/Click Notification Icon on Navbar' successfully

2023-07-03 17:48:22 - [TEST_CASE][PASSED] - Test Cases/Pages/Notification/Click Notification Icon on Navbar: Test Cases/Pages/Notification/Click Notification Icon on Navbar

2023-07-03 17:48:22 - [TEST_STEP][PASSED] - click(findTestObject("Navbar/a_Notifikasi Icon")): Object: 'Object Repository/Navbar/a_Notifikasi Icon' is clicked on

2023-07-03 17:48:23 - [MESSAGE][PASSED] - Object: 'Object Repository/Navbar/a_Notifikasi Icon' is clicked on

2023-07-03 17:48:23 - [MESSAGE][PASSED] - Call Test Case 'Test Cases/Pages/Notification/Click Notification Icon on Navbar' successfully

2023-07-03 17:48:23 - [TEST_STEP][PASSED] - callTestCase(findTestCase("Pages/Notification/Click Lihat Semua Notifikasi"), [:], STOP_ON_FAILURE): Call Test Case 'Test Cases/Pages/Notification/Click Lihat Semua Notifikasi' successfully

2023-07-03 17:48:23 - [TEST_CASE][PASSED] - Test Cases/Pages/Notification/Click Lihat Semua Notifikasi: Test Cases/Pages/Notification/Click Lihat Semua Notifikasi

2023-07-03 17:48:23 - [TEST_STEP][PASSED] - click(findTestObject("Notification/a_Lihat Semua Notifikasi")): Object: 'Object Repository/Notification/a_Lihat Semua Notifikasi' is clicked on

2023-07-03 17:48:24 - [MESSAGE][PASSED] - Object: 'Object Repository/Notification/a_Lihat Semua Notifikasi' is clicked on

2023-07-03 17:48:24 - [MESSAGE][PASSED] - Call Test Case 'Test Cases/Pages/Notification/Click Lihat Semua Notifikasi' successfully

2023-07-03 17:48:24 - [TEST_STEP][PASSED] - callTestCase(findTestCase("Pages/Notification/Verify Notification Card Exists"), [:], STOP_ON_FAILURE): Call Test Case 'Test Cases/Pages/Notification/Verify Notification Card Exists' successfully

2023-07-03 17:48:24 - [TEST_CASE][PASSED] - Test Cases/Pages/Notification/Verify Notification Card Exists: Test Cases/Pages/Notification/Verify Notification Card Exists

2023-07-03 17:48:24 - [TEST_STEP][PASSED] - verifyElementVisible(findTestObject("Notification/a_First Notification Card")): Object 'Object Repository/Notification/a_First Notification Card' is visible

2023-07-03 17:48:25 - [MESSAGE][PASSED] - Object 'Object Repository/Notification/a_First Notification Card' is visible

2023-07-03 17:48:25 - [MESSAGE][PASSED] - Call Test Case 'Test Cases/Pages/Notification/Verify Notification Card Exists' successfully

2023-07-03 17:48:25 - [TEST_STEP][PASSED] - Start listener action : AfterTestCase: Browser is closed

2023-07-03 17:48:25 - [TEST_STEP][PASSED] - logInfo("Test Case: " + testCaseContext.getTestCaseId() + " | " + testCaseContext.getTestCaseStatus()): Test Case: Test Cases/Step Definition/Feature Notification/NTF01 - See Notification | PASSED

2023-07-03 17:48:25 - [MESSAGE][INFO] - Test Case: Test Cases/Step Definition/Feature Notification/NTF01 - See Notification | PASSED

2023-07-03 17:48:25 - [TEST_STEP][PASSED] - closeBrowser(): null

2023-07-03 17:48:25 - [TEST_STEP][PASSED] - closeBrowser(): Browser is closed

2023-07-03 17:48:25 - [MESSAGE][PASSED] - Browser is closed]]></system-out>
         <system-err><![CDATA[]]></system-err>
      </testcase>
      <system-out><![CDATA[2023-07-03 17:48:14 - [TEST_SUITE][PASSED] - Feature Notifikasi - Positive Case: Test Cases/Step Definition/Feature Notification/NTF01 - See Notification]]></system-out>
      <system-err><![CDATA[]]></system-err>
   </testsuite>
</testsuites>
