<?xml version="1.0" encoding="UTF-8"?>
<testsuites name="Feature Daftar Jual Saya - Positive Case" time="82.385" tests="3" failures="0" errors="0">
   <testsuite name="Feature Daftar Jual Saya - Positive Case" tests="3" failures="0" errors="0" time="82.385" skipped="0" timestamp="2023-07-03 19:13:06" hostname="ASUS - ASUS-RN911" id="Test Suites/Feature Daftar Jual Saya - Positive Case">
      <properties>
         <property name="deviceName" value="realme RMX1921 (Android 11)"/>
         <property name="devicePlatform" value=""/>
         <property name="logFolder" value="E:\\GitRepo\\Katalon\\binarqa-group1-app\\Reports\\20230703_191252\\Feature Daftar Jual Saya - Positive Case\\20230703_191252"/>
         <property name="logFiles" value="E:\\GitRepo\\Katalon\\binarqa-group1-app\\Reports\\20230703_191252\\Feature Daftar Jual Saya - Positive Case\\20230703_191252\\appium.log, E:\\GitRepo\\Katalon\\binarqa-group1-app\\Reports\\20230703_191252\\Feature Daftar Jual Saya - Positive Case\\20230703_191252\\execution0.log"/>
         <property name="attachments" value="E:\\GitRepo\\Katalon\\binarqa-group1-app\\Reports\\20230703_191252\\Feature Daftar Jual Saya - Positive Case\\20230703_191252\\1688386412668.png"/>
         <property name="hostName" value="ASUS - ASUS-RN911"/>
         <property name="os" value="Windows 10 64bit"/>
         <property name="appiumServerStatus" value="{&quot;value&quot;:{&quot;build&quot;:{&quot;version&quot;:&quot;1.22.3&quot;}},&quot;sessionId&quot;:null,&quot;status&quot;:0}"/>
         <property name="katalonVersion" value="8.6.0.208"/>
         <property name="deviceOS" value="Android"/>
         <property name="appiumVersion" value="1.22.3"/>
         <property name="deviceModel" value="RMX1921"/>
         <property name="hostAddress" value="192.168.1.116"/>
         <property name="deviceManufacturer" value="realme"/>
         <property name="deviceId" value="fd03a52e"/>
         <property name="deviceName" value="realme RMX1921 (Android 11)"/>
         <property name="deviceOSVersion" value="11"/>
      </properties>
      <testcase name="Test Cases/Step Definition/Feature Daftar Jual Saya/DJS01 - See Daftar Jual Saya Product List" time="26.522" classname="Test Cases/Step Definition/Feature Daftar Jual Saya/DJS01 - See Daftar Jual Saya Product List" status="PASSED">
         <system-out><![CDATA[2023-07-03 19:13:18 - [TEST_CASE][PASSED] - Test Cases/Step Definition/Feature Daftar Jual Saya/DJS01 - See Daftar Jual Saya Product List: Test Cases/Step Definition/Feature Daftar Jual Saya/DJS01 - See Daftar Jual Saya Product List

2023-07-03 19:13:18 - [TEST_STEP][PASSED] - Start listener action : beforeTestCase: Started app at: 'E:\GitRepo\Katalon\binarqa-group1-app\Apk\app-release-second-hand-gcp.apk'

2023-07-03 19:13:18 - [TEST_STEP][PASSED] - logInfo("Test Case: " + testCaseContext.getTestCaseId()): Test Case: Test Cases/Step Definition/Feature Daftar Jual Saya/DJS01 - See Daftar Jual Saya Product List

2023-07-03 19:13:18 - [MESSAGE][INFO] - Test Case: Test Cases/Step Definition/Feature Daftar Jual Saya/DJS01 - See Daftar Jual Saya Product List

2023-07-03 19:13:18 - [TEST_STEP][PASSED] - launchApp(): null

2023-07-03 19:13:18 - [TEST_STEP][PASSED] - startApplication(System.getProperty("user.dir") + "\Apk\app-release-second-hand-gcp.apk", false): Started app at: 'E:\GitRepo\Katalon\binarqa-group1-app\Apk\app-release-second-hand-gcp.apk'

2023-07-03 19:13:18 - [MESSAGE][INFO] - User set preference: ['appWaitActivity', '*']

2023-07-03 19:13:18 - [MESSAGE][INFO] - User set preference: ['appWaitforLaunch', 'false']

2023-07-03 19:13:18 - [MESSAGE][INFO] - User set preference: ['noReset', 'true']

2023-07-03 19:13:18 - [MESSAGE][INFO] - User set preference: ['ignoreHiddenApiPolicyError', 'true']

2023-07-03 19:13:18 - [MESSAGE][INFO] - User set preference: ['deviceId', '']

2023-07-03 19:13:25 - [MESSAGE][PASSED] - Started app at: 'E:\GitRepo\Katalon\binarqa-group1-app\Apk\app-release-second-hand-gcp.apk'

2023-07-03 19:13:26 - [TEST_STEP][PASSED] - callTestCase(findTestCase("Pages/Homepage/Verify on Homepage"), [:], STOP_ON_FAILURE): Call Test Case 'Test Cases/Pages/Homepage/Verify on Homepage' successfully

2023-07-03 19:13:26 - [TEST_CASE][PASSED] - Test Cases/Pages/Homepage/Verify on Homepage: Test Cases/Pages/Homepage/Verify on Homepage

2023-07-03 19:13:26 - [TEST_STEP][PASSED] - verifyElementVisible(findTestObject("Navbar/android.widget.FrameLayout - Navbar Beranda"), 0): Element 'Object Repository/Navbar/android.widget.FrameLayout - Navbar Beranda' is visible

2023-07-03 19:13:26 - [MESSAGE][WARNING] - Timeout '0' is invalid. Using default page load timeout: '30'

2023-07-03 19:13:26 - [MESSAGE][PASSED] - Element 'Object Repository/Navbar/android.widget.FrameLayout - Navbar Beranda' is visible

2023-07-03 19:13:26 - [TEST_STEP][PASSED] - verifyElementVisible(findTestObject("Navbar/android.widget.FrameLayout - Navbar Notifikasi"), 0): Element 'Object Repository/Navbar/android.widget.FrameLayout - Navbar Notifikasi' is visible

2023-07-03 19:13:26 - [MESSAGE][WARNING] - Timeout '0' is invalid. Using default page load timeout: '30'

2023-07-03 19:13:27 - [MESSAGE][PASSED] - Element 'Object Repository/Navbar/android.widget.FrameLayout - Navbar Notifikasi' is visible

2023-07-03 19:13:27 - [TEST_STEP][PASSED] - verifyElementVisible(findTestObject("Navbar/android.widget.FrameLayout - Navbar Transaksi"), 0): Element 'Object Repository/Navbar/android.widget.FrameLayout - Navbar Transaksi' is visible

2023-07-03 19:13:27 - [MESSAGE][WARNING] - Timeout '0' is invalid. Using default page load timeout: '30'

2023-07-03 19:13:27 - [MESSAGE][PASSED] - Element 'Object Repository/Navbar/android.widget.FrameLayout - Navbar Transaksi' is visible

2023-07-03 19:13:27 - [TEST_STEP][PASSED] - verifyElementVisible(findTestObject("Navbar/android.widget.FrameLayout - Navbar Akun"), 0): Element 'Object Repository/Navbar/android.widget.FrameLayout - Navbar Akun' is visible

2023-07-03 19:13:27 - [MESSAGE][WARNING] - Timeout '0' is invalid. Using default page load timeout: '30'

2023-07-03 19:13:27 - [MESSAGE][PASSED] - Element 'Object Repository/Navbar/android.widget.FrameLayout - Navbar Akun' is visible

2023-07-03 19:13:27 - [TEST_STEP][PASSED] - verifyElementVisible(findTestObject("Navbar/android.widget.ImageButton - FAB Add Product"), 0): Element 'Object Repository/Navbar/android.widget.ImageButton - FAB Add Product' is visible

2023-07-03 19:13:27 - [MESSAGE][WARNING] - Timeout '0' is invalid. Using default page load timeout: '30'

2023-07-03 19:13:28 - [MESSAGE][PASSED] - Element 'Object Repository/Navbar/android.widget.ImageButton - FAB Add Product' is visible

2023-07-03 19:13:28 - [TEST_STEP][PASSED] - verifyElementVisible(findTestObject("Homepage/android.widget.EditText - Search Field"), 0): Element 'Object Repository/Homepage/android.widget.EditText - Search Field' is visible

2023-07-03 19:13:28 - [MESSAGE][WARNING] - Timeout '0' is invalid. Using default page load timeout: '30'

2023-07-03 19:13:30 - [MESSAGE][PASSED] - Element 'Object Repository/Homepage/android.widget.EditText - Search Field' is visible

2023-07-03 19:13:30 - [TEST_STEP][PASSED] - verifyElementVisible(findTestObject("Homepage/androidx.cardview.widget.CardView - Category"), 0): Element 'Object Repository/Homepage/androidx.cardview.widget.CardView - Category' is visible

2023-07-03 19:13:30 - [MESSAGE][WARNING] - Timeout '0' is invalid. Using default page load timeout: '30'

2023-07-03 19:13:30 - [MESSAGE][PASSED] - Element 'Object Repository/Homepage/androidx.cardview.widget.CardView - Category' is visible

2023-07-03 19:13:30 - [MESSAGE][PASSED] - Call Test Case 'Test Cases/Pages/Homepage/Verify on Homepage' successfully

2023-07-03 19:13:30 - [TEST_STEP][FAILED] - try: Unable to call Test Case 'Test Cases/Pages/Homepage/Verify Already Logged In' (Root cause: com.kms.katalon.core.exception.StepFailedException: Call Test Case 'Test Cases/Pages/Homepage/Verify Already Logged In' failed
	at com.kms.katalon.core.keyword.builtin.CallTestCaseKeyword$_callTestCase_closure1.doCall(CallTestCaseKeyword.groovy:63)
	at com.kms.katalon.core.keyword.builtin.CallTestCaseKeyword$_callTestCase_closure1.call(CallTestCaseKeyword.groovy)
	at com.kms.katalon.core.keyword.internal.KeywordMain.runKeyword(KeywordMain.groovy:75)
	at com.kms.katalon.core.keyword.builtin.CallTestCaseKeyword.callTestCase(CallTestCaseKeyword.groovy:81)
	at com.kms.katalon.core.keyword.builtin.CallTestCaseKeyword.execute(CallTestCaseKeyword.groovy:44)
	at com.kms.katalon.core.keyword.internal.KeywordExecutor.executeKeywordForPlatform(KeywordExecutor.groovy:74)
	at com.kms.katalon.core.keyword.BuiltinKeywords.callTestCase(BuiltinKeywords.groovy:334)
	at DJS01 - See Daftar Jual Saya Product List.run(DJS01 - See Daftar Jual Saya Product List:23)
	at com.kms.katalon.core.main.ScriptEngine.run(ScriptEngine.java:194)
	at com.kms.katalon.core.main.ScriptEngine.runScriptAsRawText(ScriptEngine.java:119)
	at com.kms.katalon.core.main.TestCaseExecutor.runScript(TestCaseExecutor.java:448)
	at com.kms.katalon.core.main.TestCaseExecutor.doExecute(TestCaseExecutor.java:439)
	at com.kms.katalon.core.main.TestCaseExecutor.processExecutionPhase(TestCaseExecutor.java:418)
	at com.kms.katalon.core.main.TestCaseExecutor.accessMainPhase(TestCaseExecutor.java:410)
	at com.kms.katalon.core.main.TestCaseExecutor.execute(TestCaseExecutor.java:285)
	at com.kms.katalon.core.common.CommonExecutor.accessTestCaseMainPhase(CommonExecutor.java:65)
	at com.kms.katalon.core.main.TestSuiteExecutor.accessTestSuiteMainPhase(TestSuiteExecutor.java:148)
	at com.kms.katalon.core.main.TestSuiteExecutor.execute(TestSuiteExecutor.java:106)
	at com.kms.katalon.core.main.TestCaseMain.startTestSuite(TestCaseMain.java:187)
	at com.kms.katalon.core.main.TestCaseMain$startTestSuite$0.call(Unknown Source)
	at TempTestSuite1688386372200.run(TempTestSuite1688386372200.groovy:36)
Caused by: com.kms.katalon.core.exception.StepFailedException: Element 'Object Repository/Akun/android.widget.TextView - Email' not found
	at com.kms.katalon.core.keyword.internal.KeywordMain.stepFailed(KeywordMain.groovy:51)
	at com.kms.katalon.core.mobile.keyword.internal.MobileKeywordMain.stepFailed(MobileKeywordMain.groovy:40)
	at com.kms.katalon.core.mobile.keyword.builtin.VerifyElementVisibleKeyword$_verifyElementVisible_closure1.doCall(VerifyElementVisibleKeyword.groovy:82)
	at com.kms.katalon.core.mobile.keyword.builtin.VerifyElementVisibleKeyword$_verifyElementVisible_closure1.call(VerifyElementVisibleKeyword.groovy)
	at com.kms.katalon.core.mobile.keyword.internal.MobileKeywordMain.runKeyword(MobileKeywordMain.groovy:21)
	at com.kms.katalon.core.mobile.keyword.builtin.VerifyElementVisibleKeyword.verifyElementVisible(VerifyElementVisibleKeyword.groovy:85)
	at com.kms.katalon.core.mobile.keyword.builtin.VerifyElementVisibleKeyword.execute(VerifyElementVisibleKeyword.groovy:64)
	at com.kms.katalon.core.keyword.internal.KeywordExecutor.executeKeywordForPlatform(KeywordExecutor.groovy:74)
	at com.kms.katalon.core.mobile.keyword.MobileBuiltInKeywords.verifyElementVisible(MobileBuiltInKeywords.groovy:2031)
	at com.kms.katalon.core.mobile.keyword.MobileBuiltInKeywords$verifyElementVisible$0.call(Unknown Source)
	at Verify Already Logged In.run(Verify Already Logged In:24)
	at com.kms.katalon.core.main.ScriptEngine.run(ScriptEngine.java:194)
	at com.kms.katalon.core.main.ScriptEngine.runScriptAsRawText(ScriptEngine.java:119)
	at com.kms.katalon.core.main.TestCaseExecutor.runScript(TestCaseExecutor.java:448)
	at com.kms.katalon.core.main.TestCaseExecutor.doExecute(TestCaseExecutor.java:439)
	at com.kms.katalon.core.main.TestCaseExecutor.processExecutionPhase(TestCaseExecutor.java:418)
	at com.kms.katalon.core.main.TestCaseExecutor.accessMainPhase(TestCaseExecutor.java:410)
	at com.kms.katalon.core.main.TestCaseExecutor.execute(TestCaseExecutor.java:285)
	at com.kms.katalon.core.main.TestCaseMain.runTestCase(TestCaseMain.java:144)
	at com.kms.katalon.core.keyword.builtin.CallTestCaseKeyword$_callTestCase_closure1.doCall(CallTestCaseKeyword.groovy:59)
	... 20 more
)

2023-07-03 19:13:30 - [TEST_STEP][FAILED] - callTestCase(findTestCase("Pages/Homepage/Verify Already Logged In"), [:], STOP_ON_FAILURE): Unable to call Test Case 'Test Cases/Pages/Homepage/Verify Already Logged In' (Root cause: com.kms.katalon.core.exception.StepFailedException: Call Test Case 'Test Cases/Pages/Homepage/Verify Already Logged In' failed
	at com.kms.katalon.core.keyword.builtin.CallTestCaseKeyword$_callTestCase_closure1.doCall(CallTestCaseKeyword.groovy:63)
	at com.kms.katalon.core.keyword.builtin.CallTestCaseKeyword$_callTestCase_closure1.call(CallTestCaseKeyword.groovy)
	at com.kms.katalon.core.keyword.internal.KeywordMain.runKeyword(KeywordMain.groovy:75)
	at com.kms.katalon.core.keyword.builtin.CallTestCaseKeyword.callTestCase(CallTestCaseKeyword.groovy:81)
	at com.kms.katalon.core.keyword.builtin.CallTestCaseKeyword.execute(CallTestCaseKeyword.groovy:44)
	at com.kms.katalon.core.keyword.internal.KeywordExecutor.executeKeywordForPlatform(KeywordExecutor.groovy:74)
	at com.kms.katalon.core.keyword.BuiltinKeywords.callTestCase(BuiltinKeywords.groovy:334)
	at DJS01 - See Daftar Jual Saya Product List.run(DJS01 - See Daftar Jual Saya Product List:23)
	at com.kms.katalon.core.main.ScriptEngine.run(ScriptEngine.java:194)
	at com.kms.katalon.core.main.ScriptEngine.runScriptAsRawText(ScriptEngine.java:119)
	at com.kms.katalon.core.main.TestCaseExecutor.runScript(TestCaseExecutor.java:448)
	at com.kms.katalon.core.main.TestCaseExecutor.doExecute(TestCaseExecutor.java:439)
	at com.kms.katalon.core.main.TestCaseExecutor.processExecutionPhase(TestCaseExecutor.java:418)
	at com.kms.katalon.core.main.TestCaseExecutor.accessMainPhase(TestCaseExecutor.java:410)
	at com.kms.katalon.core.main.TestCaseExecutor.execute(TestCaseExecutor.java:285)
	at com.kms.katalon.core.common.CommonExecutor.accessTestCaseMainPhase(CommonExecutor.java:65)
	at com.kms.katalon.core.main.TestSuiteExecutor.accessTestSuiteMainPhase(TestSuiteExecutor.java:148)
	at com.kms.katalon.core.main.TestSuiteExecutor.execute(TestSuiteExecutor.java:106)
	at com.kms.katalon.core.main.TestCaseMain.startTestSuite(TestCaseMain.java:187)
	at com.kms.katalon.core.main.TestCaseMain$startTestSuite$0.call(Unknown Source)
	at TempTestSuite1688386372200.run(TempTestSuite1688386372200.groovy:36)
Caused by: com.kms.katalon.core.exception.StepFailedException: Element 'Object Repository/Akun/android.widget.TextView - Email' not found
	at com.kms.katalon.core.keyword.internal.KeywordMain.stepFailed(KeywordMain.groovy:51)
	at com.kms.katalon.core.mobile.keyword.internal.MobileKeywordMain.stepFailed(MobileKeywordMain.groovy:40)
	at com.kms.katalon.core.mobile.keyword.builtin.VerifyElementVisibleKeyword$_verifyElementVisible_closure1.doCall(VerifyElementVisibleKeyword.groovy:82)
	at com.kms.katalon.core.mobile.keyword.builtin.VerifyElementVisibleKeyword$_verifyElementVisible_closure1.call(VerifyElementVisibleKeyword.groovy)
	at com.kms.katalon.core.mobile.keyword.internal.MobileKeywordMain.runKeyword(MobileKeywordMain.groovy:21)
	at com.kms.katalon.core.mobile.keyword.builtin.VerifyElementVisibleKeyword.verifyElementVisible(VerifyElementVisibleKeyword.groovy:85)
	at com.kms.katalon.core.mobile.keyword.builtin.VerifyElementVisibleKeyword.execute(VerifyElementVisibleKeyword.groovy:64)
	at com.kms.katalon.core.keyword.internal.KeywordExecutor.executeKeywordForPlatform(KeywordExecutor.groovy:74)
	at com.kms.katalon.core.mobile.keyword.MobileBuiltInKeywords.verifyElementVisible(MobileBuiltInKeywords.groovy:2031)
	at com.kms.katalon.core.mobile.keyword.MobileBuiltInKeywords$verifyElementVisible$0.call(Unknown Source)
	at Verify Already Logged In.run(Verify Already Logged In:24)
	at com.kms.katalon.core.main.ScriptEngine.run(ScriptEngine.java:194)
	at com.kms.katalon.core.main.ScriptEngine.runScriptAsRawText(ScriptEngine.java:119)
	at com.kms.katalon.core.main.TestCaseExecutor.runScript(TestCaseExecutor.java:448)
	at com.kms.katalon.core.main.TestCaseExecutor.doExecute(TestCaseExecutor.java:439)
	at com.kms.katalon.core.main.TestCaseExecutor.processExecutionPhase(TestCaseExecutor.java:418)
	at com.kms.katalon.core.main.TestCaseExecutor.accessMainPhase(TestCaseExecutor.java:410)
	at com.kms.katalon.core.main.TestCaseExecutor.execute(TestCaseExecutor.java:285)
	at com.kms.katalon.core.main.TestCaseMain.runTestCase(TestCaseMain.java:144)
	at com.kms.katalon.core.keyword.builtin.CallTestCaseKeyword$_callTestCase_closure1.doCall(CallTestCaseKeyword.groovy:59)
	... 20 more
)

2023-07-03 19:13:30 - [TEST_CASE][FAILED] - Test Cases/Pages/Homepage/Verify Already Logged In: Test Cases/Pages/Homepage/Verify Already Logged In FAILED.
Reason:
com.kms.katalon.core.exception.StepFailedException: Element 'Object Repository/Akun/android.widget.TextView - Email' not found
	at com.kms.katalon.core.keyword.internal.KeywordMain.stepFailed(KeywordMain.groovy:51)
	at com.kms.katalon.core.mobile.keyword.internal.MobileKeywordMain.stepFailed(MobileKeywordMain.groovy:40)
	at com.kms.katalon.core.mobile.keyword.builtin.VerifyElementVisibleKeyword$_verifyElementVisible_closure1.doCall(VerifyElementVisibleKeyword.groovy:82)
	at com.kms.katalon.core.mobile.keyword.builtin.VerifyElementVisibleKeyword$_verifyElementVisible_closure1.call(VerifyElementVisibleKeyword.groovy)
	at com.kms.katalon.core.mobile.keyword.internal.MobileKeywordMain.runKeyword(MobileKeywordMain.groovy:21)
	at com.kms.katalon.core.mobile.keyword.builtin.VerifyElementVisibleKeyword.verifyElementVisible(VerifyElementVisibleKeyword.groovy:85)
	at com.kms.katalon.core.mobile.keyword.builtin.VerifyElementVisibleKeyword.execute(VerifyElementVisibleKeyword.groovy:64)
	at com.kms.katalon.core.keyword.internal.KeywordExecutor.executeKeywordForPlatform(KeywordExecutor.groovy:74)
	at com.kms.katalon.core.mobile.keyword.MobileBuiltInKeywords.verifyElementVisible(MobileBuiltInKeywords.groovy:2031)
	at com.kms.katalon.core.mobile.keyword.MobileBuiltInKeywords$verifyElementVisible$0.call(Unknown Source)
	at Verify Already Logged In.run(Verify Already Logged In:24)
	at com.kms.katalon.core.main.ScriptEngine.run(ScriptEngine.java:194)
	at com.kms.katalon.core.main.ScriptEngine.runScriptAsRawText(ScriptEngine.java:119)
	at com.kms.katalon.core.main.TestCaseExecutor.runScript(TestCaseExecutor.java:448)
	at com.kms.katalon.core.main.TestCaseExecutor.doExecute(TestCaseExecutor.java:439)
	at com.kms.katalon.core.main.TestCaseExecutor.processExecutionPhase(TestCaseExecutor.java:418)
	at com.kms.katalon.core.main.TestCaseExecutor.accessMainPhase(TestCaseExecutor.java:410)
	at com.kms.katalon.core.main.TestCaseExecutor.execute(TestCaseExecutor.java:285)
	at com.kms.katalon.core.main.TestCaseMain.runTestCase(TestCaseMain.java:144)
	at com.kms.katalon.core.keyword.builtin.CallTestCaseKeyword$_callTestCase_closure1.doCall(CallTestCaseKeyword.groovy:59)
	at com.kms.katalon.core.keyword.builtin.CallTestCaseKeyword$_callTestCase_closure1.call(CallTestCaseKeyword.groovy)
	at com.kms.katalon.core.keyword.internal.KeywordMain.runKeyword(KeywordMain.groovy:75)
	at com.kms.katalon.core.keyword.builtin.CallTestCaseKeyword.callTestCase(CallTestCaseKeyword.groovy:81)
	at com.kms.katalon.core.keyword.builtin.CallTestCaseKeyword.execute(CallTestCaseKeyword.groovy:44)
	at com.kms.katalon.core.keyword.internal.KeywordExecutor.executeKeywordForPlatform(KeywordExecutor.groovy:74)
	at com.kms.katalon.core.keyword.BuiltinKeywords.callTestCase(BuiltinKeywords.groovy:334)
	at DJS01 - See Daftar Jual Saya Product List.run(DJS01 - See Daftar Jual Saya Product List:23)
	at com.kms.katalon.core.main.ScriptEngine.run(ScriptEngine.java:194)
	at com.kms.katalon.core.main.ScriptEngine.runScriptAsRawText(ScriptEngine.java:119)
	at com.kms.katalon.core.main.TestCaseExecutor.runScript(TestCaseExecutor.java:448)
	at com.kms.katalon.core.main.TestCaseExecutor.doExecute(TestCaseExecutor.java:439)
	at com.kms.katalon.core.main.TestCaseExecutor.processExecutionPhase(TestCaseExecutor.java:418)
	at com.kms.katalon.core.main.TestCaseExecutor.accessMainPhase(TestCaseExecutor.java:410)
	at com.kms.katalon.core.main.TestCaseExecutor.execute(TestCaseExecutor.java:285)
	at com.kms.katalon.core.common.CommonExecutor.accessTestCaseMainPhase(CommonExecutor.java:65)
	at com.kms.katalon.core.main.TestSuiteExecutor.accessTestSuiteMainPhase(TestSuiteExecutor.java:148)
	at com.kms.katalon.core.main.TestSuiteExecutor.execute(TestSuiteExecutor.java:106)
	at com.kms.katalon.core.main.TestCaseMain.startTestSuite(TestCaseMain.java:187)
	at com.kms.katalon.core.main.TestCaseMain$startTestSuite$0.call(Unknown Source)
	at TempTestSuite1688386372200.run(TempTestSuite1688386372200.groovy:36)


2023-07-03 19:13:30 - [TEST_STEP][PASSED] - tap(findTestObject("Navbar/android.widget.FrameLayout - Navbar Akun"), 0): Tapped on element 'Object Repository/Navbar/android.widget.FrameLayout - Navbar Akun'

2023-07-03 19:13:30 - [MESSAGE][WARNING] - Timeout '0' is invalid. Using default page load timeout: '30'

2023-07-03 19:13:30 - [MESSAGE][PASSED] - Tapped on element 'Object Repository/Navbar/android.widget.FrameLayout - Navbar Akun'

2023-07-03 19:13:30 - [TEST_STEP][PASSED] - verifyElementVisible(findTestObject("Akun/android.widget.ImageView - Profile Photo"), 1): Element 'Object Repository/Akun/android.widget.ImageView - Profile Photo' is visible

2023-07-03 19:13:31 - [MESSAGE][PASSED] - Element 'Object Repository/Akun/android.widget.ImageView - Profile Photo' is visible

2023-07-03 19:13:31 - [TEST_STEP][FAILED] - verifyElementVisible(findTestObject("Akun/android.widget.TextView - Email"), 1): Failed to check for element 'Object Repository/Akun/android.widget.TextView - Email' visible (Root cause: com.kms.katalon.core.exception.StepFailedException: Element 'Object Repository/Akun/android.widget.TextView - Email' not found
	at com.kms.katalon.core.keyword.internal.KeywordMain.stepFailed(KeywordMain.groovy:51)
	at com.kms.katalon.core.mobile.keyword.internal.MobileKeywordMain.stepFailed(MobileKeywordMain.groovy:40)
	at com.kms.katalon.core.mobile.keyword.builtin.VerifyElementVisibleKeyword$_verifyElementVisible_closure1.doCall(VerifyElementVisibleKeyword.groovy:82)
	at com.kms.katalon.core.mobile.keyword.builtin.VerifyElementVisibleKeyword$_verifyElementVisible_closure1.call(VerifyElementVisibleKeyword.groovy)
	at com.kms.katalon.core.mobile.keyword.internal.MobileKeywordMain.runKeyword(MobileKeywordMain.groovy:21)
	at com.kms.katalon.core.mobile.keyword.builtin.VerifyElementVisibleKeyword.verifyElementVisible(VerifyElementVisibleKeyword.groovy:85)
	at com.kms.katalon.core.mobile.keyword.builtin.VerifyElementVisibleKeyword.execute(VerifyElementVisibleKeyword.groovy:64)
	at com.kms.katalon.core.keyword.internal.KeywordExecutor.executeKeywordForPlatform(KeywordExecutor.groovy:74)
	at com.kms.katalon.core.mobile.keyword.MobileBuiltInKeywords.verifyElementVisible(MobileBuiltInKeywords.groovy:2031)
	at com.kms.katalon.core.mobile.keyword.MobileBuiltInKeywords$verifyElementVisible$0.call(Unknown Source)
	at Verify Already Logged In.run(Verify Already Logged In:24)
	at com.kms.katalon.core.main.ScriptEngine.run(ScriptEngine.java:194)
	at com.kms.katalon.core.main.ScriptEngine.runScriptAsRawText(ScriptEngine.java:119)
	at com.kms.katalon.core.main.TestCaseExecutor.runScript(TestCaseExecutor.java:448)
	at com.kms.katalon.core.main.TestCaseExecutor.doExecute(TestCaseExecutor.java:439)
	at com.kms.katalon.core.main.TestCaseExecutor.processExecutionPhase(TestCaseExecutor.java:418)
	at com.kms.katalon.core.main.TestCaseExecutor.accessMainPhase(TestCaseExecutor.java:410)
	at com.kms.katalon.core.main.TestCaseExecutor.execute(TestCaseExecutor.java:285)
	at com.kms.katalon.core.main.TestCaseMain.runTestCase(TestCaseMain.java:144)
	at com.kms.katalon.core.keyword.builtin.CallTestCaseKeyword$_callTestCase_closure1.doCall(CallTestCaseKeyword.groovy:59)
	at com.kms.katalon.core.keyword.builtin.CallTestCaseKeyword$_callTestCase_closure1.call(CallTestCaseKeyword.groovy)
	at com.kms.katalon.core.keyword.internal.KeywordMain.runKeyword(KeywordMain.groovy:75)
	at com.kms.katalon.core.keyword.builtin.CallTestCaseKeyword.callTestCase(CallTestCaseKeyword.groovy:81)
	at com.kms.katalon.core.keyword.builtin.CallTestCaseKeyword.execute(CallTestCaseKeyword.groovy:44)
	at com.kms.katalon.core.keyword.internal.KeywordExecutor.executeKeywordForPlatform(KeywordExecutor.groovy:74)
	at com.kms.katalon.core.keyword.BuiltinKeywords.callTestCase(BuiltinKeywords.groovy:334)
	at DJS01 - See Daftar Jual Saya Product List.run(DJS01 - See Daftar Jual Saya Product List:23)
	at com.kms.katalon.core.main.ScriptEngine.run(ScriptEngine.java:194)
	at com.kms.katalon.core.main.ScriptEngine.runScriptAsRawText(ScriptEngine.java:119)
	at com.kms.katalon.core.main.TestCaseExecutor.runScript(TestCaseExecutor.java:448)
	at com.kms.katalon.core.main.TestCaseExecutor.doExecute(TestCaseExecutor.java:439)
	at com.kms.katalon.core.main.TestCaseExecutor.processExecutionPhase(TestCaseExecutor.java:418)
	at com.kms.katalon.core.main.TestCaseExecutor.accessMainPhase(TestCaseExecutor.java:410)
	at com.kms.katalon.core.main.TestCaseExecutor.execute(TestCaseExecutor.java:285)
	at com.kms.katalon.core.common.CommonExecutor.accessTestCaseMainPhase(CommonExecutor.java:65)
	at com.kms.katalon.core.main.TestSuiteExecutor.accessTestSuiteMainPhase(TestSuiteExecutor.java:148)
	at com.kms.katalon.core.main.TestSuiteExecutor.execute(TestSuiteExecutor.java:106)
	at com.kms.katalon.core.main.TestCaseMain.startTestSuite(TestCaseMain.java:187)
	at com.kms.katalon.core.main.TestCaseMain$startTestSuite$0.call(Unknown Source)
	at TempTestSuite1688386372200.run(TempTestSuite1688386372200.groovy:36)
)

2023-07-03 19:13:32 - [MESSAGE][FAILED] - Element 'Object Repository/Akun/android.widget.TextView - Email' not found

2023-07-03 19:13:33 - [MESSAGE][FAILED] - Failed to check for element 'Object Repository/Akun/android.widget.TextView - Email' visible (Root cause: com.kms.katalon.core.exception.StepFailedException: Element 'Object Repository/Akun/android.widget.TextView - Email' not found
	at com.kms.katalon.core.keyword.internal.KeywordMain.stepFailed(KeywordMain.groovy:51)
	at com.kms.katalon.core.mobile.keyword.internal.MobileKeywordMain.stepFailed(MobileKeywordMain.groovy:40)
	at com.kms.katalon.core.mobile.keyword.builtin.VerifyElementVisibleKeyword$_verifyElementVisible_closure1.doCall(VerifyElementVisibleKeyword.groovy:82)
	at com.kms.katalon.core.mobile.keyword.builtin.VerifyElementVisibleKeyword$_verifyElementVisible_closure1.call(VerifyElementVisibleKeyword.groovy)
	at com.kms.katalon.core.mobile.keyword.internal.MobileKeywordMain.runKeyword(MobileKeywordMain.groovy:21)
	at com.kms.katalon.core.mobile.keyword.builtin.VerifyElementVisibleKeyword.verifyElementVisible(VerifyElementVisibleKeyword.groovy:85)
	at com.kms.katalon.core.mobile.keyword.builtin.VerifyElementVisibleKeyword.execute(VerifyElementVisibleKeyword.groovy:64)
	at com.kms.katalon.core.keyword.internal.KeywordExecutor.executeKeywordForPlatform(KeywordExecutor.groovy:74)
	at com.kms.katalon.core.mobile.keyword.MobileBuiltInKeywords.verifyElementVisible(MobileBuiltInKeywords.groovy:2031)
	at com.kms.katalon.core.mobile.keyword.MobileBuiltInKeywords$verifyElementVisible$0.call(Unknown Source)
	at Verify Already Logged In.run(Verify Already Logged In:24)
	at com.kms.katalon.core.main.ScriptEngine.run(ScriptEngine.java:194)
	at com.kms.katalon.core.main.ScriptEngine.runScriptAsRawText(ScriptEngine.java:119)
	at com.kms.katalon.core.main.TestCaseExecutor.runScript(TestCaseExecutor.java:448)
	at com.kms.katalon.core.main.TestCaseExecutor.doExecute(TestCaseExecutor.java:439)
	at com.kms.katalon.core.main.TestCaseExecutor.processExecutionPhase(TestCaseExecutor.java:418)
	at com.kms.katalon.core.main.TestCaseExecutor.accessMainPhase(TestCaseExecutor.java:410)
	at com.kms.katalon.core.main.TestCaseExecutor.execute(TestCaseExecutor.java:285)
	at com.kms.katalon.core.main.TestCaseMain.runTestCase(TestCaseMain.java:144)
	at com.kms.katalon.core.keyword.builtin.CallTestCaseKeyword$_callTestCase_closure1.doCall(CallTestCaseKeyword.groovy:59)
	at com.kms.katalon.core.keyword.builtin.CallTestCaseKeyword$_callTestCase_closure1.call(CallTestCaseKeyword.groovy)
	at com.kms.katalon.core.keyword.internal.KeywordMain.runKeyword(KeywordMain.groovy:75)
	at com.kms.katalon.core.keyword.builtin.CallTestCaseKeyword.callTestCase(CallTestCaseKeyword.groovy:81)
	at com.kms.katalon.core.keyword.builtin.CallTestCaseKeyword.execute(CallTestCaseKeyword.groovy:44)
	at com.kms.katalon.core.keyword.internal.KeywordExecutor.executeKeywordForPlatform(KeywordExecutor.groovy:74)
	at com.kms.katalon.core.keyword.BuiltinKeywords.callTestCase(BuiltinKeywords.groovy:334)
	at DJS01 - See Daftar Jual Saya Product List.run(DJS01 - See Daftar Jual Saya Product List:23)
	at com.kms.katalon.core.main.ScriptEngine.run(ScriptEngine.java:194)
	at com.kms.katalon.core.main.ScriptEngine.runScriptAsRawText(ScriptEngine.java:119)
	at com.kms.katalon.core.main.TestCaseExecutor.runScript(TestCaseExecutor.java:448)
	at com.kms.katalon.core.main.TestCaseExecutor.doExecute(TestCaseExecutor.java:439)
	at com.kms.katalon.core.main.TestCaseExecutor.processExecutionPhase(TestCaseExecutor.java:418)
	at com.kms.katalon.core.main.TestCaseExecutor.accessMainPhase(TestCaseExecutor.java:410)
	at com.kms.katalon.core.main.TestCaseExecutor.execute(TestCaseExecutor.java:285)
	at com.kms.katalon.core.common.CommonExecutor.accessTestCaseMainPhase(CommonExecutor.java:65)
	at com.kms.katalon.core.main.TestSuiteExecutor.accessTestSuiteMainPhase(TestSuiteExecutor.java:148)
	at com.kms.katalon.core.main.TestSuiteExecutor.execute(TestSuiteExecutor.java:106)
	at com.kms.katalon.core.main.TestCaseMain.startTestSuite(TestCaseMain.java:187)
	at com.kms.katalon.core.main.TestCaseMain$startTestSuite$0.call(Unknown Source)
	at TempTestSuite1688386372200.run(TempTestSuite1688386372200.groovy:36)
)
[[ATTACHMENT|E:\\GitRepo\\Katalon\\binarqa-group1-app\\Reports\\20230703_191252\\Feature Daftar Jual Saya - Positive Case\\20230703_191252\\1688386412668.png]]

2023-07-03 19:13:33 - [MESSAGE][FAILED] - Unable to call Test Case 'Test Cases/Pages/Homepage/Verify Already Logged In' (Root cause: com.kms.katalon.core.exception.StepFailedException: Call Test Case 'Test Cases/Pages/Homepage/Verify Already Logged In' failed
	at com.kms.katalon.core.keyword.builtin.CallTestCaseKeyword$_callTestCase_closure1.doCall(CallTestCaseKeyword.groovy:63)
	at com.kms.katalon.core.keyword.builtin.CallTestCaseKeyword$_callTestCase_closure1.call(CallTestCaseKeyword.groovy)
	at com.kms.katalon.core.keyword.internal.KeywordMain.runKeyword(KeywordMain.groovy:75)
	at com.kms.katalon.core.keyword.builtin.CallTestCaseKeyword.callTestCase(CallTestCaseKeyword.groovy:81)
	at com.kms.katalon.core.keyword.builtin.CallTestCaseKeyword.execute(CallTestCaseKeyword.groovy:44)
	at com.kms.katalon.core.keyword.internal.KeywordExecutor.executeKeywordForPlatform(KeywordExecutor.groovy:74)
	at com.kms.katalon.core.keyword.BuiltinKeywords.callTestCase(BuiltinKeywords.groovy:334)
	at DJS01 - See Daftar Jual Saya Product List.run(DJS01 - See Daftar Jual Saya Product List:23)
	at com.kms.katalon.core.main.ScriptEngine.run(ScriptEngine.java:194)
	at com.kms.katalon.core.main.ScriptEngine.runScriptAsRawText(ScriptEngine.java:119)
	at com.kms.katalon.core.main.TestCaseExecutor.runScript(TestCaseExecutor.java:448)
	at com.kms.katalon.core.main.TestCaseExecutor.doExecute(TestCaseExecutor.java:439)
	at com.kms.katalon.core.main.TestCaseExecutor.processExecutionPhase(TestCaseExecutor.java:418)
	at com.kms.katalon.core.main.TestCaseExecutor.accessMainPhase(TestCaseExecutor.java:410)
	at com.kms.katalon.core.main.TestCaseExecutor.execute(TestCaseExecutor.java:285)
	at com.kms.katalon.core.common.CommonExecutor.accessTestCaseMainPhase(CommonExecutor.java:65)
	at com.kms.katalon.core.main.TestSuiteExecutor.accessTestSuiteMainPhase(TestSuiteExecutor.java:148)
	at com.kms.katalon.core.main.TestSuiteExecutor.execute(TestSuiteExecutor.java:106)
	at com.kms.katalon.core.main.TestCaseMain.startTestSuite(TestCaseMain.java:187)
	at com.kms.katalon.core.main.TestCaseMain$startTestSuite$0.call(Unknown Source)
	at TempTestSuite1688386372200.run(TempTestSuite1688386372200.groovy:36)
Caused by: com.kms.katalon.core.exception.StepFailedException: Element 'Object Repository/Akun/android.widget.TextView - Email' not found
	at com.kms.katalon.core.keyword.internal.KeywordMain.stepFailed(KeywordMain.groovy:51)
	at com.kms.katalon.core.mobile.keyword.internal.MobileKeywordMain.stepFailed(MobileKeywordMain.groovy:40)
	at com.kms.katalon.core.mobile.keyword.builtin.VerifyElementVisibleKeyword$_verifyElementVisible_closure1.doCall(VerifyElementVisibleKeyword.groovy:82)
	at com.kms.katalon.core.mobile.keyword.builtin.VerifyElementVisibleKeyword$_verifyElementVisible_closure1.call(VerifyElementVisibleKeyword.groovy)
	at com.kms.katalon.core.mobile.keyword.internal.MobileKeywordMain.runKeyword(MobileKeywordMain.groovy:21)
	at com.kms.katalon.core.mobile.keyword.builtin.VerifyElementVisibleKeyword.verifyElementVisible(VerifyElementVisibleKeyword.groovy:85)
	at com.kms.katalon.core.mobile.keyword.builtin.VerifyElementVisibleKeyword.execute(VerifyElementVisibleKeyword.groovy:64)
	at com.kms.katalon.core.keyword.internal.KeywordExecutor.executeKeywordForPlatform(KeywordExecutor.groovy:74)
	at com.kms.katalon.core.mobile.keyword.MobileBuiltInKeywords.verifyElementVisible(MobileBuiltInKeywords.groovy:2031)
	at com.kms.katalon.core.mobile.keyword.MobileBuiltInKeywords$verifyElementVisible$0.call(Unknown Source)
	at Verify Already Logged In.run(Verify Already Logged In:24)
	at com.kms.katalon.core.main.ScriptEngine.run(ScriptEngine.java:194)
	at com.kms.katalon.core.main.ScriptEngine.runScriptAsRawText(ScriptEngine.java:119)
	at com.kms.katalon.core.main.TestCaseExecutor.runScript(TestCaseExecutor.java:448)
	at com.kms.katalon.core.main.TestCaseExecutor.doExecute(TestCaseExecutor.java:439)
	at com.kms.katalon.core.main.TestCaseExecutor.processExecutionPhase(TestCaseExecutor.java:418)
	at com.kms.katalon.core.main.TestCaseExecutor.accessMainPhase(TestCaseExecutor.java:410)
	at com.kms.katalon.core.main.TestCaseExecutor.execute(TestCaseExecutor.java:285)
	at com.kms.katalon.core.main.TestCaseMain.runTestCase(TestCaseMain.java:144)
	at com.kms.katalon.core.keyword.builtin.CallTestCaseKeyword$_callTestCase_closure1.doCall(CallTestCaseKeyword.groovy:59)
	... 20 more
)

2023-07-03 19:13:33 - [TEST_STEP][PASSED] - catch (Exception e): Call Test Case 'Test Cases/Pages/Login/Tap Button Masuk' successfully

2023-07-03 19:13:33 - [TEST_STEP][PASSED] - callTestCase(findTestCase("Pages/Navbar/Tap Akun"), [:], STOP_ON_FAILURE): Call Test Case 'Test Cases/Pages/Navbar/Tap Akun' successfully

2023-07-03 19:13:33 - [TEST_CASE][PASSED] - Test Cases/Pages/Navbar/Tap Akun: Test Cases/Pages/Navbar/Tap Akun

2023-07-03 19:13:33 - [TEST_STEP][PASSED] - tap(findTestObject("Navbar/android.widget.FrameLayout - Navbar Akun"), 0): Tapped on element 'Object Repository/Navbar/android.widget.FrameLayout - Navbar Akun'

2023-07-03 19:13:33 - [MESSAGE][WARNING] - Timeout '0' is invalid. Using default page load timeout: '30'

2023-07-03 19:13:34 - [MESSAGE][PASSED] - Tapped on element 'Object Repository/Navbar/android.widget.FrameLayout - Navbar Akun'

2023-07-03 19:13:34 - [MESSAGE][PASSED] - Call Test Case 'Test Cases/Pages/Navbar/Tap Akun' successfully

2023-07-03 19:13:34 - [TEST_STEP][PASSED] - callTestCase(findTestCase("Pages/Akun/Tap Masuk from Akun Page"), [:], STOP_ON_FAILURE): Call Test Case 'Test Cases/Pages/Akun/Tap Masuk from Akun Page' successfully

2023-07-03 19:13:34 - [TEST_CASE][PASSED] - Test Cases/Pages/Akun/Tap Masuk from Akun Page: Test Cases/Pages/Akun/Tap Masuk from Akun Page

2023-07-03 19:13:34 - [TEST_STEP][PASSED] - tap(findTestObject("Akun/android.widget.Button - Masuk from Akun"), 0): Tapped on element 'Object Repository/Akun/android.widget.Button - Masuk from Akun'

2023-07-03 19:13:34 - [MESSAGE][WARNING] - Timeout '0' is invalid. Using default page load timeout: '30'

2023-07-03 19:13:35 - [MESSAGE][PASSED] - Tapped on element 'Object Repository/Akun/android.widget.Button - Masuk from Akun'

2023-07-03 19:13:35 - [MESSAGE][PASSED] - Call Test Case 'Test Cases/Pages/Akun/Tap Masuk from Akun Page' successfully

2023-07-03 19:13:35 - [TEST_STEP][PASSED] - callTestCase(findTestCase("Pages/Login/Input Email"), ["email":"garasimobil@mytestmail.net"], STOP_ON_FAILURE): Call Test Case 'Test Cases/Pages/Login/Input Email' successfully

2023-07-03 19:13:35 - [TEST_CASE][PASSED] - Test Cases/Pages/Login/Input Email: Test Cases/Pages/Login/Input Email

2023-07-03 19:13:35 - [TEST_STEP][PASSED] - setText(findTestObject("Login/android.widget.EditText - Email"), email, 0): Text 'garasimobil@mytestmail.net' has been set to element 'Object Repository/Login/android.widget.EditText - Email'

2023-07-03 19:13:35 - [MESSAGE][WARNING] - Timeout '0' is invalid. Using default page load timeout: '30'

2023-07-03 19:13:36 - [MESSAGE][PASSED] - Text 'garasimobil@mytestmail.net' has been set to element 'Object Repository/Login/android.widget.EditText - Email'

2023-07-03 19:13:36 - [MESSAGE][PASSED] - Call Test Case 'Test Cases/Pages/Login/Input Email' successfully

2023-07-03 19:13:36 - [TEST_STEP][PASSED] - callTestCase(findTestCase("Pages/Login/Input Password"), ["password":"a1b2c3d4"], STOP_ON_FAILURE): Call Test Case 'Test Cases/Pages/Login/Input Password' successfully

2023-07-03 19:13:36 - [TEST_CASE][PASSED] - Test Cases/Pages/Login/Input Password: Test Cases/Pages/Login/Input Password

2023-07-03 19:13:36 - [TEST_STEP][PASSED] - setText(findTestObject("Login/android.widget.EditText - Password"), password, 0): Text 'a1b2c3d4' has been set to element 'Object Repository/Login/android.widget.EditText - Password'

2023-07-03 19:13:36 - [MESSAGE][WARNING] - Timeout '0' is invalid. Using default page load timeout: '30'

2023-07-03 19:13:37 - [MESSAGE][PASSED] - Text 'a1b2c3d4' has been set to element 'Object Repository/Login/android.widget.EditText - Password'

2023-07-03 19:13:37 - [MESSAGE][PASSED] - Call Test Case 'Test Cases/Pages/Login/Input Password' successfully

2023-07-03 19:13:37 - [TEST_STEP][PASSED] - callTestCase(findTestCase("Pages/Login/Tap Button Masuk"), [:], STOP_ON_FAILURE): Call Test Case 'Test Cases/Pages/Login/Tap Button Masuk' successfully

2023-07-03 19:13:37 - [TEST_CASE][PASSED] - Test Cases/Pages/Login/Tap Button Masuk: Test Cases/Pages/Login/Tap Button Masuk

2023-07-03 19:13:37 - [TEST_STEP][PASSED] - tap(findTestObject("Login/android.widget.Button - Button Masuk"), 0): Tapped on element 'Object Repository/Login/android.widget.Button - Button Masuk'

2023-07-03 19:13:37 - [MESSAGE][WARNING] - Timeout '0' is invalid. Using default page load timeout: '30'

2023-07-03 19:13:39 - [MESSAGE][PASSED] - Tapped on element 'Object Repository/Login/android.widget.Button - Button Masuk'

2023-07-03 19:13:39 - [MESSAGE][PASSED] - Call Test Case 'Test Cases/Pages/Login/Tap Button Masuk' successfully

2023-07-03 19:13:39 - [TEST_STEP][PASSED] - callTestCase(findTestCase("Pages/Navbar/Tap Akun"), [:], STOP_ON_FAILURE): Call Test Case 'Test Cases/Pages/Navbar/Tap Akun' successfully

2023-07-03 19:13:39 - [TEST_CASE][PASSED] - Test Cases/Pages/Navbar/Tap Akun: Test Cases/Pages/Navbar/Tap Akun

2023-07-03 19:13:39 - [TEST_STEP][PASSED] - tap(findTestObject("Navbar/android.widget.FrameLayout - Navbar Akun"), 0): Tapped on element 'Object Repository/Navbar/android.widget.FrameLayout - Navbar Akun'

2023-07-03 19:13:39 - [MESSAGE][WARNING] - Timeout '0' is invalid. Using default page load timeout: '30'

2023-07-03 19:13:40 - [MESSAGE][PASSED] - Tapped on element 'Object Repository/Navbar/android.widget.FrameLayout - Navbar Akun'

2023-07-03 19:13:40 - [MESSAGE][PASSED] - Call Test Case 'Test Cases/Pages/Navbar/Tap Akun' successfully

2023-07-03 19:13:40 - [TEST_STEP][PASSED] - callTestCase(findTestCase("Pages/Akun/Tap Daftar Jual Saya"), [:], STOP_ON_FAILURE): Call Test Case 'Test Cases/Pages/Akun/Tap Daftar Jual Saya' successfully

2023-07-03 19:13:40 - [TEST_CASE][PASSED] - Test Cases/Pages/Akun/Tap Daftar Jual Saya: Test Cases/Pages/Akun/Tap Daftar Jual Saya

2023-07-03 19:13:40 - [TEST_STEP][PASSED] - tap(findTestObject("Akun/android.view.ViewGroup - Daftar Jual Saya"), 0): Tapped on element 'Object Repository/Akun/android.view.ViewGroup - Daftar Jual Saya'

2023-07-03 19:13:40 - [MESSAGE][WARNING] - Timeout '0' is invalid. Using default page load timeout: '30'

2023-07-03 19:13:40 - [MESSAGE][PASSED] - Tapped on element 'Object Repository/Akun/android.view.ViewGroup - Daftar Jual Saya'

2023-07-03 19:13:40 - [MESSAGE][PASSED] - Call Test Case 'Test Cases/Pages/Akun/Tap Daftar Jual Saya' successfully

2023-07-03 19:13:40 - [TEST_STEP][PASSED] - callTestCase(findTestCase("Pages/Daftar Jual Saya/Verify In Daftar Jual Saya Page"), [:], STOP_ON_FAILURE): Call Test Case 'Test Cases/Pages/Daftar Jual Saya/Verify In Daftar Jual Saya Page' successfully

2023-07-03 19:13:41 - [TEST_CASE][PASSED] - Test Cases/Pages/Daftar Jual Saya/Verify In Daftar Jual Saya Page: Test Cases/Pages/Daftar Jual Saya/Verify In Daftar Jual Saya Page

2023-07-03 19:13:41 - [TEST_STEP][PASSED] - verifyElementVisible(findTestObject("Daftar Jual Saya/android.widget.TextView - Title Text Daftar Jual Saya"), 0): Element 'Object Repository/Daftar Jual Saya/android.widget.TextView - Title Text Daftar Jual Saya' is visible

2023-07-03 19:13:41 - [MESSAGE][WARNING] - Timeout '0' is invalid. Using default page load timeout: '30'

2023-07-03 19:13:42 - [MESSAGE][PASSED] - Element 'Object Repository/Daftar Jual Saya/android.widget.TextView - Title Text Daftar Jual Saya' is visible

2023-07-03 19:13:42 - [TEST_STEP][PASSED] - verifyElementVisible(findTestObject("Daftar Jual Saya/android.widget.LinearLayout - Tab Produk"), 0): Element 'Object Repository/Daftar Jual Saya/android.widget.LinearLayout - Tab Produk' is visible

2023-07-03 19:13:42 - [MESSAGE][WARNING] - Timeout '0' is invalid. Using default page load timeout: '30'

2023-07-03 19:13:42 - [MESSAGE][PASSED] - Element 'Object Repository/Daftar Jual Saya/android.widget.LinearLayout - Tab Produk' is visible

2023-07-03 19:13:42 - [TEST_STEP][PASSED] - verifyElementVisible(findTestObject("Daftar Jual Saya/android.widget.LinearLayout - Tab Diminati"), 0): Element 'Object Repository/Daftar Jual Saya/android.widget.LinearLayout - Tab Diminati' is visible

2023-07-03 19:13:42 - [MESSAGE][WARNING] - Timeout '0' is invalid. Using default page load timeout: '30'

2023-07-03 19:13:42 - [MESSAGE][PASSED] - Element 'Object Repository/Daftar Jual Saya/android.widget.LinearLayout - Tab Diminati' is visible

2023-07-03 19:13:42 - [TEST_STEP][PASSED] - verifyElementVisible(findTestObject("Daftar Jual Saya/android.widget.LinearLayout - Tab Terjual"), 0): Element 'Object Repository/Daftar Jual Saya/android.widget.LinearLayout - Tab Terjual' is visible

2023-07-03 19:13:42 - [MESSAGE][WARNING] - Timeout '0' is invalid. Using default page load timeout: '30'

2023-07-03 19:13:43 - [MESSAGE][PASSED] - Element 'Object Repository/Daftar Jual Saya/android.widget.LinearLayout - Tab Terjual' is visible

2023-07-03 19:13:43 - [MESSAGE][PASSED] - Call Test Case 'Test Cases/Pages/Daftar Jual Saya/Verify In Daftar Jual Saya Page' successfully

2023-07-03 19:13:43 - [TEST_STEP][PASSED] - callTestCase(findTestCase("Pages/Daftar Jual Saya/Tap Tab Produk"), [:], STOP_ON_FAILURE): Call Test Case 'Test Cases/Pages/Daftar Jual Saya/Tap Tab Produk' successfully

2023-07-03 19:13:43 - [TEST_CASE][PASSED] - Test Cases/Pages/Daftar Jual Saya/Tap Tab Produk: Test Cases/Pages/Daftar Jual Saya/Tap Tab Produk

2023-07-03 19:13:43 - [TEST_STEP][PASSED] - tap(findTestObject("Daftar Jual Saya/android.widget.LinearLayout - Tab Produk"), 0): Tapped on element 'Object Repository/Daftar Jual Saya/android.widget.LinearLayout - Tab Produk'

2023-07-03 19:13:43 - [MESSAGE][WARNING] - Timeout '0' is invalid. Using default page load timeout: '30'

2023-07-03 19:13:43 - [MESSAGE][PASSED] - Tapped on element 'Object Repository/Daftar Jual Saya/android.widget.LinearLayout - Tab Produk'

2023-07-03 19:13:43 - [MESSAGE][PASSED] - Call Test Case 'Test Cases/Pages/Daftar Jual Saya/Tap Tab Produk' successfully

2023-07-03 19:13:43 - [TEST_STEP][PASSED] - callTestCase(findTestCase("Pages/Daftar Jual Saya/Verify Product Card Exist"), [:], STOP_ON_FAILURE): Call Test Case 'Test Cases/Pages/Daftar Jual Saya/Verify Product Card Exist' successfully

2023-07-03 19:13:43 - [TEST_CASE][PASSED] - Test Cases/Pages/Daftar Jual Saya/Verify Product Card Exist: Test Cases/Pages/Daftar Jual Saya/Verify Product Card Exist

2023-07-03 19:13:43 - [TEST_STEP][PASSED] - waitForElementPresent(findTestObject("Daftar Jual Saya/androidx.cardview.widget.CardView - First Product Card"), 30): Element 'Object Repository/Daftar Jual Saya/androidx.cardview.widget.CardView - First Product Card' is present

2023-07-03 19:13:44 - [MESSAGE][PASSED] - Element 'Object Repository/Daftar Jual Saya/androidx.cardview.widget.CardView - First Product Card' is present

2023-07-03 19:13:44 - [TEST_STEP][PASSED] - verifyElementVisible(findTestObject("Daftar Jual Saya/androidx.cardview.widget.CardView - First Product Card"), 0): Element 'Object Repository/Daftar Jual Saya/androidx.cardview.widget.CardView - First Product Card' is visible

2023-07-03 19:13:44 - [MESSAGE][WARNING] - Timeout '0' is invalid. Using default page load timeout: '30'

2023-07-03 19:13:44 - [MESSAGE][PASSED] - Element 'Object Repository/Daftar Jual Saya/androidx.cardview.widget.CardView - First Product Card' is visible

2023-07-03 19:13:44 - [TEST_STEP][PASSED] - verifyNotMatch(getText(findTestObject("Daftar Jual Saya/android.widget.TextView - Product Name"), 0), "", false): Actual text 'Tesla S P85D' and expected text '' are not matched 

2023-07-03 19:13:44 - [MESSAGE][WARNING] - Timeout '0' is invalid. Using default page load timeout: '30'

2023-07-03 19:13:44 - [MESSAGE][PASSED] - Text of element 'Object Repository/Daftar Jual Saya/android.widget.TextView - Product Name' is: 'Tesla S P85D'

2023-07-03 19:13:44 - [MESSAGE][PASSED] - Actual text 'Tesla S P85D' and expected text '' are not matched 

2023-07-03 19:13:44 - [MESSAGE][PASSED] - Call Test Case 'Test Cases/Pages/Daftar Jual Saya/Verify Product Card Exist' successfully

2023-07-03 19:13:44 - [TEST_STEP][PASSED] - Start listener action : afterTestCase: Close app successfully

2023-07-03 19:13:44 - [TEST_STEP][PASSED] - logInfo("Test Case: " + testCaseContext.getTestCaseId() + " | Status: " + testCaseContext.getTestCaseStatus()): Test Case: Test Cases/Step Definition/Feature Daftar Jual Saya/DJS01 - See Daftar Jual Saya Product List | Status: PASSED

2023-07-03 19:13:44 - [MESSAGE][INFO] - Test Case: Test Cases/Step Definition/Feature Daftar Jual Saya/DJS01 - See Daftar Jual Saya Product List | Status: PASSED

2023-07-03 19:13:44 - [TEST_STEP][PASSED] - closeApplication(): Close app successfully

2023-07-03 19:13:45 - [MESSAGE][PASSED] - Close app successfully]]></system-out>
         <system-err><![CDATA[]]></system-err>
      </testcase>
      <testcase name="Test Cases/Step Definition/Feature Daftar Jual Saya/DJS03 - See Diminati List" time="22.865" classname="Test Cases/Step Definition/Feature Daftar Jual Saya/DJS03 - See Diminati List" status="PASSED">
         <system-out><![CDATA[2023-07-03 19:13:45 - [TEST_CASE][PASSED] - Test Cases/Step Definition/Feature Daftar Jual Saya/DJS03 - See Diminati List: Test Cases/Step Definition/Feature Daftar Jual Saya/DJS03 - See Diminati List

2023-07-03 19:13:45 - [TEST_STEP][PASSED] - Start listener action : beforeTestCase: Started app at: 'E:\GitRepo\Katalon\binarqa-group1-app\Apk\app-release-second-hand-gcp.apk'

2023-07-03 19:13:45 - [TEST_STEP][PASSED] - logInfo("Test Case: " + testCaseContext.getTestCaseId()): Test Case: Test Cases/Step Definition/Feature Daftar Jual Saya/DJS03 - See Diminati List

2023-07-03 19:13:45 - [MESSAGE][INFO] - Test Case: Test Cases/Step Definition/Feature Daftar Jual Saya/DJS03 - See Diminati List

2023-07-03 19:13:45 - [TEST_STEP][PASSED] - launchApp(): null

2023-07-03 19:13:45 - [TEST_STEP][PASSED] - startApplication(System.getProperty("user.dir") + "\Apk\app-release-second-hand-gcp.apk", false): Started app at: 'E:\GitRepo\Katalon\binarqa-group1-app\Apk\app-release-second-hand-gcp.apk'

2023-07-03 19:13:45 - [MESSAGE][INFO] - User set preference: ['appWaitActivity', '*']

2023-07-03 19:13:45 - [MESSAGE][INFO] - User set preference: ['appWaitforLaunch', 'false']

2023-07-03 19:13:45 - [MESSAGE][INFO] - User set preference: ['noReset', 'true']

2023-07-03 19:13:45 - [MESSAGE][INFO] - User set preference: ['ignoreHiddenApiPolicyError', 'true']

2023-07-03 19:13:45 - [MESSAGE][INFO] - User set preference: ['deviceId', '']

2023-07-03 19:13:45 - [MESSAGE][INFO] - Detected NodeJS location: "C:\Program Files\nodejs\node.exe"

2023-07-03 19:13:46 - [MESSAGE][INFO] - Appium server started on port 53,396

2023-07-03 19:13:55 - [MESSAGE][PASSED] - Started app at: 'E:\GitRepo\Katalon\binarqa-group1-app\Apk\app-release-second-hand-gcp.apk'

2023-07-03 19:13:55 - [TEST_STEP][PASSED] - try: Call Test Case 'Test Cases/Pages/Daftar Jual Saya/Verify Account Have Product' successfully

2023-07-03 19:13:55 - [TEST_STEP][PASSED] - callTestCase(findTestCase("Pages/Homepage/Verify Already Logged In"), [:], STOP_ON_FAILURE): Call Test Case 'Test Cases/Pages/Homepage/Verify Already Logged In' successfully

2023-07-03 19:13:55 - [TEST_CASE][PASSED] - Test Cases/Pages/Homepage/Verify Already Logged In: Test Cases/Pages/Homepage/Verify Already Logged In

2023-07-03 19:13:55 - [TEST_STEP][PASSED] - tap(findTestObject("Navbar/android.widget.FrameLayout - Navbar Akun"), 0): Tapped on element 'Object Repository/Navbar/android.widget.FrameLayout - Navbar Akun'

2023-07-03 19:13:55 - [MESSAGE][WARNING] - Timeout '0' is invalid. Using default page load timeout: '30'

2023-07-03 19:13:56 - [MESSAGE][PASSED] - Tapped on element 'Object Repository/Navbar/android.widget.FrameLayout - Navbar Akun'

2023-07-03 19:13:56 - [TEST_STEP][PASSED] - verifyElementVisible(findTestObject("Akun/android.widget.ImageView - Profile Photo"), 1): Element 'Object Repository/Akun/android.widget.ImageView - Profile Photo' is visible

2023-07-03 19:13:57 - [MESSAGE][PASSED] - Element 'Object Repository/Akun/android.widget.ImageView - Profile Photo' is visible

2023-07-03 19:13:57 - [TEST_STEP][PASSED] - verifyElementVisible(findTestObject("Akun/android.widget.TextView - Email"), 1): Element 'Object Repository/Akun/android.widget.TextView - Email' is visible

2023-07-03 19:13:57 - [MESSAGE][PASSED] - Element 'Object Repository/Akun/android.widget.TextView - Email' is visible

2023-07-03 19:13:57 - [TEST_STEP][PASSED] - verifyElementVisible(findTestObject("Akun/android.widget.TextView - Nama"), 1): Element 'Object Repository/Akun/android.widget.TextView - Nama' is visible

2023-07-03 19:13:57 - [MESSAGE][PASSED] - Element 'Object Repository/Akun/android.widget.TextView - Nama' is visible

2023-07-03 19:13:57 - [TEST_STEP][PASSED] - verifyElementVisible(findTestObject("Akun/android.widget.TextView - Nomor HP"), 1): Element 'Object Repository/Akun/android.widget.TextView - Nomor HP' is visible

2023-07-03 19:13:58 - [MESSAGE][PASSED] - Element 'Object Repository/Akun/android.widget.TextView - Nomor HP' is visible

2023-07-03 19:13:58 - [TEST_STEP][PASSED] - verifyElementVisible(findTestObject("Akun/android.widget.ImageView - Profile Photo"), 1): Element 'Object Repository/Akun/android.widget.ImageView - Profile Photo' is visible

2023-07-03 19:13:58 - [MESSAGE][PASSED] - Element 'Object Repository/Akun/android.widget.ImageView - Profile Photo' is visible

2023-07-03 19:13:58 - [TEST_STEP][PASSED] - verifyElementVisible(findTestObject("Akun/android.view.ViewGroup - Logout"), 1): Element 'Object Repository/Akun/android.view.ViewGroup - Logout' is visible

2023-07-03 19:13:58 - [MESSAGE][PASSED] - Element 'Object Repository/Akun/android.view.ViewGroup - Logout' is visible

2023-07-03 19:13:58 - [TEST_STEP][PASSED] - pressBack(): Press back button successfully

2023-07-03 19:13:59 - [MESSAGE][PASSED] - Press back button successfully

2023-07-03 19:13:59 - [MESSAGE][PASSED] - Call Test Case 'Test Cases/Pages/Homepage/Verify Already Logged In' successfully

2023-07-03 19:13:59 - [TEST_STEP][PASSED] - try: Call Test Case 'Test Cases/Pages/Daftar Jual Saya/Verify Account Have Product' successfully

2023-07-03 19:13:59 - [TEST_STEP][PASSED] - callTestCase(findTestCase("Pages/Daftar Jual Saya/Verify Account Have Product"), [:], STOP_ON_FAILURE): Call Test Case 'Test Cases/Pages/Daftar Jual Saya/Verify Account Have Product' successfully

2023-07-03 19:13:59 - [TEST_CASE][PASSED] - Test Cases/Pages/Daftar Jual Saya/Verify Account Have Product: Test Cases/Pages/Daftar Jual Saya/Verify Account Have Product

2023-07-03 19:13:59 - [TEST_STEP][PASSED] - tap(findTestObject("Navbar/android.widget.FrameLayout - Navbar Akun"), 0): Tapped on element 'Object Repository/Navbar/android.widget.FrameLayout - Navbar Akun'

2023-07-03 19:13:59 - [MESSAGE][WARNING] - Timeout '0' is invalid. Using default page load timeout: '30'

2023-07-03 19:14:00 - [MESSAGE][PASSED] - Tapped on element 'Object Repository/Navbar/android.widget.FrameLayout - Navbar Akun'

2023-07-03 19:14:00 - [TEST_STEP][PASSED] - verifyMatch(getText(findTestObject("Akun/android.widget.TextView - Email"), 0), "garasimobil@mytestmail.net", false): Actual text 'garasimobil@mytestmail.net' and expected text 'garasimobil@mytestmail.net' are matched 

2023-07-03 19:14:00 - [MESSAGE][WARNING] - Timeout '0' is invalid. Using default page load timeout: '30'

2023-07-03 19:14:01 - [MESSAGE][PASSED] - Text of element 'Object Repository/Akun/android.widget.TextView - Email' is: 'garasimobil@mytestmail.net'

2023-07-03 19:14:01 - [MESSAGE][PASSED] - Actual text 'garasimobil@mytestmail.net' and expected text 'garasimobil@mytestmail.net' are matched 

2023-07-03 19:14:01 - [MESSAGE][PASSED] - Call Test Case 'Test Cases/Pages/Daftar Jual Saya/Verify Account Have Product' successfully

2023-07-03 19:14:01 - [TEST_STEP][PASSED] - callTestCase(findTestCase("Pages/Navbar/Tap Akun"), [:], STOP_ON_FAILURE): Call Test Case 'Test Cases/Pages/Navbar/Tap Akun' successfully

2023-07-03 19:14:01 - [TEST_CASE][PASSED] - Test Cases/Pages/Navbar/Tap Akun: Test Cases/Pages/Navbar/Tap Akun

2023-07-03 19:14:01 - [TEST_STEP][PASSED] - tap(findTestObject("Navbar/android.widget.FrameLayout - Navbar Akun"), 0): Tapped on element 'Object Repository/Navbar/android.widget.FrameLayout - Navbar Akun'

2023-07-03 19:14:01 - [MESSAGE][WARNING] - Timeout '0' is invalid. Using default page load timeout: '30'

2023-07-03 19:14:02 - [MESSAGE][PASSED] - Tapped on element 'Object Repository/Navbar/android.widget.FrameLayout - Navbar Akun'

2023-07-03 19:14:02 - [MESSAGE][PASSED] - Call Test Case 'Test Cases/Pages/Navbar/Tap Akun' successfully

2023-07-03 19:14:02 - [TEST_STEP][PASSED] - callTestCase(findTestCase("Pages/Akun/Tap Daftar Jual Saya"), [:], STOP_ON_FAILURE): Call Test Case 'Test Cases/Pages/Akun/Tap Daftar Jual Saya' successfully

2023-07-03 19:14:02 - [TEST_CASE][PASSED] - Test Cases/Pages/Akun/Tap Daftar Jual Saya: Test Cases/Pages/Akun/Tap Daftar Jual Saya

2023-07-03 19:14:02 - [TEST_STEP][PASSED] - tap(findTestObject("Akun/android.view.ViewGroup - Daftar Jual Saya"), 0): Tapped on element 'Object Repository/Akun/android.view.ViewGroup - Daftar Jual Saya'

2023-07-03 19:14:02 - [MESSAGE][WARNING] - Timeout '0' is invalid. Using default page load timeout: '30'

2023-07-03 19:14:03 - [MESSAGE][PASSED] - Tapped on element 'Object Repository/Akun/android.view.ViewGroup - Daftar Jual Saya'

2023-07-03 19:14:03 - [MESSAGE][PASSED] - Call Test Case 'Test Cases/Pages/Akun/Tap Daftar Jual Saya' successfully

2023-07-03 19:14:03 - [TEST_STEP][PASSED] - callTestCase(findTestCase("Pages/Daftar Jual Saya/Verify In Daftar Jual Saya Page"), [:], STOP_ON_FAILURE): Call Test Case 'Test Cases/Pages/Daftar Jual Saya/Verify In Daftar Jual Saya Page' successfully

2023-07-03 19:14:03 - [TEST_CASE][PASSED] - Test Cases/Pages/Daftar Jual Saya/Verify In Daftar Jual Saya Page: Test Cases/Pages/Daftar Jual Saya/Verify In Daftar Jual Saya Page

2023-07-03 19:14:03 - [TEST_STEP][PASSED] - verifyElementVisible(findTestObject("Daftar Jual Saya/android.widget.TextView - Title Text Daftar Jual Saya"), 0): Element 'Object Repository/Daftar Jual Saya/android.widget.TextView - Title Text Daftar Jual Saya' is visible

2023-07-03 19:14:03 - [MESSAGE][WARNING] - Timeout '0' is invalid. Using default page load timeout: '30'

2023-07-03 19:14:04 - [MESSAGE][PASSED] - Element 'Object Repository/Daftar Jual Saya/android.widget.TextView - Title Text Daftar Jual Saya' is visible

2023-07-03 19:14:04 - [TEST_STEP][PASSED] - verifyElementVisible(findTestObject("Daftar Jual Saya/android.widget.LinearLayout - Tab Produk"), 0): Element 'Object Repository/Daftar Jual Saya/android.widget.LinearLayout - Tab Produk' is visible

2023-07-03 19:14:04 - [MESSAGE][WARNING] - Timeout '0' is invalid. Using default page load timeout: '30'

2023-07-03 19:14:04 - [MESSAGE][PASSED] - Element 'Object Repository/Daftar Jual Saya/android.widget.LinearLayout - Tab Produk' is visible

2023-07-03 19:14:04 - [TEST_STEP][PASSED] - verifyElementVisible(findTestObject("Daftar Jual Saya/android.widget.LinearLayout - Tab Diminati"), 0): Element 'Object Repository/Daftar Jual Saya/android.widget.LinearLayout - Tab Diminati' is visible

2023-07-03 19:14:04 - [MESSAGE][WARNING] - Timeout '0' is invalid. Using default page load timeout: '30'

2023-07-03 19:14:04 - [MESSAGE][PASSED] - Element 'Object Repository/Daftar Jual Saya/android.widget.LinearLayout - Tab Diminati' is visible

2023-07-03 19:14:04 - [TEST_STEP][PASSED] - verifyElementVisible(findTestObject("Daftar Jual Saya/android.widget.LinearLayout - Tab Terjual"), 0): Element 'Object Repository/Daftar Jual Saya/android.widget.LinearLayout - Tab Terjual' is visible

2023-07-03 19:14:04 - [MESSAGE][WARNING] - Timeout '0' is invalid. Using default page load timeout: '30'

2023-07-03 19:14:05 - [MESSAGE][PASSED] - Element 'Object Repository/Daftar Jual Saya/android.widget.LinearLayout - Tab Terjual' is visible

2023-07-03 19:14:05 - [MESSAGE][PASSED] - Call Test Case 'Test Cases/Pages/Daftar Jual Saya/Verify In Daftar Jual Saya Page' successfully

2023-07-03 19:14:05 - [TEST_STEP][PASSED] - callTestCase(findTestCase("Pages/Daftar Jual Saya/Tap Tab Diminati"), [:], STOP_ON_FAILURE): Call Test Case 'Test Cases/Pages/Daftar Jual Saya/Tap Tab Diminati' successfully

2023-07-03 19:14:05 - [TEST_CASE][PASSED] - Test Cases/Pages/Daftar Jual Saya/Tap Tab Diminati: Test Cases/Pages/Daftar Jual Saya/Tap Tab Diminati

2023-07-03 19:14:05 - [TEST_STEP][PASSED] - tap(findTestObject("Daftar Jual Saya/android.widget.LinearLayout - Tab Diminati"), 0): Tapped on element 'Object Repository/Daftar Jual Saya/android.widget.LinearLayout - Tab Diminati'

2023-07-03 19:14:05 - [MESSAGE][WARNING] - Timeout '0' is invalid. Using default page load timeout: '30'

2023-07-03 19:14:05 - [MESSAGE][PASSED] - Tapped on element 'Object Repository/Daftar Jual Saya/android.widget.LinearLayout - Tab Diminati'

2023-07-03 19:14:05 - [MESSAGE][PASSED] - Call Test Case 'Test Cases/Pages/Daftar Jual Saya/Tap Tab Diminati' successfully

2023-07-03 19:14:05 - [TEST_STEP][PASSED] - callTestCase(findTestCase("Pages/Daftar Jual Saya/Verify Product Diminati Exists"), [:], STOP_ON_FAILURE): Call Test Case 'Test Cases/Pages/Daftar Jual Saya/Verify Product Diminati Exists' successfully

2023-07-03 19:14:05 - [TEST_CASE][PASSED] - Test Cases/Pages/Daftar Jual Saya/Verify Product Diminati Exists: Test Cases/Pages/Daftar Jual Saya/Verify Product Diminati Exists

2023-07-03 19:14:05 - [TEST_STEP][PASSED] - verifyElementVisible(findTestObject("Daftar Jual Saya/android.view.ViewGroup - First Diminati"), 0): Element 'Object Repository/Daftar Jual Saya/android.view.ViewGroup - First Diminati' is visible

2023-07-03 19:14:05 - [MESSAGE][WARNING] - Timeout '0' is invalid. Using default page load timeout: '30'

2023-07-03 19:14:06 - [MESSAGE][PASSED] - Element 'Object Repository/Daftar Jual Saya/android.view.ViewGroup - First Diminati' is visible

2023-07-03 19:14:06 - [TEST_STEP][PASSED] - waitForElementAttributeValue(findTestObject("Daftar Jual Saya/android.view.ViewGroup - First Diminati"), "clickable", "true", 30): Object 'Object Repository/Daftar Jual Saya/android.view.ViewGroup - First Diminati' has attribute 'clickable' with value 'true'

2023-07-03 19:14:07 - [MESSAGE][PASSED] - Object 'Object Repository/Daftar Jual Saya/android.view.ViewGroup - First Diminati' has attribute 'clickable' with value 'true'

2023-07-03 19:14:07 - [TEST_STEP][PASSED] - verifyNotMatch(getText(findTestObject("Daftar Jual Saya/android.widget.TextView - Product Name"), 0), "", false): Actual text 'Hyundai Kona - Tosca' and expected text '' are not matched 

2023-07-03 19:14:07 - [MESSAGE][WARNING] - Timeout '0' is invalid. Using default page load timeout: '30'

2023-07-03 19:14:07 - [MESSAGE][PASSED] - Text of element 'Object Repository/Daftar Jual Saya/android.widget.TextView - Product Name' is: 'Hyundai Kona - Tosca'

2023-07-03 19:14:07 - [MESSAGE][PASSED] - Actual text 'Hyundai Kona - Tosca' and expected text '' are not matched 

2023-07-03 19:14:07 - [MESSAGE][PASSED] - Call Test Case 'Test Cases/Pages/Daftar Jual Saya/Verify Product Diminati Exists' successfully

2023-07-03 19:14:07 - [TEST_STEP][PASSED] - Start listener action : afterTestCase: Close app successfully

2023-07-03 19:14:07 - [TEST_STEP][PASSED] - logInfo("Test Case: " + testCaseContext.getTestCaseId() + " | Status: " + testCaseContext.getTestCaseStatus()): Test Case: Test Cases/Step Definition/Feature Daftar Jual Saya/DJS03 - See Diminati List | Status: PASSED

2023-07-03 19:14:07 - [MESSAGE][INFO] - Test Case: Test Cases/Step Definition/Feature Daftar Jual Saya/DJS03 - See Diminati List | Status: PASSED

2023-07-03 19:14:07 - [TEST_STEP][PASSED] - closeApplication(): Close app successfully

2023-07-03 19:14:08 - [MESSAGE][PASSED] - Close app successfully]]></system-out>
         <system-err><![CDATA[]]></system-err>
      </testcase>
      <testcase name="Test Cases/Step Definition/Feature Daftar Jual Saya/DJS05 - See Terjual List" time="21.243" classname="Test Cases/Step Definition/Feature Daftar Jual Saya/DJS05 - See Terjual List" status="PASSED">
         <system-out><![CDATA[2023-07-03 19:14:08 - [TEST_CASE][PASSED] - Test Cases/Step Definition/Feature Daftar Jual Saya/DJS05 - See Terjual List: Test Cases/Step Definition/Feature Daftar Jual Saya/DJS05 - See Terjual List

2023-07-03 19:14:08 - [TEST_STEP][PASSED] - Start listener action : beforeTestCase: Started app at: 'E:\GitRepo\Katalon\binarqa-group1-app\Apk\app-release-second-hand-gcp.apk'

2023-07-03 19:14:08 - [TEST_STEP][PASSED] - logInfo("Test Case: " + testCaseContext.getTestCaseId()): Test Case: Test Cases/Step Definition/Feature Daftar Jual Saya/DJS05 - See Terjual List

2023-07-03 19:14:08 - [MESSAGE][INFO] - Test Case: Test Cases/Step Definition/Feature Daftar Jual Saya/DJS05 - See Terjual List

2023-07-03 19:14:08 - [TEST_STEP][PASSED] - launchApp(): null

2023-07-03 19:14:08 - [TEST_STEP][PASSED] - startApplication(System.getProperty("user.dir") + "\Apk\app-release-second-hand-gcp.apk", false): Started app at: 'E:\GitRepo\Katalon\binarqa-group1-app\Apk\app-release-second-hand-gcp.apk'

2023-07-03 19:14:08 - [MESSAGE][INFO] - User set preference: ['appWaitActivity', '*']

2023-07-03 19:14:08 - [MESSAGE][INFO] - User set preference: ['appWaitforLaunch', 'false']

2023-07-03 19:14:08 - [MESSAGE][INFO] - User set preference: ['noReset', 'true']

2023-07-03 19:14:08 - [MESSAGE][INFO] - User set preference: ['ignoreHiddenApiPolicyError', 'true']

2023-07-03 19:14:08 - [MESSAGE][INFO] - User set preference: ['deviceId', '']

2023-07-03 19:14:08 - [MESSAGE][INFO] - Detected NodeJS location: "C:\Program Files\nodejs\node.exe"

2023-07-03 19:14:09 - [MESSAGE][INFO] - Appium server started on port 53,535

2023-07-03 19:14:17 - [MESSAGE][PASSED] - Started app at: 'E:\GitRepo\Katalon\binarqa-group1-app\Apk\app-release-second-hand-gcp.apk'

2023-07-03 19:14:17 - [TEST_STEP][PASSED] - try: Call Test Case 'Test Cases/Pages/Daftar Jual Saya/Verify Account Have Product' successfully

2023-07-03 19:14:17 - [TEST_STEP][PASSED] - callTestCase(findTestCase("Pages/Homepage/Verify Already Logged In"), [:], STOP_ON_FAILURE): Call Test Case 'Test Cases/Pages/Homepage/Verify Already Logged In' successfully

2023-07-03 19:14:17 - [TEST_CASE][PASSED] - Test Cases/Pages/Homepage/Verify Already Logged In: Test Cases/Pages/Homepage/Verify Already Logged In

2023-07-03 19:14:17 - [TEST_STEP][PASSED] - tap(findTestObject("Navbar/android.widget.FrameLayout - Navbar Akun"), 0): Tapped on element 'Object Repository/Navbar/android.widget.FrameLayout - Navbar Akun'

2023-07-03 19:14:17 - [MESSAGE][WARNING] - Timeout '0' is invalid. Using default page load timeout: '30'

2023-07-03 19:14:18 - [MESSAGE][PASSED] - Tapped on element 'Object Repository/Navbar/android.widget.FrameLayout - Navbar Akun'

2023-07-03 19:14:18 - [TEST_STEP][PASSED] - verifyElementVisible(findTestObject("Akun/android.widget.ImageView - Profile Photo"), 1): Element 'Object Repository/Akun/android.widget.ImageView - Profile Photo' is visible

2023-07-03 19:14:19 - [MESSAGE][PASSED] - Element 'Object Repository/Akun/android.widget.ImageView - Profile Photo' is visible

2023-07-03 19:14:19 - [TEST_STEP][PASSED] - verifyElementVisible(findTestObject("Akun/android.widget.TextView - Email"), 1): Element 'Object Repository/Akun/android.widget.TextView - Email' is visible

2023-07-03 19:14:19 - [MESSAGE][PASSED] - Element 'Object Repository/Akun/android.widget.TextView - Email' is visible

2023-07-03 19:14:19 - [TEST_STEP][PASSED] - verifyElementVisible(findTestObject("Akun/android.widget.TextView - Nama"), 1): Element 'Object Repository/Akun/android.widget.TextView - Nama' is visible

2023-07-03 19:14:19 - [MESSAGE][PASSED] - Element 'Object Repository/Akun/android.widget.TextView - Nama' is visible

2023-07-03 19:14:19 - [TEST_STEP][PASSED] - verifyElementVisible(findTestObject("Akun/android.widget.TextView - Nomor HP"), 1): Element 'Object Repository/Akun/android.widget.TextView - Nomor HP' is visible

2023-07-03 19:14:20 - [MESSAGE][PASSED] - Element 'Object Repository/Akun/android.widget.TextView - Nomor HP' is visible

2023-07-03 19:14:20 - [TEST_STEP][PASSED] - verifyElementVisible(findTestObject("Akun/android.widget.ImageView - Profile Photo"), 1): Element 'Object Repository/Akun/android.widget.ImageView - Profile Photo' is visible

2023-07-03 19:14:20 - [MESSAGE][PASSED] - Element 'Object Repository/Akun/android.widget.ImageView - Profile Photo' is visible

2023-07-03 19:14:20 - [TEST_STEP][PASSED] - verifyElementVisible(findTestObject("Akun/android.view.ViewGroup - Logout"), 1): Element 'Object Repository/Akun/android.view.ViewGroup - Logout' is visible

2023-07-03 19:14:20 - [MESSAGE][PASSED] - Element 'Object Repository/Akun/android.view.ViewGroup - Logout' is visible

2023-07-03 19:14:20 - [TEST_STEP][PASSED] - pressBack(): Press back button successfully

2023-07-03 19:14:21 - [MESSAGE][PASSED] - Press back button successfully

2023-07-03 19:14:21 - [MESSAGE][PASSED] - Call Test Case 'Test Cases/Pages/Homepage/Verify Already Logged In' successfully

2023-07-03 19:14:21 - [TEST_STEP][PASSED] - try: Call Test Case 'Test Cases/Pages/Daftar Jual Saya/Verify Account Have Product' successfully

2023-07-03 19:14:21 - [TEST_STEP][PASSED] - callTestCase(findTestCase("Pages/Daftar Jual Saya/Verify Account Have Product"), [:], STOP_ON_FAILURE): Call Test Case 'Test Cases/Pages/Daftar Jual Saya/Verify Account Have Product' successfully

2023-07-03 19:14:21 - [TEST_CASE][PASSED] - Test Cases/Pages/Daftar Jual Saya/Verify Account Have Product: Test Cases/Pages/Daftar Jual Saya/Verify Account Have Product

2023-07-03 19:14:21 - [TEST_STEP][PASSED] - tap(findTestObject("Navbar/android.widget.FrameLayout - Navbar Akun"), 0): Tapped on element 'Object Repository/Navbar/android.widget.FrameLayout - Navbar Akun'

2023-07-03 19:14:21 - [MESSAGE][WARNING] - Timeout '0' is invalid. Using default page load timeout: '30'

2023-07-03 19:14:22 - [MESSAGE][PASSED] - Tapped on element 'Object Repository/Navbar/android.widget.FrameLayout - Navbar Akun'

2023-07-03 19:14:22 - [TEST_STEP][PASSED] - verifyMatch(getText(findTestObject("Akun/android.widget.TextView - Email"), 0), "garasimobil@mytestmail.net", false): Actual text 'garasimobil@mytestmail.net' and expected text 'garasimobil@mytestmail.net' are matched 

2023-07-03 19:14:22 - [MESSAGE][WARNING] - Timeout '0' is invalid. Using default page load timeout: '30'

2023-07-03 19:14:23 - [MESSAGE][PASSED] - Text of element 'Object Repository/Akun/android.widget.TextView - Email' is: 'garasimobil@mytestmail.net'

2023-07-03 19:14:23 - [MESSAGE][PASSED] - Actual text 'garasimobil@mytestmail.net' and expected text 'garasimobil@mytestmail.net' are matched 

2023-07-03 19:14:23 - [MESSAGE][PASSED] - Call Test Case 'Test Cases/Pages/Daftar Jual Saya/Verify Account Have Product' successfully

2023-07-03 19:14:23 - [TEST_STEP][PASSED] - callTestCase(findTestCase("Pages/Navbar/Tap Akun"), [:], STOP_ON_FAILURE): Call Test Case 'Test Cases/Pages/Navbar/Tap Akun' successfully

2023-07-03 19:14:23 - [TEST_CASE][PASSED] - Test Cases/Pages/Navbar/Tap Akun: Test Cases/Pages/Navbar/Tap Akun

2023-07-03 19:14:23 - [TEST_STEP][PASSED] - tap(findTestObject("Navbar/android.widget.FrameLayout - Navbar Akun"), 0): Tapped on element 'Object Repository/Navbar/android.widget.FrameLayout - Navbar Akun'

2023-07-03 19:14:23 - [MESSAGE][WARNING] - Timeout '0' is invalid. Using default page load timeout: '30'

2023-07-03 19:14:23 - [MESSAGE][PASSED] - Tapped on element 'Object Repository/Navbar/android.widget.FrameLayout - Navbar Akun'

2023-07-03 19:14:23 - [MESSAGE][PASSED] - Call Test Case 'Test Cases/Pages/Navbar/Tap Akun' successfully

2023-07-03 19:14:23 - [TEST_STEP][PASSED] - callTestCase(findTestCase("Pages/Akun/Tap Daftar Jual Saya"), [:], STOP_ON_FAILURE): Call Test Case 'Test Cases/Pages/Akun/Tap Daftar Jual Saya' successfully

2023-07-03 19:14:23 - [TEST_CASE][PASSED] - Test Cases/Pages/Akun/Tap Daftar Jual Saya: Test Cases/Pages/Akun/Tap Daftar Jual Saya

2023-07-03 19:14:23 - [TEST_STEP][PASSED] - tap(findTestObject("Akun/android.view.ViewGroup - Daftar Jual Saya"), 0): Tapped on element 'Object Repository/Akun/android.view.ViewGroup - Daftar Jual Saya'

2023-07-03 19:14:23 - [MESSAGE][WARNING] - Timeout '0' is invalid. Using default page load timeout: '30'

2023-07-03 19:14:24 - [MESSAGE][PASSED] - Tapped on element 'Object Repository/Akun/android.view.ViewGroup - Daftar Jual Saya'

2023-07-03 19:14:24 - [MESSAGE][PASSED] - Call Test Case 'Test Cases/Pages/Akun/Tap Daftar Jual Saya' successfully

2023-07-03 19:14:24 - [TEST_STEP][PASSED] - callTestCase(findTestCase("Pages/Daftar Jual Saya/Verify In Daftar Jual Saya Page"), [:], STOP_ON_FAILURE): Call Test Case 'Test Cases/Pages/Daftar Jual Saya/Verify In Daftar Jual Saya Page' successfully

2023-07-03 19:14:24 - [TEST_CASE][PASSED] - Test Cases/Pages/Daftar Jual Saya/Verify In Daftar Jual Saya Page: Test Cases/Pages/Daftar Jual Saya/Verify In Daftar Jual Saya Page

2023-07-03 19:14:24 - [TEST_STEP][PASSED] - verifyElementVisible(findTestObject("Daftar Jual Saya/android.widget.TextView - Title Text Daftar Jual Saya"), 0): Element 'Object Repository/Daftar Jual Saya/android.widget.TextView - Title Text Daftar Jual Saya' is visible

2023-07-03 19:14:24 - [MESSAGE][WARNING] - Timeout '0' is invalid. Using default page load timeout: '30'

2023-07-03 19:14:26 - [MESSAGE][PASSED] - Element 'Object Repository/Daftar Jual Saya/android.widget.TextView - Title Text Daftar Jual Saya' is visible

2023-07-03 19:14:26 - [TEST_STEP][PASSED] - verifyElementVisible(findTestObject("Daftar Jual Saya/android.widget.LinearLayout - Tab Produk"), 0): Element 'Object Repository/Daftar Jual Saya/android.widget.LinearLayout - Tab Produk' is visible

2023-07-03 19:14:26 - [MESSAGE][WARNING] - Timeout '0' is invalid. Using default page load timeout: '30'

2023-07-03 19:14:26 - [MESSAGE][PASSED] - Element 'Object Repository/Daftar Jual Saya/android.widget.LinearLayout - Tab Produk' is visible

2023-07-03 19:14:26 - [TEST_STEP][PASSED] - verifyElementVisible(findTestObject("Daftar Jual Saya/android.widget.LinearLayout - Tab Diminati"), 0): Element 'Object Repository/Daftar Jual Saya/android.widget.LinearLayout - Tab Diminati' is visible

2023-07-03 19:14:26 - [MESSAGE][WARNING] - Timeout '0' is invalid. Using default page load timeout: '30'

2023-07-03 19:14:26 - [MESSAGE][PASSED] - Element 'Object Repository/Daftar Jual Saya/android.widget.LinearLayout - Tab Diminati' is visible

2023-07-03 19:14:26 - [TEST_STEP][PASSED] - verifyElementVisible(findTestObject("Daftar Jual Saya/android.widget.LinearLayout - Tab Terjual"), 0): Element 'Object Repository/Daftar Jual Saya/android.widget.LinearLayout - Tab Terjual' is visible

2023-07-03 19:14:26 - [MESSAGE][WARNING] - Timeout '0' is invalid. Using default page load timeout: '30'

2023-07-03 19:14:26 - [MESSAGE][PASSED] - Element 'Object Repository/Daftar Jual Saya/android.widget.LinearLayout - Tab Terjual' is visible

2023-07-03 19:14:26 - [MESSAGE][PASSED] - Call Test Case 'Test Cases/Pages/Daftar Jual Saya/Verify In Daftar Jual Saya Page' successfully

2023-07-03 19:14:26 - [TEST_STEP][PASSED] - callTestCase(findTestCase("Pages/Daftar Jual Saya/Tap Tab Terjual"), [:], STOP_ON_FAILURE): Call Test Case 'Test Cases/Pages/Daftar Jual Saya/Tap Tab Terjual' successfully

2023-07-03 19:14:26 - [TEST_CASE][PASSED] - Test Cases/Pages/Daftar Jual Saya/Tap Tab Terjual: Test Cases/Pages/Daftar Jual Saya/Tap Tab Terjual

2023-07-03 19:14:27 - [TEST_STEP][PASSED] - tap(findTestObject("Daftar Jual Saya/android.widget.LinearLayout - Tab Terjual"), 0): Tapped on element 'Object Repository/Daftar Jual Saya/android.widget.LinearLayout - Tab Terjual'

2023-07-03 19:14:27 - [MESSAGE][WARNING] - Timeout '0' is invalid. Using default page load timeout: '30'

2023-07-03 19:14:27 - [MESSAGE][PASSED] - Tapped on element 'Object Repository/Daftar Jual Saya/android.widget.LinearLayout - Tab Terjual'

2023-07-03 19:14:27 - [MESSAGE][PASSED] - Call Test Case 'Test Cases/Pages/Daftar Jual Saya/Tap Tab Terjual' successfully

2023-07-03 19:14:27 - [TEST_STEP][PASSED] - callTestCase(findTestCase("Pages/Daftar Jual Saya/Verify Product Card Exist"), [:], STOP_ON_FAILURE): Call Test Case 'Test Cases/Pages/Daftar Jual Saya/Verify Product Card Exist' successfully

2023-07-03 19:14:27 - [TEST_CASE][PASSED] - Test Cases/Pages/Daftar Jual Saya/Verify Product Card Exist: Test Cases/Pages/Daftar Jual Saya/Verify Product Card Exist

2023-07-03 19:14:27 - [TEST_STEP][PASSED] - waitForElementPresent(findTestObject("Daftar Jual Saya/androidx.cardview.widget.CardView - First Product Card"), 30): Element 'Object Repository/Daftar Jual Saya/androidx.cardview.widget.CardView - First Product Card' is present

2023-07-03 19:14:28 - [MESSAGE][PASSED] - Element 'Object Repository/Daftar Jual Saya/androidx.cardview.widget.CardView - First Product Card' is present

2023-07-03 19:14:28 - [TEST_STEP][PASSED] - verifyElementVisible(findTestObject("Daftar Jual Saya/androidx.cardview.widget.CardView - First Product Card"), 0): Element 'Object Repository/Daftar Jual Saya/androidx.cardview.widget.CardView - First Product Card' is visible

2023-07-03 19:14:28 - [MESSAGE][WARNING] - Timeout '0' is invalid. Using default page load timeout: '30'

2023-07-03 19:14:28 - [MESSAGE][PASSED] - Element 'Object Repository/Daftar Jual Saya/androidx.cardview.widget.CardView - First Product Card' is visible

2023-07-03 19:14:28 - [TEST_STEP][PASSED] - verifyNotMatch(getText(findTestObject("Daftar Jual Saya/android.widget.TextView - Product Name"), 0), "", false): Actual text 'Hyundai Kona - Tosca' and expected text '' are not matched 

2023-07-03 19:14:28 - [MESSAGE][WARNING] - Timeout '0' is invalid. Using default page load timeout: '30'

2023-07-03 19:14:28 - [MESSAGE][PASSED] - Text of element 'Object Repository/Daftar Jual Saya/android.widget.TextView - Product Name' is: 'Hyundai Kona - Tosca'

2023-07-03 19:14:28 - [MESSAGE][PASSED] - Actual text 'Hyundai Kona - Tosca' and expected text '' are not matched 

2023-07-03 19:14:28 - [MESSAGE][PASSED] - Call Test Case 'Test Cases/Pages/Daftar Jual Saya/Verify Product Card Exist' successfully

2023-07-03 19:14:28 - [TEST_STEP][PASSED] - Start listener action : afterTestCase: Close app successfully

2023-07-03 19:14:28 - [TEST_STEP][PASSED] - logInfo("Test Case: " + testCaseContext.getTestCaseId() + " | Status: " + testCaseContext.getTestCaseStatus()): Test Case: Test Cases/Step Definition/Feature Daftar Jual Saya/DJS05 - See Terjual List | Status: PASSED

2023-07-03 19:14:28 - [MESSAGE][INFO] - Test Case: Test Cases/Step Definition/Feature Daftar Jual Saya/DJS05 - See Terjual List | Status: PASSED

2023-07-03 19:14:28 - [TEST_STEP][PASSED] - closeApplication(): Close app successfully

2023-07-03 19:14:29 - [MESSAGE][PASSED] - Close app successfully]]></system-out>
         <system-err><![CDATA[]]></system-err>
      </testcase>
      <system-out><![CDATA[2023-07-03 19:13:06 - [TEST_SUITE][PASSED] - Feature Daftar Jual Saya - Positive Case: Test Cases/Step Definition/Feature Daftar Jual Saya/DJS05 - See Terjual List]]></system-out>
      <system-err><![CDATA[]]></system-err>
   </testsuite>
</testsuites>
