<?xml version="1.0" encoding="UTF-8"?>
<testsuites name="Feature Edit Product - Negative Case" time="15.671" tests="1" failures="0" errors="0">
   <testsuite name="Feature Edit Product - Negative Case" tests="1" failures="0" errors="0" time="15.671" skipped="0" timestamp="2023-07-03 17:42:27" hostname="ASUS - ASUS-RN911" id="Test Suites/Feature Edit Product - Negative Case">
      <properties>
         <property name="deviceName" value=""/>
         <property name="devicePlatform" value=""/>
         <property name="logFolder" value="E:\\GitRepo\\Katalon\\binarqa-group1-web\\Reports\\20230703_174225\\Feature Edit Product - Negative Case\\20230703_174225"/>
         <property name="logFiles" value="E:\\GitRepo\\Katalon\\binarqa-group1-web\\Reports\\20230703_174225\\Feature Edit Product - Negative Case\\20230703_174225\\execution0.log"/>
         <property name="attachments" value=""/>
         <property name="hostName" value="ASUS - ASUS-RN911"/>
         <property name="os" value="Windows 10 64bit"/>
         <property name="katalonVersion" value="8.6.0.208"/>
         <property name="browser" value="Chrome 114.0.0.0"/>
         <property name="hostAddress" value="192.168.1.116"/>
         <property name="sessionId" value="b5b3b327992caebc56844905f21dd45e"/>
         <property name="seleniumVersion" value="3.141.59"/>
         <property name="proxyInformation" value="ProxyInformation { proxyOption=NO_PROXY, proxyServerType=HTTP, username=, password=********, proxyServerAddress=, proxyServerPort=0, executionList=&quot;&quot;, isApplyToDesiredCapabilities=true }"/>
         <property name="platform" value="Windows 10"/>
      </properties>
      <testcase name="Test Cases/Step Definition/Feature Edit Product/EDP02 - Edit Product with Empty Nama Produk Field" time="15.503" classname="Test Cases/Step Definition/Feature Edit Product/EDP02 - Edit Product with Empty Nama Produk Field" status="PASSED">
         <system-out><![CDATA[2023-07-03 17:42:27 - [TEST_CASE][PASSED] - Test Cases/Step Definition/Feature Edit Product/EDP02 - Edit Product with Empty Nama Produk Field: Test Cases/Step Definition/Feature Edit Product/EDP02 - Edit Product with Empty Nama Produk Field

2023-07-03 17:42:27 - [TEST_STEP][PASSED] - Start listener action : BeforeTestCase: Current window maximized

2023-07-03 17:42:27 - [TEST_STEP][PASSED] - logInfo("Test Case: " + testCaseContext.getTestCaseId()): Test Case: Test Cases/Step Definition/Feature Edit Product/EDP02 - Edit Product with Empty Nama Produk Field

2023-07-03 17:42:27 - [MESSAGE][INFO] - Test Case: Test Cases/Step Definition/Feature Edit Product/EDP02 - Edit Product with Empty Nama Produk Field

2023-07-03 17:42:27 - [TEST_STEP][PASSED] - openBrowser(): null

2023-07-03 17:42:27 - [TEST_STEP][PASSED] - openBrowser("https://secondhand.binaracademy.org/"): Browser is opened with url: 'https://secondhand.binaracademy.org/'

2023-07-03 17:42:27 - [MESSAGE][INFO] - Starting 'Chrome' driver

2023-07-03 17:42:27 - [MESSAGE][INFO] - Action delay is set to 0 milliseconds

2023-07-03 17:42:30 - [MESSAGE][PASSED] - Browser is opened with url: 'https://secondhand.binaracademy.org/'

2023-07-03 17:42:30 - [TEST_STEP][PASSED] - maximizeWindow(): Current window maximized

2023-07-03 17:42:30 - [MESSAGE][PASSED] - Current window maximized

2023-07-03 17:42:30 - [TEST_STEP][PASSED] - callTestCase(findTestCase("Pages/Homepage/Click Masuk from homepage"), [:], STOP_ON_FAILURE): Call Test Case 'Test Cases/Pages/Homepage/Click Masuk from homepage' successfully

2023-07-03 17:42:30 - [TEST_CASE][PASSED] - Test Cases/Pages/Homepage/Click Masuk from homepage: Test Cases/Pages/Homepage/Click Masuk from homepage

2023-07-03 17:42:31 - [TEST_STEP][PASSED] - click(findTestObject("Navbar/a_Masuk")): Object: 'Object Repository/Navbar/a_Masuk' is clicked on

2023-07-03 17:42:31 - [MESSAGE][PASSED] - Object: 'Object Repository/Navbar/a_Masuk' is clicked on

2023-07-03 17:42:31 - [MESSAGE][PASSED] - Call Test Case 'Test Cases/Pages/Homepage/Click Masuk from homepage' successfully

2023-07-03 17:42:31 - [TEST_STEP][PASSED] - callTestCase(findTestCase("Pages/Login/Input Email"), ["email":"group1@gmail.com"], STOP_ON_FAILURE): Call Test Case 'Test Cases/Pages/Login/Input Email' successfully

2023-07-03 17:42:31 - [TEST_CASE][PASSED] - Test Cases/Pages/Login/Input Email: Test Cases/Pages/Login/Input Email

2023-07-03 17:42:31 - [TEST_STEP][PASSED] - setText(findTestObject("Login/input_Email"), email): Text 'group1@gmail.com' is set on object 'Object Repository/Login/input_Email'

2023-07-03 17:42:32 - [MESSAGE][PASSED] - Text 'group1@gmail.com' is set on object 'Object Repository/Login/input_Email'

2023-07-03 17:42:32 - [MESSAGE][PASSED] - Call Test Case 'Test Cases/Pages/Login/Input Email' successfully

2023-07-03 17:42:32 - [TEST_STEP][PASSED] - callTestCase(findTestCase("Pages/Login/Input Password"), ["password":"group1@123"], STOP_ON_FAILURE): Call Test Case 'Test Cases/Pages/Login/Input Password' successfully

2023-07-03 17:42:32 - [TEST_CASE][PASSED] - Test Cases/Pages/Login/Input Password: Test Cases/Pages/Login/Input Password

2023-07-03 17:42:32 - [TEST_STEP][PASSED] - setText(findTestObject("Login/input_Password"), password): Text 'group1@123' is set on object 'Object Repository/Login/input_Password'

2023-07-03 17:42:33 - [MESSAGE][PASSED] - Text 'group1@123' is set on object 'Object Repository/Login/input_Password'

2023-07-03 17:42:33 - [MESSAGE][PASSED] - Call Test Case 'Test Cases/Pages/Login/Input Password' successfully

2023-07-03 17:42:33 - [TEST_STEP][PASSED] - callTestCase(findTestCase("Pages/Login/Click Button Masuk"), [:], STOP_ON_FAILURE): Call Test Case 'Test Cases/Pages/Login/Click Button Masuk' successfully

2023-07-03 17:42:33 - [TEST_CASE][PASSED] - Test Cases/Pages/Login/Click Button Masuk: Test Cases/Pages/Login/Click Button Masuk

2023-07-03 17:42:33 - [TEST_STEP][PASSED] - click(findTestObject("Login/button_Masuk")): Object: 'Object Repository/Login/button_Masuk' is clicked on

2023-07-03 17:42:33 - [MESSAGE][PASSED] - Object: 'Object Repository/Login/button_Masuk' is clicked on

2023-07-03 17:42:33 - [TEST_STEP][PASSED] - waitForPageLoad(5): Wait for page load successfully

2023-07-03 17:42:33 - [MESSAGE][PASSED] - Wait for page load successfully

2023-07-03 17:42:33 - [MESSAGE][PASSED] - Call Test Case 'Test Cases/Pages/Login/Click Button Masuk' successfully

2023-07-03 17:42:33 - [TEST_STEP][PASSED] - callTestCase(findTestCase("Pages/Daftar Jual Saya/Click Product List Icon"), [:], STOP_ON_FAILURE): Call Test Case 'Test Cases/Pages/Daftar Jual Saya/Click Product List Icon' successfully

2023-07-03 17:42:33 - [TEST_CASE][PASSED] - Test Cases/Pages/Daftar Jual Saya/Click Product List Icon: Test Cases/Pages/Daftar Jual Saya/Click Product List Icon

2023-07-03 17:42:34 - [TEST_STEP][PASSED] - click(findTestObject("Navbar/a_Produk Saya Icon")): Object: 'Object Repository/Navbar/a_Produk Saya Icon' is clicked on

2023-07-03 17:42:35 - [MESSAGE][PASSED] - Object: 'Object Repository/Navbar/a_Produk Saya Icon' is clicked on

2023-07-03 17:42:35 - [MESSAGE][PASSED] - Call Test Case 'Test Cases/Pages/Daftar Jual Saya/Click Product List Icon' successfully

2023-07-03 17:42:35 - [TEST_STEP][PASSED] - callTestCase(findTestCase("Pages/Edit Product/Click Product Card in Daftar Jual Saya"), [:], STOP_ON_FAILURE): Call Test Case 'Test Cases/Pages/Edit Product/Click Product Card in Daftar Jual Saya' successfully

2023-07-03 17:42:35 - [TEST_CASE][PASSED] - Test Cases/Pages/Edit Product/Click Product Card in Daftar Jual Saya: Test Cases/Pages/Edit Product/Click Product Card in Daftar Jual Saya

2023-07-03 17:42:35 - [TEST_STEP][PASSED] - click(findTestObject("Daftar Jual Saya/div_ProductCard")): Object: 'Object Repository/Daftar Jual Saya/div_ProductCard' is clicked on

2023-07-03 17:42:36 - [MESSAGE][PASSED] - Object: 'Object Repository/Daftar Jual Saya/div_ProductCard' is clicked on

2023-07-03 17:42:36 - [MESSAGE][PASSED] - Call Test Case 'Test Cases/Pages/Edit Product/Click Product Card in Daftar Jual Saya' successfully

2023-07-03 17:42:36 - [TEST_STEP][PASSED] - callTestCase(findTestCase("Pages/Product Detail/Click Button Edit"), [:], STOP_ON_FAILURE): Call Test Case 'Test Cases/Pages/Product Detail/Click Button Edit' successfully

2023-07-03 17:42:36 - [TEST_CASE][PASSED] - Test Cases/Pages/Product Detail/Click Button Edit: Test Cases/Pages/Product Detail/Click Button Edit

2023-07-03 17:42:36 - [TEST_STEP][PASSED] - click(findTestObject("Products/Product Detail Page/a_Button Edit")): Object: 'Object Repository/Products/Product Detail Page/a_Button Edit' is clicked on

2023-07-03 17:42:37 - [MESSAGE][PASSED] - Object: 'Object Repository/Products/Product Detail Page/a_Button Edit' is clicked on

2023-07-03 17:42:37 - [MESSAGE][PASSED] - Call Test Case 'Test Cases/Pages/Product Detail/Click Button Edit' successfully

2023-07-03 17:42:37 - [TEST_STEP][PASSED] - callTestCase(findTestCase("Pages/Add Product/Input Nama Produk"), ["namaProduk":""], STOP_ON_FAILURE): Call Test Case 'Test Cases/Pages/Add Product/Input Nama Produk' successfully

2023-07-03 17:42:37 - [TEST_CASE][PASSED] - Test Cases/Pages/Add Product/Input Nama Produk: Test Cases/Pages/Add Product/Input Nama Produk

2023-07-03 17:42:37 - [TEST_STEP][PASSED] - setText(findTestObject("Products/Add Product Page/input_Nama Produk"), namaProduk): Text '' is set on object 'Object Repository/Products/Add Product Page/input_Nama Produk'

2023-07-03 17:42:38 - [MESSAGE][PASSED] - Text '' is set on object 'Object Repository/Products/Add Product Page/input_Nama Produk'

2023-07-03 17:42:38 - [MESSAGE][PASSED] - Call Test Case 'Test Cases/Pages/Add Product/Input Nama Produk' successfully

2023-07-03 17:42:38 - [TEST_STEP][PASSED] - callTestCase(findTestCase("Pages/Add Product/Click Terbitkan Button"), [:], STOP_ON_FAILURE): Call Test Case 'Test Cases/Pages/Add Product/Click Terbitkan Button' successfully

2023-07-03 17:42:38 - [TEST_CASE][PASSED] - Test Cases/Pages/Add Product/Click Terbitkan Button: Test Cases/Pages/Add Product/Click Terbitkan Button

2023-07-03 17:42:38 - [TEST_STEP][PASSED] - click(findTestObject("Products/Add Product Page/label_Button Terbitkan")): Object: 'Object Repository/Products/Add Product Page/label_Button Terbitkan' is clicked on

2023-07-03 17:42:41 - [MESSAGE][PASSED] - Object: 'Object Repository/Products/Add Product Page/label_Button Terbitkan' is clicked on

2023-07-03 17:42:41 - [MESSAGE][PASSED] - Call Test Case 'Test Cases/Pages/Add Product/Click Terbitkan Button' successfully

2023-07-03 17:42:41 - [TEST_STEP][PASSED] - callTestCase(findTestCase("Pages/Add Product/Verify Error Message/Verify Nama Produk Error Message"), [:], STOP_ON_FAILURE): Call Test Case 'Test Cases/Pages/Add Product/Verify Error Message/Verify Nama Produk Error Message' successfully

2023-07-03 17:42:41 - [TEST_CASE][PASSED] - Test Cases/Pages/Add Product/Verify Error Message/Verify Nama Produk Error Message: Test Cases/Pages/Add Product/Verify Error Message/Verify Nama Produk Error Message

2023-07-03 17:42:42 - [TEST_STEP][PASSED] - verifyElementVisible(findTestObject("Products/Add Product Page/Error Message/div_Name cant be blank")): Object 'Object Repository/Products/Add Product Page/Error Message/div_Name cant be blank' is visible

2023-07-03 17:42:42 - [MESSAGE][PASSED] - Object 'Object Repository/Products/Add Product Page/Error Message/div_Name cant be blank' is visible

2023-07-03 17:42:42 - [MESSAGE][PASSED] - Call Test Case 'Test Cases/Pages/Add Product/Verify Error Message/Verify Nama Produk Error Message' successfully

2023-07-03 17:42:42 - [TEST_STEP][PASSED] - Start listener action : AfterTestCase: Browser is closed

2023-07-03 17:42:42 - [TEST_STEP][PASSED] - logInfo("Test Case: " + testCaseContext.getTestCaseId() + " | " + testCaseContext.getTestCaseStatus()): Test Case: Test Cases/Step Definition/Feature Edit Product/EDP02 - Edit Product with Empty Nama Produk Field | PASSED

2023-07-03 17:42:42 - [MESSAGE][INFO] - Test Case: Test Cases/Step Definition/Feature Edit Product/EDP02 - Edit Product with Empty Nama Produk Field | PASSED

2023-07-03 17:42:42 - [TEST_STEP][PASSED] - closeBrowser(): null

2023-07-03 17:42:42 - [TEST_STEP][PASSED] - closeBrowser(): Browser is closed

2023-07-03 17:42:43 - [MESSAGE][PASSED] - Browser is closed]]></system-out>
         <system-err><![CDATA[]]></system-err>
      </testcase>
      <system-out><![CDATA[2023-07-03 17:42:27 - [TEST_SUITE][PASSED] - Feature Edit Product - Negative Case: Test Cases/Step Definition/Feature Edit Product/EDP02 - Edit Product with Empty Nama Produk Field]]></system-out>
      <system-err><![CDATA[]]></system-err>
   </testsuite>
</testsuites>
