<?xml version="1.0" encoding="UTF-8"?>
<testsuites name="Feature Login - Negative Case" time="31.261" tests="4" failures="0" errors="0">
   <testsuite name="Feature Login - Negative Case" tests="4" failures="0" errors="0" time="31.261" skipped="0" timestamp="2023-07-03 17:27:17" hostname="ASUS - ASUS-RN911" id="Test Suites/Feature Login - Negative Case">
      <properties>
         <property name="deviceName" value=""/>
         <property name="devicePlatform" value=""/>
         <property name="logFolder" value="E:\\GitRepo\\Katalon\\binarqa-group1-web\\Reports\\20230703_172715\\Feature Login - Negative Case\\20230703_172715"/>
         <property name="logFiles" value="E:\\GitRepo\\Katalon\\binarqa-group1-web\\Reports\\20230703_172715\\Feature Login - Negative Case\\20230703_172715\\execution0.log"/>
         <property name="attachments" value=""/>
         <property name="hostName" value="ASUS - ASUS-RN911"/>
         <property name="os" value="Windows 10 64bit"/>
         <property name="katalonVersion" value="8.6.0.208"/>
         <property name="browser" value="Chrome 114.0.0.0"/>
         <property name="hostAddress" value="192.168.1.116"/>
         <property name="sessionId" value="e2f5256680b6c006d3d6e30433699b0c"/>
         <property name="seleniumVersion" value="3.141.59"/>
         <property name="proxyInformation" value="ProxyInformation { proxyOption=NO_PROXY, proxyServerType=HTTP, username=, password=********, proxyServerAddress=, proxyServerPort=0, executionList=&quot;&quot;, isApplyToDesiredCapabilities=true }"/>
         <property name="platform" value="Windows 10"/>
      </properties>
      <testcase name="Test Cases/Step Definition/Feature Login/LGN02 - User login with unregistered email" time="8.942" classname="Test Cases/Step Definition/Feature Login/LGN02 - User login with unregistered email" status="PASSED">
         <system-out><![CDATA[2023-07-03 17:27:17 - [TEST_CASE][PASSED] - Test Cases/Step Definition/Feature Login/LGN02 - User login with unregistered email: Test Cases/Step Definition/Feature Login/LGN02 - User login with unregistered email

2023-07-03 17:27:17 - [TEST_STEP][PASSED] - Start listener action : BeforeTestCase: Current window maximized

2023-07-03 17:27:17 - [TEST_STEP][PASSED] - logInfo("Test Case: " + testCaseContext.getTestCaseId()): Test Case: Test Cases/Step Definition/Feature Login/LGN02 - User login with unregistered email

2023-07-03 17:27:17 - [MESSAGE][INFO] - Test Case: Test Cases/Step Definition/Feature Login/LGN02 - User login with unregistered email

2023-07-03 17:27:17 - [TEST_STEP][PASSED] - openBrowser(): null

2023-07-03 17:27:17 - [TEST_STEP][PASSED] - openBrowser("https://secondhand.binaracademy.org/"): Browser is opened with url: 'https://secondhand.binaracademy.org/'

2023-07-03 17:27:17 - [MESSAGE][INFO] - Starting 'Chrome' driver

2023-07-03 17:27:17 - [MESSAGE][INFO] - Action delay is set to 0 milliseconds

2023-07-03 17:27:21 - [MESSAGE][PASSED] - Browser is opened with url: 'https://secondhand.binaracademy.org/'

2023-07-03 17:27:21 - [TEST_STEP][PASSED] - maximizeWindow(): Current window maximized

2023-07-03 17:27:21 - [MESSAGE][PASSED] - Current window maximized

2023-07-03 17:27:21 - [TEST_STEP][PASSED] - callTestCase(findTestCase("Pages/Homepage/Click Masuk from homepage"), [:], STOP_ON_FAILURE): Call Test Case 'Test Cases/Pages/Homepage/Click Masuk from homepage' successfully

2023-07-03 17:27:21 - [TEST_CASE][PASSED] - Test Cases/Pages/Homepage/Click Masuk from homepage: Test Cases/Pages/Homepage/Click Masuk from homepage

2023-07-03 17:27:22 - [TEST_STEP][PASSED] - click(findTestObject("Navbar/a_Masuk")): Object: 'Object Repository/Navbar/a_Masuk' is clicked on

2023-07-03 17:27:22 - [MESSAGE][PASSED] - Object: 'Object Repository/Navbar/a_Masuk' is clicked on

2023-07-03 17:27:22 - [MESSAGE][PASSED] - Call Test Case 'Test Cases/Pages/Homepage/Click Masuk from homepage' successfully

2023-07-03 17:27:22 - [TEST_STEP][PASSED] - callTestCase(findTestCase("Pages/Login/Input Email"), ["email":"unregistered@mail.com"], STOP_ON_FAILURE): Call Test Case 'Test Cases/Pages/Login/Input Email' successfully

2023-07-03 17:27:22 - [TEST_CASE][PASSED] - Test Cases/Pages/Login/Input Email: Test Cases/Pages/Login/Input Email

2023-07-03 17:27:22 - [TEST_STEP][PASSED] - setText(findTestObject("Login/input_Email"), email): Text 'unregistered@mail.com' is set on object 'Object Repository/Login/input_Email'

2023-07-03 17:27:23 - [MESSAGE][PASSED] - Text 'unregistered@mail.com' is set on object 'Object Repository/Login/input_Email'

2023-07-03 17:27:23 - [MESSAGE][PASSED] - Call Test Case 'Test Cases/Pages/Login/Input Email' successfully

2023-07-03 17:27:23 - [TEST_STEP][PASSED] - callTestCase(findTestCase("Pages/Login/Input Password"), ["password":"abc!12345"], STOP_ON_FAILURE): Call Test Case 'Test Cases/Pages/Login/Input Password' successfully

2023-07-03 17:27:23 - [TEST_CASE][PASSED] - Test Cases/Pages/Login/Input Password: Test Cases/Pages/Login/Input Password

2023-07-03 17:27:23 - [TEST_STEP][PASSED] - setText(findTestObject("Login/input_Password"), password): Text 'abc!12345' is set on object 'Object Repository/Login/input_Password'

2023-07-03 17:27:24 - [MESSAGE][PASSED] - Text 'abc!12345' is set on object 'Object Repository/Login/input_Password'

2023-07-03 17:27:24 - [MESSAGE][PASSED] - Call Test Case 'Test Cases/Pages/Login/Input Password' successfully

2023-07-03 17:27:24 - [TEST_STEP][PASSED] - callTestCase(findTestCase("Pages/Login/Click Button Masuk"), [:], STOP_ON_FAILURE): Call Test Case 'Test Cases/Pages/Login/Click Button Masuk' successfully

2023-07-03 17:27:24 - [TEST_CASE][PASSED] - Test Cases/Pages/Login/Click Button Masuk: Test Cases/Pages/Login/Click Button Masuk

2023-07-03 17:27:24 - [TEST_STEP][PASSED] - click(findTestObject("Login/button_Masuk")): Object: 'Object Repository/Login/button_Masuk' is clicked on

2023-07-03 17:27:24 - [MESSAGE][PASSED] - Object: 'Object Repository/Login/button_Masuk' is clicked on

2023-07-03 17:27:24 - [TEST_STEP][PASSED] - waitForPageLoad(5): Wait for page load successfully

2023-07-03 17:27:24 - [MESSAGE][PASSED] - Wait for page load successfully

2023-07-03 17:27:24 - [MESSAGE][PASSED] - Call Test Case 'Test Cases/Pages/Login/Click Button Masuk' successfully

2023-07-03 17:27:24 - [TEST_STEP][PASSED] - callTestCase(findTestCase("Pages/Login/Read Error Msg - Invalid Email or Pass"), ["expected":""], STOP_ON_FAILURE): Call Test Case 'Test Cases/Pages/Login/Read Error Msg - Invalid Email or Pass' successfully

2023-07-03 17:27:24 - [TEST_CASE][PASSED] - Test Cases/Pages/Login/Read Error Msg - Invalid Email or Pass: Test Cases/Pages/Login/Read Error Msg - Invalid Email or Pass

2023-07-03 17:27:25 - [TEST_STEP][PASSED] - verifyElementVisible(findTestObject("Login/div_Error Message")): Object 'Object Repository/Login/div_Error Message' is visible

2023-07-03 17:27:25 - [MESSAGE][PASSED] - Object 'Object Repository/Login/div_Error Message' is visible

2023-07-03 17:27:25 - [TEST_STEP][PASSED] - error_msg = getText(findTestObject("Login/div_Error Message")): Text of object 'Object Repository/Login/div_Error Message' is: 'Invalid Email or password.'

2023-07-03 17:27:25 - [MESSAGE][PASSED] - Text of object 'Object Repository/Login/div_Error Message' is: 'Invalid Email or password.'

2023-07-03 17:27:25 - [TEST_STEP][PASSED] - logInfo(error_msg): Invalid Email or password.

2023-07-03 17:27:25 - [MESSAGE][INFO] - Invalid Email or password.

2023-07-03 17:27:25 - [TEST_STEP][PASSED] - expected = error_msg: null

2023-07-03 17:27:25 - [TEST_STEP][PASSED] - verifyMatch(error_msg, expected, false): Actual text 'Invalid Email or password.' and expected text 'Invalid Email or password.' are matched 

2023-07-03 17:27:25 - [MESSAGE][PASSED] - Actual text 'Invalid Email or password.' and expected text 'Invalid Email or password.' are matched 

2023-07-03 17:27:25 - [MESSAGE][PASSED] - Call Test Case 'Test Cases/Pages/Login/Read Error Msg - Invalid Email or Pass' successfully

2023-07-03 17:27:25 - [TEST_STEP][PASSED] - Start listener action : AfterTestCase: Browser is closed

2023-07-03 17:27:25 - [TEST_STEP][PASSED] - logInfo("Test Case: " + testCaseContext.getTestCaseId() + " | " + testCaseContext.getTestCaseStatus()): Test Case: Test Cases/Step Definition/Feature Login/LGN02 - User login with unregistered email | PASSED

2023-07-03 17:27:25 - [MESSAGE][INFO] - Test Case: Test Cases/Step Definition/Feature Login/LGN02 - User login with unregistered email | PASSED

2023-07-03 17:27:25 - [TEST_STEP][PASSED] - closeBrowser(): null

2023-07-03 17:27:25 - [TEST_STEP][PASSED] - closeBrowser(): Browser is closed

2023-07-03 17:27:26 - [MESSAGE][PASSED] - Browser is closed]]></system-out>
         <system-err><![CDATA[]]></system-err>
      </testcase>
      <testcase name="Test Cases/Step Definition/Feature Login/LGN03 - User login without enter any data" time="7.377" classname="Test Cases/Step Definition/Feature Login/LGN03 - User login without enter any data" status="PASSED">
         <system-out><![CDATA[2023-07-03 17:27:26 - [TEST_CASE][PASSED] - Test Cases/Step Definition/Feature Login/LGN03 - User login without enter any data: Test Cases/Step Definition/Feature Login/LGN03 - User login without enter any data

2023-07-03 17:27:26 - [TEST_STEP][PASSED] - Start listener action : BeforeTestCase: Current window maximized

2023-07-03 17:27:26 - [TEST_STEP][PASSED] - logInfo("Test Case: " + testCaseContext.getTestCaseId()): Test Case: Test Cases/Step Definition/Feature Login/LGN03 - User login without enter any data

2023-07-03 17:27:26 - [MESSAGE][INFO] - Test Case: Test Cases/Step Definition/Feature Login/LGN03 - User login without enter any data

2023-07-03 17:27:26 - [TEST_STEP][PASSED] - openBrowser(): null

2023-07-03 17:27:26 - [TEST_STEP][PASSED] - openBrowser("https://secondhand.binaracademy.org/"): Browser is opened with url: 'https://secondhand.binaracademy.org/'

2023-07-03 17:27:26 - [MESSAGE][INFO] - Starting 'Chrome' driver

2023-07-03 17:27:26 - [MESSAGE][INFO] - Action delay is set to 0 milliseconds

2023-07-03 17:27:29 - [MESSAGE][PASSED] - Browser is opened with url: 'https://secondhand.binaracademy.org/'

2023-07-03 17:27:29 - [TEST_STEP][PASSED] - maximizeWindow(): Current window maximized

2023-07-03 17:27:29 - [MESSAGE][PASSED] - Current window maximized

2023-07-03 17:27:29 - [TEST_STEP][PASSED] - callTestCase(findTestCase("Pages/Homepage/Click Masuk from homepage"), [:], STOP_ON_FAILURE): Call Test Case 'Test Cases/Pages/Homepage/Click Masuk from homepage' successfully

2023-07-03 17:27:29 - [TEST_CASE][PASSED] - Test Cases/Pages/Homepage/Click Masuk from homepage: Test Cases/Pages/Homepage/Click Masuk from homepage

2023-07-03 17:27:29 - [TEST_STEP][PASSED] - click(findTestObject("Navbar/a_Masuk")): Object: 'Object Repository/Navbar/a_Masuk' is clicked on

2023-07-03 17:27:30 - [MESSAGE][PASSED] - Object: 'Object Repository/Navbar/a_Masuk' is clicked on

2023-07-03 17:27:30 - [MESSAGE][PASSED] - Call Test Case 'Test Cases/Pages/Homepage/Click Masuk from homepage' successfully

2023-07-03 17:27:30 - [TEST_STEP][PASSED] - callTestCase(findTestCase("Pages/Login/Input Email"), ["email":""], STOP_ON_FAILURE): Call Test Case 'Test Cases/Pages/Login/Input Email' successfully

2023-07-03 17:27:30 - [TEST_CASE][PASSED] - Test Cases/Pages/Login/Input Email: Test Cases/Pages/Login/Input Email

2023-07-03 17:27:30 - [TEST_STEP][PASSED] - setText(findTestObject("Login/input_Email"), email): Text '' is set on object 'Object Repository/Login/input_Email'

2023-07-03 17:27:31 - [MESSAGE][PASSED] - Text '' is set on object 'Object Repository/Login/input_Email'

2023-07-03 17:27:31 - [MESSAGE][PASSED] - Call Test Case 'Test Cases/Pages/Login/Input Email' successfully

2023-07-03 17:27:31 - [TEST_STEP][PASSED] - callTestCase(findTestCase("Pages/Login/Input Password"), ["password":""], STOP_ON_FAILURE): Call Test Case 'Test Cases/Pages/Login/Input Password' successfully

2023-07-03 17:27:31 - [TEST_CASE][PASSED] - Test Cases/Pages/Login/Input Password: Test Cases/Pages/Login/Input Password

2023-07-03 17:27:31 - [TEST_STEP][PASSED] - setText(findTestObject("Login/input_Password"), password): Text '' is set on object 'Object Repository/Login/input_Password'

2023-07-03 17:27:31 - [MESSAGE][PASSED] - Text '' is set on object 'Object Repository/Login/input_Password'

2023-07-03 17:27:31 - [MESSAGE][PASSED] - Call Test Case 'Test Cases/Pages/Login/Input Password' successfully

2023-07-03 17:27:31 - [TEST_STEP][PASSED] - callTestCase(findTestCase("Pages/Login/Click Button Masuk"), [:], STOP_ON_FAILURE): Call Test Case 'Test Cases/Pages/Login/Click Button Masuk' successfully

2023-07-03 17:27:31 - [TEST_CASE][PASSED] - Test Cases/Pages/Login/Click Button Masuk: Test Cases/Pages/Login/Click Button Masuk

2023-07-03 17:27:31 - [TEST_STEP][PASSED] - click(findTestObject("Login/button_Masuk")): Object: 'Object Repository/Login/button_Masuk' is clicked on

2023-07-03 17:27:32 - [MESSAGE][PASSED] - Object: 'Object Repository/Login/button_Masuk' is clicked on

2023-07-03 17:27:32 - [TEST_STEP][PASSED] - waitForPageLoad(5): Wait for page load successfully

2023-07-03 17:27:32 - [MESSAGE][PASSED] - Wait for page load successfully

2023-07-03 17:27:32 - [MESSAGE][PASSED] - Call Test Case 'Test Cases/Pages/Login/Click Button Masuk' successfully

2023-07-03 17:27:32 - [TEST_STEP][PASSED] - callTestCase(findTestCase("Pages/Login/Verify Required Email"), [:], STOP_ON_FAILURE): Call Test Case 'Test Cases/Pages/Login/Verify Required Email' successfully

2023-07-03 17:27:32 - [TEST_CASE][PASSED] - Test Cases/Pages/Login/Verify Required Email: Test Cases/Pages/Login/Verify Required Email

2023-07-03 17:27:32 - [TEST_STEP][PASSED] - verifyElementHasAttribute(findTestObject("Login/input_Email"), "required", 20, STOP_ON_FAILURE): Object 'Object Repository/Login/input_Email' has attribute 'required'

2023-07-03 17:27:32 - [MESSAGE][PASSED] - Object 'Object Repository/Login/input_Email' has attribute 'required'

2023-07-03 17:27:32 - [TEST_STEP][PASSED] - verifyMatch(getAttribute(findTestObject("Login/input_Email"), "required"), "true", false): Actual text 'true' and expected text 'true' are matched 

2023-07-03 17:27:33 - [MESSAGE][PASSED] - Attribute 'required' of object 'Object Repository/Login/input_Email' is: 'true'

2023-07-03 17:27:33 - [MESSAGE][PASSED] - Actual text 'true' and expected text 'true' are matched 

2023-07-03 17:27:33 - [MESSAGE][PASSED] - Call Test Case 'Test Cases/Pages/Login/Verify Required Email' successfully

2023-07-03 17:27:33 - [TEST_STEP][PASSED] - Start listener action : AfterTestCase: Browser is closed

2023-07-03 17:27:33 - [TEST_STEP][PASSED] - logInfo("Test Case: " + testCaseContext.getTestCaseId() + " | " + testCaseContext.getTestCaseStatus()): Test Case: Test Cases/Step Definition/Feature Login/LGN03 - User login without enter any data | PASSED

2023-07-03 17:27:33 - [MESSAGE][INFO] - Test Case: Test Cases/Step Definition/Feature Login/LGN03 - User login without enter any data | PASSED

2023-07-03 17:27:33 - [TEST_STEP][PASSED] - closeBrowser(): null

2023-07-03 17:27:33 - [TEST_STEP][PASSED] - closeBrowser(): Browser is closed

2023-07-03 17:27:33 - [MESSAGE][PASSED] - Browser is closed]]></system-out>
         <system-err><![CDATA[]]></system-err>
      </testcase>
      <testcase name="Test Cases/Step Definition/Feature Login/LGN04 - User login with incorrect pass and correct email" time="7.94" classname="Test Cases/Step Definition/Feature Login/LGN04 - User login with incorrect pass and correct email" status="PASSED">
         <system-out><![CDATA[2023-07-03 17:27:33 - [TEST_CASE][PASSED] - Test Cases/Step Definition/Feature Login/LGN04 - User login with incorrect pass and correct email: Test Cases/Step Definition/Feature Login/LGN04 - User login with incorrect pass and correct email

2023-07-03 17:27:33 - [TEST_STEP][PASSED] - Start listener action : BeforeTestCase: Current window maximized

2023-07-03 17:27:33 - [TEST_STEP][PASSED] - logInfo("Test Case: " + testCaseContext.getTestCaseId()): Test Case: Test Cases/Step Definition/Feature Login/LGN04 - User login with incorrect pass and correct email

2023-07-03 17:27:33 - [MESSAGE][INFO] - Test Case: Test Cases/Step Definition/Feature Login/LGN04 - User login with incorrect pass and correct email

2023-07-03 17:27:33 - [TEST_STEP][PASSED] - openBrowser(): null

2023-07-03 17:27:33 - [TEST_STEP][PASSED] - openBrowser("https://secondhand.binaracademy.org/"): Browser is opened with url: 'https://secondhand.binaracademy.org/'

2023-07-03 17:27:33 - [MESSAGE][INFO] - Starting 'Chrome' driver

2023-07-03 17:27:33 - [MESSAGE][INFO] - Action delay is set to 0 milliseconds

2023-07-03 17:27:36 - [MESSAGE][PASSED] - Browser is opened with url: 'https://secondhand.binaracademy.org/'

2023-07-03 17:27:36 - [TEST_STEP][PASSED] - maximizeWindow(): Current window maximized

2023-07-03 17:27:36 - [MESSAGE][PASSED] - Current window maximized

2023-07-03 17:27:36 - [TEST_STEP][PASSED] - callTestCase(findTestCase("Pages/Homepage/Click Masuk from homepage"), [:], STOP_ON_FAILURE): Call Test Case 'Test Cases/Pages/Homepage/Click Masuk from homepage' successfully

2023-07-03 17:27:36 - [TEST_CASE][PASSED] - Test Cases/Pages/Homepage/Click Masuk from homepage: Test Cases/Pages/Homepage/Click Masuk from homepage

2023-07-03 17:27:36 - [TEST_STEP][PASSED] - click(findTestObject("Navbar/a_Masuk")): Object: 'Object Repository/Navbar/a_Masuk' is clicked on

2023-07-03 17:27:37 - [MESSAGE][PASSED] - Object: 'Object Repository/Navbar/a_Masuk' is clicked on

2023-07-03 17:27:37 - [MESSAGE][PASSED] - Call Test Case 'Test Cases/Pages/Homepage/Click Masuk from homepage' successfully

2023-07-03 17:27:37 - [TEST_STEP][PASSED] - callTestCase(findTestCase("Pages/Login/Input Email"), ["email":"groupsatu@gmail.com"], STOP_ON_FAILURE): Call Test Case 'Test Cases/Pages/Login/Input Email' successfully

2023-07-03 17:27:37 - [TEST_CASE][PASSED] - Test Cases/Pages/Login/Input Email: Test Cases/Pages/Login/Input Email

2023-07-03 17:27:37 - [TEST_STEP][PASSED] - setText(findTestObject("Login/input_Email"), email): Text 'groupsatu@gmail.com' is set on object 'Object Repository/Login/input_Email'

2023-07-03 17:27:38 - [MESSAGE][PASSED] - Text 'groupsatu@gmail.com' is set on object 'Object Repository/Login/input_Email'

2023-07-03 17:27:38 - [MESSAGE][PASSED] - Call Test Case 'Test Cases/Pages/Login/Input Email' successfully

2023-07-03 17:27:38 - [TEST_STEP][PASSED] - callTestCase(findTestCase("Pages/Login/Input Password"), ["password":"12333!"], STOP_ON_FAILURE): Call Test Case 'Test Cases/Pages/Login/Input Password' successfully

2023-07-03 17:27:38 - [TEST_CASE][PASSED] - Test Cases/Pages/Login/Input Password: Test Cases/Pages/Login/Input Password

2023-07-03 17:27:38 - [TEST_STEP][PASSED] - setText(findTestObject("Login/input_Password"), password): Text '12333!' is set on object 'Object Repository/Login/input_Password'

2023-07-03 17:27:39 - [MESSAGE][PASSED] - Text '12333!' is set on object 'Object Repository/Login/input_Password'

2023-07-03 17:27:39 - [MESSAGE][PASSED] - Call Test Case 'Test Cases/Pages/Login/Input Password' successfully

2023-07-03 17:27:39 - [TEST_STEP][PASSED] - callTestCase(findTestCase("Pages/Login/Click Button Masuk"), [:], STOP_ON_FAILURE): Call Test Case 'Test Cases/Pages/Login/Click Button Masuk' successfully

2023-07-03 17:27:39 - [TEST_CASE][PASSED] - Test Cases/Pages/Login/Click Button Masuk: Test Cases/Pages/Login/Click Button Masuk

2023-07-03 17:27:39 - [TEST_STEP][PASSED] - click(findTestObject("Login/button_Masuk")): Object: 'Object Repository/Login/button_Masuk' is clicked on

2023-07-03 17:27:39 - [MESSAGE][PASSED] - Object: 'Object Repository/Login/button_Masuk' is clicked on

2023-07-03 17:27:39 - [TEST_STEP][PASSED] - waitForPageLoad(5): Wait for page load successfully

2023-07-03 17:27:39 - [MESSAGE][PASSED] - Wait for page load successfully

2023-07-03 17:27:39 - [MESSAGE][PASSED] - Call Test Case 'Test Cases/Pages/Login/Click Button Masuk' successfully

2023-07-03 17:27:39 - [TEST_STEP][PASSED] - callTestCase(findTestCase("Pages/Login/Read Error Msg - Invalid Email or Pass"), [:], STOP_ON_FAILURE): Call Test Case 'Test Cases/Pages/Login/Read Error Msg - Invalid Email or Pass' successfully

2023-07-03 17:27:39 - [TEST_CASE][PASSED] - Test Cases/Pages/Login/Read Error Msg - Invalid Email or Pass: Test Cases/Pages/Login/Read Error Msg - Invalid Email or Pass

2023-07-03 17:27:39 - [TEST_STEP][PASSED] - verifyElementVisible(findTestObject("Login/div_Error Message")): Object 'Object Repository/Login/div_Error Message' is visible

2023-07-03 17:27:40 - [MESSAGE][PASSED] - Object 'Object Repository/Login/div_Error Message' is visible

2023-07-03 17:27:40 - [TEST_STEP][PASSED] - error_msg = getText(findTestObject("Login/div_Error Message")): Text of object 'Object Repository/Login/div_Error Message' is: 'Invalid Email or password.'

2023-07-03 17:27:41 - [MESSAGE][PASSED] - Text of object 'Object Repository/Login/div_Error Message' is: 'Invalid Email or password.'

2023-07-03 17:27:41 - [TEST_STEP][PASSED] - logInfo(error_msg): Invalid Email or password.

2023-07-03 17:27:41 - [MESSAGE][INFO] - Invalid Email or password.

2023-07-03 17:27:41 - [TEST_STEP][PASSED] - expected = error_msg: null

2023-07-03 17:27:41 - [TEST_STEP][PASSED] - verifyMatch(error_msg, expected, false): Actual text 'Invalid Email or password.' and expected text 'Invalid Email or password.' are matched 

2023-07-03 17:27:41 - [MESSAGE][PASSED] - Actual text 'Invalid Email or password.' and expected text 'Invalid Email or password.' are matched 

2023-07-03 17:27:41 - [MESSAGE][PASSED] - Call Test Case 'Test Cases/Pages/Login/Read Error Msg - Invalid Email or Pass' successfully

2023-07-03 17:27:41 - [TEST_STEP][PASSED] - Start listener action : AfterTestCase: Browser is closed

2023-07-03 17:27:41 - [TEST_STEP][PASSED] - logInfo("Test Case: " + testCaseContext.getTestCaseId() + " | " + testCaseContext.getTestCaseStatus()): Test Case: Test Cases/Step Definition/Feature Login/LGN04 - User login with incorrect pass and correct email | PASSED

2023-07-03 17:27:41 - [MESSAGE][INFO] - Test Case: Test Cases/Step Definition/Feature Login/LGN04 - User login with incorrect pass and correct email | PASSED

2023-07-03 17:27:41 - [TEST_STEP][PASSED] - closeBrowser(): null

2023-07-03 17:27:41 - [TEST_STEP][PASSED] - closeBrowser(): Browser is closed

2023-07-03 17:27:41 - [MESSAGE][PASSED] - Browser is closed]]></system-out>
         <system-err><![CDATA[]]></system-err>
      </testcase>
      <testcase name="Test Cases/Step Definition/Feature Login/LGN05 - User login with incorrect email and incorrect password" time="6.824" classname="Test Cases/Step Definition/Feature Login/LGN05 - User login with incorrect email and incorrect password" status="PASSED">
         <system-out><![CDATA[2023-07-03 17:27:41 - [TEST_CASE][PASSED] - Test Cases/Step Definition/Feature Login/LGN05 - User login with incorrect email and incorrect password: Test Cases/Step Definition/Feature Login/LGN05 - User login with incorrect email and incorrect password

2023-07-03 17:27:41 - [TEST_STEP][PASSED] - Start listener action : BeforeTestCase: Current window maximized

2023-07-03 17:27:41 - [TEST_STEP][PASSED] - logInfo("Test Case: " + testCaseContext.getTestCaseId()): Test Case: Test Cases/Step Definition/Feature Login/LGN05 - User login with incorrect email and incorrect password

2023-07-03 17:27:41 - [MESSAGE][INFO] - Test Case: Test Cases/Step Definition/Feature Login/LGN05 - User login with incorrect email and incorrect password

2023-07-03 17:27:41 - [TEST_STEP][PASSED] - openBrowser(): null

2023-07-03 17:27:41 - [TEST_STEP][PASSED] - openBrowser("https://secondhand.binaracademy.org/"): Browser is opened with url: 'https://secondhand.binaracademy.org/'

2023-07-03 17:27:41 - [MESSAGE][INFO] - Starting 'Chrome' driver

2023-07-03 17:27:41 - [MESSAGE][INFO] - Action delay is set to 0 milliseconds

2023-07-03 17:27:44 - [MESSAGE][PASSED] - Browser is opened with url: 'https://secondhand.binaracademy.org/'

2023-07-03 17:27:44 - [TEST_STEP][PASSED] - maximizeWindow(): Current window maximized

2023-07-03 17:27:44 - [MESSAGE][PASSED] - Current window maximized

2023-07-03 17:27:44 - [TEST_STEP][PASSED] - callTestCase(findTestCase("Pages/Homepage/Click Masuk from homepage"), [:], STOP_ON_FAILURE): Call Test Case 'Test Cases/Pages/Homepage/Click Masuk from homepage' successfully

2023-07-03 17:27:44 - [TEST_CASE][PASSED] - Test Cases/Pages/Homepage/Click Masuk from homepage: Test Cases/Pages/Homepage/Click Masuk from homepage

2023-07-03 17:27:44 - [TEST_STEP][PASSED] - click(findTestObject("Navbar/a_Masuk")): Object: 'Object Repository/Navbar/a_Masuk' is clicked on

2023-07-03 17:27:44 - [MESSAGE][PASSED] - Object: 'Object Repository/Navbar/a_Masuk' is clicked on

2023-07-03 17:27:44 - [MESSAGE][PASSED] - Call Test Case 'Test Cases/Pages/Homepage/Click Masuk from homepage' successfully

2023-07-03 17:27:44 - [TEST_STEP][PASSED] - callTestCase(findTestCase("Pages/Login/Input Email"), ["email":"groupsatuuu@gmail.com"], STOP_ON_FAILURE): Call Test Case 'Test Cases/Pages/Login/Input Email' successfully

2023-07-03 17:27:44 - [TEST_CASE][PASSED] - Test Cases/Pages/Login/Input Email: Test Cases/Pages/Login/Input Email

2023-07-03 17:27:44 - [TEST_STEP][PASSED] - setText(findTestObject("Login/input_Email"), email): Text 'groupsatuuu@gmail.com' is set on object 'Object Repository/Login/input_Email'

2023-07-03 17:27:45 - [MESSAGE][PASSED] - Text 'groupsatuuu@gmail.com' is set on object 'Object Repository/Login/input_Email'

2023-07-03 17:27:45 - [MESSAGE][PASSED] - Call Test Case 'Test Cases/Pages/Login/Input Email' successfully

2023-07-03 17:27:45 - [TEST_STEP][PASSED] - callTestCase(findTestCase("Pages/Login/Input Password"), ["password":"12333!"], STOP_ON_FAILURE): Call Test Case 'Test Cases/Pages/Login/Input Password' successfully

2023-07-03 17:27:45 - [TEST_CASE][PASSED] - Test Cases/Pages/Login/Input Password: Test Cases/Pages/Login/Input Password

2023-07-03 17:27:45 - [TEST_STEP][PASSED] - setText(findTestObject("Login/input_Password"), password): Text '12333!' is set on object 'Object Repository/Login/input_Password'

2023-07-03 17:27:46 - [MESSAGE][PASSED] - Text '12333!' is set on object 'Object Repository/Login/input_Password'

2023-07-03 17:27:46 - [MESSAGE][PASSED] - Call Test Case 'Test Cases/Pages/Login/Input Password' successfully

2023-07-03 17:27:46 - [TEST_STEP][PASSED] - callTestCase(findTestCase("Pages/Login/Click Button Masuk"), [:], STOP_ON_FAILURE): Call Test Case 'Test Cases/Pages/Login/Click Button Masuk' successfully

2023-07-03 17:27:46 - [TEST_CASE][PASSED] - Test Cases/Pages/Login/Click Button Masuk: Test Cases/Pages/Login/Click Button Masuk

2023-07-03 17:27:46 - [TEST_STEP][PASSED] - click(findTestObject("Login/button_Masuk")): Object: 'Object Repository/Login/button_Masuk' is clicked on

2023-07-03 17:27:46 - [MESSAGE][PASSED] - Object: 'Object Repository/Login/button_Masuk' is clicked on

2023-07-03 17:27:46 - [TEST_STEP][PASSED] - waitForPageLoad(5): Wait for page load successfully

2023-07-03 17:27:46 - [MESSAGE][PASSED] - Wait for page load successfully

2023-07-03 17:27:46 - [MESSAGE][PASSED] - Call Test Case 'Test Cases/Pages/Login/Click Button Masuk' successfully

2023-07-03 17:27:46 - [TEST_STEP][PASSED] - callTestCase(findTestCase("Pages/Login/Read Error Msg - Invalid Email or Pass"), ["expected":""], STOP_ON_FAILURE): Call Test Case 'Test Cases/Pages/Login/Read Error Msg - Invalid Email or Pass' successfully

2023-07-03 17:27:47 - [TEST_CASE][PASSED] - Test Cases/Pages/Login/Read Error Msg - Invalid Email or Pass: Test Cases/Pages/Login/Read Error Msg - Invalid Email or Pass

2023-07-03 17:27:47 - [TEST_STEP][PASSED] - verifyElementVisible(findTestObject("Login/div_Error Message")): Object 'Object Repository/Login/div_Error Message' is visible

2023-07-03 17:27:47 - [MESSAGE][PASSED] - Object 'Object Repository/Login/div_Error Message' is visible

2023-07-03 17:27:47 - [TEST_STEP][PASSED] - error_msg = getText(findTestObject("Login/div_Error Message")): Text of object 'Object Repository/Login/div_Error Message' is: 'Invalid Email or password.'

2023-07-03 17:27:47 - [MESSAGE][PASSED] - Text of object 'Object Repository/Login/div_Error Message' is: 'Invalid Email or password.'

2023-07-03 17:27:47 - [TEST_STEP][PASSED] - logInfo(error_msg): Invalid Email or password.

2023-07-03 17:27:47 - [MESSAGE][INFO] - Invalid Email or password.

2023-07-03 17:27:47 - [TEST_STEP][PASSED] - expected = error_msg: null

2023-07-03 17:27:47 - [TEST_STEP][PASSED] - verifyMatch(error_msg, expected, false): Actual text 'Invalid Email or password.' and expected text 'Invalid Email or password.' are matched 

2023-07-03 17:27:47 - [MESSAGE][PASSED] - Actual text 'Invalid Email or password.' and expected text 'Invalid Email or password.' are matched 

2023-07-03 17:27:47 - [MESSAGE][PASSED] - Call Test Case 'Test Cases/Pages/Login/Read Error Msg - Invalid Email or Pass' successfully

2023-07-03 17:27:47 - [TEST_STEP][PASSED] - Start listener action : AfterTestCase: Browser is closed

2023-07-03 17:27:47 - [TEST_STEP][PASSED] - logInfo("Test Case: " + testCaseContext.getTestCaseId() + " | " + testCaseContext.getTestCaseStatus()): Test Case: Test Cases/Step Definition/Feature Login/LGN05 - User login with incorrect email and incorrect password | PASSED

2023-07-03 17:27:47 - [MESSAGE][INFO] - Test Case: Test Cases/Step Definition/Feature Login/LGN05 - User login with incorrect email and incorrect password | PASSED

2023-07-03 17:27:47 - [TEST_STEP][PASSED] - closeBrowser(): null

2023-07-03 17:27:47 - [TEST_STEP][PASSED] - closeBrowser(): Browser is closed

2023-07-03 17:27:48 - [MESSAGE][PASSED] - Browser is closed]]></system-out>
         <system-err><![CDATA[]]></system-err>
      </testcase>
      <system-out><![CDATA[2023-07-03 17:27:17 - [TEST_SUITE][PASSED] - Feature Login - Negative Case: Test Cases/Step Definition/Feature Login/LGN05 - User login with incorrect email and incorrect password]]></system-out>
      <system-err><![CDATA[]]></system-err>
   </testsuite>
</testsuites>
