<?xml version="1.0" encoding="UTF-8"?>
<testsuites name="Flow Sell Product" time="96.025" tests="6" failures="0" errors="0">
   <testsuite name="Flow Sell Product" tests="6" failures="0" errors="0" time="96.025" skipped="0" timestamp="2023-07-03 18:10:35" hostname="ASUS - ASUS-RN911" id="Test Suites/Flow Sell Product">
      <properties>
         <property name="deviceName" value=""/>
         <property name="devicePlatform" value=""/>
         <property name="logFolder" value="E:\\GitRepo\\Katalon\\binarqa-group1-web\\Reports\\20230703_181033\\Flow Sell Product\\20230703_181033"/>
         <property name="logFiles" value="E:\\GitRepo\\Katalon\\binarqa-group1-web\\Reports\\20230703_181033\\Flow Sell Product\\20230703_181033\\execution0.log"/>
         <property name="attachments" value=""/>
         <property name="hostName" value="ASUS - ASUS-RN911"/>
         <property name="os" value="Windows 10 64bit"/>
         <property name="katalonVersion" value="8.6.0.208"/>
         <property name="browser" value="Chrome 114.0.0.0"/>
         <property name="hostAddress" value="192.168.1.116"/>
         <property name="sessionId" value="2b2b389fe8f00944dab88f572a43cf55"/>
         <property name="seleniumVersion" value="3.141.59"/>
         <property name="proxyInformation" value="ProxyInformation { proxyOption=NO_PROXY, proxyServerType=HTTP, username=, password=********, proxyServerAddress=, proxyServerPort=0, executionList=&quot;&quot;, isApplyToDesiredCapabilities=true }"/>
         <property name="platform" value="Windows 10"/>
      </properties>
      <testcase name="Test Cases/Step Definition/Feature Register/REG01 - User register with valid credentials" time="10.979" classname="Test Cases/Step Definition/Feature Register/REG01 - User register with valid credentials" status="PASSED">
         <system-out><![CDATA[2023-07-03 18:10:35 - [TEST_CASE][PASSED] - Test Cases/Step Definition/Feature Register/REG01 - User register with valid credentials: Test Cases/Step Definition/Feature Register/REG01 - User register with valid credentials

2023-07-03 18:10:35 - [TEST_STEP][PASSED] - Start listener action : BeforeTestCase: Current window maximized

2023-07-03 18:10:35 - [TEST_STEP][PASSED] - logInfo("Test Case: " + testCaseContext.getTestCaseId()): Test Case: Test Cases/Step Definition/Feature Register/REG01 - User register with valid credentials

2023-07-03 18:10:35 - [MESSAGE][INFO] - Test Case: Test Cases/Step Definition/Feature Register/REG01 - User register with valid credentials

2023-07-03 18:10:35 - [TEST_STEP][PASSED] - openBrowser(): null

2023-07-03 18:10:35 - [TEST_STEP][PASSED] - openBrowser("https://secondhand.binaracademy.org/"): Browser is opened with url: 'https://secondhand.binaracademy.org/'

2023-07-03 18:10:35 - [MESSAGE][INFO] - Starting 'Chrome' driver

2023-07-03 18:10:35 - [MESSAGE][INFO] - Action delay is set to 0 milliseconds

2023-07-03 18:10:39 - [MESSAGE][PASSED] - Browser is opened with url: 'https://secondhand.binaracademy.org/'

2023-07-03 18:10:39 - [TEST_STEP][PASSED] - maximizeWindow(): Current window maximized

2023-07-03 18:10:39 - [MESSAGE][PASSED] - Current window maximized

2023-07-03 18:10:39 - [TEST_STEP][PASSED] - callTestCase(findTestCase("Pages/Homepage/Click Masuk from homepage"), [:], STOP_ON_FAILURE): Call Test Case 'Test Cases/Pages/Homepage/Click Masuk from homepage' successfully

2023-07-03 18:10:40 - [TEST_CASE][PASSED] - Test Cases/Pages/Homepage/Click Masuk from homepage: Test Cases/Pages/Homepage/Click Masuk from homepage

2023-07-03 18:10:40 - [TEST_STEP][PASSED] - click(findTestObject("Navbar/a_Masuk")): Object: 'Object Repository/Navbar/a_Masuk' is clicked on

2023-07-03 18:10:40 - [MESSAGE][PASSED] - Object: 'Object Repository/Navbar/a_Masuk' is clicked on

2023-07-03 18:10:40 - [MESSAGE][PASSED] - Call Test Case 'Test Cases/Pages/Homepage/Click Masuk from homepage' successfully

2023-07-03 18:10:40 - [TEST_STEP][PASSED] - callTestCase(findTestCase("Pages/Register/Click Button Daftar di sini from login page"), [:], STOP_ON_FAILURE): Call Test Case 'Test Cases/Pages/Register/Click Button Daftar di sini from login page' successfully

2023-07-03 18:10:40 - [TEST_CASE][PASSED] - Test Cases/Pages/Register/Click Button Daftar di sini from login page: Test Cases/Pages/Register/Click Button Daftar di sini from login page

2023-07-03 18:10:40 - [TEST_STEP][PASSED] - click(findTestObject("Login/a_Daftar di sini")): Object: 'Object Repository/Login/a_Daftar di sini' is clicked on

2023-07-03 18:10:41 - [MESSAGE][PASSED] - Object: 'Object Repository/Login/a_Daftar di sini' is clicked on

2023-07-03 18:10:41 - [MESSAGE][PASSED] - Call Test Case 'Test Cases/Pages/Register/Click Button Daftar di sini from login page' successfully

2023-07-03 18:10:41 - [TEST_STEP][PASSED] - callTestCase(findTestCase("Pages/Register/Input Nama with custom keyword"), ["name":""], STOP_ON_FAILURE): Call Test Case 'Test Cases/Pages/Register/Input Nama with custom keyword' successfully

2023-07-03 18:10:41 - [TEST_CASE][PASSED] - Test Cases/Pages/Register/Input Nama with custom keyword: Test Cases/Pages/Register/Input Nama with custom keyword

2023-07-03 18:10:41 - [TEST_STEP][PASSED] - Nama = packages.randomName.getWaktu(): packages.randomName.getWaktu is PASSED

2023-07-03 18:10:41 - [MESSAGE][PASSED] - packages.randomName.getWaktu is PASSED

2023-07-03 18:10:41 - [TEST_STEP][PASSED] - sendKeys(findTestObject("Register/input_Name"), Nama): Keys 'User 100323-0610' sent to object: 'Object Repository/Register/input_Name'

2023-07-03 18:10:41 - [MESSAGE][PASSED] - Keys 'User 100323-0610' sent to object: 'Object Repository/Register/input_Name'

2023-07-03 18:10:41 - [MESSAGE][PASSED] - Call Test Case 'Test Cases/Pages/Register/Input Nama with custom keyword' successfully

2023-07-03 18:10:41 - [TEST_STEP][PASSED] - callTestCase(findTestCase("Pages/Register/Input Email with custom keyword"), ["email":""], STOP_ON_FAILURE): Call Test Case 'Test Cases/Pages/Register/Input Email with custom keyword' successfully

2023-07-03 18:10:42 - [TEST_CASE][PASSED] - Test Cases/Pages/Register/Input Email with custom keyword: Test Cases/Pages/Register/Input Email with custom keyword

2023-07-03 18:10:42 - [TEST_STEP][PASSED] - Email = packages.randomEmail.getEmail("gmail.com"): packages.randomEmail.getEmail is PASSED

2023-07-03 18:10:42 - [MESSAGE][PASSED] - packages.randomEmail.getEmail is PASSED

2023-07-03 18:10:42 - [TEST_STEP][PASSED] - sendKeys(findTestObject("Register/input_Email"), Email): Keys 'user100323-0610-90@gmail.com' sent to object: 'Object Repository/Register/input_Email'

2023-07-03 18:10:42 - [MESSAGE][PASSED] - Keys 'user100323-0610-90@gmail.com' sent to object: 'Object Repository/Register/input_Email'

2023-07-03 18:10:42 - [TEST_STEP][PASSED] - packages.createGlobalVariables.addGlobalVariable("email", Email): packages.createGlobalVariables.addGlobalVariable is PASSED

2023-07-03 18:10:42 - [MESSAGE][PASSED] - packages.createGlobalVariables.addGlobalVariable is PASSED

2023-07-03 18:10:42 - [TEST_STEP][PASSED] - println(email): null

2023-07-03 18:10:42 - [MESSAGE][PASSED] - Call Test Case 'Test Cases/Pages/Register/Input Email with custom keyword' successfully

2023-07-03 18:10:42 - [TEST_STEP][PASSED] - callTestCase(findTestCase("Pages/Register/Input Password"), ["password":password], STOP_ON_FAILURE): Call Test Case 'Test Cases/Pages/Register/Input Password' successfully

2023-07-03 18:10:42 - [TEST_CASE][PASSED] - Test Cases/Pages/Register/Input Password: Test Cases/Pages/Register/Input Password

2023-07-03 18:10:42 - [TEST_STEP][PASSED] - setText(findTestObject("Register/input_Password"), password): Text 'abc!12345' is set on object 'Object Repository/Register/input_Password'

2023-07-03 18:10:43 - [MESSAGE][PASSED] - Text 'abc!12345' is set on object 'Object Repository/Register/input_Password'

2023-07-03 18:10:43 - [MESSAGE][PASSED] - Call Test Case 'Test Cases/Pages/Register/Input Password' successfully

2023-07-03 18:10:43 - [TEST_STEP][PASSED] - callTestCase(findTestCase("Pages/Register/Click Button Daftar to submit"), [:], STOP_ON_FAILURE): Call Test Case 'Test Cases/Pages/Register/Click Button Daftar to submit' successfully

2023-07-03 18:10:43 - [TEST_CASE][PASSED] - Test Cases/Pages/Register/Click Button Daftar to submit: Test Cases/Pages/Register/Click Button Daftar to submit

2023-07-03 18:10:43 - [TEST_STEP][PASSED] - click(findTestObject("Register/button_Daftar")): Object: 'Object Repository/Register/button_Daftar' is clicked on

2023-07-03 18:10:43 - [MESSAGE][PASSED] - Object: 'Object Repository/Register/button_Daftar' is clicked on

2023-07-03 18:10:43 - [MESSAGE][PASSED] - Call Test Case 'Test Cases/Pages/Register/Click Button Daftar to submit' successfully

2023-07-03 18:10:43 - [TEST_STEP][PASSED] - callTestCase(findTestCase("Pages/Register/Verify Register Valid"), [:], STOP_ON_FAILURE): Call Test Case 'Test Cases/Pages/Register/Verify Register Valid' successfully

2023-07-03 18:10:44 - [TEST_CASE][PASSED] - Test Cases/Pages/Register/Verify Register Valid: Test Cases/Pages/Register/Verify Register Valid

2023-07-03 18:10:44 - [TEST_STEP][PASSED] - verifyElementVisible(findTestObject("Navbar/a_Profil Saya Icon")): Object 'Object Repository/Navbar/a_Profil Saya Icon' is visible

2023-07-03 18:10:45 - [MESSAGE][PASSED] - Object 'Object Repository/Navbar/a_Profil Saya Icon' is visible

2023-07-03 18:10:45 - [MESSAGE][PASSED] - Call Test Case 'Test Cases/Pages/Register/Verify Register Valid' successfully

2023-07-03 18:10:45 - [TEST_STEP][PASSED] - Start listener action : AfterTestCase: Browser is closed

2023-07-03 18:10:45 - [TEST_STEP][PASSED] - logInfo("Test Case: " + testCaseContext.getTestCaseId() + " | " + testCaseContext.getTestCaseStatus()): Test Case: Test Cases/Step Definition/Feature Register/REG01 - User register with valid credentials | PASSED

2023-07-03 18:10:45 - [MESSAGE][INFO] - Test Case: Test Cases/Step Definition/Feature Register/REG01 - User register with valid credentials | PASSED

2023-07-03 18:10:45 - [TEST_STEP][PASSED] - closeBrowser(): null

2023-07-03 18:10:45 - [TEST_STEP][PASSED] - closeBrowser(): Browser is closed

2023-07-03 18:10:46 - [MESSAGE][PASSED] - Browser is closed]]></system-out>
         <system-err><![CDATA[]]></system-err>
      </testcase>
      <testcase name="Test Cases/Step Definition/Feature Login/LGN01 - User login with valid credentials" time="7.672" classname="Test Cases/Step Definition/Feature Login/LGN01 - User login with valid credentials" status="PASSED">
         <system-out><![CDATA[2023-07-03 18:10:46 - [TEST_CASE][PASSED] - Test Cases/Step Definition/Feature Login/LGN01 - User login with valid credentials: Test Cases/Step Definition/Feature Login/LGN01 - User login with valid credentials

2023-07-03 18:10:46 - [TEST_STEP][PASSED] - Start listener action : BeforeTestCase: Current window maximized

2023-07-03 18:10:46 - [TEST_STEP][PASSED] - logInfo("Test Case: " + testCaseContext.getTestCaseId()): Test Case: Test Cases/Step Definition/Feature Login/LGN01 - User login with valid credentials

2023-07-03 18:10:46 - [MESSAGE][INFO] - Test Case: Test Cases/Step Definition/Feature Login/LGN01 - User login with valid credentials

2023-07-03 18:10:46 - [TEST_STEP][PASSED] - openBrowser(): null

2023-07-03 18:10:46 - [TEST_STEP][PASSED] - openBrowser("https://secondhand.binaracademy.org/"): Browser is opened with url: 'https://secondhand.binaracademy.org/'

2023-07-03 18:10:46 - [MESSAGE][INFO] - Starting 'Chrome' driver

2023-07-03 18:10:46 - [MESSAGE][INFO] - Action delay is set to 0 milliseconds

2023-07-03 18:10:48 - [MESSAGE][PASSED] - Browser is opened with url: 'https://secondhand.binaracademy.org/'

2023-07-03 18:10:48 - [TEST_STEP][PASSED] - maximizeWindow(): Current window maximized

2023-07-03 18:10:48 - [MESSAGE][PASSED] - Current window maximized

2023-07-03 18:10:49 - [TEST_STEP][PASSED] - callTestCase(findTestCase("Pages/Homepage/Click Masuk from homepage"), [:], STOP_ON_FAILURE): Call Test Case 'Test Cases/Pages/Homepage/Click Masuk from homepage' successfully

2023-07-03 18:10:49 - [TEST_CASE][PASSED] - Test Cases/Pages/Homepage/Click Masuk from homepage: Test Cases/Pages/Homepage/Click Masuk from homepage

2023-07-03 18:10:49 - [TEST_STEP][PASSED] - click(findTestObject("Navbar/a_Masuk")): Object: 'Object Repository/Navbar/a_Masuk' is clicked on

2023-07-03 18:10:49 - [MESSAGE][PASSED] - Object: 'Object Repository/Navbar/a_Masuk' is clicked on

2023-07-03 18:10:49 - [MESSAGE][PASSED] - Call Test Case 'Test Cases/Pages/Homepage/Click Masuk from homepage' successfully

2023-07-03 18:10:49 - [TEST_STEP][PASSED] - callTestCase(findTestCase("Pages/Login/Input Email"), ["email":email], STOP_ON_FAILURE): Call Test Case 'Test Cases/Pages/Login/Input Email' successfully

2023-07-03 18:10:49 - [TEST_CASE][PASSED] - Test Cases/Pages/Login/Input Email: Test Cases/Pages/Login/Input Email

2023-07-03 18:10:49 - [TEST_STEP][PASSED] - setText(findTestObject("Login/input_Email"), email): Text 'user100323-0610-90@gmail.com' is set on object 'Object Repository/Login/input_Email'

2023-07-03 18:10:50 - [MESSAGE][PASSED] - Text 'user100323-0610-90@gmail.com' is set on object 'Object Repository/Login/input_Email'

2023-07-03 18:10:50 - [MESSAGE][PASSED] - Call Test Case 'Test Cases/Pages/Login/Input Email' successfully

2023-07-03 18:10:50 - [TEST_STEP][PASSED] - callTestCase(findTestCase("Pages/Login/Input Password"), ["password":password], STOP_ON_FAILURE): Call Test Case 'Test Cases/Pages/Login/Input Password' successfully

2023-07-03 18:10:50 - [TEST_CASE][PASSED] - Test Cases/Pages/Login/Input Password: Test Cases/Pages/Login/Input Password

2023-07-03 18:10:50 - [TEST_STEP][PASSED] - setText(findTestObject("Login/input_Password"), password): Text 'abc!12345' is set on object 'Object Repository/Login/input_Password'

2023-07-03 18:10:51 - [MESSAGE][PASSED] - Text 'abc!12345' is set on object 'Object Repository/Login/input_Password'

2023-07-03 18:10:51 - [MESSAGE][PASSED] - Call Test Case 'Test Cases/Pages/Login/Input Password' successfully

2023-07-03 18:10:51 - [TEST_STEP][PASSED] - callTestCase(findTestCase("Pages/Login/Click Button Masuk"), [:], STOP_ON_FAILURE): Call Test Case 'Test Cases/Pages/Login/Click Button Masuk' successfully

2023-07-03 18:10:51 - [TEST_CASE][PASSED] - Test Cases/Pages/Login/Click Button Masuk: Test Cases/Pages/Login/Click Button Masuk

2023-07-03 18:10:51 - [TEST_STEP][PASSED] - click(findTestObject("Login/button_Masuk")): Object: 'Object Repository/Login/button_Masuk' is clicked on

2023-07-03 18:10:51 - [MESSAGE][PASSED] - Object: 'Object Repository/Login/button_Masuk' is clicked on

2023-07-03 18:10:51 - [TEST_STEP][PASSED] - waitForPageLoad(5): Wait for page load successfully

2023-07-03 18:10:51 - [MESSAGE][PASSED] - Wait for page load successfully

2023-07-03 18:10:51 - [MESSAGE][PASSED] - Call Test Case 'Test Cases/Pages/Login/Click Button Masuk' successfully

2023-07-03 18:10:51 - [TEST_STEP][PASSED] - callTestCase(findTestCase("Pages/Login/Verify Login Valid"), [:], STOP_ON_FAILURE): Call Test Case 'Test Cases/Pages/Login/Verify Login Valid' successfully

2023-07-03 18:10:51 - [TEST_CASE][PASSED] - Test Cases/Pages/Login/Verify Login Valid: Test Cases/Pages/Login/Verify Login Valid

2023-07-03 18:10:51 - [TEST_STEP][PASSED] - verifyElementVisible(findTestObject("Navbar/a_Profil Saya Icon")): Object 'Object Repository/Navbar/a_Profil Saya Icon' is visible

2023-07-03 18:10:53 - [MESSAGE][PASSED] - Object 'Object Repository/Navbar/a_Profil Saya Icon' is visible

2023-07-03 18:10:53 - [MESSAGE][PASSED] - Call Test Case 'Test Cases/Pages/Login/Verify Login Valid' successfully

2023-07-03 18:10:53 - [TEST_STEP][PASSED] - Start listener action : AfterTestCase: Browser is closed

2023-07-03 18:10:53 - [TEST_STEP][PASSED] - logInfo("Test Case: " + testCaseContext.getTestCaseId() + " | " + testCaseContext.getTestCaseStatus()): Test Case: Test Cases/Step Definition/Feature Login/LGN01 - User login with valid credentials | PASSED

2023-07-03 18:10:53 - [MESSAGE][INFO] - Test Case: Test Cases/Step Definition/Feature Login/LGN01 - User login with valid credentials | PASSED

2023-07-03 18:10:53 - [TEST_STEP][PASSED] - closeBrowser(): null

2023-07-03 18:10:53 - [TEST_STEP][PASSED] - closeBrowser(): Browser is closed

2023-07-03 18:10:53 - [MESSAGE][PASSED] - Browser is closed]]></system-out>
         <system-err><![CDATA[]]></system-err>
      </testcase>
      <testcase name="Test Cases/Step Definition/Feature User Profile/USR01 - Edit profile with input valid" time="22.557" classname="Test Cases/Step Definition/Feature User Profile/USR01 - Edit profile with input valid" status="PASSED">
         <system-out><![CDATA[2023-07-03 18:10:53 - [TEST_CASE][PASSED] - Test Cases/Step Definition/Feature User Profile/USR01 - Edit profile with input valid: Test Cases/Step Definition/Feature User Profile/USR01 - Edit profile with input valid

2023-07-03 18:10:53 - [TEST_STEP][PASSED] - Start listener action : BeforeTestCase: Current window maximized

2023-07-03 18:10:53 - [TEST_STEP][PASSED] - logInfo("Test Case: " + testCaseContext.getTestCaseId()): Test Case: Test Cases/Step Definition/Feature User Profile/USR01 - Edit profile with input valid

2023-07-03 18:10:53 - [MESSAGE][INFO] - Test Case: Test Cases/Step Definition/Feature User Profile/USR01 - Edit profile with input valid

2023-07-03 18:10:53 - [TEST_STEP][PASSED] - openBrowser(): null

2023-07-03 18:10:53 - [TEST_STEP][PASSED] - openBrowser("https://secondhand.binaracademy.org/"): Browser is opened with url: 'https://secondhand.binaracademy.org/'

2023-07-03 18:10:53 - [MESSAGE][INFO] - Starting 'Chrome' driver

2023-07-03 18:10:53 - [MESSAGE][INFO] - Action delay is set to 0 milliseconds

2023-07-03 18:10:57 - [MESSAGE][PASSED] - Browser is opened with url: 'https://secondhand.binaracademy.org/'

2023-07-03 18:10:57 - [TEST_STEP][PASSED] - maximizeWindow(): Current window maximized

2023-07-03 18:10:57 - [MESSAGE][PASSED] - Current window maximized

2023-07-03 18:10:57 - [TEST_STEP][PASSED] - callTestCase(findTestCase("Pages/Homepage/Click Masuk from homepage"), [:], STOP_ON_FAILURE): Call Test Case 'Test Cases/Pages/Homepage/Click Masuk from homepage' successfully

2023-07-03 18:10:57 - [TEST_CASE][PASSED] - Test Cases/Pages/Homepage/Click Masuk from homepage: Test Cases/Pages/Homepage/Click Masuk from homepage

2023-07-03 18:10:57 - [TEST_STEP][PASSED] - click(findTestObject("Navbar/a_Masuk")): Object: 'Object Repository/Navbar/a_Masuk' is clicked on

2023-07-03 18:10:58 - [MESSAGE][PASSED] - Object: 'Object Repository/Navbar/a_Masuk' is clicked on

2023-07-03 18:10:58 - [MESSAGE][PASSED] - Call Test Case 'Test Cases/Pages/Homepage/Click Masuk from homepage' successfully

2023-07-03 18:10:58 - [TEST_STEP][PASSED] - callTestCase(findTestCase("Pages/Login/Input Email"), ["email":email], STOP_ON_FAILURE): Call Test Case 'Test Cases/Pages/Login/Input Email' successfully

2023-07-03 18:10:58 - [TEST_CASE][PASSED] - Test Cases/Pages/Login/Input Email: Test Cases/Pages/Login/Input Email

2023-07-03 18:10:58 - [TEST_STEP][PASSED] - setText(findTestObject("Login/input_Email"), email): Text 'user100323-0610-90@gmail.com' is set on object 'Object Repository/Login/input_Email'

2023-07-03 18:10:59 - [MESSAGE][PASSED] - Text 'user100323-0610-90@gmail.com' is set on object 'Object Repository/Login/input_Email'

2023-07-03 18:10:59 - [MESSAGE][PASSED] - Call Test Case 'Test Cases/Pages/Login/Input Email' successfully

2023-07-03 18:10:59 - [TEST_STEP][PASSED] - callTestCase(findTestCase("Pages/Login/Input Password"), ["password":password], STOP_ON_FAILURE): Call Test Case 'Test Cases/Pages/Login/Input Password' successfully

2023-07-03 18:10:59 - [TEST_CASE][PASSED] - Test Cases/Pages/Login/Input Password: Test Cases/Pages/Login/Input Password

2023-07-03 18:10:59 - [TEST_STEP][PASSED] - setText(findTestObject("Login/input_Password"), password): Text 'abc!12345' is set on object 'Object Repository/Login/input_Password'

2023-07-03 18:10:59 - [MESSAGE][PASSED] - Text 'abc!12345' is set on object 'Object Repository/Login/input_Password'

2023-07-03 18:10:59 - [MESSAGE][PASSED] - Call Test Case 'Test Cases/Pages/Login/Input Password' successfully

2023-07-03 18:10:59 - [TEST_STEP][PASSED] - callTestCase(findTestCase("Pages/Login/Click Button Masuk"), [:], STOP_ON_FAILURE): Call Test Case 'Test Cases/Pages/Login/Click Button Masuk' successfully

2023-07-03 18:10:59 - [TEST_CASE][PASSED] - Test Cases/Pages/Login/Click Button Masuk: Test Cases/Pages/Login/Click Button Masuk

2023-07-03 18:10:59 - [TEST_STEP][PASSED] - click(findTestObject("Login/button_Masuk")): Object: 'Object Repository/Login/button_Masuk' is clicked on

2023-07-03 18:11:00 - [MESSAGE][PASSED] - Object: 'Object Repository/Login/button_Masuk' is clicked on

2023-07-03 18:11:00 - [TEST_STEP][PASSED] - waitForPageLoad(5): Wait for page load successfully

2023-07-03 18:11:00 - [MESSAGE][PASSED] - Wait for page load successfully

2023-07-03 18:11:00 - [MESSAGE][PASSED] - Call Test Case 'Test Cases/Pages/Login/Click Button Masuk' successfully

2023-07-03 18:11:00 - [TEST_STEP][PASSED] - callTestCase(findTestCase("Pages/Homepage/Click Profile Icon Navbar"), [:], STOP_ON_FAILURE): Call Test Case 'Test Cases/Pages/Homepage/Click Profile Icon Navbar' successfully

2023-07-03 18:11:00 - [TEST_CASE][PASSED] - Test Cases/Pages/Homepage/Click Profile Icon Navbar: Test Cases/Pages/Homepage/Click Profile Icon Navbar

2023-07-03 18:11:00 - [TEST_STEP][PASSED] - click(findTestObject("Navbar/a_Profil Saya Icon")): Object: 'Object Repository/Navbar/a_Profil Saya Icon' is clicked on

2023-07-03 18:11:01 - [MESSAGE][PASSED] - Object: 'Object Repository/Navbar/a_Profil Saya Icon' is clicked on

2023-07-03 18:11:01 - [MESSAGE][PASSED] - Call Test Case 'Test Cases/Pages/Homepage/Click Profile Icon Navbar' successfully

2023-07-03 18:11:01 - [TEST_STEP][PASSED] - callTestCase(findTestCase("Pages/Homepage/Click Profile Account"), [:], STOP_ON_FAILURE): Call Test Case 'Test Cases/Pages/Homepage/Click Profile Account' successfully

2023-07-03 18:11:01 - [TEST_CASE][PASSED] - Test Cases/Pages/Homepage/Click Profile Account: Test Cases/Pages/Homepage/Click Profile Account

2023-07-03 18:11:01 - [TEST_STEP][PASSED] - click(findTestObject("Navbar/a_Profil")): Object: 'Object Repository/Navbar/a_Profil' is clicked on

2023-07-03 18:11:01 - [MESSAGE][PASSED] - Object: 'Object Repository/Navbar/a_Profil' is clicked on

2023-07-03 18:11:01 - [MESSAGE][PASSED] - Call Test Case 'Test Cases/Pages/Homepage/Click Profile Account' successfully

2023-07-03 18:11:01 - [TEST_STEP][PASSED] - callTestCase(findTestCase("Pages/Profile/Upload Image"), [:], STOP_ON_FAILURE): Call Test Case 'Test Cases/Pages/Profile/Upload Image' successfully

2023-07-03 18:11:01 - [TEST_CASE][PASSED] - Test Cases/Pages/Profile/Upload Image: Test Cases/Pages/Profile/Upload Image

2023-07-03 18:11:02 - [TEST_STEP][PASSED] - uploadFile(findTestObject("User Profile/input_Avatar"), System.getProperty("user.dir") + "\Data Files\ImageForTest\imgp.jpeg"): File 'E:\GitRepo\Katalon\binarqa-group1-web\Data Files\ImageForTest\imgp.jpeg' sent to object: 'Object Repository/User Profile/input_Avatar'

2023-07-03 18:11:02 - [MESSAGE][PASSED] - File 'E:\GitRepo\Katalon\binarqa-group1-web\Data Files\ImageForTest\imgp.jpeg' sent to object: 'Object Repository/User Profile/input_Avatar'

2023-07-03 18:11:02 - [MESSAGE][PASSED] - Call Test Case 'Test Cases/Pages/Profile/Upload Image' successfully

2023-07-03 18:11:02 - [TEST_STEP][PASSED] - callTestCase(findTestCase("Pages/Profile/Input Nama"), ["nama":"Group1"], STOP_ON_FAILURE): Call Test Case 'Test Cases/Pages/Profile/Input Nama' successfully

2023-07-03 18:11:02 - [TEST_CASE][PASSED] - Test Cases/Pages/Profile/Input Nama: Test Cases/Pages/Profile/Input Nama

2023-07-03 18:11:02 - [TEST_STEP][PASSED] - setText(findTestObject("User Profile/input_Nama"), nama): Text 'Group1' is set on object 'Object Repository/User Profile/input_Nama'

2023-07-03 18:11:03 - [MESSAGE][PASSED] - Text 'Group1' is set on object 'Object Repository/User Profile/input_Nama'

2023-07-03 18:11:03 - [MESSAGE][PASSED] - Call Test Case 'Test Cases/Pages/Profile/Input Nama' successfully

2023-07-03 18:11:03 - [TEST_STEP][PASSED] - callTestCase(findTestCase("Pages/Profile/Set Kota"), ["kota":"Jakarta"], STOP_ON_FAILURE): Call Test Case 'Test Cases/Pages/Profile/Set Kota' successfully

2023-07-03 18:11:03 - [TEST_CASE][PASSED] - Test Cases/Pages/Profile/Set Kota: Test Cases/Pages/Profile/Set Kota

2023-07-03 18:11:03 - [TEST_STEP][PASSED] - selectOptionByLabel(findTestObject("User Profile/select_Pilih Kota"), kota, false): All options with label 'Jakarta' are selected in object 'Object Repository/User Profile/select_Pilih Kota' 

2023-07-03 18:11:04 - [MESSAGE][PASSED] - All options with label 'Jakarta' are selected in object 'Object Repository/User Profile/select_Pilih Kota' 

2023-07-03 18:11:04 - [MESSAGE][PASSED] - Call Test Case 'Test Cases/Pages/Profile/Set Kota' successfully

2023-07-03 18:11:04 - [TEST_STEP][PASSED] - callTestCase(findTestCase("Pages/Profile/Input Alamat"), ["alamat":"Jl. Kenangan"], STOP_ON_FAILURE): Call Test Case 'Test Cases/Pages/Profile/Input Alamat' successfully

2023-07-03 18:11:04 - [TEST_CASE][PASSED] - Test Cases/Pages/Profile/Input Alamat: Test Cases/Pages/Profile/Input Alamat

2023-07-03 18:11:04 - [TEST_STEP][PASSED] - setText(findTestObject("User Profile/textarea_Alamat"), alamat): Text 'Jl. Kenangan' is set on object 'Object Repository/User Profile/textarea_Alamat'

2023-07-03 18:11:04 - [MESSAGE][PASSED] - Text 'Jl. Kenangan' is set on object 'Object Repository/User Profile/textarea_Alamat'

2023-07-03 18:11:04 - [MESSAGE][PASSED] - Call Test Case 'Test Cases/Pages/Profile/Input Alamat' successfully

2023-07-03 18:11:04 - [TEST_STEP][PASSED] - callTestCase(findTestCase("Pages/Profile/Input No Handphone"), ["noHP":"0843434343"], STOP_ON_FAILURE): Call Test Case 'Test Cases/Pages/Profile/Input No Handphone' successfully

2023-07-03 18:11:04 - [TEST_CASE][PASSED] - Test Cases/Pages/Profile/Input No Handphone: Test Cases/Pages/Profile/Input No Handphone

2023-07-03 18:11:05 - [TEST_STEP][PASSED] - setText(findTestObject("User Profile/input_No Handphone"), noHP): Text '0843434343' is set on object 'Object Repository/User Profile/input_No Handphone'

2023-07-03 18:11:05 - [MESSAGE][PASSED] - Text '0843434343' is set on object 'Object Repository/User Profile/input_No Handphone'

2023-07-03 18:11:05 - [MESSAGE][PASSED] - Call Test Case 'Test Cases/Pages/Profile/Input No Handphone' successfully

2023-07-03 18:11:05 - [TEST_STEP][PASSED] - callTestCase(findTestCase("Pages/Profile/Verify Image Filled"), [:], STOP_ON_FAILURE): Call Test Case 'Test Cases/Pages/Profile/Verify Image Filled' successfully

2023-07-03 18:11:05 - [TEST_CASE][PASSED] - Test Cases/Pages/Profile/Verify Image Filled: Test Cases/Pages/Profile/Verify Image Filled

2023-07-03 18:11:05 - [TEST_STEP][PASSED] - verifyElementPresent(findTestObject("User Profile/img_Avatar Blob"), 3): Object 'Object Repository/User Profile/img_Avatar Blob' is present

2023-07-03 18:11:06 - [MESSAGE][PASSED] - Object 'Object Repository/User Profile/img_Avatar Blob' is present

2023-07-03 18:11:06 - [MESSAGE][PASSED] - Call Test Case 'Test Cases/Pages/Profile/Verify Image Filled' successfully

2023-07-03 18:11:06 - [TEST_STEP][PASSED] - callTestCase(findTestCase("Pages/Profile/Click Button Simpan"), [:], STOP_ON_FAILURE): Call Test Case 'Test Cases/Pages/Profile/Click Button Simpan' successfully

2023-07-03 18:11:06 - [TEST_CASE][PASSED] - Test Cases/Pages/Profile/Click Button Simpan: Test Cases/Pages/Profile/Click Button Simpan

2023-07-03 18:11:06 - [TEST_STEP][PASSED] - click(findTestObject("User Profile/button_simpan")): Object: 'Object Repository/User Profile/button_simpan' is clicked on

2023-07-03 18:11:08 - [MESSAGE][PASSED] - Object: 'Object Repository/User Profile/button_simpan' is clicked on

2023-07-03 18:11:08 - [MESSAGE][PASSED] - Call Test Case 'Test Cases/Pages/Profile/Click Button Simpan' successfully

2023-07-03 18:11:08 - [TEST_STEP][PASSED] - callTestCase(findTestCase("Pages/Profile/Verify Success Edit Profile"), ["nama":"Group1"], STOP_ON_FAILURE): Call Test Case 'Test Cases/Pages/Profile/Verify Success Edit Profile' successfully

2023-07-03 18:11:08 - [TEST_CASE][PASSED] - Test Cases/Pages/Profile/Verify Success Edit Profile: Test Cases/Pages/Profile/Verify Success Edit Profile

2023-07-03 18:11:09 - [TEST_STEP][PASSED] - waitForElementVisible(findTestObject("Homepage/a_Button Jual"), 30): Object 'Object Repository/Homepage/a_Button Jual' is visible

2023-07-03 18:11:14 - [MESSAGE][PASSED] - Object 'Object Repository/Homepage/a_Button Jual' is visible

2023-07-03 18:11:14 - [TEST_STEP][PASSED] - verifyMatch(getUrl(), "https://secondhand.binaracademy.org/", false): Actual text 'https://secondhand.binaracademy.org/' and expected text 'https://secondhand.binaracademy.org/' are matched 

2023-07-03 18:11:14 - [MESSAGE][PASSED] - Current window's url is: 'https://secondhand.binaracademy.org/'

2023-07-03 18:11:14 - [MESSAGE][PASSED] - Actual text 'https://secondhand.binaracademy.org/' and expected text 'https://secondhand.binaracademy.org/' are matched 

2023-07-03 18:11:14 - [TEST_STEP][PASSED] - click(findTestObject("Navbar/a_Profil Saya Icon")): Object: 'Object Repository/Navbar/a_Profil Saya Icon' is clicked on

2023-07-03 18:11:15 - [MESSAGE][PASSED] - Object: 'Object Repository/Navbar/a_Profil Saya Icon' is clicked on

2023-07-03 18:11:15 - [TEST_STEP][PASSED] - verifyElementVisible(findTestObject("Navbar/div_Nama Akun")): Object 'Object Repository/Navbar/div_Nama Akun' is visible

2023-07-03 18:11:15 - [MESSAGE][PASSED] - Object 'Object Repository/Navbar/div_Nama Akun' is visible

2023-07-03 18:11:15 - [TEST_STEP][PASSED] - nama = getText(findTestObject("Navbar/div_Nama Akun")): Text of object 'Object Repository/Navbar/div_Nama Akun' is: 'Group1'

2023-07-03 18:11:15 - [MESSAGE][PASSED] - Text of object 'Object Repository/Navbar/div_Nama Akun' is: 'Group1'

2023-07-03 18:11:15 - [TEST_STEP][PASSED] - expected = nama: null

2023-07-03 18:11:15 - [TEST_STEP][PASSED] - verifyMatch(nama, expected, false): Actual text 'Group1' and expected text 'Group1' are matched 

2023-07-03 18:11:15 - [MESSAGE][PASSED] - Actual text 'Group1' and expected text 'Group1' are matched 

2023-07-03 18:11:15 - [MESSAGE][PASSED] - Call Test Case 'Test Cases/Pages/Profile/Verify Success Edit Profile' successfully

2023-07-03 18:11:15 - [TEST_STEP][PASSED] - Start listener action : AfterTestCase: Browser is closed

2023-07-03 18:11:15 - [TEST_STEP][PASSED] - logInfo("Test Case: " + testCaseContext.getTestCaseId() + " | " + testCaseContext.getTestCaseStatus()): Test Case: Test Cases/Step Definition/Feature User Profile/USR01 - Edit profile with input valid | PASSED

2023-07-03 18:11:15 - [MESSAGE][INFO] - Test Case: Test Cases/Step Definition/Feature User Profile/USR01 - Edit profile with input valid | PASSED

2023-07-03 18:11:15 - [TEST_STEP][PASSED] - closeBrowser(): null

2023-07-03 18:11:15 - [TEST_STEP][PASSED] - closeBrowser(): Browser is closed

2023-07-03 18:11:16 - [MESSAGE][PASSED] - Browser is closed]]></system-out>
         <system-err><![CDATA[]]></system-err>
      </testcase>
      <testcase name="Test Cases/Step Definition/Feature Add Product/ADDP01 - Add Product with Valid Input" time="20.624" classname="Test Cases/Step Definition/Feature Add Product/ADDP01 - Add Product with Valid Input" status="PASSED">
         <system-out><![CDATA[2023-07-03 18:11:16 - [TEST_CASE][PASSED] - Test Cases/Step Definition/Feature Add Product/ADDP01 - Add Product with Valid Input: Test Cases/Step Definition/Feature Add Product/ADDP01 - Add Product with Valid Input

2023-07-03 18:11:16 - [TEST_STEP][PASSED] - Start listener action : BeforeTestCase: Current window maximized

2023-07-03 18:11:16 - [TEST_STEP][PASSED] - logInfo("Test Case: " + testCaseContext.getTestCaseId()): Test Case: Test Cases/Step Definition/Feature Add Product/ADDP01 - Add Product with Valid Input

2023-07-03 18:11:16 - [MESSAGE][INFO] - Test Case: Test Cases/Step Definition/Feature Add Product/ADDP01 - Add Product with Valid Input

2023-07-03 18:11:16 - [TEST_STEP][PASSED] - openBrowser(): null

2023-07-03 18:11:16 - [TEST_STEP][PASSED] - openBrowser("https://secondhand.binaracademy.org/"): Browser is opened with url: 'https://secondhand.binaracademy.org/'

2023-07-03 18:11:16 - [MESSAGE][INFO] - Starting 'Chrome' driver

2023-07-03 18:11:16 - [MESSAGE][INFO] - Action delay is set to 0 milliseconds

2023-07-03 18:11:19 - [MESSAGE][PASSED] - Browser is opened with url: 'https://secondhand.binaracademy.org/'

2023-07-03 18:11:19 - [TEST_STEP][PASSED] - maximizeWindow(): Current window maximized

2023-07-03 18:11:19 - [MESSAGE][PASSED] - Current window maximized

2023-07-03 18:11:19 - [TEST_STEP][PASSED] - callTestCase(findTestCase("Pages/Homepage/Click Masuk from homepage"), [:], STOP_ON_FAILURE): Call Test Case 'Test Cases/Pages/Homepage/Click Masuk from homepage' successfully

2023-07-03 18:11:19 - [TEST_CASE][PASSED] - Test Cases/Pages/Homepage/Click Masuk from homepage: Test Cases/Pages/Homepage/Click Masuk from homepage

2023-07-03 18:11:19 - [TEST_STEP][PASSED] - click(findTestObject("Navbar/a_Masuk")): Object: 'Object Repository/Navbar/a_Masuk' is clicked on

2023-07-03 18:11:19 - [MESSAGE][PASSED] - Object: 'Object Repository/Navbar/a_Masuk' is clicked on

2023-07-03 18:11:19 - [MESSAGE][PASSED] - Call Test Case 'Test Cases/Pages/Homepage/Click Masuk from homepage' successfully

2023-07-03 18:11:19 - [TEST_STEP][PASSED] - callTestCase(findTestCase("Pages/Login/Input Email"), ["email":email], STOP_ON_FAILURE): Call Test Case 'Test Cases/Pages/Login/Input Email' successfully

2023-07-03 18:11:19 - [TEST_CASE][PASSED] - Test Cases/Pages/Login/Input Email: Test Cases/Pages/Login/Input Email

2023-07-03 18:11:19 - [TEST_STEP][PASSED] - setText(findTestObject("Login/input_Email"), email): Text 'user100323-0610-90@gmail.com' is set on object 'Object Repository/Login/input_Email'

2023-07-03 18:11:20 - [MESSAGE][PASSED] - Text 'user100323-0610-90@gmail.com' is set on object 'Object Repository/Login/input_Email'

2023-07-03 18:11:20 - [MESSAGE][PASSED] - Call Test Case 'Test Cases/Pages/Login/Input Email' successfully

2023-07-03 18:11:20 - [TEST_STEP][PASSED] - callTestCase(findTestCase("Pages/Login/Input Password"), ["password":password], STOP_ON_FAILURE): Call Test Case 'Test Cases/Pages/Login/Input Password' successfully

2023-07-03 18:11:20 - [TEST_CASE][PASSED] - Test Cases/Pages/Login/Input Password: Test Cases/Pages/Login/Input Password

2023-07-03 18:11:20 - [TEST_STEP][PASSED] - setText(findTestObject("Login/input_Password"), password): Text 'abc!12345' is set on object 'Object Repository/Login/input_Password'

2023-07-03 18:11:21 - [MESSAGE][PASSED] - Text 'abc!12345' is set on object 'Object Repository/Login/input_Password'

2023-07-03 18:11:21 - [MESSAGE][PASSED] - Call Test Case 'Test Cases/Pages/Login/Input Password' successfully

2023-07-03 18:11:21 - [TEST_STEP][PASSED] - callTestCase(findTestCase("Pages/Login/Click Button Masuk"), [:], STOP_ON_FAILURE): Call Test Case 'Test Cases/Pages/Login/Click Button Masuk' successfully

2023-07-03 18:11:21 - [TEST_CASE][PASSED] - Test Cases/Pages/Login/Click Button Masuk: Test Cases/Pages/Login/Click Button Masuk

2023-07-03 18:11:21 - [TEST_STEP][PASSED] - click(findTestObject("Login/button_Masuk")): Object: 'Object Repository/Login/button_Masuk' is clicked on

2023-07-03 18:11:21 - [MESSAGE][PASSED] - Object: 'Object Repository/Login/button_Masuk' is clicked on

2023-07-03 18:11:21 - [TEST_STEP][PASSED] - waitForPageLoad(5): Wait for page load successfully

2023-07-03 18:11:21 - [MESSAGE][PASSED] - Wait for page load successfully

2023-07-03 18:11:21 - [MESSAGE][PASSED] - Call Test Case 'Test Cases/Pages/Login/Click Button Masuk' successfully

2023-07-03 18:11:21 - [TEST_STEP][PASSED] - callTestCase(findTestCase("Pages/Homepage/Click Jual Floating Button"), [:], STOP_ON_FAILURE): Call Test Case 'Test Cases/Pages/Homepage/Click Jual Floating Button' successfully

2023-07-03 18:11:21 - [TEST_CASE][PASSED] - Test Cases/Pages/Homepage/Click Jual Floating Button: Test Cases/Pages/Homepage/Click Jual Floating Button

2023-07-03 18:11:22 - [TEST_STEP][PASSED] - click(findTestObject("Homepage/a_Button Jual")): Object: 'Object Repository/Homepage/a_Button Jual' is clicked on

2023-07-03 18:11:23 - [MESSAGE][PASSED] - Object: 'Object Repository/Homepage/a_Button Jual' is clicked on

2023-07-03 18:11:23 - [MESSAGE][PASSED] - Call Test Case 'Test Cases/Pages/Homepage/Click Jual Floating Button' successfully

2023-07-03 18:11:23 - [TEST_STEP][PASSED] - callTestCase(findTestCase("Pages/Add Product/Verify Add Product Form"), [:], STOP_ON_FAILURE): Call Test Case 'Test Cases/Pages/Add Product/Verify Add Product Form' successfully

2023-07-03 18:11:23 - [TEST_CASE][PASSED] - Test Cases/Pages/Add Product/Verify Add Product Form: Test Cases/Pages/Add Product/Verify Add Product Form

2023-07-03 18:11:23 - [TEST_STEP][PASSED] - verifyElementPresent(findTestObject("Products/Add Product Page/input_Nama Produk"), 0): Object 'Object Repository/Products/Add Product Page/input_Nama Produk' is present

2023-07-03 18:11:23 - [MESSAGE][WARNING] - Timeout '0' is invalid. Using default page load timeout: '30'

2023-07-03 18:11:24 - [MESSAGE][PASSED] - Object 'Object Repository/Products/Add Product Page/input_Nama Produk' is present

2023-07-03 18:11:24 - [TEST_STEP][PASSED] - verifyElementPresent(findTestObject("Products/Add Product Page/input_Harga Produk"), 0): Object 'Object Repository/Products/Add Product Page/input_Harga Produk' is present

2023-07-03 18:11:24 - [MESSAGE][WARNING] - Timeout '0' is invalid. Using default page load timeout: '30'

2023-07-03 18:11:24 - [MESSAGE][PASSED] - Object 'Object Repository/Products/Add Product Page/input_Harga Produk' is present

2023-07-03 18:11:24 - [TEST_STEP][PASSED] - verifyElementPresent(findTestObject("Products/Add Product Page/select_Kategori"), 0): Object 'Object Repository/Products/Add Product Page/select_Kategori' is present

2023-07-03 18:11:24 - [MESSAGE][WARNING] - Timeout '0' is invalid. Using default page load timeout: '30'

2023-07-03 18:11:24 - [MESSAGE][PASSED] - Object 'Object Repository/Products/Add Product Page/select_Kategori' is present

2023-07-03 18:11:24 - [TEST_STEP][PASSED] - verifyElementPresent(findTestObject("Products/Add Product Page/textarea_Deskripsi"), 0): Object 'Object Repository/Products/Add Product Page/textarea_Deskripsi' is present

2023-07-03 18:11:24 - [MESSAGE][WARNING] - Timeout '0' is invalid. Using default page load timeout: '30'

2023-07-03 18:11:25 - [MESSAGE][PASSED] - Object 'Object Repository/Products/Add Product Page/textarea_Deskripsi' is present

2023-07-03 18:11:25 - [TEST_STEP][PASSED] - verifyElementPresent(findTestObject("Products/Add Product Page/input_Gambar Produk"), 0): Object 'Object Repository/Products/Add Product Page/input_Gambar Produk' is present

2023-07-03 18:11:25 - [MESSAGE][WARNING] - Timeout '0' is invalid. Using default page load timeout: '30'

2023-07-03 18:11:25 - [MESSAGE][PASSED] - Object 'Object Repository/Products/Add Product Page/input_Gambar Produk' is present

2023-07-03 18:11:25 - [TEST_STEP][PASSED] - verifyElementPresent(findTestObject("Products/Add Product Page/label_Button Terbitkan"), 0): Object 'Object Repository/Products/Add Product Page/label_Button Terbitkan' is present

2023-07-03 18:11:25 - [MESSAGE][WARNING] - Timeout '0' is invalid. Using default page load timeout: '30'

2023-07-03 18:11:25 - [MESSAGE][PASSED] - Object 'Object Repository/Products/Add Product Page/label_Button Terbitkan' is present

2023-07-03 18:11:25 - [MESSAGE][PASSED] - Call Test Case 'Test Cases/Pages/Add Product/Verify Add Product Form' successfully

2023-07-03 18:11:25 - [TEST_STEP][PASSED] - callTestCase(findTestCase("Pages/Add Product/Input Nama Produk"), ["namaProduk":"Produk A"], STOP_ON_FAILURE): Call Test Case 'Test Cases/Pages/Add Product/Input Nama Produk' successfully

2023-07-03 18:11:25 - [TEST_CASE][PASSED] - Test Cases/Pages/Add Product/Input Nama Produk: Test Cases/Pages/Add Product/Input Nama Produk

2023-07-03 18:11:25 - [TEST_STEP][PASSED] - setText(findTestObject("Products/Add Product Page/input_Nama Produk"), namaProduk): Text 'Produk A' is set on object 'Object Repository/Products/Add Product Page/input_Nama Produk'

2023-07-03 18:11:26 - [MESSAGE][PASSED] - Text 'Produk A' is set on object 'Object Repository/Products/Add Product Page/input_Nama Produk'

2023-07-03 18:11:26 - [MESSAGE][PASSED] - Call Test Case 'Test Cases/Pages/Add Product/Input Nama Produk' successfully

2023-07-03 18:11:26 - [TEST_STEP][PASSED] - callTestCase(findTestCase("Pages/Add Product/Input Harga Produk"), ["hargaProduk":"100000"], STOP_ON_FAILURE): Call Test Case 'Test Cases/Pages/Add Product/Input Harga Produk' successfully

2023-07-03 18:11:26 - [TEST_CASE][PASSED] - Test Cases/Pages/Add Product/Input Harga Produk: Test Cases/Pages/Add Product/Input Harga Produk

2023-07-03 18:11:26 - [TEST_STEP][PASSED] - setText(findTestObject("Products/Add Product Page/input_Harga Produk"), hargaProduk): Text '100000' is set on object 'Object Repository/Products/Add Product Page/input_Harga Produk'

2023-07-03 18:11:27 - [MESSAGE][PASSED] - Text '100000' is set on object 'Object Repository/Products/Add Product Page/input_Harga Produk'

2023-07-03 18:11:27 - [MESSAGE][PASSED] - Call Test Case 'Test Cases/Pages/Add Product/Input Harga Produk' successfully

2023-07-03 18:11:27 - [TEST_STEP][PASSED] - callTestCase(findTestCase("Pages/Add Product/Input Kategori Produk"), ["kategoriProduk":"Kesehatan"], STOP_ON_FAILURE): Call Test Case 'Test Cases/Pages/Add Product/Input Kategori Produk' successfully

2023-07-03 18:11:27 - [TEST_CASE][PASSED] - Test Cases/Pages/Add Product/Input Kategori Produk: Test Cases/Pages/Add Product/Input Kategori Produk

2023-07-03 18:11:27 - [TEST_STEP][PASSED] - selectOptionByLabel(findTestObject("Products/Add Product Page/select_Kategori"), kategoriProduk, false): All options with label 'Kesehatan' are selected in object 'Object Repository/Products/Add Product Page/select_Kategori' 

2023-07-03 18:11:28 - [MESSAGE][PASSED] - All options with label 'Kesehatan' are selected in object 'Object Repository/Products/Add Product Page/select_Kategori' 

2023-07-03 18:11:28 - [MESSAGE][PASSED] - Call Test Case 'Test Cases/Pages/Add Product/Input Kategori Produk' successfully

2023-07-03 18:11:28 - [TEST_STEP][PASSED] - callTestCase(findTestCase("Pages/Add Product/Input Deskripsi Produk"), ["deskripsiProduk":"Deskripsi Produk A"], STOP_ON_FAILURE): Call Test Case 'Test Cases/Pages/Add Product/Input Deskripsi Produk' successfully

2023-07-03 18:11:28 - [TEST_CASE][PASSED] - Test Cases/Pages/Add Product/Input Deskripsi Produk: Test Cases/Pages/Add Product/Input Deskripsi Produk

2023-07-03 18:11:28 - [TEST_STEP][PASSED] - setText(findTestObject("Products/Add Product Page/textarea_Deskripsi"), deskripsiProduk): Text 'Deskripsi Produk A' is set on object 'Object Repository/Products/Add Product Page/textarea_Deskripsi'

2023-07-03 18:11:28 - [MESSAGE][PASSED] - Text 'Deskripsi Produk A' is set on object 'Object Repository/Products/Add Product Page/textarea_Deskripsi'

2023-07-03 18:11:28 - [MESSAGE][PASSED] - Call Test Case 'Test Cases/Pages/Add Product/Input Deskripsi Produk' successfully

2023-07-03 18:11:28 - [TEST_STEP][PASSED] - callTestCase(findTestCase("Pages/Add Product/Input Gambar Produk"), ["pathToFile":System.getProperty("user.dir") + "\Data Files\ImageForTest\binar.jpg"], STOP_ON_FAILURE): Call Test Case 'Test Cases/Pages/Add Product/Input Gambar Produk' successfully

2023-07-03 18:11:29 - [TEST_CASE][PASSED] - Test Cases/Pages/Add Product/Input Gambar Produk: Test Cases/Pages/Add Product/Input Gambar Produk

2023-07-03 18:11:29 - [TEST_STEP][PASSED] - uploadFile(findTestObject("Products/Add Product Page/input_Gambar Produk"), pathToFile): File 'E:\GitRepo\Katalon\binarqa-group1-web\Data Files\ImageForTest\binar.jpg' sent to object: 'Object Repository/Products/Add Product Page/input_Gambar Produk'

2023-07-03 18:11:29 - [MESSAGE][PASSED] - File 'E:\GitRepo\Katalon\binarqa-group1-web\Data Files\ImageForTest\binar.jpg' sent to object: 'Object Repository/Products/Add Product Page/input_Gambar Produk'

2023-07-03 18:11:29 - [MESSAGE][PASSED] - Call Test Case 'Test Cases/Pages/Add Product/Input Gambar Produk' successfully

2023-07-03 18:11:29 - [TEST_STEP][PASSED] - callTestCase(findTestCase("Pages/Add Product/Click Terbitkan Button"), [:], STOP_ON_FAILURE): Call Test Case 'Test Cases/Pages/Add Product/Click Terbitkan Button' successfully

2023-07-03 18:11:29 - [TEST_CASE][PASSED] - Test Cases/Pages/Add Product/Click Terbitkan Button: Test Cases/Pages/Add Product/Click Terbitkan Button

2023-07-03 18:11:29 - [TEST_STEP][PASSED] - click(findTestObject("Products/Add Product Page/label_Button Terbitkan")): Object: 'Object Repository/Products/Add Product Page/label_Button Terbitkan' is clicked on

2023-07-03 18:11:33 - [MESSAGE][PASSED] - Object: 'Object Repository/Products/Add Product Page/label_Button Terbitkan' is clicked on

2023-07-03 18:11:33 - [MESSAGE][PASSED] - Call Test Case 'Test Cases/Pages/Add Product/Click Terbitkan Button' successfully

2023-07-03 18:11:33 - [TEST_STEP][PASSED] - callTestCase(findTestCase("Pages/Add Product/Verify Success Add Product"), ["namaProduk":"Produk A", "hargaProduk":"Rp 100.000", "kategoriProduk":"Kesehatan", "deskripsiProduk":"Deskripsi Produk A"], STOP_ON_FAILURE): Call Test Case 'Test Cases/Pages/Add Product/Verify Success Add Product' successfully

2023-07-03 18:11:34 - [TEST_CASE][PASSED] - Test Cases/Pages/Add Product/Verify Success Add Product: Test Cases/Pages/Add Product/Verify Success Add Product

2023-07-03 18:11:34 - [TEST_STEP][PASSED] - waitForElementPresent(findTestObject("Products/Product Detail Page/h5_Nama Produk"), 0): Object 'Object Repository/Products/Product Detail Page/h5_Nama Produk' is present

2023-07-03 18:11:34 - [MESSAGE][WARNING] - Timeout '0' is invalid. Using default page load timeout: '30'

2023-07-03 18:11:34 - [MESSAGE][PASSED] - Object 'Object Repository/Products/Product Detail Page/h5_Nama Produk' is present

2023-07-03 18:11:34 - [TEST_STEP][PASSED] - waitForElementPresent(findTestObject("Products/Product Detail Page/p_Kategori Produk"), 0): Object 'Object Repository/Products/Product Detail Page/p_Kategori Produk' is present

2023-07-03 18:11:34 - [MESSAGE][WARNING] - Timeout '0' is invalid. Using default page load timeout: '30'

2023-07-03 18:11:34 - [MESSAGE][PASSED] - Object 'Object Repository/Products/Product Detail Page/p_Kategori Produk' is present

2023-07-03 18:11:34 - [TEST_STEP][PASSED] - waitForElementPresent(findTestObject("Products/Product Detail Page/p_Harga Produk"), 0): Object 'Object Repository/Products/Product Detail Page/p_Harga Produk' is present

2023-07-03 18:11:34 - [MESSAGE][WARNING] - Timeout '0' is invalid. Using default page load timeout: '30'

2023-07-03 18:11:35 - [MESSAGE][PASSED] - Object 'Object Repository/Products/Product Detail Page/p_Harga Produk' is present

2023-07-03 18:11:35 - [TEST_STEP][PASSED] - waitForElementPresent(findTestObject("Products/Product Detail Page/p_Deskripsi Produk"), 0): Object 'Object Repository/Products/Product Detail Page/p_Deskripsi Produk' is present

2023-07-03 18:11:35 - [MESSAGE][WARNING] - Timeout '0' is invalid. Using default page load timeout: '30'

2023-07-03 18:11:35 - [MESSAGE][PASSED] - Object 'Object Repository/Products/Product Detail Page/p_Deskripsi Produk' is present

2023-07-03 18:11:35 - [TEST_STEP][PASSED] - verifyMatch(getText(findTestObject("Products/Product Detail Page/h5_Nama Produk"), STOP_ON_FAILURE), namaProduk, false): Actual text 'Produk A' and expected text 'Produk A' are matched 

2023-07-03 18:11:35 - [MESSAGE][PASSED] - Text of object 'Object Repository/Products/Product Detail Page/h5_Nama Produk' is: 'Produk A'

2023-07-03 18:11:35 - [MESSAGE][PASSED] - Actual text 'Produk A' and expected text 'Produk A' are matched 

2023-07-03 18:11:35 - [TEST_STEP][PASSED] - verifyMatch(getText(findTestObject("Products/Product Detail Page/p_Kategori Produk"), STOP_ON_FAILURE), kategoriProduk, false): Actual text 'Kesehatan' and expected text 'Kesehatan' are matched 

2023-07-03 18:11:35 - [MESSAGE][PASSED] - Text of object 'Object Repository/Products/Product Detail Page/p_Kategori Produk' is: 'Kesehatan'

2023-07-03 18:11:35 - [MESSAGE][PASSED] - Actual text 'Kesehatan' and expected text 'Kesehatan' are matched 

2023-07-03 18:11:35 - [TEST_STEP][PASSED] - verifyMatch(getText(findTestObject("Products/Product Detail Page/p_Harga Produk"), STOP_ON_FAILURE), hargaProduk, false): Actual text 'Rp 100.000' and expected text 'Rp 100.000' are matched 

2023-07-03 18:11:36 - [MESSAGE][PASSED] - Text of object 'Object Repository/Products/Product Detail Page/p_Harga Produk' is: 'Rp 100.000'

2023-07-03 18:11:36 - [MESSAGE][PASSED] - Actual text 'Rp 100.000' and expected text 'Rp 100.000' are matched 

2023-07-03 18:11:36 - [TEST_STEP][PASSED] - verifyMatch(getText(findTestObject("Products/Product Detail Page/p_Deskripsi Produk"), STOP_ON_FAILURE), deskripsiProduk, false): Actual text 'Deskripsi Produk A' and expected text 'Deskripsi Produk A' are matched 

2023-07-03 18:11:36 - [MESSAGE][PASSED] - Text of object 'Object Repository/Products/Product Detail Page/p_Deskripsi Produk' is: 'Deskripsi Produk A'

2023-07-03 18:11:36 - [MESSAGE][PASSED] - Actual text 'Deskripsi Produk A' and expected text 'Deskripsi Produk A' are matched 

2023-07-03 18:11:36 - [MESSAGE][PASSED] - Call Test Case 'Test Cases/Pages/Add Product/Verify Success Add Product' successfully

2023-07-03 18:11:36 - [TEST_STEP][PASSED] - Start listener action : AfterTestCase: Browser is closed

2023-07-03 18:11:36 - [TEST_STEP][PASSED] - logInfo("Test Case: " + testCaseContext.getTestCaseId() + " | " + testCaseContext.getTestCaseStatus()): Test Case: Test Cases/Step Definition/Feature Add Product/ADDP01 - Add Product with Valid Input | PASSED

2023-07-03 18:11:36 - [MESSAGE][INFO] - Test Case: Test Cases/Step Definition/Feature Add Product/ADDP01 - Add Product with Valid Input | PASSED

2023-07-03 18:11:36 - [TEST_STEP][PASSED] - closeBrowser(): null

2023-07-03 18:11:36 - [TEST_STEP][PASSED] - closeBrowser(): Browser is closed

2023-07-03 18:11:37 - [MESSAGE][PASSED] - Browser is closed]]></system-out>
         <system-err><![CDATA[]]></system-err>
      </testcase>
      <testcase name="Test Cases/Step Definition/Feature Edit Product/EDP01 - Edit Product with Valid Data" time="24.002" classname="Test Cases/Step Definition/Feature Edit Product/EDP01 - Edit Product with Valid Data" status="PASSED">
         <system-out><![CDATA[2023-07-03 18:11:37 - [TEST_CASE][PASSED] - Test Cases/Step Definition/Feature Edit Product/EDP01 - Edit Product with Valid Data: Test Cases/Step Definition/Feature Edit Product/EDP01 - Edit Product with Valid Data

2023-07-03 18:11:37 - [TEST_STEP][PASSED] - Start listener action : BeforeTestCase: Current window maximized

2023-07-03 18:11:37 - [TEST_STEP][PASSED] - logInfo("Test Case: " + testCaseContext.getTestCaseId()): Test Case: Test Cases/Step Definition/Feature Edit Product/EDP01 - Edit Product with Valid Data

2023-07-03 18:11:37 - [MESSAGE][INFO] - Test Case: Test Cases/Step Definition/Feature Edit Product/EDP01 - Edit Product with Valid Data

2023-07-03 18:11:37 - [TEST_STEP][PASSED] - openBrowser(): null

2023-07-03 18:11:37 - [TEST_STEP][PASSED] - openBrowser("https://secondhand.binaracademy.org/"): Browser is opened with url: 'https://secondhand.binaracademy.org/'

2023-07-03 18:11:37 - [MESSAGE][INFO] - Starting 'Chrome' driver

2023-07-03 18:11:37 - [MESSAGE][INFO] - Action delay is set to 0 milliseconds

2023-07-03 18:11:40 - [MESSAGE][PASSED] - Browser is opened with url: 'https://secondhand.binaracademy.org/'

2023-07-03 18:11:40 - [TEST_STEP][PASSED] - maximizeWindow(): Current window maximized

2023-07-03 18:11:40 - [MESSAGE][PASSED] - Current window maximized

2023-07-03 18:11:41 - [TEST_STEP][PASSED] - callTestCase(findTestCase("Pages/Homepage/Click Masuk from homepage"), [:], STOP_ON_FAILURE): Call Test Case 'Test Cases/Pages/Homepage/Click Masuk from homepage' successfully

2023-07-03 18:11:41 - [TEST_CASE][PASSED] - Test Cases/Pages/Homepage/Click Masuk from homepage: Test Cases/Pages/Homepage/Click Masuk from homepage

2023-07-03 18:11:41 - [TEST_STEP][PASSED] - click(findTestObject("Navbar/a_Masuk")): Object: 'Object Repository/Navbar/a_Masuk' is clicked on

2023-07-03 18:11:41 - [MESSAGE][PASSED] - Object: 'Object Repository/Navbar/a_Masuk' is clicked on

2023-07-03 18:11:41 - [MESSAGE][PASSED] - Call Test Case 'Test Cases/Pages/Homepage/Click Masuk from homepage' successfully

2023-07-03 18:11:41 - [TEST_STEP][PASSED] - callTestCase(findTestCase("Pages/Login/Input Email"), ["email":email], STOP_ON_FAILURE): Call Test Case 'Test Cases/Pages/Login/Input Email' successfully

2023-07-03 18:11:41 - [TEST_CASE][PASSED] - Test Cases/Pages/Login/Input Email: Test Cases/Pages/Login/Input Email

2023-07-03 18:11:41 - [TEST_STEP][PASSED] - setText(findTestObject("Login/input_Email"), email): Text 'user100323-0610-90@gmail.com' is set on object 'Object Repository/Login/input_Email'

2023-07-03 18:11:42 - [MESSAGE][PASSED] - Text 'user100323-0610-90@gmail.com' is set on object 'Object Repository/Login/input_Email'

2023-07-03 18:11:42 - [MESSAGE][PASSED] - Call Test Case 'Test Cases/Pages/Login/Input Email' successfully

2023-07-03 18:11:42 - [TEST_STEP][PASSED] - callTestCase(findTestCase("Pages/Login/Input Password"), ["password":password], STOP_ON_FAILURE): Call Test Case 'Test Cases/Pages/Login/Input Password' successfully

2023-07-03 18:11:42 - [TEST_CASE][PASSED] - Test Cases/Pages/Login/Input Password: Test Cases/Pages/Login/Input Password

2023-07-03 18:11:42 - [TEST_STEP][PASSED] - setText(findTestObject("Login/input_Password"), password): Text 'abc!12345' is set on object 'Object Repository/Login/input_Password'

2023-07-03 18:11:43 - [MESSAGE][PASSED] - Text 'abc!12345' is set on object 'Object Repository/Login/input_Password'

2023-07-03 18:11:43 - [MESSAGE][PASSED] - Call Test Case 'Test Cases/Pages/Login/Input Password' successfully

2023-07-03 18:11:43 - [TEST_STEP][PASSED] - callTestCase(findTestCase("Pages/Login/Click Button Masuk"), [:], STOP_ON_FAILURE): Call Test Case 'Test Cases/Pages/Login/Click Button Masuk' successfully

2023-07-03 18:11:43 - [TEST_CASE][PASSED] - Test Cases/Pages/Login/Click Button Masuk: Test Cases/Pages/Login/Click Button Masuk

2023-07-03 18:11:43 - [TEST_STEP][PASSED] - click(findTestObject("Login/button_Masuk")): Object: 'Object Repository/Login/button_Masuk' is clicked on

2023-07-03 18:11:43 - [MESSAGE][PASSED] - Object: 'Object Repository/Login/button_Masuk' is clicked on

2023-07-03 18:11:43 - [TEST_STEP][PASSED] - waitForPageLoad(5): Wait for page load successfully

2023-07-03 18:11:43 - [MESSAGE][PASSED] - Wait for page load successfully

2023-07-03 18:11:43 - [MESSAGE][PASSED] - Call Test Case 'Test Cases/Pages/Login/Click Button Masuk' successfully

2023-07-03 18:11:43 - [TEST_STEP][PASSED] - callTestCase(findTestCase("Pages/Daftar Jual Saya/Click Product List Icon"), [:], STOP_ON_FAILURE): Call Test Case 'Test Cases/Pages/Daftar Jual Saya/Click Product List Icon' successfully

2023-07-03 18:11:43 - [TEST_CASE][PASSED] - Test Cases/Pages/Daftar Jual Saya/Click Product List Icon: Test Cases/Pages/Daftar Jual Saya/Click Product List Icon

2023-07-03 18:11:43 - [TEST_STEP][PASSED] - click(findTestObject("Navbar/a_Produk Saya Icon")): Object: 'Object Repository/Navbar/a_Produk Saya Icon' is clicked on

2023-07-03 18:11:45 - [MESSAGE][PASSED] - Object: 'Object Repository/Navbar/a_Produk Saya Icon' is clicked on

2023-07-03 18:11:45 - [MESSAGE][PASSED] - Call Test Case 'Test Cases/Pages/Daftar Jual Saya/Click Product List Icon' successfully

2023-07-03 18:11:45 - [TEST_STEP][PASSED] - callTestCase(findTestCase("Pages/Edit Product/Click Product Card in Daftar Jual Saya"), [:], STOP_ON_FAILURE): Call Test Case 'Test Cases/Pages/Edit Product/Click Product Card in Daftar Jual Saya' successfully

2023-07-03 18:11:45 - [TEST_CASE][PASSED] - Test Cases/Pages/Edit Product/Click Product Card in Daftar Jual Saya: Test Cases/Pages/Edit Product/Click Product Card in Daftar Jual Saya

2023-07-03 18:11:45 - [TEST_STEP][PASSED] - click(findTestObject("Daftar Jual Saya/div_ProductCard")): Object: 'Object Repository/Daftar Jual Saya/div_ProductCard' is clicked on

2023-07-03 18:11:45 - [MESSAGE][PASSED] - Object: 'Object Repository/Daftar Jual Saya/div_ProductCard' is clicked on

2023-07-03 18:11:45 - [MESSAGE][PASSED] - Call Test Case 'Test Cases/Pages/Edit Product/Click Product Card in Daftar Jual Saya' successfully

2023-07-03 18:11:45 - [TEST_STEP][PASSED] - callTestCase(findTestCase("Pages/Product Detail/Click Button Edit"), [:], STOP_ON_FAILURE): Call Test Case 'Test Cases/Pages/Product Detail/Click Button Edit' successfully

2023-07-03 18:11:45 - [TEST_CASE][PASSED] - Test Cases/Pages/Product Detail/Click Button Edit: Test Cases/Pages/Product Detail/Click Button Edit

2023-07-03 18:11:46 - [TEST_STEP][PASSED] - click(findTestObject("Products/Product Detail Page/a_Button Edit")): Object: 'Object Repository/Products/Product Detail Page/a_Button Edit' is clicked on

2023-07-03 18:11:46 - [MESSAGE][PASSED] - Object: 'Object Repository/Products/Product Detail Page/a_Button Edit' is clicked on

2023-07-03 18:11:46 - [MESSAGE][PASSED] - Call Test Case 'Test Cases/Pages/Product Detail/Click Button Edit' successfully

2023-07-03 18:11:46 - [TEST_STEP][PASSED] - callTestCase(findTestCase("Pages/Edit Product/Edit Nama Produk Field"), ["namaProduk":"Tambahan"], STOP_ON_FAILURE): Call Test Case 'Test Cases/Pages/Edit Product/Edit Nama Produk Field' successfully

2023-07-03 18:11:46 - [TEST_CASE][PASSED] - Test Cases/Pages/Edit Product/Edit Nama Produk Field: Test Cases/Pages/Edit Product/Edit Nama Produk Field

2023-07-03 18:11:46 - [TEST_STEP][PASSED] - setText(findTestObject("Products/Add Product Page/input_Nama Produk"), getAttribute(findTestObject("Products/Add Product Page/input_Nama Produk"), "value") + " " + namaProduk): Text 'Produk A Tambahan' is set on object 'Object Repository/Products/Add Product Page/input_Nama Produk'

2023-07-03 18:11:47 - [MESSAGE][PASSED] - Attribute 'value' of object 'Object Repository/Products/Add Product Page/input_Nama Produk' is: 'Produk A'

2023-07-03 18:11:48 - [MESSAGE][PASSED] - Text 'Produk A Tambahan' is set on object 'Object Repository/Products/Add Product Page/input_Nama Produk'

2023-07-03 18:11:48 - [MESSAGE][PASSED] - Call Test Case 'Test Cases/Pages/Edit Product/Edit Nama Produk Field' successfully

2023-07-03 18:11:48 - [TEST_STEP][PASSED] - callTestCase(findTestCase("Pages/Edit Product/Edit Harga Produk Field"), ["hargaProduk":"250000"], STOP_ON_FAILURE): Call Test Case 'Test Cases/Pages/Edit Product/Edit Harga Produk Field' successfully

2023-07-03 18:11:48 - [TEST_CASE][PASSED] - Test Cases/Pages/Edit Product/Edit Harga Produk Field: Test Cases/Pages/Edit Product/Edit Harga Produk Field

2023-07-03 18:11:48 - [TEST_STEP][PASSED] - setText(findTestObject("Products/Add Product Page/input_Harga Produk"), hargaProduk): Text '250000' is set on object 'Object Repository/Products/Add Product Page/input_Harga Produk'

2023-07-03 18:11:49 - [MESSAGE][PASSED] - Text '250000' is set on object 'Object Repository/Products/Add Product Page/input_Harga Produk'

2023-07-03 18:11:49 - [MESSAGE][PASSED] - Call Test Case 'Test Cases/Pages/Edit Product/Edit Harga Produk Field' successfully

2023-07-03 18:11:49 - [TEST_STEP][PASSED] - callTestCase(findTestCase("Pages/Edit Product/Edit Kategori Field"), ["kategoriProduk":"Kesehatan"], STOP_ON_FAILURE): Call Test Case 'Test Cases/Pages/Edit Product/Edit Kategori Field' successfully

2023-07-03 18:11:49 - [TEST_CASE][PASSED] - Test Cases/Pages/Edit Product/Edit Kategori Field: Test Cases/Pages/Edit Product/Edit Kategori Field

2023-07-03 18:11:49 - [TEST_STEP][PASSED] - selectOptionByLabel(findTestObject("Products/Add Product Page/select_Kategori"), kategoriProduk, false): All options with label 'Kesehatan' are selected in object 'Object Repository/Products/Add Product Page/select_Kategori' 

2023-07-03 18:11:49 - [MESSAGE][PASSED] - All options with label 'Kesehatan' are selected in object 'Object Repository/Products/Add Product Page/select_Kategori' 

2023-07-03 18:11:49 - [MESSAGE][PASSED] - Call Test Case 'Test Cases/Pages/Edit Product/Edit Kategori Field' successfully

2023-07-03 18:11:49 - [TEST_STEP][PASSED] - callTestCase(findTestCase("Pages/Edit Product/Edit Deskripsi Field"), ["deskripsiProduk":"Tambahan"], STOP_ON_FAILURE): Call Test Case 'Test Cases/Pages/Edit Product/Edit Deskripsi Field' successfully

2023-07-03 18:11:49 - [TEST_CASE][PASSED] - Test Cases/Pages/Edit Product/Edit Deskripsi Field: Test Cases/Pages/Edit Product/Edit Deskripsi Field

2023-07-03 18:11:50 - [TEST_STEP][PASSED] - setText(findTestObject("Products/Add Product Page/textarea_Deskripsi"), getText(findTestObject("Products/Add Product Page/textarea_Deskripsi")) + " " + deskripsiProduk): Text 'Deskripsi Produk A Tambahan' is set on object 'Object Repository/Products/Add Product Page/textarea_Deskripsi'

2023-07-03 18:11:50 - [MESSAGE][PASSED] - Text of object 'Object Repository/Products/Add Product Page/textarea_Deskripsi' is: 'Deskripsi Produk A'

2023-07-03 18:11:50 - [MESSAGE][PASSED] - Text 'Deskripsi Produk A Tambahan' is set on object 'Object Repository/Products/Add Product Page/textarea_Deskripsi'

2023-07-03 18:11:50 - [MESSAGE][PASSED] - Call Test Case 'Test Cases/Pages/Edit Product/Edit Deskripsi Field' successfully

2023-07-03 18:11:50 - [TEST_STEP][PASSED] - callTestCase(findTestCase("Pages/Add Product/Click Terbitkan Button"), [:], STOP_ON_FAILURE): Call Test Case 'Test Cases/Pages/Add Product/Click Terbitkan Button' successfully

2023-07-03 18:11:51 - [TEST_CASE][PASSED] - Test Cases/Pages/Add Product/Click Terbitkan Button: Test Cases/Pages/Add Product/Click Terbitkan Button

2023-07-03 18:11:51 - [TEST_STEP][PASSED] - click(findTestObject("Products/Add Product Page/label_Button Terbitkan")): Object: 'Object Repository/Products/Add Product Page/label_Button Terbitkan' is clicked on

2023-07-03 18:11:57 - [MESSAGE][PASSED] - Object: 'Object Repository/Products/Add Product Page/label_Button Terbitkan' is clicked on

2023-07-03 18:11:57 - [MESSAGE][PASSED] - Call Test Case 'Test Cases/Pages/Add Product/Click Terbitkan Button' successfully

2023-07-03 18:11:57 - [TEST_STEP][PASSED] - callTestCase(findTestCase("Pages/Edit Product/Verify Success Edit Product"), ["namaProduk":"Tambahan", "hargaProduk":"Rp 250.000", "kategoriProduk":"Kesehatan", "deskripsiProduk":"Tambahan"], STOP_ON_FAILURE): Call Test Case 'Test Cases/Pages/Edit Product/Verify Success Edit Product' successfully

2023-07-03 18:11:57 - [TEST_CASE][PASSED] - Test Cases/Pages/Edit Product/Verify Success Edit Product: Test Cases/Pages/Edit Product/Verify Success Edit Product

2023-07-03 18:11:58 - [TEST_STEP][PASSED] - waitForElementPresent(findTestObject("Products/Product Detail Page/h5_Nama Produk"), 0): Object 'Object Repository/Products/Product Detail Page/h5_Nama Produk' is present

2023-07-03 18:11:58 - [MESSAGE][WARNING] - Timeout '0' is invalid. Using default page load timeout: '30'

2023-07-03 18:11:58 - [MESSAGE][PASSED] - Object 'Object Repository/Products/Product Detail Page/h5_Nama Produk' is present

2023-07-03 18:11:58 - [TEST_STEP][PASSED] - waitForElementPresent(findTestObject("Products/Product Detail Page/p_Kategori Produk"), 0): Object 'Object Repository/Products/Product Detail Page/p_Kategori Produk' is present

2023-07-03 18:11:58 - [MESSAGE][WARNING] - Timeout '0' is invalid. Using default page load timeout: '30'

2023-07-03 18:11:58 - [MESSAGE][PASSED] - Object 'Object Repository/Products/Product Detail Page/p_Kategori Produk' is present

2023-07-03 18:11:58 - [TEST_STEP][PASSED] - waitForElementPresent(findTestObject("Products/Product Detail Page/p_Harga Produk"), 0): Object 'Object Repository/Products/Product Detail Page/p_Harga Produk' is present

2023-07-03 18:11:58 - [MESSAGE][WARNING] - Timeout '0' is invalid. Using default page load timeout: '30'

2023-07-03 18:11:59 - [MESSAGE][PASSED] - Object 'Object Repository/Products/Product Detail Page/p_Harga Produk' is present

2023-07-03 18:11:59 - [TEST_STEP][PASSED] - waitForElementPresent(findTestObject("Products/Product Detail Page/p_Deskripsi Produk"), 0): Object 'Object Repository/Products/Product Detail Page/p_Deskripsi Produk' is present

2023-07-03 18:11:59 - [MESSAGE][WARNING] - Timeout '0' is invalid. Using default page load timeout: '30'

2023-07-03 18:11:59 - [MESSAGE][PASSED] - Object 'Object Repository/Products/Product Detail Page/p_Deskripsi Produk' is present

2023-07-03 18:11:59 - [TEST_STEP][PASSED] - verifyMatch(getText(findTestObject("Products/Product Detail Page/h5_Nama Produk"), STOP_ON_FAILURE), "(?i).*" + namaProduk + ".*", true): Actual text 'Produk A Tambahan' and expected text '(?i).*Tambahan.*' are matched  using regular expression

2023-07-03 18:11:59 - [MESSAGE][PASSED] - Text of object 'Object Repository/Products/Product Detail Page/h5_Nama Produk' is: 'Produk A Tambahan'

2023-07-03 18:11:59 - [MESSAGE][PASSED] - Actual text 'Produk A Tambahan' and expected text '(?i).*Tambahan.*' are matched  using regular expression

2023-07-03 18:11:59 - [TEST_STEP][PASSED] - verifyMatch(getText(findTestObject("Products/Product Detail Page/p_Kategori Produk"), STOP_ON_FAILURE), kategoriProduk, false): Actual text 'Kesehatan' and expected text 'Kesehatan' are matched 

2023-07-03 18:11:59 - [MESSAGE][PASSED] - Text of object 'Object Repository/Products/Product Detail Page/p_Kategori Produk' is: 'Kesehatan'

2023-07-03 18:11:59 - [MESSAGE][PASSED] - Actual text 'Kesehatan' and expected text 'Kesehatan' are matched 

2023-07-03 18:11:59 - [TEST_STEP][PASSED] - verifyMatch(getText(findTestObject("Products/Product Detail Page/p_Harga Produk"), STOP_ON_FAILURE), hargaProduk, false): Actual text 'Rp 250.000' and expected text 'Rp 250.000' are matched 

2023-07-03 18:12:00 - [MESSAGE][PASSED] - Text of object 'Object Repository/Products/Product Detail Page/p_Harga Produk' is: 'Rp 250.000'

2023-07-03 18:12:00 - [MESSAGE][PASSED] - Actual text 'Rp 250.000' and expected text 'Rp 250.000' are matched 

2023-07-03 18:12:00 - [TEST_STEP][PASSED] - verifyMatch(getText(findTestObject("Products/Product Detail Page/p_Deskripsi Produk"), STOP_ON_FAILURE), "(?i).*" + deskripsiProduk + ".*", true): Actual text 'Deskripsi Produk A Tambahan' and expected text '(?i).*Tambahan.*' are matched  using regular expression

2023-07-03 18:12:00 - [MESSAGE][PASSED] - Text of object 'Object Repository/Products/Product Detail Page/p_Deskripsi Produk' is: 'Deskripsi Produk A Tambahan'

2023-07-03 18:12:00 - [MESSAGE][PASSED] - Actual text 'Deskripsi Produk A Tambahan' and expected text '(?i).*Tambahan.*' are matched  using regular expression

2023-07-03 18:12:00 - [MESSAGE][PASSED] - Call Test Case 'Test Cases/Pages/Edit Product/Verify Success Edit Product' successfully

2023-07-03 18:12:00 - [TEST_STEP][PASSED] - Start listener action : AfterTestCase: Browser is closed

2023-07-03 18:12:00 - [TEST_STEP][PASSED] - logInfo("Test Case: " + testCaseContext.getTestCaseId() + " | " + testCaseContext.getTestCaseStatus()): Test Case: Test Cases/Step Definition/Feature Edit Product/EDP01 - Edit Product with Valid Data | PASSED

2023-07-03 18:12:00 - [MESSAGE][INFO] - Test Case: Test Cases/Step Definition/Feature Edit Product/EDP01 - Edit Product with Valid Data | PASSED

2023-07-03 18:12:00 - [TEST_STEP][PASSED] - closeBrowser(): null

2023-07-03 18:12:00 - [TEST_STEP][PASSED] - closeBrowser(): Browser is closed

2023-07-03 18:12:01 - [MESSAGE][PASSED] - Browser is closed]]></system-out>
         <system-err><![CDATA[]]></system-err>
      </testcase>
      <testcase name="Test Cases/Step Definition/Feature Delete Product/DP01 - Delete Product" time="10.004" classname="Test Cases/Step Definition/Feature Delete Product/DP01 - Delete Product" status="PASSED">
         <system-out><![CDATA[2023-07-03 18:12:01 - [TEST_CASE][PASSED] - Test Cases/Step Definition/Feature Delete Product/DP01 - Delete Product: Test Cases/Step Definition/Feature Delete Product/DP01 - Delete Product

2023-07-03 18:12:01 - [TEST_STEP][PASSED] - Start listener action : BeforeTestCase: Current window maximized

2023-07-03 18:12:01 - [TEST_STEP][PASSED] - logInfo("Test Case: " + testCaseContext.getTestCaseId()): Test Case: Test Cases/Step Definition/Feature Delete Product/DP01 - Delete Product

2023-07-03 18:12:01 - [MESSAGE][INFO] - Test Case: Test Cases/Step Definition/Feature Delete Product/DP01 - Delete Product

2023-07-03 18:12:01 - [TEST_STEP][PASSED] - openBrowser(): null

2023-07-03 18:12:01 - [TEST_STEP][PASSED] - openBrowser("https://secondhand.binaracademy.org/"): Browser is opened with url: 'https://secondhand.binaracademy.org/'

2023-07-03 18:12:01 - [MESSAGE][INFO] - Starting 'Chrome' driver

2023-07-03 18:12:01 - [MESSAGE][INFO] - Action delay is set to 0 milliseconds

2023-07-03 18:12:03 - [MESSAGE][PASSED] - Browser is opened with url: 'https://secondhand.binaracademy.org/'

2023-07-03 18:12:03 - [TEST_STEP][PASSED] - maximizeWindow(): Current window maximized

2023-07-03 18:12:03 - [MESSAGE][PASSED] - Current window maximized

2023-07-03 18:12:03 - [TEST_STEP][PASSED] - callTestCase(findTestCase("Pages/Homepage/Click Masuk from homepage"), [:], STOP_ON_FAILURE): Call Test Case 'Test Cases/Pages/Homepage/Click Masuk from homepage' successfully

2023-07-03 18:12:04 - [TEST_CASE][PASSED] - Test Cases/Pages/Homepage/Click Masuk from homepage: Test Cases/Pages/Homepage/Click Masuk from homepage

2023-07-03 18:12:04 - [TEST_STEP][PASSED] - click(findTestObject("Navbar/a_Masuk")): Object: 'Object Repository/Navbar/a_Masuk' is clicked on

2023-07-03 18:12:04 - [MESSAGE][PASSED] - Object: 'Object Repository/Navbar/a_Masuk' is clicked on

2023-07-03 18:12:04 - [MESSAGE][PASSED] - Call Test Case 'Test Cases/Pages/Homepage/Click Masuk from homepage' successfully

2023-07-03 18:12:04 - [TEST_STEP][PASSED] - callTestCase(findTestCase("Pages/Login/Input Email"), ["email":email], STOP_ON_FAILURE): Call Test Case 'Test Cases/Pages/Login/Input Email' successfully

2023-07-03 18:12:04 - [TEST_CASE][PASSED] - Test Cases/Pages/Login/Input Email: Test Cases/Pages/Login/Input Email

2023-07-03 18:12:04 - [TEST_STEP][PASSED] - setText(findTestObject("Login/input_Email"), email): Text 'user100323-0610-90@gmail.com' is set on object 'Object Repository/Login/input_Email'

2023-07-03 18:12:05 - [MESSAGE][PASSED] - Text 'user100323-0610-90@gmail.com' is set on object 'Object Repository/Login/input_Email'

2023-07-03 18:12:05 - [MESSAGE][PASSED] - Call Test Case 'Test Cases/Pages/Login/Input Email' successfully

2023-07-03 18:12:05 - [TEST_STEP][PASSED] - callTestCase(findTestCase("Pages/Login/Input Password"), ["password":password], STOP_ON_FAILURE): Call Test Case 'Test Cases/Pages/Login/Input Password' successfully

2023-07-03 18:12:05 - [TEST_CASE][PASSED] - Test Cases/Pages/Login/Input Password: Test Cases/Pages/Login/Input Password

2023-07-03 18:12:05 - [TEST_STEP][PASSED] - setText(findTestObject("Login/input_Password"), password): Text 'abc!12345' is set on object 'Object Repository/Login/input_Password'

2023-07-03 18:12:06 - [MESSAGE][PASSED] - Text 'abc!12345' is set on object 'Object Repository/Login/input_Password'

2023-07-03 18:12:06 - [MESSAGE][PASSED] - Call Test Case 'Test Cases/Pages/Login/Input Password' successfully

2023-07-03 18:12:06 - [TEST_STEP][PASSED] - callTestCase(findTestCase("Pages/Login/Click Button Masuk"), [:], STOP_ON_FAILURE): Call Test Case 'Test Cases/Pages/Login/Click Button Masuk' successfully

2023-07-03 18:12:06 - [TEST_CASE][PASSED] - Test Cases/Pages/Login/Click Button Masuk: Test Cases/Pages/Login/Click Button Masuk

2023-07-03 18:12:06 - [TEST_STEP][PASSED] - click(findTestObject("Login/button_Masuk")): Object: 'Object Repository/Login/button_Masuk' is clicked on

2023-07-03 18:12:06 - [MESSAGE][PASSED] - Object: 'Object Repository/Login/button_Masuk' is clicked on

2023-07-03 18:12:06 - [TEST_STEP][PASSED] - waitForPageLoad(5): Wait for page load successfully

2023-07-03 18:12:06 - [MESSAGE][PASSED] - Wait for page load successfully

2023-07-03 18:12:06 - [MESSAGE][PASSED] - Call Test Case 'Test Cases/Pages/Login/Click Button Masuk' successfully

2023-07-03 18:12:06 - [TEST_STEP][PASSED] - callTestCase(findTestCase("Pages/Daftar Jual Saya/Click Product List Icon"), [:], STOP_ON_FAILURE): Call Test Case 'Test Cases/Pages/Daftar Jual Saya/Click Product List Icon' successfully

2023-07-03 18:12:06 - [TEST_CASE][PASSED] - Test Cases/Pages/Daftar Jual Saya/Click Product List Icon: Test Cases/Pages/Daftar Jual Saya/Click Product List Icon

2023-07-03 18:12:06 - [TEST_STEP][PASSED] - click(findTestObject("Navbar/a_Produk Saya Icon")): Object: 'Object Repository/Navbar/a_Produk Saya Icon' is clicked on

2023-07-03 18:12:08 - [MESSAGE][PASSED] - Object: 'Object Repository/Navbar/a_Produk Saya Icon' is clicked on

2023-07-03 18:12:08 - [MESSAGE][PASSED] - Call Test Case 'Test Cases/Pages/Daftar Jual Saya/Click Product List Icon' successfully

2023-07-03 18:12:08 - [TEST_STEP][PASSED] - callTestCase(findTestCase("Pages/Edit Product/Click Product Card in Daftar Jual Saya"), [:], STOP_ON_FAILURE): Call Test Case 'Test Cases/Pages/Edit Product/Click Product Card in Daftar Jual Saya' successfully

2023-07-03 18:12:08 - [TEST_CASE][PASSED] - Test Cases/Pages/Edit Product/Click Product Card in Daftar Jual Saya: Test Cases/Pages/Edit Product/Click Product Card in Daftar Jual Saya

2023-07-03 18:12:08 - [TEST_STEP][PASSED] - click(findTestObject("Daftar Jual Saya/div_ProductCard")): Object: 'Object Repository/Daftar Jual Saya/div_ProductCard' is clicked on

2023-07-03 18:12:08 - [MESSAGE][PASSED] - Object: 'Object Repository/Daftar Jual Saya/div_ProductCard' is clicked on

2023-07-03 18:12:08 - [MESSAGE][PASSED] - Call Test Case 'Test Cases/Pages/Edit Product/Click Product Card in Daftar Jual Saya' successfully

2023-07-03 18:12:08 - [TEST_STEP][PASSED] - callTestCase(findTestCase("Pages/Product Detail/Click Button Delete"), [:], STOP_ON_FAILURE): Call Test Case 'Test Cases/Pages/Product Detail/Click Button Delete' successfully

2023-07-03 18:12:08 - [TEST_CASE][PASSED] - Test Cases/Pages/Product Detail/Click Button Delete: Test Cases/Pages/Product Detail/Click Button Delete

2023-07-03 18:12:09 - [TEST_STEP][PASSED] - click(findTestObject("Products/Product Detail Page/a_Button Delete")): Object: 'Object Repository/Products/Product Detail Page/a_Button Delete' is clicked on

2023-07-03 18:12:09 - [MESSAGE][PASSED] - Object: 'Object Repository/Products/Product Detail Page/a_Button Delete' is clicked on

2023-07-03 18:12:09 - [MESSAGE][PASSED] - Call Test Case 'Test Cases/Pages/Product Detail/Click Button Delete' successfully

2023-07-03 18:12:09 - [TEST_STEP][PASSED] - callTestCase(findTestCase("Pages/Delete Product/Verify Success Delete Product"), [:], STOP_ON_FAILURE): Call Test Case 'Test Cases/Pages/Delete Product/Verify Success Delete Product' successfully

2023-07-03 18:12:09 - [TEST_CASE][PASSED] - Test Cases/Pages/Delete Product/Verify Success Delete Product: Test Cases/Pages/Delete Product/Verify Success Delete Product

2023-07-03 18:12:09 - [TEST_STEP][PASSED] - verifyElementVisible(findTestObject("Daftar Jual Saya/h3_DaftarJualSaya")): Object 'Object Repository/Daftar Jual Saya/h3_DaftarJualSaya' is visible

2023-07-03 18:12:10 - [MESSAGE][PASSED] - Object 'Object Repository/Daftar Jual Saya/h3_DaftarJualSaya' is visible

2023-07-03 18:12:10 - [MESSAGE][PASSED] - Call Test Case 'Test Cases/Pages/Delete Product/Verify Success Delete Product' successfully

2023-07-03 18:12:10 - [TEST_STEP][PASSED] - Start listener action : AfterTestCase: Browser is closed

2023-07-03 18:12:10 - [TEST_STEP][PASSED] - logInfo("Test Case: " + testCaseContext.getTestCaseId() + " | " + testCaseContext.getTestCaseStatus()): Test Case: Test Cases/Step Definition/Feature Delete Product/DP01 - Delete Product | PASSED

2023-07-03 18:12:10 - [MESSAGE][INFO] - Test Case: Test Cases/Step Definition/Feature Delete Product/DP01 - Delete Product | PASSED

2023-07-03 18:12:10 - [TEST_STEP][PASSED] - closeBrowser(): null

2023-07-03 18:12:10 - [TEST_STEP][PASSED] - closeBrowser(): Browser is closed

2023-07-03 18:12:11 - [MESSAGE][PASSED] - Browser is closed]]></system-out>
         <system-err><![CDATA[]]></system-err>
      </testcase>
      <system-out><![CDATA[2023-07-03 18:10:35 - [TEST_SUITE][PASSED] - Flow Sell Product: Test Cases/Step Definition/Feature Delete Product/DP01 - Delete Product]]></system-out>
      <system-err><![CDATA[]]></system-err>
   </testsuite>
</testsuites>
