<?xml version="1.0" encoding="UTF-8"?>
<testsuites name="Feature Register - Positive Case" time="46.378" tests="1" failures="0" errors="0">
   <testsuite name="Feature Register - Positive Case" tests="1" failures="0" errors="0" time="46.378" skipped="0" timestamp="2023-07-03 18:24:38" hostname="ASUS - ASUS-RN911" id="Test Suites/Feature Register - Positive Case">
      <properties>
         <property name="deviceName" value="realme RMX1921 (Android 11)"/>
         <property name="devicePlatform" value=""/>
         <property name="logFolder" value="E:\\GitRepo\\Katalon\\binarqa-group1-app\\Reports\\20230703_182424\\Feature Register - Positive Case\\20230703_182424"/>
         <property name="logFiles" value="E:\\GitRepo\\Katalon\\binarqa-group1-app\\Reports\\20230703_182424\\Feature Register - Positive Case\\20230703_182424\\appium.log, E:\\GitRepo\\Katalon\\binarqa-group1-app\\Reports\\20230703_182424\\Feature Register - Positive Case\\20230703_182424\\execution0.log"/>
         <property name="attachments" value=""/>
         <property name="hostName" value="ASUS - ASUS-RN911"/>
         <property name="os" value="Windows 10 64bit"/>
         <property name="appiumServerStatus" value="{&quot;value&quot;:{&quot;build&quot;:{&quot;version&quot;:&quot;1.22.3&quot;}},&quot;sessionId&quot;:null,&quot;status&quot;:0}"/>
         <property name="katalonVersion" value="8.6.0.208"/>
         <property name="deviceOS" value="Android"/>
         <property name="appiumVersion" value="1.22.3"/>
         <property name="deviceModel" value="RMX1921"/>
         <property name="hostAddress" value="192.168.1.116"/>
         <property name="deviceManufacturer" value="realme"/>
         <property name="deviceId" value="fd03a52e"/>
         <property name="deviceName" value="realme RMX1921 (Android 11)"/>
         <property name="deviceOSVersion" value="11"/>
      </properties>
      <testcase name="Test Cases/Step Definition/Feature Register/REG01 - User register with valid credentials" time="35.012" classname="Test Cases/Step Definition/Feature Register/REG01 - User register with valid credentials" status="PASSED">
         <system-out><![CDATA[2023-07-03 18:24:50 - [TEST_CASE][PASSED] - Test Cases/Step Definition/Feature Register/REG01 - User register with valid credentials: Test Cases/Step Definition/Feature Register/REG01 - User register with valid credentials

2023-07-03 18:24:50 - [TEST_STEP][PASSED] - Start listener action : beforeTestCase: Started app at: 'E:\GitRepo\Katalon\binarqa-group1-app\Apk\app-release-second-hand-gcp.apk'

2023-07-03 18:24:50 - [TEST_STEP][PASSED] - logInfo("Test Case: " + testCaseContext.getTestCaseId()): Test Case: Test Cases/Step Definition/Feature Register/REG01 - User register with valid credentials

2023-07-03 18:24:50 - [MESSAGE][INFO] - Test Case: Test Cases/Step Definition/Feature Register/REG01 - User register with valid credentials

2023-07-03 18:24:50 - [TEST_STEP][PASSED] - launchApp(): null

2023-07-03 18:24:50 - [TEST_STEP][PASSED] - startApplication(System.getProperty("user.dir") + "\Apk\app-release-second-hand-gcp.apk", false): Started app at: 'E:\GitRepo\Katalon\binarqa-group1-app\Apk\app-release-second-hand-gcp.apk'

2023-07-03 18:24:50 - [MESSAGE][INFO] - User set preference: ['appWaitActivity', '*']

2023-07-03 18:24:50 - [MESSAGE][INFO] - User set preference: ['appWaitforLaunch', 'false']

2023-07-03 18:24:50 - [MESSAGE][INFO] - User set preference: ['noReset', 'true']

2023-07-03 18:24:50 - [MESSAGE][INFO] - User set preference: ['ignoreHiddenApiPolicyError', 'true']

2023-07-03 18:24:50 - [MESSAGE][INFO] - User set preference: ['deviceId', '']

2023-07-03 18:24:57 - [MESSAGE][PASSED] - Started app at: 'E:\GitRepo\Katalon\binarqa-group1-app\Apk\app-release-second-hand-gcp.apk'

2023-07-03 18:24:57 - [TEST_STEP][PASSED] - callTestCase(findTestCase("Pages/Navbar/Tap Akun"), [:], STOP_ON_FAILURE): Call Test Case 'Test Cases/Pages/Navbar/Tap Akun' successfully

2023-07-03 18:24:57 - [TEST_CASE][PASSED] - Test Cases/Pages/Navbar/Tap Akun: Test Cases/Pages/Navbar/Tap Akun

2023-07-03 18:24:57 - [TEST_STEP][PASSED] - tap(findTestObject("Navbar/android.widget.FrameLayout - Navbar Akun"), 0): Tapped on element 'Object Repository/Navbar/android.widget.FrameLayout - Navbar Akun'

2023-07-03 18:24:57 - [MESSAGE][WARNING] - Timeout '0' is invalid. Using default page load timeout: '30'

2023-07-03 18:24:58 - [MESSAGE][PASSED] - Tapped on element 'Object Repository/Navbar/android.widget.FrameLayout - Navbar Akun'

2023-07-03 18:24:58 - [MESSAGE][PASSED] - Call Test Case 'Test Cases/Pages/Navbar/Tap Akun' successfully

2023-07-03 18:24:58 - [TEST_STEP][PASSED] - callTestCase(findTestCase("Pages/Akun/Tap Masuk from Akun Page"), [:], STOP_ON_FAILURE): Call Test Case 'Test Cases/Pages/Akun/Tap Masuk from Akun Page' successfully

2023-07-03 18:24:58 - [TEST_CASE][PASSED] - Test Cases/Pages/Akun/Tap Masuk from Akun Page: Test Cases/Pages/Akun/Tap Masuk from Akun Page

2023-07-03 18:24:58 - [TEST_STEP][PASSED] - tap(findTestObject("Akun/android.widget.Button - Masuk from Akun"), 0): Tapped on element 'Object Repository/Akun/android.widget.Button - Masuk from Akun'

2023-07-03 18:24:58 - [MESSAGE][WARNING] - Timeout '0' is invalid. Using default page load timeout: '30'

2023-07-03 18:24:58 - [MESSAGE][PASSED] - Tapped on element 'Object Repository/Akun/android.widget.Button - Masuk from Akun'

2023-07-03 18:24:58 - [MESSAGE][PASSED] - Call Test Case 'Test Cases/Pages/Akun/Tap Masuk from Akun Page' successfully

2023-07-03 18:24:58 - [TEST_STEP][PASSED] - callTestCase(findTestCase("Pages/Register/Tap Daftar from login page"), [:], STOP_ON_FAILURE): Call Test Case 'Test Cases/Pages/Register/Tap Daftar from login page' successfully

2023-07-03 18:24:59 - [TEST_CASE][PASSED] - Test Cases/Pages/Register/Tap Daftar from login page: Test Cases/Pages/Register/Tap Daftar from login page

2023-07-03 18:24:59 - [TEST_STEP][PASSED] - tap(findTestObject("Login/android.widget.TextView - Button Daftar"), 0): Tapped on element 'Object Repository/Login/android.widget.TextView - Button Daftar'

2023-07-03 18:24:59 - [MESSAGE][WARNING] - Timeout '0' is invalid. Using default page load timeout: '30'

2023-07-03 18:24:59 - [MESSAGE][PASSED] - Tapped on element 'Object Repository/Login/android.widget.TextView - Button Daftar'

2023-07-03 18:24:59 - [MESSAGE][PASSED] - Call Test Case 'Test Cases/Pages/Register/Tap Daftar from login page' successfully

2023-07-03 18:24:59 - [TEST_STEP][PASSED] - callTestCase(findTestCase("Pages/Register/Scroll to Text Sudah Punya Akun"), [:], STOP_ON_FAILURE): Call Test Case 'Test Cases/Pages/Register/Scroll to Text Sudah Punya Akun' successfully

2023-07-03 18:24:59 - [TEST_CASE][PASSED] - Test Cases/Pages/Register/Scroll to Text Sudah Punya Akun: Test Cases/Pages/Register/Scroll to Text Sudah Punya Akun

2023-07-03 18:24:59 - [TEST_STEP][PASSED] - scrollToText("Sudah punya akun?"): Scrolling to text 'Sudah punya akun?' successfully

2023-07-03 18:25:05 - [MESSAGE][PASSED] - Scrolling to text 'Sudah punya akun?' successfully

2023-07-03 18:25:05 - [TEST_STEP][PASSED] - itemtext = getText(findTestObject("Register/android.widget.TextView - Sudah punya akun"), 0): Text of element 'Object Repository/Register/android.widget.TextView - Sudah punya akun' is: 'Sudah punya akun?'

2023-07-03 18:25:05 - [MESSAGE][WARNING] - Timeout '0' is invalid. Using default page load timeout: '30'

2023-07-03 18:25:06 - [MESSAGE][PASSED] - Text of element 'Object Repository/Register/android.widget.TextView - Sudah punya akun' is: 'Sudah punya akun?'

2023-07-03 18:25:06 - [TEST_STEP][PASSED] - verifyEqual(itemtext, "Sudah punya akun?"): Actual object 'Sudah punya akun?' and expected object 'Sudah punya akun?' are equal

2023-07-03 18:25:06 - [MESSAGE][PASSED] - Actual object 'Sudah punya akun?' and expected object 'Sudah punya akun?' are equal

2023-07-03 18:25:06 - [MESSAGE][PASSED] - Call Test Case 'Test Cases/Pages/Register/Scroll to Text Sudah Punya Akun' successfully

2023-07-03 18:25:06 - [TEST_STEP][PASSED] - callTestCase(findTestCase("Pages/Register/Verify Content Register Page"), [:], STOP_ON_FAILURE): Call Test Case 'Test Cases/Pages/Register/Verify Content Register Page' successfully

2023-07-03 18:25:06 - [TEST_CASE][PASSED] - Test Cases/Pages/Register/Verify Content Register Page: Test Cases/Pages/Register/Verify Content Register Page

2023-07-03 18:25:06 - [TEST_STEP][PASSED] - verifyElementVisible(findTestObject("Register/android.widget.EditText - Nama"), 0): Element 'Object Repository/Register/android.widget.EditText - Nama' is visible

2023-07-03 18:25:06 - [MESSAGE][WARNING] - Timeout '0' is invalid. Using default page load timeout: '30'

2023-07-03 18:25:06 - [MESSAGE][PASSED] - Element 'Object Repository/Register/android.widget.EditText - Nama' is visible

2023-07-03 18:25:06 - [TEST_STEP][PASSED] - verifyElementVisible(findTestObject("Register/android.widget.EditText - Email"), 0): Element 'Object Repository/Register/android.widget.EditText - Email' is visible

2023-07-03 18:25:06 - [MESSAGE][WARNING] - Timeout '0' is invalid. Using default page load timeout: '30'

2023-07-03 18:25:07 - [MESSAGE][PASSED] - Element 'Object Repository/Register/android.widget.EditText - Email' is visible

2023-07-03 18:25:07 - [TEST_STEP][PASSED] - verifyElementVisible(findTestObject("Register/android.widget.EditText - Password"), 0): Element 'Object Repository/Register/android.widget.EditText - Password' is visible

2023-07-03 18:25:07 - [MESSAGE][WARNING] - Timeout '0' is invalid. Using default page load timeout: '30'

2023-07-03 18:25:07 - [MESSAGE][PASSED] - Element 'Object Repository/Register/android.widget.EditText - Password' is visible

2023-07-03 18:25:07 - [TEST_STEP][PASSED] - verifyElementVisible(findTestObject("Register/android.widget.EditText - Nomor Hp"), 0): Element 'Object Repository/Register/android.widget.EditText - Nomor Hp' is visible

2023-07-03 18:25:07 - [MESSAGE][WARNING] - Timeout '0' is invalid. Using default page load timeout: '30'

2023-07-03 18:25:07 - [MESSAGE][PASSED] - Element 'Object Repository/Register/android.widget.EditText - Nomor Hp' is visible

2023-07-03 18:25:07 - [TEST_STEP][PASSED] - verifyElementVisible(findTestObject("Register/android.widget.EditText - Kota"), 0): Element 'Object Repository/Register/android.widget.EditText - Kota' is visible

2023-07-03 18:25:07 - [MESSAGE][WARNING] - Timeout '0' is invalid. Using default page load timeout: '30'

2023-07-03 18:25:07 - [MESSAGE][PASSED] - Element 'Object Repository/Register/android.widget.EditText - Kota' is visible

2023-07-03 18:25:07 - [TEST_STEP][PASSED] - verifyElementVisible(findTestObject("Register/android.widget.EditText - Alamat"), 0): Element 'Object Repository/Register/android.widget.EditText - Alamat' is visible

2023-07-03 18:25:08 - [MESSAGE][WARNING] - Timeout '0' is invalid. Using default page load timeout: '30'

2023-07-03 18:25:08 - [MESSAGE][PASSED] - Element 'Object Repository/Register/android.widget.EditText - Alamat' is visible

2023-07-03 18:25:08 - [TEST_STEP][PASSED] - verifyElementVisible(findTestObject("Register/android.widget.Button - Button Daftar"), 0): Element 'Object Repository/Register/android.widget.Button - Button Daftar' is visible

2023-07-03 18:25:08 - [MESSAGE][WARNING] - Timeout '0' is invalid. Using default page load timeout: '30'

2023-07-03 18:25:08 - [MESSAGE][PASSED] - Element 'Object Repository/Register/android.widget.Button - Button Daftar' is visible

2023-07-03 18:25:08 - [MESSAGE][PASSED] - Call Test Case 'Test Cases/Pages/Register/Verify Content Register Page' successfully

2023-07-03 18:25:08 - [TEST_STEP][PASSED] - callTestCase(findTestCase("Pages/Register/Input Nama with custom keyword"), ["nama":""], STOP_ON_FAILURE): Call Test Case 'Test Cases/Pages/Register/Input Nama with custom keyword' successfully

2023-07-03 18:25:08 - [TEST_CASE][PASSED] - Test Cases/Pages/Register/Input Nama with custom keyword: Test Cases/Pages/Register/Input Nama with custom keyword

2023-07-03 18:25:08 - [TEST_STEP][PASSED] - Nama = packages.randomName.getWaktu(): packages.randomName.getWaktu is PASSED

2023-07-03 18:25:08 - [MESSAGE][PASSED] - packages.randomName.getWaktu is PASSED

2023-07-03 18:25:08 - [TEST_STEP][PASSED] - sendKeys(findTestObject("Register/android.widget.EditText - Nama"), Nama): Send keys 'User 250323-0625' on test object 'Object Repository/Register/android.widget.EditText - Nama' successfully.

2023-07-03 18:25:09 - [MESSAGE][PASSED] - Send keys 'User 250323-0625' on test object 'Object Repository/Register/android.widget.EditText - Nama' successfully.

2023-07-03 18:25:09 - [MESSAGE][PASSED] - Call Test Case 'Test Cases/Pages/Register/Input Nama with custom keyword' successfully

2023-07-03 18:25:09 - [TEST_STEP][PASSED] - callTestCase(findTestCase("Pages/Register/Input Email with custom keyword"), ["email":""], STOP_ON_FAILURE): Call Test Case 'Test Cases/Pages/Register/Input Email with custom keyword' successfully

2023-07-03 18:25:10 - [TEST_CASE][PASSED] - Test Cases/Pages/Register/Input Email with custom keyword: Test Cases/Pages/Register/Input Email with custom keyword

2023-07-03 18:25:10 - [TEST_STEP][PASSED] - Email = packages.randomEmail.getEmail(): packages.randomEmail.getEmail is PASSED

2023-07-03 18:25:10 - [MESSAGE][PASSED] - packages.randomEmail.getEmail is PASSED

2023-07-03 18:25:10 - [TEST_STEP][PASSED] - sendKeys(findTestObject("Register/android.widget.EditText - Email"), Email): Send keys 'user250323-0625@gmail.com' on test object 'Object Repository/Register/android.widget.EditText - Email' successfully.

2023-07-03 18:25:11 - [MESSAGE][PASSED] - Send keys 'user250323-0625@gmail.com' on test object 'Object Repository/Register/android.widget.EditText - Email' successfully.

2023-07-03 18:25:11 - [TEST_STEP][PASSED] - packages.createGlobalVariables.addGlobalVariable("email", Email): packages.createGlobalVariables.addGlobalVariable is PASSED

2023-07-03 18:25:11 - [MESSAGE][PASSED] - packages.createGlobalVariables.addGlobalVariable is PASSED

2023-07-03 18:25:11 - [TEST_STEP][PASSED] - println(email): null

2023-07-03 18:25:11 - [MESSAGE][PASSED] - Call Test Case 'Test Cases/Pages/Register/Input Email with custom keyword' successfully

2023-07-03 18:25:11 - [TEST_STEP][PASSED] - callTestCase(findTestCase("Pages/Register/Input Password"), ["password":password], STOP_ON_FAILURE): Call Test Case 'Test Cases/Pages/Register/Input Password' successfully

2023-07-03 18:25:11 - [TEST_CASE][PASSED] - Test Cases/Pages/Register/Input Password: Test Cases/Pages/Register/Input Password

2023-07-03 18:25:11 - [TEST_STEP][PASSED] - setText(findTestObject("Register/android.widget.EditText - Password"), password, 0): Text 'abc!12345' has been set to element 'Object Repository/Register/android.widget.EditText - Password'

2023-07-03 18:25:11 - [MESSAGE][WARNING] - Timeout '0' is invalid. Using default page load timeout: '30'

2023-07-03 18:25:12 - [MESSAGE][PASSED] - Text 'abc!12345' has been set to element 'Object Repository/Register/android.widget.EditText - Password'

2023-07-03 18:25:12 - [MESSAGE][PASSED] - Call Test Case 'Test Cases/Pages/Register/Input Password' successfully

2023-07-03 18:25:12 - [TEST_STEP][PASSED] - callTestCase(findTestCase("Pages/Register/Input Nomor Hp"), ["nomor_hp":"081122334455"], STOP_ON_FAILURE): Call Test Case 'Test Cases/Pages/Register/Input Nomor Hp' successfully

2023-07-03 18:25:12 - [TEST_CASE][PASSED] - Test Cases/Pages/Register/Input Nomor Hp: Test Cases/Pages/Register/Input Nomor Hp

2023-07-03 18:25:12 - [TEST_STEP][PASSED] - setText(findTestObject("Register/android.widget.EditText - Nomor Hp"), nomor_hp, 0): Text '081122334455' has been set to element 'Object Repository/Register/android.widget.EditText - Nomor Hp'

2023-07-03 18:25:12 - [MESSAGE][WARNING] - Timeout '0' is invalid. Using default page load timeout: '30'

2023-07-03 18:25:14 - [MESSAGE][PASSED] - Text '081122334455' has been set to element 'Object Repository/Register/android.widget.EditText - Nomor Hp'

2023-07-03 18:25:14 - [MESSAGE][PASSED] - Call Test Case 'Test Cases/Pages/Register/Input Nomor Hp' successfully

2023-07-03 18:25:14 - [TEST_STEP][PASSED] - callTestCase(findTestCase("Pages/Register/Input Kota"), ["kota":"Surabaya"], STOP_ON_FAILURE): Call Test Case 'Test Cases/Pages/Register/Input Kota' successfully

2023-07-03 18:25:14 - [TEST_CASE][PASSED] - Test Cases/Pages/Register/Input Kota: Test Cases/Pages/Register/Input Kota

2023-07-03 18:25:14 - [TEST_STEP][PASSED] - setText(findTestObject("Register/android.widget.EditText - Kota"), kota, 0): Text 'Surabaya' has been set to element 'Object Repository/Register/android.widget.EditText - Kota'

2023-07-03 18:25:14 - [MESSAGE][WARNING] - Timeout '0' is invalid. Using default page load timeout: '30'

2023-07-03 18:25:16 - [MESSAGE][PASSED] - Text 'Surabaya' has been set to element 'Object Repository/Register/android.widget.EditText - Kota'

2023-07-03 18:25:16 - [MESSAGE][PASSED] - Call Test Case 'Test Cases/Pages/Register/Input Kota' successfully

2023-07-03 18:25:16 - [TEST_STEP][PASSED] - callTestCase(findTestCase("Pages/Register/Input Alamat"), ["alamat":"Jln. Indonesia 11"], STOP_ON_FAILURE): Call Test Case 'Test Cases/Pages/Register/Input Alamat' successfully

2023-07-03 18:25:16 - [TEST_CASE][PASSED] - Test Cases/Pages/Register/Input Alamat: Test Cases/Pages/Register/Input Alamat

2023-07-03 18:25:16 - [TEST_STEP][PASSED] - setText(findTestObject("Register/android.widget.EditText - Alamat"), alamat, 0): Text 'Jln. Indonesia 11' has been set to element 'Object Repository/Register/android.widget.EditText - Alamat'

2023-07-03 18:25:16 - [MESSAGE][WARNING] - Timeout '0' is invalid. Using default page load timeout: '30'

2023-07-03 18:25:17 - [MESSAGE][PASSED] - Text 'Jln. Indonesia 11' has been set to element 'Object Repository/Register/android.widget.EditText - Alamat'

2023-07-03 18:25:17 - [MESSAGE][PASSED] - Call Test Case 'Test Cases/Pages/Register/Input Alamat' successfully

2023-07-03 18:25:17 - [TEST_STEP][PASSED] - callTestCase(findTestCase("Pages/Register/Tap Button Daftar"), [:], STOP_ON_FAILURE): Call Test Case 'Test Cases/Pages/Register/Tap Button Daftar' successfully

2023-07-03 18:25:18 - [TEST_CASE][PASSED] - Test Cases/Pages/Register/Tap Button Daftar: Test Cases/Pages/Register/Tap Button Daftar

2023-07-03 18:25:18 - [TEST_STEP][PASSED] - tap(findTestObject("Register/android.widget.Button - Button Daftar"), 0): Tapped on element 'Object Repository/Register/android.widget.Button - Button Daftar'

2023-07-03 18:25:18 - [MESSAGE][WARNING] - Timeout '0' is invalid. Using default page load timeout: '30'

2023-07-03 18:25:18 - [MESSAGE][PASSED] - Tapped on element 'Object Repository/Register/android.widget.Button - Button Daftar'

2023-07-03 18:25:18 - [MESSAGE][PASSED] - Call Test Case 'Test Cases/Pages/Register/Tap Button Daftar' successfully

2023-07-03 18:25:18 - [TEST_STEP][PASSED] - callTestCase(findTestCase("Pages/Register/Verify Register Valid"), [:], STOP_ON_FAILURE): Call Test Case 'Test Cases/Pages/Register/Verify Register Valid' successfully

2023-07-03 18:25:18 - [TEST_CASE][PASSED] - Test Cases/Pages/Register/Verify Register Valid: Test Cases/Pages/Register/Verify Register Valid

2023-07-03 18:25:18 - [TEST_STEP][PASSED] - verifyElementVisible(findTestObject("Akun/android.widget.ImageView - Profile Photo"), 0): Element 'Object Repository/Akun/android.widget.ImageView - Profile Photo' is visible

2023-07-03 18:25:18 - [MESSAGE][WARNING] - Timeout '0' is invalid. Using default page load timeout: '30'

2023-07-03 18:25:22 - [MESSAGE][PASSED] - Element 'Object Repository/Akun/android.widget.ImageView - Profile Photo' is visible

2023-07-03 18:25:22 - [TEST_STEP][PASSED] - verifyElementVisible(findTestObject("Akun/android.widget.TextView - Email"), 0): Element 'Object Repository/Akun/android.widget.TextView - Email' is visible

2023-07-03 18:25:22 - [MESSAGE][WARNING] - Timeout '0' is invalid. Using default page load timeout: '30'

2023-07-03 18:25:23 - [MESSAGE][PASSED] - Element 'Object Repository/Akun/android.widget.TextView - Email' is visible

2023-07-03 18:25:23 - [TEST_STEP][PASSED] - verifyElementVisible(findTestObject("Akun/android.widget.TextView - Nama"), 0): Element 'Object Repository/Akun/android.widget.TextView - Nama' is visible

2023-07-03 18:25:23 - [MESSAGE][WARNING] - Timeout '0' is invalid. Using default page load timeout: '30'

2023-07-03 18:25:23 - [MESSAGE][PASSED] - Element 'Object Repository/Akun/android.widget.TextView - Nama' is visible

2023-07-03 18:25:23 - [TEST_STEP][PASSED] - verifyElementVisible(findTestObject("Akun/android.widget.TextView - Nomor HP"), 0): Element 'Object Repository/Akun/android.widget.TextView - Nomor HP' is visible

2023-07-03 18:25:23 - [MESSAGE][WARNING] - Timeout '0' is invalid. Using default page load timeout: '30'

2023-07-03 18:25:24 - [MESSAGE][PASSED] - Element 'Object Repository/Akun/android.widget.TextView - Nomor HP' is visible

2023-07-03 18:25:24 - [MESSAGE][PASSED] - Call Test Case 'Test Cases/Pages/Register/Verify Register Valid' successfully

2023-07-03 18:25:24 - [TEST_STEP][PASSED] - callTestCase(findTestCase("Pages/Akun/Tap Logout"), [:], STOP_ON_FAILURE): Call Test Case 'Test Cases/Pages/Akun/Tap Logout' successfully

2023-07-03 18:25:24 - [TEST_CASE][PASSED] - Test Cases/Pages/Akun/Tap Logout: Test Cases/Pages/Akun/Tap Logout

2023-07-03 18:25:24 - [TEST_STEP][PASSED] - tap(findTestObject("Akun/android.view.ViewGroup - Logout"), 0): Tapped on element 'Object Repository/Akun/android.view.ViewGroup - Logout'

2023-07-03 18:25:24 - [MESSAGE][WARNING] - Timeout '0' is invalid. Using default page load timeout: '30'

2023-07-03 18:25:24 - [MESSAGE][PASSED] - Tapped on element 'Object Repository/Akun/android.view.ViewGroup - Logout'

2023-07-03 18:25:24 - [MESSAGE][PASSED] - Call Test Case 'Test Cases/Pages/Akun/Tap Logout' successfully

2023-07-03 18:25:24 - [TEST_STEP][PASSED] - Start listener action : afterTestCase: Close app successfully

2023-07-03 18:25:24 - [TEST_STEP][PASSED] - logInfo("Test Case: " + testCaseContext.getTestCaseId() + " | Status: " + testCaseContext.getTestCaseStatus()): Test Case: Test Cases/Step Definition/Feature Register/REG01 - User register with valid credentials | Status: PASSED

2023-07-03 18:25:24 - [MESSAGE][INFO] - Test Case: Test Cases/Step Definition/Feature Register/REG01 - User register with valid credentials | Status: PASSED

2023-07-03 18:25:24 - [TEST_STEP][PASSED] - closeApplication(): Close app successfully

2023-07-03 18:25:25 - [MESSAGE][PASSED] - Close app successfully]]></system-out>
         <system-err><![CDATA[]]></system-err>
      </testcase>
      <system-out><![CDATA[2023-07-03 18:24:38 - [TEST_SUITE][PASSED] - Feature Register - Positive Case: Test Cases/Step Definition/Feature Register/REG01 - User register with valid credentials]]></system-out>
      <system-err><![CDATA[]]></system-err>
   </testsuite>
</testsuites>
