<?xml version="1.0" encoding="UTF-8"?>
<testsuites name="Feature Login - Negative Case" time="85.572" tests="4" failures="0" errors="0">
   <testsuite name="Feature Login - Negative Case" tests="4" failures="0" errors="0" time="85.572" skipped="0" timestamp="2023-07-03 18:43:45" hostname="ASUS - ASUS-RN911" id="Test Suites/Feature Login - Negative Case">
      <properties>
         <property name="deviceName" value="realme RMX1921 (Android 11)"/>
         <property name="devicePlatform" value=""/>
         <property name="logFolder" value="E:\\GitRepo\\Katalon\\binarqa-group1-app\\Reports\\20230703_184333\\Feature Login - Negative Case\\20230703_184333"/>
         <property name="logFiles" value="E:\\GitRepo\\Katalon\\binarqa-group1-app\\Reports\\20230703_184333\\Feature Login - Negative Case\\20230703_184333\\appium.log, E:\\GitRepo\\Katalon\\binarqa-group1-app\\Reports\\20230703_184333\\Feature Login - Negative Case\\20230703_184333\\execution0.log"/>
         <property name="attachments" value=""/>
         <property name="hostName" value="ASUS - ASUS-RN911"/>
         <property name="os" value="Windows 10 64bit"/>
         <property name="appiumServerStatus" value="{&quot;value&quot;:{&quot;build&quot;:{&quot;version&quot;:&quot;1.22.3&quot;}},&quot;sessionId&quot;:null,&quot;status&quot;:0}"/>
         <property name="katalonVersion" value="8.6.0.208"/>
         <property name="deviceOS" value="Android"/>
         <property name="appiumVersion" value="1.22.3"/>
         <property name="deviceModel" value="RMX1921"/>
         <property name="hostAddress" value="192.168.1.116"/>
         <property name="deviceManufacturer" value="realme"/>
         <property name="deviceId" value="fd03a52e"/>
         <property name="deviceName" value="realme RMX1921 (Android 11)"/>
         <property name="deviceOSVersion" value="11"/>
      </properties>
      <testcase name="Test Cases/Step Definition/Feature Login/LGN02 - User login with unregistered email" time="16.097" classname="Test Cases/Step Definition/Feature Login/LGN02 - User login with unregistered email" status="PASSED">
         <system-out><![CDATA[2023-07-03 18:43:56 - [TEST_CASE][PASSED] - Test Cases/Step Definition/Feature Login/LGN02 - User login with unregistered email: Test Cases/Step Definition/Feature Login/LGN02 - User login with unregistered email

2023-07-03 18:43:56 - [TEST_STEP][PASSED] - Start listener action : beforeTestCase: Started app at: 'E:\GitRepo\Katalon\binarqa-group1-app\Apk\app-release-second-hand-gcp.apk'

2023-07-03 18:43:56 - [TEST_STEP][PASSED] - logInfo("Test Case: " + testCaseContext.getTestCaseId()): Test Case: Test Cases/Step Definition/Feature Login/LGN02 - User login with unregistered email

2023-07-03 18:43:56 - [MESSAGE][INFO] - Test Case: Test Cases/Step Definition/Feature Login/LGN02 - User login with unregistered email

2023-07-03 18:43:56 - [TEST_STEP][PASSED] - launchApp(): null

2023-07-03 18:43:56 - [TEST_STEP][PASSED] - startApplication(System.getProperty("user.dir") + "\Apk\app-release-second-hand-gcp.apk", false): Started app at: 'E:\GitRepo\Katalon\binarqa-group1-app\Apk\app-release-second-hand-gcp.apk'

2023-07-03 18:43:56 - [MESSAGE][INFO] - User set preference: ['appWaitActivity', '*']

2023-07-03 18:43:56 - [MESSAGE][INFO] - User set preference: ['appWaitforLaunch', 'false']

2023-07-03 18:43:56 - [MESSAGE][INFO] - User set preference: ['noReset', 'true']

2023-07-03 18:43:56 - [MESSAGE][INFO] - User set preference: ['ignoreHiddenApiPolicyError', 'true']

2023-07-03 18:43:56 - [MESSAGE][INFO] - User set preference: ['deviceId', '']

2023-07-03 18:44:03 - [MESSAGE][PASSED] - Started app at: 'E:\GitRepo\Katalon\binarqa-group1-app\Apk\app-release-second-hand-gcp.apk'

2023-07-03 18:44:03 - [TEST_STEP][PASSED] - callTestCase(findTestCase("Pages/Navbar/Tap Akun"), [:], STOP_ON_FAILURE): Call Test Case 'Test Cases/Pages/Navbar/Tap Akun' successfully

2023-07-03 18:44:03 - [TEST_CASE][PASSED] - Test Cases/Pages/Navbar/Tap Akun: Test Cases/Pages/Navbar/Tap Akun

2023-07-03 18:44:04 - [TEST_STEP][PASSED] - tap(findTestObject("Navbar/android.widget.FrameLayout - Navbar Akun"), 0): Tapped on element 'Object Repository/Navbar/android.widget.FrameLayout - Navbar Akun'

2023-07-03 18:44:04 - [MESSAGE][WARNING] - Timeout '0' is invalid. Using default page load timeout: '30'

2023-07-03 18:44:04 - [MESSAGE][PASSED] - Tapped on element 'Object Repository/Navbar/android.widget.FrameLayout - Navbar Akun'

2023-07-03 18:44:04 - [MESSAGE][PASSED] - Call Test Case 'Test Cases/Pages/Navbar/Tap Akun' successfully

2023-07-03 18:44:04 - [TEST_STEP][PASSED] - callTestCase(findTestCase("Pages/Akun/Tap Masuk from Akun Page"), [:], STOP_ON_FAILURE): Call Test Case 'Test Cases/Pages/Akun/Tap Masuk from Akun Page' successfully

2023-07-03 18:44:04 - [TEST_CASE][PASSED] - Test Cases/Pages/Akun/Tap Masuk from Akun Page: Test Cases/Pages/Akun/Tap Masuk from Akun Page

2023-07-03 18:44:04 - [TEST_STEP][PASSED] - tap(findTestObject("Akun/android.widget.Button - Masuk from Akun"), 0): Tapped on element 'Object Repository/Akun/android.widget.Button - Masuk from Akun'

2023-07-03 18:44:04 - [MESSAGE][WARNING] - Timeout '0' is invalid. Using default page load timeout: '30'

2023-07-03 18:44:05 - [MESSAGE][PASSED] - Tapped on element 'Object Repository/Akun/android.widget.Button - Masuk from Akun'

2023-07-03 18:44:05 - [MESSAGE][PASSED] - Call Test Case 'Test Cases/Pages/Akun/Tap Masuk from Akun Page' successfully

2023-07-03 18:44:05 - [TEST_STEP][PASSED] - callTestCase(findTestCase("Pages/Login/Verify Content Login Page"), [:], STOP_ON_FAILURE): Call Test Case 'Test Cases/Pages/Login/Verify Content Login Page' successfully

2023-07-03 18:44:05 - [TEST_CASE][PASSED] - Test Cases/Pages/Login/Verify Content Login Page: Test Cases/Pages/Login/Verify Content Login Page

2023-07-03 18:44:05 - [TEST_STEP][PASSED] - verifyElementVisible(findTestObject("Login/android.widget.EditText - Email"), 0): Element 'Object Repository/Login/android.widget.EditText - Email' is visible

2023-07-03 18:44:05 - [MESSAGE][WARNING] - Timeout '0' is invalid. Using default page load timeout: '30'

2023-07-03 18:44:06 - [MESSAGE][PASSED] - Element 'Object Repository/Login/android.widget.EditText - Email' is visible

2023-07-03 18:44:06 - [TEST_STEP][PASSED] - verifyElementVisible(findTestObject("Login/android.widget.EditText - Password"), 0): Element 'Object Repository/Login/android.widget.EditText - Password' is visible

2023-07-03 18:44:06 - [MESSAGE][WARNING] - Timeout '0' is invalid. Using default page load timeout: '30'

2023-07-03 18:44:06 - [MESSAGE][PASSED] - Element 'Object Repository/Login/android.widget.EditText - Password' is visible

2023-07-03 18:44:06 - [TEST_STEP][PASSED] - verifyElementVisible(findTestObject("Login/android.widget.Button - Button Masuk"), 0): Element 'Object Repository/Login/android.widget.Button - Button Masuk' is visible

2023-07-03 18:44:06 - [MESSAGE][WARNING] - Timeout '0' is invalid. Using default page load timeout: '30'

2023-07-03 18:44:06 - [MESSAGE][PASSED] - Element 'Object Repository/Login/android.widget.Button - Button Masuk' is visible

2023-07-03 18:44:06 - [TEST_STEP][PASSED] - verifyElementVisible(findTestObject("Login/android.widget.TextView - Button Daftar"), 0): Element 'Object Repository/Login/android.widget.TextView - Button Daftar' is visible

2023-07-03 18:44:06 - [MESSAGE][WARNING] - Timeout '0' is invalid. Using default page load timeout: '30'

2023-07-03 18:44:07 - [MESSAGE][PASSED] - Element 'Object Repository/Login/android.widget.TextView - Button Daftar' is visible

2023-07-03 18:44:07 - [MESSAGE][PASSED] - Call Test Case 'Test Cases/Pages/Login/Verify Content Login Page' successfully

2023-07-03 18:44:07 - [TEST_STEP][PASSED] - callTestCase(findTestCase("Pages/Login/Input Email"), ["email":"unregisteredmail@gmail.com"], STOP_ON_FAILURE): Call Test Case 'Test Cases/Pages/Login/Input Email' successfully

2023-07-03 18:44:07 - [TEST_CASE][PASSED] - Test Cases/Pages/Login/Input Email: Test Cases/Pages/Login/Input Email

2023-07-03 18:44:07 - [TEST_STEP][PASSED] - setText(findTestObject("Login/android.widget.EditText - Email"), email, 0): Text 'unregisteredmail@gmail.com' has been set to element 'Object Repository/Login/android.widget.EditText - Email'

2023-07-03 18:44:07 - [MESSAGE][WARNING] - Timeout '0' is invalid. Using default page load timeout: '30'

2023-07-03 18:44:08 - [MESSAGE][PASSED] - Text 'unregisteredmail@gmail.com' has been set to element 'Object Repository/Login/android.widget.EditText - Email'

2023-07-03 18:44:08 - [MESSAGE][PASSED] - Call Test Case 'Test Cases/Pages/Login/Input Email' successfully

2023-07-03 18:44:08 - [TEST_STEP][PASSED] - callTestCase(findTestCase("Pages/Login/Input Password"), ["password":"12345678"], STOP_ON_FAILURE): Call Test Case 'Test Cases/Pages/Login/Input Password' successfully

2023-07-03 18:44:08 - [TEST_CASE][PASSED] - Test Cases/Pages/Login/Input Password: Test Cases/Pages/Login/Input Password

2023-07-03 18:44:08 - [TEST_STEP][PASSED] - setText(findTestObject("Login/android.widget.EditText - Password"), password, 0): Text '12345678' has been set to element 'Object Repository/Login/android.widget.EditText - Password'

2023-07-03 18:44:08 - [MESSAGE][WARNING] - Timeout '0' is invalid. Using default page load timeout: '30'

2023-07-03 18:44:10 - [MESSAGE][PASSED] - Text '12345678' has been set to element 'Object Repository/Login/android.widget.EditText - Password'

2023-07-03 18:44:10 - [MESSAGE][PASSED] - Call Test Case 'Test Cases/Pages/Login/Input Password' successfully

2023-07-03 18:44:10 - [TEST_STEP][PASSED] - callTestCase(findTestCase("Pages/Login/Tap Button Masuk"), [:], STOP_ON_FAILURE): Call Test Case 'Test Cases/Pages/Login/Tap Button Masuk' successfully

2023-07-03 18:44:10 - [TEST_CASE][PASSED] - Test Cases/Pages/Login/Tap Button Masuk: Test Cases/Pages/Login/Tap Button Masuk

2023-07-03 18:44:10 - [TEST_STEP][PASSED] - tap(findTestObject("Login/android.widget.Button - Button Masuk"), 0): Tapped on element 'Object Repository/Login/android.widget.Button - Button Masuk'

2023-07-03 18:44:10 - [MESSAGE][WARNING] - Timeout '0' is invalid. Using default page load timeout: '30'

2023-07-03 18:44:10 - [MESSAGE][PASSED] - Tapped on element 'Object Repository/Login/android.widget.Button - Button Masuk'

2023-07-03 18:44:10 - [MESSAGE][PASSED] - Call Test Case 'Test Cases/Pages/Login/Tap Button Masuk' successfully

2023-07-03 18:44:10 - [TEST_STEP][PASSED] - callTestCase(findTestCase("Pages/Login/Verify Email or Password Incorrect"), [:], STOP_ON_FAILURE): Call Test Case 'Test Cases/Pages/Login/Verify Email or Password Incorrect' successfully

2023-07-03 18:44:10 - [TEST_CASE][PASSED] - Test Cases/Pages/Login/Verify Email or Password Incorrect: Test Cases/Pages/Login/Verify Email or Password Incorrect

2023-07-03 18:44:11 - [TEST_STEP][PASSED] - waitForElementPresent(findTestObject("Login/emailpassinvalid"), 0, STOP_ON_FAILURE): Element 'Object Repository/Login/emailpassinvalid' is present

2023-07-03 18:44:11 - [MESSAGE][WARNING] - Timeout '0' is invalid. Using default page load timeout: '30'

2023-07-03 18:44:12 - [MESSAGE][PASSED] - Element 'Object Repository/Login/emailpassinvalid' is present

2023-07-03 18:44:12 - [MESSAGE][PASSED] - Call Test Case 'Test Cases/Pages/Login/Verify Email or Password Incorrect' successfully

2023-07-03 18:44:12 - [TEST_STEP][PASSED] - Start listener action : afterTestCase: Close app successfully

2023-07-03 18:44:12 - [TEST_STEP][PASSED] - logInfo("Test Case: " + testCaseContext.getTestCaseId() + " | Status: " + testCaseContext.getTestCaseStatus()): Test Case: Test Cases/Step Definition/Feature Login/LGN02 - User login with unregistered email | Status: PASSED

2023-07-03 18:44:12 - [MESSAGE][INFO] - Test Case: Test Cases/Step Definition/Feature Login/LGN02 - User login with unregistered email | Status: PASSED

2023-07-03 18:44:12 - [TEST_STEP][PASSED] - closeApplication(): Close app successfully

2023-07-03 18:44:12 - [MESSAGE][PASSED] - Close app successfully]]></system-out>
         <system-err><![CDATA[]]></system-err>
      </testcase>
      <testcase name="Test Cases/Step Definition/Feature Login/LGN03 - User login without enter any data" time="18.443" classname="Test Cases/Step Definition/Feature Login/LGN03 - User login without enter any data" status="PASSED">
         <system-out><![CDATA[2023-07-03 18:44:12 - [TEST_CASE][PASSED] - Test Cases/Step Definition/Feature Login/LGN03 - User login without enter any data: Test Cases/Step Definition/Feature Login/LGN03 - User login without enter any data

2023-07-03 18:44:12 - [TEST_STEP][PASSED] - Start listener action : beforeTestCase: Started app at: 'E:\GitRepo\Katalon\binarqa-group1-app\Apk\app-release-second-hand-gcp.apk'

2023-07-03 18:44:12 - [TEST_STEP][PASSED] - logInfo("Test Case: " + testCaseContext.getTestCaseId()): Test Case: Test Cases/Step Definition/Feature Login/LGN03 - User login without enter any data

2023-07-03 18:44:12 - [MESSAGE][INFO] - Test Case: Test Cases/Step Definition/Feature Login/LGN03 - User login without enter any data

2023-07-03 18:44:12 - [TEST_STEP][PASSED] - launchApp(): null

2023-07-03 18:44:12 - [TEST_STEP][PASSED] - startApplication(System.getProperty("user.dir") + "\Apk\app-release-second-hand-gcp.apk", false): Started app at: 'E:\GitRepo\Katalon\binarqa-group1-app\Apk\app-release-second-hand-gcp.apk'

2023-07-03 18:44:12 - [MESSAGE][INFO] - User set preference: ['appWaitActivity', '*']

2023-07-03 18:44:12 - [MESSAGE][INFO] - User set preference: ['appWaitforLaunch', 'false']

2023-07-03 18:44:12 - [MESSAGE][INFO] - User set preference: ['noReset', 'true']

2023-07-03 18:44:12 - [MESSAGE][INFO] - User set preference: ['ignoreHiddenApiPolicyError', 'true']

2023-07-03 18:44:12 - [MESSAGE][INFO] - User set preference: ['deviceId', '']

2023-07-03 18:44:12 - [MESSAGE][INFO] - Detected NodeJS location: "C:\Program Files\nodejs\node.exe"

2023-07-03 18:44:13 - [MESSAGE][INFO] - Appium server started on port 64,194

2023-07-03 18:44:22 - [MESSAGE][PASSED] - Started app at: 'E:\GitRepo\Katalon\binarqa-group1-app\Apk\app-release-second-hand-gcp.apk'

2023-07-03 18:44:22 - [TEST_STEP][PASSED] - callTestCase(findTestCase("Pages/Navbar/Tap Akun"), [:], STOP_ON_FAILURE): Call Test Case 'Test Cases/Pages/Navbar/Tap Akun' successfully

2023-07-03 18:44:22 - [TEST_CASE][PASSED] - Test Cases/Pages/Navbar/Tap Akun: Test Cases/Pages/Navbar/Tap Akun

2023-07-03 18:44:22 - [TEST_STEP][PASSED] - tap(findTestObject("Navbar/android.widget.FrameLayout - Navbar Akun"), 0): Tapped on element 'Object Repository/Navbar/android.widget.FrameLayout - Navbar Akun'

2023-07-03 18:44:22 - [MESSAGE][WARNING] - Timeout '0' is invalid. Using default page load timeout: '30'

2023-07-03 18:44:23 - [MESSAGE][PASSED] - Tapped on element 'Object Repository/Navbar/android.widget.FrameLayout - Navbar Akun'

2023-07-03 18:44:23 - [MESSAGE][PASSED] - Call Test Case 'Test Cases/Pages/Navbar/Tap Akun' successfully

2023-07-03 18:44:23 - [TEST_STEP][PASSED] - callTestCase(findTestCase("Pages/Akun/Tap Masuk from Akun Page"), [:], STOP_ON_FAILURE): Call Test Case 'Test Cases/Pages/Akun/Tap Masuk from Akun Page' successfully

2023-07-03 18:44:23 - [TEST_CASE][PASSED] - Test Cases/Pages/Akun/Tap Masuk from Akun Page: Test Cases/Pages/Akun/Tap Masuk from Akun Page

2023-07-03 18:44:23 - [TEST_STEP][PASSED] - tap(findTestObject("Akun/android.widget.Button - Masuk from Akun"), 0): Tapped on element 'Object Repository/Akun/android.widget.Button - Masuk from Akun'

2023-07-03 18:44:23 - [MESSAGE][WARNING] - Timeout '0' is invalid. Using default page load timeout: '30'

2023-07-03 18:44:23 - [MESSAGE][PASSED] - Tapped on element 'Object Repository/Akun/android.widget.Button - Masuk from Akun'

2023-07-03 18:44:23 - [MESSAGE][PASSED] - Call Test Case 'Test Cases/Pages/Akun/Tap Masuk from Akun Page' successfully

2023-07-03 18:44:23 - [TEST_STEP][PASSED] - callTestCase(findTestCase("Pages/Login/Verify Content Login Page"), [:], STOP_ON_FAILURE): Call Test Case 'Test Cases/Pages/Login/Verify Content Login Page' successfully

2023-07-03 18:44:23 - [TEST_CASE][PASSED] - Test Cases/Pages/Login/Verify Content Login Page: Test Cases/Pages/Login/Verify Content Login Page

2023-07-03 18:44:23 - [TEST_STEP][PASSED] - verifyElementVisible(findTestObject("Login/android.widget.EditText - Email"), 0): Element 'Object Repository/Login/android.widget.EditText - Email' is visible

2023-07-03 18:44:23 - [MESSAGE][WARNING] - Timeout '0' is invalid. Using default page load timeout: '30'

2023-07-03 18:44:24 - [MESSAGE][PASSED] - Element 'Object Repository/Login/android.widget.EditText - Email' is visible

2023-07-03 18:44:24 - [TEST_STEP][PASSED] - verifyElementVisible(findTestObject("Login/android.widget.EditText - Password"), 0): Element 'Object Repository/Login/android.widget.EditText - Password' is visible

2023-07-03 18:44:24 - [MESSAGE][WARNING] - Timeout '0' is invalid. Using default page load timeout: '30'

2023-07-03 18:44:24 - [MESSAGE][PASSED] - Element 'Object Repository/Login/android.widget.EditText - Password' is visible

2023-07-03 18:44:24 - [TEST_STEP][PASSED] - verifyElementVisible(findTestObject("Login/android.widget.Button - Button Masuk"), 0): Element 'Object Repository/Login/android.widget.Button - Button Masuk' is visible

2023-07-03 18:44:24 - [MESSAGE][WARNING] - Timeout '0' is invalid. Using default page load timeout: '30'

2023-07-03 18:44:25 - [MESSAGE][PASSED] - Element 'Object Repository/Login/android.widget.Button - Button Masuk' is visible

2023-07-03 18:44:25 - [TEST_STEP][PASSED] - verifyElementVisible(findTestObject("Login/android.widget.TextView - Button Daftar"), 0): Element 'Object Repository/Login/android.widget.TextView - Button Daftar' is visible

2023-07-03 18:44:25 - [MESSAGE][WARNING] - Timeout '0' is invalid. Using default page load timeout: '30'

2023-07-03 18:44:25 - [MESSAGE][PASSED] - Element 'Object Repository/Login/android.widget.TextView - Button Daftar' is visible

2023-07-03 18:44:25 - [MESSAGE][PASSED] - Call Test Case 'Test Cases/Pages/Login/Verify Content Login Page' successfully

2023-07-03 18:44:25 - [TEST_STEP][PASSED] - callTestCase(findTestCase("Pages/Login/Input Email"), ["email":""], STOP_ON_FAILURE): Call Test Case 'Test Cases/Pages/Login/Input Email' successfully

2023-07-03 18:44:25 - [TEST_CASE][PASSED] - Test Cases/Pages/Login/Input Email: Test Cases/Pages/Login/Input Email

2023-07-03 18:44:25 - [TEST_STEP][PASSED] - setText(findTestObject("Login/android.widget.EditText - Email"), email, 0): Text '' has been set to element 'Object Repository/Login/android.widget.EditText - Email'

2023-07-03 18:44:25 - [MESSAGE][WARNING] - Timeout '0' is invalid. Using default page load timeout: '30'

2023-07-03 18:44:27 - [MESSAGE][PASSED] - Text '' has been set to element 'Object Repository/Login/android.widget.EditText - Email'

2023-07-03 18:44:27 - [MESSAGE][PASSED] - Call Test Case 'Test Cases/Pages/Login/Input Email' successfully

2023-07-03 18:44:27 - [TEST_STEP][PASSED] - callTestCase(findTestCase("Pages/Login/Input Password"), ["password":""], STOP_ON_FAILURE): Call Test Case 'Test Cases/Pages/Login/Input Password' successfully

2023-07-03 18:44:27 - [TEST_CASE][PASSED] - Test Cases/Pages/Login/Input Password: Test Cases/Pages/Login/Input Password

2023-07-03 18:44:27 - [TEST_STEP][PASSED] - setText(findTestObject("Login/android.widget.EditText - Password"), password, 0): Text '' has been set to element 'Object Repository/Login/android.widget.EditText - Password'

2023-07-03 18:44:27 - [MESSAGE][WARNING] - Timeout '0' is invalid. Using default page load timeout: '30'

2023-07-03 18:44:28 - [MESSAGE][PASSED] - Text '' has been set to element 'Object Repository/Login/android.widget.EditText - Password'

2023-07-03 18:44:28 - [MESSAGE][PASSED] - Call Test Case 'Test Cases/Pages/Login/Input Password' successfully

2023-07-03 18:44:28 - [TEST_STEP][PASSED] - callTestCase(findTestCase("Pages/Login/Tap Button Masuk"), [:], STOP_ON_FAILURE): Call Test Case 'Test Cases/Pages/Login/Tap Button Masuk' successfully

2023-07-03 18:44:28 - [TEST_CASE][PASSED] - Test Cases/Pages/Login/Tap Button Masuk: Test Cases/Pages/Login/Tap Button Masuk

2023-07-03 18:44:28 - [TEST_STEP][PASSED] - tap(findTestObject("Login/android.widget.Button - Button Masuk"), 0): Tapped on element 'Object Repository/Login/android.widget.Button - Button Masuk'

2023-07-03 18:44:28 - [MESSAGE][WARNING] - Timeout '0' is invalid. Using default page load timeout: '30'

2023-07-03 18:44:29 - [MESSAGE][PASSED] - Tapped on element 'Object Repository/Login/android.widget.Button - Button Masuk'

2023-07-03 18:44:29 - [MESSAGE][PASSED] - Call Test Case 'Test Cases/Pages/Login/Tap Button Masuk' successfully

2023-07-03 18:44:29 - [TEST_STEP][PASSED] - callTestCase(findTestCase("Pages/Login/Verify Invalid Empty Email"), ["expected":""], STOP_ON_FAILURE): Call Test Case 'Test Cases/Pages/Login/Verify Invalid Empty Email' successfully

2023-07-03 18:44:29 - [TEST_CASE][PASSED] - Test Cases/Pages/Login/Verify Invalid Empty Email: Test Cases/Pages/Login/Verify Invalid Empty Email

2023-07-03 18:44:29 - [TEST_STEP][PASSED] - verifyElementVisible(findTestObject("Login/android.widget.TextView - Email tidak boleh kosong"), 0): Element 'Object Repository/Login/android.widget.TextView - Email tidak boleh kosong' is visible

2023-07-03 18:44:29 - [MESSAGE][WARNING] - Timeout '0' is invalid. Using default page load timeout: '30'

2023-07-03 18:44:30 - [MESSAGE][PASSED] - Element 'Object Repository/Login/android.widget.TextView - Email tidak boleh kosong' is visible

2023-07-03 18:44:30 - [TEST_STEP][PASSED] - error_msg = getText(findTestObject("Login/android.widget.TextView - Email tidak boleh kosong"), 0): Text of element 'Object Repository/Login/android.widget.TextView - Email tidak boleh kosong' is: 'Email tidak boleh kosong'

2023-07-03 18:44:30 - [MESSAGE][WARNING] - Timeout '0' is invalid. Using default page load timeout: '30'

2023-07-03 18:44:30 - [MESSAGE][PASSED] - Text of element 'Object Repository/Login/android.widget.TextView - Email tidak boleh kosong' is: 'Email tidak boleh kosong'

2023-07-03 18:44:30 - [TEST_STEP][PASSED] - logInfo(error_msg): Email tidak boleh kosong

2023-07-03 18:44:30 - [MESSAGE][INFO] - Email tidak boleh kosong

2023-07-03 18:44:30 - [TEST_STEP][PASSED] - expected = error_msg: null

2023-07-03 18:44:30 - [TEST_STEP][PASSED] - verifyMatch(error_msg, expected, false): Actual text 'Email tidak boleh kosong' and expected text 'Email tidak boleh kosong' are matched 

2023-07-03 18:44:30 - [MESSAGE][PASSED] - Actual text 'Email tidak boleh kosong' and expected text 'Email tidak boleh kosong' are matched 

2023-07-03 18:44:30 - [MESSAGE][PASSED] - Call Test Case 'Test Cases/Pages/Login/Verify Invalid Empty Email' successfully

2023-07-03 18:44:30 - [TEST_STEP][PASSED] - Start listener action : afterTestCase: Close app successfully

2023-07-03 18:44:30 - [TEST_STEP][PASSED] - logInfo("Test Case: " + testCaseContext.getTestCaseId() + " | Status: " + testCaseContext.getTestCaseStatus()): Test Case: Test Cases/Step Definition/Feature Login/LGN03 - User login without enter any data | Status: PASSED

2023-07-03 18:44:30 - [MESSAGE][INFO] - Test Case: Test Cases/Step Definition/Feature Login/LGN03 - User login without enter any data | Status: PASSED

2023-07-03 18:44:30 - [TEST_STEP][PASSED] - closeApplication(): Close app successfully

2023-07-03 18:44:31 - [MESSAGE][PASSED] - Close app successfully]]></system-out>
         <system-err><![CDATA[]]></system-err>
      </testcase>
      <testcase name="Test Cases/Step Definition/Feature Login/LGN04 - User login with correct email and incorrect password" time="20.11" classname="Test Cases/Step Definition/Feature Login/LGN04 - User login with correct email and incorrect password" status="PASSED">
         <system-out><![CDATA[2023-07-03 18:44:31 - [TEST_CASE][PASSED] - Test Cases/Step Definition/Feature Login/LGN04 - User login with correct email and incorrect password: Test Cases/Step Definition/Feature Login/LGN04 - User login with correct email and incorrect password

2023-07-03 18:44:31 - [TEST_STEP][PASSED] - Start listener action : beforeTestCase: Started app at: 'E:\GitRepo\Katalon\binarqa-group1-app\Apk\app-release-second-hand-gcp.apk'

2023-07-03 18:44:31 - [TEST_STEP][PASSED] - logInfo("Test Case: " + testCaseContext.getTestCaseId()): Test Case: Test Cases/Step Definition/Feature Login/LGN04 - User login with correct email and incorrect password

2023-07-03 18:44:31 - [MESSAGE][INFO] - Test Case: Test Cases/Step Definition/Feature Login/LGN04 - User login with correct email and incorrect password

2023-07-03 18:44:31 - [TEST_STEP][PASSED] - launchApp(): null

2023-07-03 18:44:31 - [TEST_STEP][PASSED] - startApplication(System.getProperty("user.dir") + "\Apk\app-release-second-hand-gcp.apk", false): Started app at: 'E:\GitRepo\Katalon\binarqa-group1-app\Apk\app-release-second-hand-gcp.apk'

2023-07-03 18:44:31 - [MESSAGE][INFO] - User set preference: ['appWaitActivity', '*']

2023-07-03 18:44:31 - [MESSAGE][INFO] - User set preference: ['appWaitforLaunch', 'false']

2023-07-03 18:44:31 - [MESSAGE][INFO] - User set preference: ['noReset', 'true']

2023-07-03 18:44:31 - [MESSAGE][INFO] - User set preference: ['ignoreHiddenApiPolicyError', 'true']

2023-07-03 18:44:31 - [MESSAGE][INFO] - User set preference: ['deviceId', '']

2023-07-03 18:44:31 - [MESSAGE][INFO] - Detected NodeJS location: "C:\Program Files\nodejs\node.exe"

2023-07-03 18:44:32 - [MESSAGE][INFO] - Appium server started on port 64,317

2023-07-03 18:44:41 - [MESSAGE][PASSED] - Started app at: 'E:\GitRepo\Katalon\binarqa-group1-app\Apk\app-release-second-hand-gcp.apk'

2023-07-03 18:44:41 - [TEST_STEP][PASSED] - callTestCase(findTestCase("Pages/Navbar/Tap Akun"), [:], STOP_ON_FAILURE): Call Test Case 'Test Cases/Pages/Navbar/Tap Akun' successfully

2023-07-03 18:44:41 - [TEST_CASE][PASSED] - Test Cases/Pages/Navbar/Tap Akun: Test Cases/Pages/Navbar/Tap Akun

2023-07-03 18:44:41 - [TEST_STEP][PASSED] - tap(findTestObject("Navbar/android.widget.FrameLayout - Navbar Akun"), 0): Tapped on element 'Object Repository/Navbar/android.widget.FrameLayout - Navbar Akun'

2023-07-03 18:44:41 - [MESSAGE][WARNING] - Timeout '0' is invalid. Using default page load timeout: '30'

2023-07-03 18:44:43 - [MESSAGE][PASSED] - Tapped on element 'Object Repository/Navbar/android.widget.FrameLayout - Navbar Akun'

2023-07-03 18:44:43 - [MESSAGE][PASSED] - Call Test Case 'Test Cases/Pages/Navbar/Tap Akun' successfully

2023-07-03 18:44:43 - [TEST_STEP][PASSED] - callTestCase(findTestCase("Pages/Akun/Tap Masuk from Akun Page"), [:], STOP_ON_FAILURE): Call Test Case 'Test Cases/Pages/Akun/Tap Masuk from Akun Page' successfully

2023-07-03 18:44:43 - [TEST_CASE][PASSED] - Test Cases/Pages/Akun/Tap Masuk from Akun Page: Test Cases/Pages/Akun/Tap Masuk from Akun Page

2023-07-03 18:44:43 - [TEST_STEP][PASSED] - tap(findTestObject("Akun/android.widget.Button - Masuk from Akun"), 0): Tapped on element 'Object Repository/Akun/android.widget.Button - Masuk from Akun'

2023-07-03 18:44:43 - [MESSAGE][WARNING] - Timeout '0' is invalid. Using default page load timeout: '30'

2023-07-03 18:44:43 - [MESSAGE][PASSED] - Tapped on element 'Object Repository/Akun/android.widget.Button - Masuk from Akun'

2023-07-03 18:44:43 - [MESSAGE][PASSED] - Call Test Case 'Test Cases/Pages/Akun/Tap Masuk from Akun Page' successfully

2023-07-03 18:44:43 - [TEST_STEP][PASSED] - callTestCase(findTestCase("Pages/Login/Verify Content Login Page"), [:], STOP_ON_FAILURE): Call Test Case 'Test Cases/Pages/Login/Verify Content Login Page' successfully

2023-07-03 18:44:43 - [TEST_CASE][PASSED] - Test Cases/Pages/Login/Verify Content Login Page: Test Cases/Pages/Login/Verify Content Login Page

2023-07-03 18:44:43 - [TEST_STEP][PASSED] - verifyElementVisible(findTestObject("Login/android.widget.EditText - Email"), 0): Element 'Object Repository/Login/android.widget.EditText - Email' is visible

2023-07-03 18:44:43 - [MESSAGE][WARNING] - Timeout '0' is invalid. Using default page load timeout: '30'

2023-07-03 18:44:44 - [MESSAGE][PASSED] - Element 'Object Repository/Login/android.widget.EditText - Email' is visible

2023-07-03 18:44:44 - [TEST_STEP][PASSED] - verifyElementVisible(findTestObject("Login/android.widget.EditText - Password"), 0): Element 'Object Repository/Login/android.widget.EditText - Password' is visible

2023-07-03 18:44:44 - [MESSAGE][WARNING] - Timeout '0' is invalid. Using default page load timeout: '30'

2023-07-03 18:44:44 - [MESSAGE][PASSED] - Element 'Object Repository/Login/android.widget.EditText - Password' is visible

2023-07-03 18:44:44 - [TEST_STEP][PASSED] - verifyElementVisible(findTestObject("Login/android.widget.Button - Button Masuk"), 0): Element 'Object Repository/Login/android.widget.Button - Button Masuk' is visible

2023-07-03 18:44:44 - [MESSAGE][WARNING] - Timeout '0' is invalid. Using default page load timeout: '30'

2023-07-03 18:44:44 - [MESSAGE][PASSED] - Element 'Object Repository/Login/android.widget.Button - Button Masuk' is visible

2023-07-03 18:44:44 - [TEST_STEP][PASSED] - verifyElementVisible(findTestObject("Login/android.widget.TextView - Button Daftar"), 0): Element 'Object Repository/Login/android.widget.TextView - Button Daftar' is visible

2023-07-03 18:44:44 - [MESSAGE][WARNING] - Timeout '0' is invalid. Using default page load timeout: '30'

2023-07-03 18:44:44 - [MESSAGE][PASSED] - Element 'Object Repository/Login/android.widget.TextView - Button Daftar' is visible

2023-07-03 18:44:44 - [MESSAGE][PASSED] - Call Test Case 'Test Cases/Pages/Login/Verify Content Login Page' successfully

2023-07-03 18:44:44 - [TEST_STEP][PASSED] - callTestCase(findTestCase("Pages/Login/Input Email"), ["email":"groupsatu@gmail.com"], STOP_ON_FAILURE): Call Test Case 'Test Cases/Pages/Login/Input Email' successfully

2023-07-03 18:44:44 - [TEST_CASE][PASSED] - Test Cases/Pages/Login/Input Email: Test Cases/Pages/Login/Input Email

2023-07-03 18:44:44 - [TEST_STEP][PASSED] - setText(findTestObject("Login/android.widget.EditText - Email"), email, 0): Text 'groupsatu@gmail.com' has been set to element 'Object Repository/Login/android.widget.EditText - Email'

2023-07-03 18:44:44 - [MESSAGE][WARNING] - Timeout '0' is invalid. Using default page load timeout: '30'

2023-07-03 18:44:46 - [MESSAGE][PASSED] - Text 'groupsatu@gmail.com' has been set to element 'Object Repository/Login/android.widget.EditText - Email'

2023-07-03 18:44:46 - [MESSAGE][PASSED] - Call Test Case 'Test Cases/Pages/Login/Input Email' successfully

2023-07-03 18:44:46 - [TEST_STEP][PASSED] - callTestCase(findTestCase("Pages/Login/Input Password"), ["password":"1234aa11"], STOP_ON_FAILURE): Call Test Case 'Test Cases/Pages/Login/Input Password' successfully

2023-07-03 18:44:46 - [TEST_CASE][PASSED] - Test Cases/Pages/Login/Input Password: Test Cases/Pages/Login/Input Password

2023-07-03 18:44:46 - [TEST_STEP][PASSED] - setText(findTestObject("Login/android.widget.EditText - Password"), password, 0): Text '1234aa11' has been set to element 'Object Repository/Login/android.widget.EditText - Password'

2023-07-03 18:44:46 - [MESSAGE][WARNING] - Timeout '0' is invalid. Using default page load timeout: '30'

2023-07-03 18:44:47 - [MESSAGE][PASSED] - Text '1234aa11' has been set to element 'Object Repository/Login/android.widget.EditText - Password'

2023-07-03 18:44:47 - [MESSAGE][PASSED] - Call Test Case 'Test Cases/Pages/Login/Input Password' successfully

2023-07-03 18:44:47 - [TEST_STEP][PASSED] - callTestCase(findTestCase("Pages/Login/Tap Button Masuk"), [:], STOP_ON_FAILURE): Call Test Case 'Test Cases/Pages/Login/Tap Button Masuk' successfully

2023-07-03 18:44:47 - [TEST_CASE][PASSED] - Test Cases/Pages/Login/Tap Button Masuk: Test Cases/Pages/Login/Tap Button Masuk

2023-07-03 18:44:47 - [TEST_STEP][PASSED] - tap(findTestObject("Login/android.widget.Button - Button Masuk"), 0): Tapped on element 'Object Repository/Login/android.widget.Button - Button Masuk'

2023-07-03 18:44:47 - [MESSAGE][WARNING] - Timeout '0' is invalid. Using default page load timeout: '30'

2023-07-03 18:44:50 - [MESSAGE][PASSED] - Tapped on element 'Object Repository/Login/android.widget.Button - Button Masuk'

2023-07-03 18:44:50 - [MESSAGE][PASSED] - Call Test Case 'Test Cases/Pages/Login/Tap Button Masuk' successfully

2023-07-03 18:44:50 - [TEST_STEP][PASSED] - callTestCase(findTestCase("Pages/Login/Verify Email or Password Incorrect"), [:], STOP_ON_FAILURE): Call Test Case 'Test Cases/Pages/Login/Verify Email or Password Incorrect' successfully

2023-07-03 18:44:50 - [TEST_CASE][PASSED] - Test Cases/Pages/Login/Verify Email or Password Incorrect: Test Cases/Pages/Login/Verify Email or Password Incorrect

2023-07-03 18:44:50 - [TEST_STEP][PASSED] - waitForElementPresent(findTestObject("Login/emailpassinvalid"), 0, STOP_ON_FAILURE): Element 'Object Repository/Login/emailpassinvalid' is present

2023-07-03 18:44:50 - [MESSAGE][WARNING] - Timeout '0' is invalid. Using default page load timeout: '30'

2023-07-03 18:44:50 - [MESSAGE][PASSED] - Element 'Object Repository/Login/emailpassinvalid' is present

2023-07-03 18:44:50 - [MESSAGE][PASSED] - Call Test Case 'Test Cases/Pages/Login/Verify Email or Password Incorrect' successfully

2023-07-03 18:44:50 - [TEST_STEP][PASSED] - Start listener action : afterTestCase: Close app successfully

2023-07-03 18:44:50 - [TEST_STEP][PASSED] - logInfo("Test Case: " + testCaseContext.getTestCaseId() + " | Status: " + testCaseContext.getTestCaseStatus()): Test Case: Test Cases/Step Definition/Feature Login/LGN04 - User login with correct email and incorrect password | Status: PASSED

2023-07-03 18:44:50 - [MESSAGE][INFO] - Test Case: Test Cases/Step Definition/Feature Login/LGN04 - User login with correct email and incorrect password | Status: PASSED

2023-07-03 18:44:50 - [TEST_STEP][PASSED] - closeApplication(): Close app successfully

2023-07-03 18:44:51 - [MESSAGE][PASSED] - Close app successfully]]></system-out>
         <system-err><![CDATA[]]></system-err>
      </testcase>
      <testcase name="Test Cases/Step Definition/Feature Login/LGN05 - User login with incorrect email and incorrect password" time="19.568" classname="Test Cases/Step Definition/Feature Login/LGN05 - User login with incorrect email and incorrect password" status="PASSED">
         <system-out><![CDATA[2023-07-03 18:44:51 - [TEST_CASE][PASSED] - Test Cases/Step Definition/Feature Login/LGN05 - User login with incorrect email and incorrect password: Test Cases/Step Definition/Feature Login/LGN05 - User login with incorrect email and incorrect password

2023-07-03 18:44:51 - [TEST_STEP][PASSED] - Start listener action : beforeTestCase: Started app at: 'E:\GitRepo\Katalon\binarqa-group1-app\Apk\app-release-second-hand-gcp.apk'

2023-07-03 18:44:51 - [TEST_STEP][PASSED] - logInfo("Test Case: " + testCaseContext.getTestCaseId()): Test Case: Test Cases/Step Definition/Feature Login/LGN05 - User login with incorrect email and incorrect password

2023-07-03 18:44:51 - [MESSAGE][INFO] - Test Case: Test Cases/Step Definition/Feature Login/LGN05 - User login with incorrect email and incorrect password

2023-07-03 18:44:51 - [TEST_STEP][PASSED] - launchApp(): null

2023-07-03 18:44:51 - [TEST_STEP][PASSED] - startApplication(System.getProperty("user.dir") + "\Apk\app-release-second-hand-gcp.apk", false): Started app at: 'E:\GitRepo\Katalon\binarqa-group1-app\Apk\app-release-second-hand-gcp.apk'

2023-07-03 18:44:51 - [MESSAGE][INFO] - User set preference: ['appWaitActivity', '*']

2023-07-03 18:44:51 - [MESSAGE][INFO] - User set preference: ['appWaitforLaunch', 'false']

2023-07-03 18:44:51 - [MESSAGE][INFO] - User set preference: ['noReset', 'true']

2023-07-03 18:44:51 - [MESSAGE][INFO] - User set preference: ['ignoreHiddenApiPolicyError', 'true']

2023-07-03 18:44:51 - [MESSAGE][INFO] - User set preference: ['deviceId', '']

2023-07-03 18:44:51 - [MESSAGE][INFO] - Detected NodeJS location: "C:\Program Files\nodejs\node.exe"

2023-07-03 18:44:52 - [MESSAGE][INFO] - Appium server started on port 64,438

2023-07-03 18:45:01 - [MESSAGE][PASSED] - Started app at: 'E:\GitRepo\Katalon\binarqa-group1-app\Apk\app-release-second-hand-gcp.apk'

2023-07-03 18:45:01 - [TEST_STEP][PASSED] - callTestCase(findTestCase("Pages/Navbar/Tap Akun"), [:], STOP_ON_FAILURE): Call Test Case 'Test Cases/Pages/Navbar/Tap Akun' successfully

2023-07-03 18:45:01 - [TEST_CASE][PASSED] - Test Cases/Pages/Navbar/Tap Akun: Test Cases/Pages/Navbar/Tap Akun

2023-07-03 18:45:01 - [TEST_STEP][PASSED] - tap(findTestObject("Navbar/android.widget.FrameLayout - Navbar Akun"), 0): Tapped on element 'Object Repository/Navbar/android.widget.FrameLayout - Navbar Akun'

2023-07-03 18:45:01 - [MESSAGE][WARNING] - Timeout '0' is invalid. Using default page load timeout: '30'

2023-07-03 18:45:02 - [MESSAGE][PASSED] - Tapped on element 'Object Repository/Navbar/android.widget.FrameLayout - Navbar Akun'

2023-07-03 18:45:02 - [MESSAGE][PASSED] - Call Test Case 'Test Cases/Pages/Navbar/Tap Akun' successfully

2023-07-03 18:45:02 - [TEST_STEP][PASSED] - callTestCase(findTestCase("Pages/Akun/Tap Masuk from Akun Page"), [:], STOP_ON_FAILURE): Call Test Case 'Test Cases/Pages/Akun/Tap Masuk from Akun Page' successfully

2023-07-03 18:45:02 - [TEST_CASE][PASSED] - Test Cases/Pages/Akun/Tap Masuk from Akun Page: Test Cases/Pages/Akun/Tap Masuk from Akun Page

2023-07-03 18:45:02 - [TEST_STEP][PASSED] - tap(findTestObject("Akun/android.widget.Button - Masuk from Akun"), 0): Tapped on element 'Object Repository/Akun/android.widget.Button - Masuk from Akun'

2023-07-03 18:45:03 - [MESSAGE][WARNING] - Timeout '0' is invalid. Using default page load timeout: '30'

2023-07-03 18:45:03 - [MESSAGE][PASSED] - Tapped on element 'Object Repository/Akun/android.widget.Button - Masuk from Akun'

2023-07-03 18:45:03 - [MESSAGE][PASSED] - Call Test Case 'Test Cases/Pages/Akun/Tap Masuk from Akun Page' successfully

2023-07-03 18:45:03 - [TEST_STEP][PASSED] - callTestCase(findTestCase("Pages/Login/Verify Content Login Page"), [:], STOP_ON_FAILURE): Call Test Case 'Test Cases/Pages/Login/Verify Content Login Page' successfully

2023-07-03 18:45:03 - [TEST_CASE][PASSED] - Test Cases/Pages/Login/Verify Content Login Page: Test Cases/Pages/Login/Verify Content Login Page

2023-07-03 18:45:03 - [TEST_STEP][PASSED] - verifyElementVisible(findTestObject("Login/android.widget.EditText - Email"), 0): Element 'Object Repository/Login/android.widget.EditText - Email' is visible

2023-07-03 18:45:03 - [MESSAGE][WARNING] - Timeout '0' is invalid. Using default page load timeout: '30'

2023-07-03 18:45:03 - [MESSAGE][PASSED] - Element 'Object Repository/Login/android.widget.EditText - Email' is visible

2023-07-03 18:45:03 - [TEST_STEP][PASSED] - verifyElementVisible(findTestObject("Login/android.widget.EditText - Password"), 0): Element 'Object Repository/Login/android.widget.EditText - Password' is visible

2023-07-03 18:45:03 - [MESSAGE][WARNING] - Timeout '0' is invalid. Using default page load timeout: '30'

2023-07-03 18:45:04 - [MESSAGE][PASSED] - Element 'Object Repository/Login/android.widget.EditText - Password' is visible

2023-07-03 18:45:04 - [TEST_STEP][PASSED] - verifyElementVisible(findTestObject("Login/android.widget.Button - Button Masuk"), 0): Element 'Object Repository/Login/android.widget.Button - Button Masuk' is visible

2023-07-03 18:45:04 - [MESSAGE][WARNING] - Timeout '0' is invalid. Using default page load timeout: '30'

2023-07-03 18:45:04 - [MESSAGE][PASSED] - Element 'Object Repository/Login/android.widget.Button - Button Masuk' is visible

2023-07-03 18:45:04 - [TEST_STEP][PASSED] - verifyElementVisible(findTestObject("Login/android.widget.TextView - Button Daftar"), 0): Element 'Object Repository/Login/android.widget.TextView - Button Daftar' is visible

2023-07-03 18:45:04 - [MESSAGE][WARNING] - Timeout '0' is invalid. Using default page load timeout: '30'

2023-07-03 18:45:04 - [MESSAGE][PASSED] - Element 'Object Repository/Login/android.widget.TextView - Button Daftar' is visible

2023-07-03 18:45:04 - [MESSAGE][PASSED] - Call Test Case 'Test Cases/Pages/Login/Verify Content Login Page' successfully

2023-07-03 18:45:04 - [TEST_STEP][PASSED] - callTestCase(findTestCase("Pages/Login/Input Email"), ["email":"groupsatuuu@gmail.com"], STOP_ON_FAILURE): Call Test Case 'Test Cases/Pages/Login/Input Email' successfully

2023-07-03 18:45:04 - [TEST_CASE][PASSED] - Test Cases/Pages/Login/Input Email: Test Cases/Pages/Login/Input Email

2023-07-03 18:45:04 - [TEST_STEP][PASSED] - setText(findTestObject("Login/android.widget.EditText - Email"), email, 0): Text 'groupsatuuu@gmail.com' has been set to element 'Object Repository/Login/android.widget.EditText - Email'

2023-07-03 18:45:04 - [MESSAGE][WARNING] - Timeout '0' is invalid. Using default page load timeout: '30'

2023-07-03 18:45:06 - [MESSAGE][PASSED] - Text 'groupsatuuu@gmail.com' has been set to element 'Object Repository/Login/android.widget.EditText - Email'

2023-07-03 18:45:06 - [MESSAGE][PASSED] - Call Test Case 'Test Cases/Pages/Login/Input Email' successfully

2023-07-03 18:45:06 - [TEST_STEP][PASSED] - callTestCase(findTestCase("Pages/Login/Input Password"), ["password":"1234aa11"], STOP_ON_FAILURE): Call Test Case 'Test Cases/Pages/Login/Input Password' successfully

2023-07-03 18:45:06 - [TEST_CASE][PASSED] - Test Cases/Pages/Login/Input Password: Test Cases/Pages/Login/Input Password

2023-07-03 18:45:06 - [TEST_STEP][PASSED] - setText(findTestObject("Login/android.widget.EditText - Password"), password, 0): Text '1234aa11' has been set to element 'Object Repository/Login/android.widget.EditText - Password'

2023-07-03 18:45:06 - [MESSAGE][WARNING] - Timeout '0' is invalid. Using default page load timeout: '30'

2023-07-03 18:45:07 - [MESSAGE][PASSED] - Text '1234aa11' has been set to element 'Object Repository/Login/android.widget.EditText - Password'

2023-07-03 18:45:07 - [MESSAGE][PASSED] - Call Test Case 'Test Cases/Pages/Login/Input Password' successfully

2023-07-03 18:45:07 - [TEST_STEP][PASSED] - callTestCase(findTestCase("Pages/Login/Tap Button Masuk"), [:], STOP_ON_FAILURE): Call Test Case 'Test Cases/Pages/Login/Tap Button Masuk' successfully

2023-07-03 18:45:07 - [TEST_CASE][PASSED] - Test Cases/Pages/Login/Tap Button Masuk: Test Cases/Pages/Login/Tap Button Masuk

2023-07-03 18:45:07 - [TEST_STEP][PASSED] - tap(findTestObject("Login/android.widget.Button - Button Masuk"), 0): Tapped on element 'Object Repository/Login/android.widget.Button - Button Masuk'

2023-07-03 18:45:07 - [MESSAGE][WARNING] - Timeout '0' is invalid. Using default page load timeout: '30'

2023-07-03 18:45:08 - [MESSAGE][PASSED] - Tapped on element 'Object Repository/Login/android.widget.Button - Button Masuk'

2023-07-03 18:45:08 - [MESSAGE][PASSED] - Call Test Case 'Test Cases/Pages/Login/Tap Button Masuk' successfully

2023-07-03 18:45:08 - [TEST_STEP][PASSED] - callTestCase(findTestCase("Pages/Login/Verify Email or Password Incorrect"), [:], STOP_ON_FAILURE): Call Test Case 'Test Cases/Pages/Login/Verify Email or Password Incorrect' successfully

2023-07-03 18:45:08 - [TEST_CASE][PASSED] - Test Cases/Pages/Login/Verify Email or Password Incorrect: Test Cases/Pages/Login/Verify Email or Password Incorrect

2023-07-03 18:45:08 - [TEST_STEP][PASSED] - waitForElementPresent(findTestObject("Login/emailpassinvalid"), 0, STOP_ON_FAILURE): Element 'Object Repository/Login/emailpassinvalid' is present

2023-07-03 18:45:08 - [MESSAGE][WARNING] - Timeout '0' is invalid. Using default page load timeout: '30'

2023-07-03 18:45:10 - [MESSAGE][PASSED] - Element 'Object Repository/Login/emailpassinvalid' is present

2023-07-03 18:45:10 - [MESSAGE][PASSED] - Call Test Case 'Test Cases/Pages/Login/Verify Email or Password Incorrect' successfully

2023-07-03 18:45:10 - [TEST_STEP][PASSED] - Start listener action : afterTestCase: Close app successfully

2023-07-03 18:45:10 - [TEST_STEP][PASSED] - logInfo("Test Case: " + testCaseContext.getTestCaseId() + " | Status: " + testCaseContext.getTestCaseStatus()): Test Case: Test Cases/Step Definition/Feature Login/LGN05 - User login with incorrect email and incorrect password | Status: PASSED

2023-07-03 18:45:10 - [MESSAGE][INFO] - Test Case: Test Cases/Step Definition/Feature Login/LGN05 - User login with incorrect email and incorrect password | Status: PASSED

2023-07-03 18:45:10 - [TEST_STEP][PASSED] - closeApplication(): Close app successfully

2023-07-03 18:45:10 - [MESSAGE][PASSED] - Close app successfully]]></system-out>
         <system-err><![CDATA[]]></system-err>
      </testcase>
      <system-out><![CDATA[2023-07-03 18:43:45 - [TEST_SUITE][PASSED] - Feature Login - Negative Case: Test Cases/Step Definition/Feature Login/LGN05 - User login with incorrect email and incorrect password]]></system-out>
      <system-err><![CDATA[]]></system-err>
   </testsuite>
</testsuites>
