<?xml version="1.0" encoding="UTF-8"?>
<testsuites name="Feature Daftar Jual Saya - Negative Case" time="63.867" tests="3" failures="0" errors="0">
   <testsuite name="Feature Daftar Jual Saya - Negative Case" tests="3" failures="0" errors="0" time="63.867" skipped="0" timestamp="2023-07-03 17:46:57" hostname="ASUS - ASUS-RN911" id="Test Suites/Feature Daftar Jual Saya - Negative Case">
      <properties>
         <property name="deviceName" value=""/>
         <property name="devicePlatform" value=""/>
         <property name="logFolder" value="E:\\GitRepo\\Katalon\\binarqa-group1-web\\Reports\\20230703_174654\\Feature Daftar Jual Saya - Negative Case\\20230703_174655"/>
         <property name="logFiles" value="E:\\GitRepo\\Katalon\\binarqa-group1-web\\Reports\\20230703_174654\\Feature Daftar Jual Saya - Negative Case\\20230703_174655\\execution0.log"/>
         <property name="attachments" value=""/>
         <property name="hostName" value="ASUS - ASUS-RN911"/>
         <property name="os" value="Windows 10 64bit"/>
         <property name="katalonVersion" value="8.6.0.208"/>
         <property name="browser" value="Chrome 114.0.0.0"/>
         <property name="hostAddress" value="192.168.1.116"/>
         <property name="sessionId" value="c1808c6e954dfb53cea329be470e3747"/>
         <property name="seleniumVersion" value="3.141.59"/>
         <property name="proxyInformation" value="ProxyInformation { proxyOption=NO_PROXY, proxyServerType=HTTP, username=, password=********, proxyServerAddress=, proxyServerPort=0, executionList=&quot;&quot;, isApplyToDesiredCapabilities=true }"/>
         <property name="platform" value="Windows 10"/>
      </properties>
      <testcase name="Test Cases/Step Definition/Feature Daftar Jual Saya/DJS02 - See Daftar Jual Saya No Product" time="42.266" classname="Test Cases/Step Definition/Feature Daftar Jual Saya/DJS02 - See Daftar Jual Saya No Product" status="PASSED">
         <system-out><![CDATA[2023-07-03 17:46:57 - [TEST_CASE][PASSED] - Test Cases/Step Definition/Feature Daftar Jual Saya/DJS02 - See Daftar Jual Saya No Product: Test Cases/Step Definition/Feature Daftar Jual Saya/DJS02 - See Daftar Jual Saya No Product

2023-07-03 17:46:57 - [TEST_STEP][PASSED] - Start listener action : BeforeTestCase: Current window maximized

2023-07-03 17:46:57 - [TEST_STEP][PASSED] - logInfo("Test Case: " + testCaseContext.getTestCaseId()): Test Case: Test Cases/Step Definition/Feature Daftar Jual Saya/DJS02 - See Daftar Jual Saya No Product

2023-07-03 17:46:57 - [MESSAGE][INFO] - Test Case: Test Cases/Step Definition/Feature Daftar Jual Saya/DJS02 - See Daftar Jual Saya No Product

2023-07-03 17:46:57 - [TEST_STEP][PASSED] - openBrowser(): null

2023-07-03 17:46:57 - [TEST_STEP][PASSED] - openBrowser("https://secondhand.binaracademy.org/"): Browser is opened with url: 'https://secondhand.binaracademy.org/'

2023-07-03 17:46:57 - [MESSAGE][INFO] - Starting 'Chrome' driver

2023-07-03 17:46:57 - [MESSAGE][INFO] - Action delay is set to 0 milliseconds

2023-07-03 17:47:01 - [MESSAGE][PASSED] - Browser is opened with url: 'https://secondhand.binaracademy.org/'

2023-07-03 17:47:01 - [TEST_STEP][PASSED] - maximizeWindow(): Current window maximized

2023-07-03 17:47:01 - [MESSAGE][PASSED] - Current window maximized

2023-07-03 17:47:01 - [TEST_STEP][PASSED] - callTestCase(findTestCase("Pages/Homepage/Click Masuk from homepage"), [:], STOP_ON_FAILURE): Call Test Case 'Test Cases/Pages/Homepage/Click Masuk from homepage' successfully

2023-07-03 17:47:01 - [TEST_CASE][PASSED] - Test Cases/Pages/Homepage/Click Masuk from homepage: Test Cases/Pages/Homepage/Click Masuk from homepage

2023-07-03 17:47:01 - [TEST_STEP][PASSED] - click(findTestObject("Navbar/a_Masuk")): Object: 'Object Repository/Navbar/a_Masuk' is clicked on

2023-07-03 17:47:01 - [MESSAGE][PASSED] - Object: 'Object Repository/Navbar/a_Masuk' is clicked on

2023-07-03 17:47:01 - [MESSAGE][PASSED] - Call Test Case 'Test Cases/Pages/Homepage/Click Masuk from homepage' successfully

2023-07-03 17:47:01 - [TEST_STEP][PASSED] - callTestCase(findTestCase("Pages/Login/Input Email"), ["email":"gunawansipembeli@jualbeli.com"], STOP_ON_FAILURE): Call Test Case 'Test Cases/Pages/Login/Input Email' successfully

2023-07-03 17:47:02 - [TEST_CASE][PASSED] - Test Cases/Pages/Login/Input Email: Test Cases/Pages/Login/Input Email

2023-07-03 17:47:02 - [TEST_STEP][PASSED] - setText(findTestObject("Login/input_Email"), email): Text 'gunawansipembeli@jualbeli.com' is set on object 'Object Repository/Login/input_Email'

2023-07-03 17:47:02 - [MESSAGE][PASSED] - Text 'gunawansipembeli@jualbeli.com' is set on object 'Object Repository/Login/input_Email'

2023-07-03 17:47:02 - [MESSAGE][PASSED] - Call Test Case 'Test Cases/Pages/Login/Input Email' successfully

2023-07-03 17:47:02 - [TEST_STEP][PASSED] - callTestCase(findTestCase("Pages/Login/Input Password"), ["password":"a1b2c3d4"], STOP_ON_FAILURE): Call Test Case 'Test Cases/Pages/Login/Input Password' successfully

2023-07-03 17:47:02 - [TEST_CASE][PASSED] - Test Cases/Pages/Login/Input Password: Test Cases/Pages/Login/Input Password

2023-07-03 17:47:03 - [TEST_STEP][PASSED] - setText(findTestObject("Login/input_Password"), password): Text 'a1b2c3d4' is set on object 'Object Repository/Login/input_Password'

2023-07-03 17:47:03 - [MESSAGE][PASSED] - Text 'a1b2c3d4' is set on object 'Object Repository/Login/input_Password'

2023-07-03 17:47:03 - [MESSAGE][PASSED] - Call Test Case 'Test Cases/Pages/Login/Input Password' successfully

2023-07-03 17:47:03 - [TEST_STEP][PASSED] - callTestCase(findTestCase("Pages/Login/Click Button Masuk"), [:], STOP_ON_FAILURE): Call Test Case 'Test Cases/Pages/Login/Click Button Masuk' successfully

2023-07-03 17:47:03 - [TEST_CASE][PASSED] - Test Cases/Pages/Login/Click Button Masuk: Test Cases/Pages/Login/Click Button Masuk

2023-07-03 17:47:03 - [TEST_STEP][PASSED] - click(findTestObject("Login/button_Masuk")): Object: 'Object Repository/Login/button_Masuk' is clicked on

2023-07-03 17:47:04 - [MESSAGE][PASSED] - Object: 'Object Repository/Login/button_Masuk' is clicked on

2023-07-03 17:47:04 - [TEST_STEP][PASSED] - waitForPageLoad(5): Wait for page load successfully

2023-07-03 17:47:04 - [MESSAGE][PASSED] - Wait for page load successfully

2023-07-03 17:47:04 - [MESSAGE][PASSED] - Call Test Case 'Test Cases/Pages/Login/Click Button Masuk' successfully

2023-07-03 17:47:04 - [TEST_STEP][PASSED] - callTestCase(findTestCase("Pages/Daftar Jual Saya/Click Product List Icon"), [:], STOP_ON_FAILURE): Call Test Case 'Test Cases/Pages/Daftar Jual Saya/Click Product List Icon' successfully

2023-07-03 17:47:04 - [TEST_CASE][PASSED] - Test Cases/Pages/Daftar Jual Saya/Click Product List Icon: Test Cases/Pages/Daftar Jual Saya/Click Product List Icon

2023-07-03 17:47:04 - [TEST_STEP][PASSED] - click(findTestObject("Navbar/a_Produk Saya Icon")): Object: 'Object Repository/Navbar/a_Produk Saya Icon' is clicked on

2023-07-03 17:47:05 - [MESSAGE][PASSED] - Object: 'Object Repository/Navbar/a_Produk Saya Icon' is clicked on

2023-07-03 17:47:05 - [MESSAGE][PASSED] - Call Test Case 'Test Cases/Pages/Daftar Jual Saya/Click Product List Icon' successfully

2023-07-03 17:47:05 - [TEST_STEP][PASSED] - callTestCase(findTestCase("Pages/Daftar Jual Saya/Verify Content"), [:], STOP_ON_FAILURE): Call Test Case 'Test Cases/Pages/Daftar Jual Saya/Verify Content' successfully

2023-07-03 17:47:05 - [TEST_CASE][PASSED] - Test Cases/Pages/Daftar Jual Saya/Verify Content: Test Cases/Pages/Daftar Jual Saya/Verify Content

2023-07-03 17:47:05 - [TEST_STEP][PASSED] - verifyElementVisible(findTestObject("Daftar Jual Saya/h3_DaftarJualSaya")): Object 'Object Repository/Daftar Jual Saya/h3_DaftarJualSaya' is visible

2023-07-03 17:47:06 - [MESSAGE][PASSED] - Object 'Object Repository/Daftar Jual Saya/h3_DaftarJualSaya' is visible

2023-07-03 17:47:06 - [TEST_STEP][PASSED] - verifyElementVisible(findTestObject("Daftar Jual Saya/a_SemuaProduk")): Object 'Object Repository/Daftar Jual Saya/a_SemuaProduk' is visible

2023-07-03 17:47:06 - [MESSAGE][PASSED] - Object 'Object Repository/Daftar Jual Saya/a_SemuaProduk' is visible

2023-07-03 17:47:06 - [TEST_STEP][PASSED] - verifyElementVisible(findTestObject("Daftar Jual Saya/a_Diminati")): Object 'Object Repository/Daftar Jual Saya/a_Diminati' is visible

2023-07-03 17:47:06 - [MESSAGE][PASSED] - Object 'Object Repository/Daftar Jual Saya/a_Diminati' is visible

2023-07-03 17:47:06 - [TEST_STEP][PASSED] - verifyElementVisible(findTestObject("Daftar Jual Saya/a_Terjual")): Object 'Object Repository/Daftar Jual Saya/a_Terjual' is visible

2023-07-03 17:47:07 - [MESSAGE][PASSED] - Object 'Object Repository/Daftar Jual Saya/a_Terjual' is visible

2023-07-03 17:47:07 - [MESSAGE][PASSED] - Call Test Case 'Test Cases/Pages/Daftar Jual Saya/Verify Content' successfully

2023-07-03 17:47:07 - [TEST_STEP][PASSED] - callTestCase(findTestCase("Pages/Daftar Jual Saya/Click Semua Produk"), [:], STOP_ON_FAILURE): Call Test Case 'Test Cases/Pages/Daftar Jual Saya/Click Semua Produk' successfully

2023-07-03 17:47:07 - [TEST_CASE][PASSED] - Test Cases/Pages/Daftar Jual Saya/Click Semua Produk: Test Cases/Pages/Daftar Jual Saya/Click Semua Produk

2023-07-03 17:47:07 - [TEST_STEP][PASSED] - click(findTestObject("Daftar Jual Saya/a_SemuaProduk")): Object: 'Object Repository/Daftar Jual Saya/a_SemuaProduk' is clicked on

2023-07-03 17:47:07 - [MESSAGE][PASSED] - Object: 'Object Repository/Daftar Jual Saya/a_SemuaProduk' is clicked on

2023-07-03 17:47:07 - [MESSAGE][PASSED] - Call Test Case 'Test Cases/Pages/Daftar Jual Saya/Click Semua Produk' successfully

2023-07-03 17:47:07 - [TEST_STEP][PASSED] - callTestCase(findTestCase("Pages/Daftar Jual Saya/Verify Tambah Produk Only"), [:], STOP_ON_FAILURE): Call Test Case 'Test Cases/Pages/Daftar Jual Saya/Verify Tambah Produk Only' successfully

2023-07-03 17:47:07 - [TEST_CASE][PASSED] - Test Cases/Pages/Daftar Jual Saya/Verify Tambah Produk Only: Test Cases/Pages/Daftar Jual Saya/Verify Tambah Produk Only

2023-07-03 17:47:07 - [TEST_STEP][PASSED] - verifyElementPresent(findTestObject("Daftar Jual Saya/a_Tambah Produk"), 0): Object 'Object Repository/Daftar Jual Saya/a_Tambah Produk' is present

2023-07-03 17:47:07 - [MESSAGE][WARNING] - Timeout '0' is invalid. Using default page load timeout: '30'

2023-07-03 17:47:08 - [MESSAGE][PASSED] - Object 'Object Repository/Daftar Jual Saya/a_Tambah Produk' is present

2023-07-03 17:47:08 - [TEST_STEP][PASSED] - verifyElementNotPresent(findTestObject("Daftar Jual Saya/div_ProductCard"), 0): Web element with id: 'Object Repository/Daftar Jual Saya/div_ProductCard' located by 'By.xpath: //div[@class = 'card px-0 border-0 shadow h-100 pb-4 rounded-4']' is not present after '30' second(s)

2023-07-03 17:47:08 - [MESSAGE][WARNING] - Timeout '0' is invalid. Using default page load timeout: '30'

2023-07-03 17:47:39 - [MESSAGE][INFO] - Unable to find the element located by 'By.xpath: //div[@class = 'card px-0 border-0 shadow h-100 pb-4 rounded-4']'. Please recheck the objects properties to make sure the desired element is located. 

2023-07-03 17:47:39 - [MESSAGE][PASSED] - Web element with id: 'Object Repository/Daftar Jual Saya/div_ProductCard' located by 'By.xpath: //div[@class = 'card px-0 border-0 shadow h-100 pb-4 rounded-4']' is not present after '30' second(s)

2023-07-03 17:47:39 - [MESSAGE][PASSED] - Call Test Case 'Test Cases/Pages/Daftar Jual Saya/Verify Tambah Produk Only' successfully

2023-07-03 17:47:39 - [TEST_STEP][PASSED] - Start listener action : AfterTestCase: Browser is closed

2023-07-03 17:47:39 - [TEST_STEP][PASSED] - logInfo("Test Case: " + testCaseContext.getTestCaseId() + " | " + testCaseContext.getTestCaseStatus()): Test Case: Test Cases/Step Definition/Feature Daftar Jual Saya/DJS02 - See Daftar Jual Saya No Product | PASSED

2023-07-03 17:47:39 - [MESSAGE][INFO] - Test Case: Test Cases/Step Definition/Feature Daftar Jual Saya/DJS02 - See Daftar Jual Saya No Product | PASSED

2023-07-03 17:47:39 - [TEST_STEP][PASSED] - closeBrowser(): null

2023-07-03 17:47:39 - [TEST_STEP][PASSED] - closeBrowser(): Browser is closed

2023-07-03 17:47:39 - [MESSAGE][PASSED] - Browser is closed]]></system-out>
         <system-err><![CDATA[]]></system-err>
      </testcase>
      <testcase name="Test Cases/Step Definition/Feature Daftar Jual Saya/DJS04 - See Diminati No Product" time="10.612" classname="Test Cases/Step Definition/Feature Daftar Jual Saya/DJS04 - See Diminati No Product" status="PASSED">
         <system-out><![CDATA[2023-07-03 17:47:39 - [TEST_CASE][PASSED] - Test Cases/Step Definition/Feature Daftar Jual Saya/DJS04 - See Diminati No Product: Test Cases/Step Definition/Feature Daftar Jual Saya/DJS04 - See Diminati No Product

2023-07-03 17:47:39 - [TEST_STEP][PASSED] - Start listener action : BeforeTestCase: Current window maximized

2023-07-03 17:47:39 - [TEST_STEP][PASSED] - logInfo("Test Case: " + testCaseContext.getTestCaseId()): Test Case: Test Cases/Step Definition/Feature Daftar Jual Saya/DJS04 - See Diminati No Product

2023-07-03 17:47:39 - [MESSAGE][INFO] - Test Case: Test Cases/Step Definition/Feature Daftar Jual Saya/DJS04 - See Diminati No Product

2023-07-03 17:47:39 - [TEST_STEP][PASSED] - openBrowser(): null

2023-07-03 17:47:39 - [TEST_STEP][PASSED] - openBrowser("https://secondhand.binaracademy.org/"): Browser is opened with url: 'https://secondhand.binaracademy.org/'

2023-07-03 17:47:39 - [MESSAGE][INFO] - Starting 'Chrome' driver

2023-07-03 17:47:39 - [MESSAGE][INFO] - Action delay is set to 0 milliseconds

2023-07-03 17:47:42 - [MESSAGE][PASSED] - Browser is opened with url: 'https://secondhand.binaracademy.org/'

2023-07-03 17:47:42 - [TEST_STEP][PASSED] - maximizeWindow(): Current window maximized

2023-07-03 17:47:42 - [MESSAGE][PASSED] - Current window maximized

2023-07-03 17:47:42 - [TEST_STEP][PASSED] - callTestCase(findTestCase("Pages/Homepage/Click Masuk from homepage"), [:], STOP_ON_FAILURE): Call Test Case 'Test Cases/Pages/Homepage/Click Masuk from homepage' successfully

2023-07-03 17:47:42 - [TEST_CASE][PASSED] - Test Cases/Pages/Homepage/Click Masuk from homepage: Test Cases/Pages/Homepage/Click Masuk from homepage

2023-07-03 17:47:42 - [TEST_STEP][PASSED] - click(findTestObject("Navbar/a_Masuk")): Object: 'Object Repository/Navbar/a_Masuk' is clicked on

2023-07-03 17:47:43 - [MESSAGE][PASSED] - Object: 'Object Repository/Navbar/a_Masuk' is clicked on

2023-07-03 17:47:43 - [MESSAGE][PASSED] - Call Test Case 'Test Cases/Pages/Homepage/Click Masuk from homepage' successfully

2023-07-03 17:47:43 - [TEST_STEP][PASSED] - callTestCase(findTestCase("Pages/Login/Input Email"), ["email":"gunawansipembeli@jualbeli.com"], STOP_ON_FAILURE): Call Test Case 'Test Cases/Pages/Login/Input Email' successfully

2023-07-03 17:47:43 - [TEST_CASE][PASSED] - Test Cases/Pages/Login/Input Email: Test Cases/Pages/Login/Input Email

2023-07-03 17:47:43 - [TEST_STEP][PASSED] - setText(findTestObject("Login/input_Email"), email): Text 'gunawansipembeli@jualbeli.com' is set on object 'Object Repository/Login/input_Email'

2023-07-03 17:47:44 - [MESSAGE][PASSED] - Text 'gunawansipembeli@jualbeli.com' is set on object 'Object Repository/Login/input_Email'

2023-07-03 17:47:44 - [MESSAGE][PASSED] - Call Test Case 'Test Cases/Pages/Login/Input Email' successfully

2023-07-03 17:47:44 - [TEST_STEP][PASSED] - callTestCase(findTestCase("Pages/Login/Input Password"), ["password":"a1b2c3d4"], STOP_ON_FAILURE): Call Test Case 'Test Cases/Pages/Login/Input Password' successfully

2023-07-03 17:47:44 - [TEST_CASE][PASSED] - Test Cases/Pages/Login/Input Password: Test Cases/Pages/Login/Input Password

2023-07-03 17:47:44 - [TEST_STEP][PASSED] - setText(findTestObject("Login/input_Password"), password): Text 'a1b2c3d4' is set on object 'Object Repository/Login/input_Password'

2023-07-03 17:47:44 - [MESSAGE][PASSED] - Text 'a1b2c3d4' is set on object 'Object Repository/Login/input_Password'

2023-07-03 17:47:44 - [MESSAGE][PASSED] - Call Test Case 'Test Cases/Pages/Login/Input Password' successfully

2023-07-03 17:47:44 - [TEST_STEP][PASSED] - callTestCase(findTestCase("Pages/Login/Click Button Masuk"), [:], STOP_ON_FAILURE): Call Test Case 'Test Cases/Pages/Login/Click Button Masuk' successfully

2023-07-03 17:47:44 - [TEST_CASE][PASSED] - Test Cases/Pages/Login/Click Button Masuk: Test Cases/Pages/Login/Click Button Masuk

2023-07-03 17:47:44 - [TEST_STEP][PASSED] - click(findTestObject("Login/button_Masuk")): Object: 'Object Repository/Login/button_Masuk' is clicked on

2023-07-03 17:47:45 - [MESSAGE][PASSED] - Object: 'Object Repository/Login/button_Masuk' is clicked on

2023-07-03 17:47:45 - [TEST_STEP][PASSED] - waitForPageLoad(5): Wait for page load successfully

2023-07-03 17:47:45 - [MESSAGE][PASSED] - Wait for page load successfully

2023-07-03 17:47:45 - [MESSAGE][PASSED] - Call Test Case 'Test Cases/Pages/Login/Click Button Masuk' successfully

2023-07-03 17:47:45 - [TEST_STEP][PASSED] - callTestCase(findTestCase("Pages/Daftar Jual Saya/Click Product List Icon"), [:], STOP_ON_FAILURE): Call Test Case 'Test Cases/Pages/Daftar Jual Saya/Click Product List Icon' successfully

2023-07-03 17:47:45 - [TEST_CASE][PASSED] - Test Cases/Pages/Daftar Jual Saya/Click Product List Icon: Test Cases/Pages/Daftar Jual Saya/Click Product List Icon

2023-07-03 17:47:45 - [TEST_STEP][PASSED] - click(findTestObject("Navbar/a_Produk Saya Icon")): Object: 'Object Repository/Navbar/a_Produk Saya Icon' is clicked on

2023-07-03 17:47:46 - [MESSAGE][PASSED] - Object: 'Object Repository/Navbar/a_Produk Saya Icon' is clicked on

2023-07-03 17:47:46 - [MESSAGE][PASSED] - Call Test Case 'Test Cases/Pages/Daftar Jual Saya/Click Product List Icon' successfully

2023-07-03 17:47:46 - [TEST_STEP][PASSED] - callTestCase(findTestCase("Pages/Daftar Jual Saya/Verify Content"), [:], STOP_ON_FAILURE): Call Test Case 'Test Cases/Pages/Daftar Jual Saya/Verify Content' successfully

2023-07-03 17:47:47 - [TEST_CASE][PASSED] - Test Cases/Pages/Daftar Jual Saya/Verify Content: Test Cases/Pages/Daftar Jual Saya/Verify Content

2023-07-03 17:47:47 - [TEST_STEP][PASSED] - verifyElementVisible(findTestObject("Daftar Jual Saya/h3_DaftarJualSaya")): Object 'Object Repository/Daftar Jual Saya/h3_DaftarJualSaya' is visible

2023-07-03 17:47:47 - [MESSAGE][PASSED] - Object 'Object Repository/Daftar Jual Saya/h3_DaftarJualSaya' is visible

2023-07-03 17:47:47 - [TEST_STEP][PASSED] - verifyElementVisible(findTestObject("Daftar Jual Saya/a_SemuaProduk")): Object 'Object Repository/Daftar Jual Saya/a_SemuaProduk' is visible

2023-07-03 17:47:47 - [MESSAGE][PASSED] - Object 'Object Repository/Daftar Jual Saya/a_SemuaProduk' is visible

2023-07-03 17:47:47 - [TEST_STEP][PASSED] - verifyElementVisible(findTestObject("Daftar Jual Saya/a_Diminati")): Object 'Object Repository/Daftar Jual Saya/a_Diminati' is visible

2023-07-03 17:47:48 - [MESSAGE][PASSED] - Object 'Object Repository/Daftar Jual Saya/a_Diminati' is visible

2023-07-03 17:47:48 - [TEST_STEP][PASSED] - verifyElementVisible(findTestObject("Daftar Jual Saya/a_Terjual")): Object 'Object Repository/Daftar Jual Saya/a_Terjual' is visible

2023-07-03 17:47:48 - [MESSAGE][PASSED] - Object 'Object Repository/Daftar Jual Saya/a_Terjual' is visible

2023-07-03 17:47:48 - [MESSAGE][PASSED] - Call Test Case 'Test Cases/Pages/Daftar Jual Saya/Verify Content' successfully

2023-07-03 17:47:48 - [TEST_STEP][PASSED] - callTestCase(findTestCase("Pages/Daftar Jual Saya/Click Diminati"), [:], STOP_ON_FAILURE): Call Test Case 'Test Cases/Pages/Daftar Jual Saya/Click Diminati' successfully

2023-07-03 17:47:48 - [TEST_CASE][PASSED] - Test Cases/Pages/Daftar Jual Saya/Click Diminati: Test Cases/Pages/Daftar Jual Saya/Click Diminati

2023-07-03 17:47:48 - [TEST_STEP][PASSED] - click(findTestObject("Daftar Jual Saya/a_Diminati")): Object: 'Object Repository/Daftar Jual Saya/a_Diminati' is clicked on

2023-07-03 17:47:49 - [MESSAGE][PASSED] - Object: 'Object Repository/Daftar Jual Saya/a_Diminati' is clicked on

2023-07-03 17:47:49 - [MESSAGE][PASSED] - Call Test Case 'Test Cases/Pages/Daftar Jual Saya/Click Diminati' successfully

2023-07-03 17:47:49 - [TEST_STEP][PASSED] - callTestCase(findTestCase("Pages/Daftar Jual Saya/Verify No Product Exists"), [:], STOP_ON_FAILURE): Call Test Case 'Test Cases/Pages/Daftar Jual Saya/Verify No Product Exists' successfully

2023-07-03 17:47:49 - [TEST_CASE][PASSED] - Test Cases/Pages/Daftar Jual Saya/Verify No Product Exists: Test Cases/Pages/Daftar Jual Saya/Verify No Product Exists

2023-07-03 17:47:49 - [TEST_STEP][PASSED] - verifyElementPresent(findTestObject("Daftar Jual Saya/img_ImgNoProduct"), 0): Object 'Object Repository/Daftar Jual Saya/img_ImgNoProduct' is present

2023-07-03 17:47:49 - [MESSAGE][WARNING] - Timeout '0' is invalid. Using default page load timeout: '30'

2023-07-03 17:47:49 - [MESSAGE][PASSED] - Object 'Object Repository/Daftar Jual Saya/img_ImgNoProduct' is present

2023-07-03 17:47:49 - [TEST_STEP][PASSED] - verifyElementVisible(findTestObject("Daftar Jual Saya/p_TextNoProduct")): Object 'Object Repository/Daftar Jual Saya/p_TextNoProduct' is visible

2023-07-03 17:47:49 - [MESSAGE][PASSED] - Object 'Object Repository/Daftar Jual Saya/p_TextNoProduct' is visible

2023-07-03 17:47:49 - [MESSAGE][PASSED] - Call Test Case 'Test Cases/Pages/Daftar Jual Saya/Verify No Product Exists' successfully

2023-07-03 17:47:49 - [TEST_STEP][PASSED] - Start listener action : AfterTestCase: Browser is closed

2023-07-03 17:47:49 - [TEST_STEP][PASSED] - logInfo("Test Case: " + testCaseContext.getTestCaseId() + " | " + testCaseContext.getTestCaseStatus()): Test Case: Test Cases/Step Definition/Feature Daftar Jual Saya/DJS04 - See Diminati No Product | PASSED

2023-07-03 17:47:49 - [MESSAGE][INFO] - Test Case: Test Cases/Step Definition/Feature Daftar Jual Saya/DJS04 - See Diminati No Product | PASSED

2023-07-03 17:47:49 - [TEST_STEP][PASSED] - closeBrowser(): null

2023-07-03 17:47:49 - [TEST_STEP][PASSED] - closeBrowser(): Browser is closed

2023-07-03 17:47:50 - [MESSAGE][PASSED] - Browser is closed]]></system-out>
         <system-err><![CDATA[]]></system-err>
      </testcase>
      <testcase name="Test Cases/Step Definition/Feature Daftar Jual Saya/DJS06 - See Terjual No Product" time="10.816" classname="Test Cases/Step Definition/Feature Daftar Jual Saya/DJS06 - See Terjual No Product" status="PASSED">
         <system-out><![CDATA[2023-07-03 17:47:50 - [TEST_CASE][PASSED] - Test Cases/Step Definition/Feature Daftar Jual Saya/DJS06 - See Terjual No Product: Test Cases/Step Definition/Feature Daftar Jual Saya/DJS06 - See Terjual No Product

2023-07-03 17:47:50 - [TEST_STEP][PASSED] - Start listener action : BeforeTestCase: Current window maximized

2023-07-03 17:47:50 - [TEST_STEP][PASSED] - logInfo("Test Case: " + testCaseContext.getTestCaseId()): Test Case: Test Cases/Step Definition/Feature Daftar Jual Saya/DJS06 - See Terjual No Product

2023-07-03 17:47:50 - [MESSAGE][INFO] - Test Case: Test Cases/Step Definition/Feature Daftar Jual Saya/DJS06 - See Terjual No Product

2023-07-03 17:47:50 - [TEST_STEP][PASSED] - openBrowser(): null

2023-07-03 17:47:50 - [TEST_STEP][PASSED] - openBrowser("https://secondhand.binaracademy.org/"): Browser is opened with url: 'https://secondhand.binaracademy.org/'

2023-07-03 17:47:50 - [MESSAGE][INFO] - Starting 'Chrome' driver

2023-07-03 17:47:50 - [MESSAGE][INFO] - Action delay is set to 0 milliseconds

2023-07-03 17:47:53 - [MESSAGE][PASSED] - Browser is opened with url: 'https://secondhand.binaracademy.org/'

2023-07-03 17:47:53 - [TEST_STEP][PASSED] - maximizeWindow(): Current window maximized

2023-07-03 17:47:53 - [MESSAGE][PASSED] - Current window maximized

2023-07-03 17:47:53 - [TEST_STEP][PASSED] - callTestCase(findTestCase("Pages/Homepage/Click Masuk from homepage"), [:], STOP_ON_FAILURE): Call Test Case 'Test Cases/Pages/Homepage/Click Masuk from homepage' successfully

2023-07-03 17:47:53 - [TEST_CASE][PASSED] - Test Cases/Pages/Homepage/Click Masuk from homepage: Test Cases/Pages/Homepage/Click Masuk from homepage

2023-07-03 17:47:53 - [TEST_STEP][PASSED] - click(findTestObject("Navbar/a_Masuk")): Object: 'Object Repository/Navbar/a_Masuk' is clicked on

2023-07-03 17:47:53 - [MESSAGE][PASSED] - Object: 'Object Repository/Navbar/a_Masuk' is clicked on

2023-07-03 17:47:53 - [MESSAGE][PASSED] - Call Test Case 'Test Cases/Pages/Homepage/Click Masuk from homepage' successfully

2023-07-03 17:47:53 - [TEST_STEP][PASSED] - callTestCase(findTestCase("Pages/Login/Input Email"), ["email":"gunawansipembeli@jualbeli.com"], STOP_ON_FAILURE): Call Test Case 'Test Cases/Pages/Login/Input Email' successfully

2023-07-03 17:47:53 - [TEST_CASE][PASSED] - Test Cases/Pages/Login/Input Email: Test Cases/Pages/Login/Input Email

2023-07-03 17:47:53 - [TEST_STEP][PASSED] - setText(findTestObject("Login/input_Email"), email): Text 'gunawansipembeli@jualbeli.com' is set on object 'Object Repository/Login/input_Email'

2023-07-03 17:47:54 - [MESSAGE][PASSED] - Text 'gunawansipembeli@jualbeli.com' is set on object 'Object Repository/Login/input_Email'

2023-07-03 17:47:54 - [MESSAGE][PASSED] - Call Test Case 'Test Cases/Pages/Login/Input Email' successfully

2023-07-03 17:47:54 - [TEST_STEP][PASSED] - callTestCase(findTestCase("Pages/Login/Input Password"), ["password":"a1b2c3d4"], STOP_ON_FAILURE): Call Test Case 'Test Cases/Pages/Login/Input Password' successfully

2023-07-03 17:47:54 - [TEST_CASE][PASSED] - Test Cases/Pages/Login/Input Password: Test Cases/Pages/Login/Input Password

2023-07-03 17:47:54 - [TEST_STEP][PASSED] - setText(findTestObject("Login/input_Password"), password): Text 'a1b2c3d4' is set on object 'Object Repository/Login/input_Password'

2023-07-03 17:47:55 - [MESSAGE][PASSED] - Text 'a1b2c3d4' is set on object 'Object Repository/Login/input_Password'

2023-07-03 17:47:55 - [MESSAGE][PASSED] - Call Test Case 'Test Cases/Pages/Login/Input Password' successfully

2023-07-03 17:47:55 - [TEST_STEP][PASSED] - callTestCase(findTestCase("Pages/Login/Click Button Masuk"), [:], STOP_ON_FAILURE): Call Test Case 'Test Cases/Pages/Login/Click Button Masuk' successfully

2023-07-03 17:47:55 - [TEST_CASE][PASSED] - Test Cases/Pages/Login/Click Button Masuk: Test Cases/Pages/Login/Click Button Masuk

2023-07-03 17:47:55 - [TEST_STEP][PASSED] - click(findTestObject("Login/button_Masuk")): Object: 'Object Repository/Login/button_Masuk' is clicked on

2023-07-03 17:47:55 - [MESSAGE][PASSED] - Object: 'Object Repository/Login/button_Masuk' is clicked on

2023-07-03 17:47:55 - [TEST_STEP][PASSED] - waitForPageLoad(5): Wait for page load successfully

2023-07-03 17:47:55 - [MESSAGE][PASSED] - Wait for page load successfully

2023-07-03 17:47:55 - [MESSAGE][PASSED] - Call Test Case 'Test Cases/Pages/Login/Click Button Masuk' successfully

2023-07-03 17:47:55 - [TEST_STEP][PASSED] - callTestCase(findTestCase("Pages/Daftar Jual Saya/Click Product List Icon"), [:], STOP_ON_FAILURE): Call Test Case 'Test Cases/Pages/Daftar Jual Saya/Click Product List Icon' successfully

2023-07-03 17:47:55 - [TEST_CASE][PASSED] - Test Cases/Pages/Daftar Jual Saya/Click Product List Icon: Test Cases/Pages/Daftar Jual Saya/Click Product List Icon

2023-07-03 17:47:55 - [TEST_STEP][PASSED] - click(findTestObject("Navbar/a_Produk Saya Icon")): Object: 'Object Repository/Navbar/a_Produk Saya Icon' is clicked on

2023-07-03 17:47:57 - [MESSAGE][PASSED] - Object: 'Object Repository/Navbar/a_Produk Saya Icon' is clicked on

2023-07-03 17:47:57 - [MESSAGE][PASSED] - Call Test Case 'Test Cases/Pages/Daftar Jual Saya/Click Product List Icon' successfully

2023-07-03 17:47:57 - [TEST_STEP][PASSED] - callTestCase(findTestCase("Pages/Daftar Jual Saya/Verify Content"), [:], STOP_ON_FAILURE): Call Test Case 'Test Cases/Pages/Daftar Jual Saya/Verify Content' successfully

2023-07-03 17:47:57 - [TEST_CASE][PASSED] - Test Cases/Pages/Daftar Jual Saya/Verify Content: Test Cases/Pages/Daftar Jual Saya/Verify Content

2023-07-03 17:47:57 - [TEST_STEP][PASSED] - verifyElementVisible(findTestObject("Daftar Jual Saya/h3_DaftarJualSaya")): Object 'Object Repository/Daftar Jual Saya/h3_DaftarJualSaya' is visible

2023-07-03 17:47:58 - [MESSAGE][PASSED] - Object 'Object Repository/Daftar Jual Saya/h3_DaftarJualSaya' is visible

2023-07-03 17:47:58 - [TEST_STEP][PASSED] - verifyElementVisible(findTestObject("Daftar Jual Saya/a_SemuaProduk")): Object 'Object Repository/Daftar Jual Saya/a_SemuaProduk' is visible

2023-07-03 17:47:58 - [MESSAGE][PASSED] - Object 'Object Repository/Daftar Jual Saya/a_SemuaProduk' is visible

2023-07-03 17:47:58 - [TEST_STEP][PASSED] - verifyElementVisible(findTestObject("Daftar Jual Saya/a_Diminati")): Object 'Object Repository/Daftar Jual Saya/a_Diminati' is visible

2023-07-03 17:47:59 - [MESSAGE][PASSED] - Object 'Object Repository/Daftar Jual Saya/a_Diminati' is visible

2023-07-03 17:47:59 - [TEST_STEP][PASSED] - verifyElementVisible(findTestObject("Daftar Jual Saya/a_Terjual")): Object 'Object Repository/Daftar Jual Saya/a_Terjual' is visible

2023-07-03 17:47:59 - [MESSAGE][PASSED] - Object 'Object Repository/Daftar Jual Saya/a_Terjual' is visible

2023-07-03 17:47:59 - [MESSAGE][PASSED] - Call Test Case 'Test Cases/Pages/Daftar Jual Saya/Verify Content' successfully

2023-07-03 17:47:59 - [TEST_STEP][PASSED] - callTestCase(findTestCase("Pages/Daftar Jual Saya/Click Terjual"), [:], STOP_ON_FAILURE): Call Test Case 'Test Cases/Pages/Daftar Jual Saya/Click Terjual' successfully

2023-07-03 17:47:59 - [TEST_CASE][PASSED] - Test Cases/Pages/Daftar Jual Saya/Click Terjual: Test Cases/Pages/Daftar Jual Saya/Click Terjual

2023-07-03 17:47:59 - [TEST_STEP][PASSED] - click(findTestObject("Daftar Jual Saya/a_Terjual")): Object: 'Object Repository/Daftar Jual Saya/a_Terjual' is clicked on

2023-07-03 17:47:59 - [MESSAGE][PASSED] - Object: 'Object Repository/Daftar Jual Saya/a_Terjual' is clicked on

2023-07-03 17:47:59 - [MESSAGE][PASSED] - Call Test Case 'Test Cases/Pages/Daftar Jual Saya/Click Terjual' successfully

2023-07-03 17:47:59 - [TEST_STEP][PASSED] - callTestCase(findTestCase("Pages/Daftar Jual Saya/Verify No Product Exists"), [:], STOP_ON_FAILURE): Call Test Case 'Test Cases/Pages/Daftar Jual Saya/Verify No Product Exists' successfully

2023-07-03 17:47:59 - [TEST_CASE][PASSED] - Test Cases/Pages/Daftar Jual Saya/Verify No Product Exists: Test Cases/Pages/Daftar Jual Saya/Verify No Product Exists

2023-07-03 17:47:59 - [TEST_STEP][PASSED] - verifyElementPresent(findTestObject("Daftar Jual Saya/img_ImgNoProduct"), 0): Object 'Object Repository/Daftar Jual Saya/img_ImgNoProduct' is present

2023-07-03 17:47:59 - [MESSAGE][WARNING] - Timeout '0' is invalid. Using default page load timeout: '30'

2023-07-03 17:48:00 - [MESSAGE][PASSED] - Object 'Object Repository/Daftar Jual Saya/img_ImgNoProduct' is present

2023-07-03 17:48:00 - [TEST_STEP][PASSED] - verifyElementVisible(findTestObject("Daftar Jual Saya/p_TextNoProduct")): Object 'Object Repository/Daftar Jual Saya/p_TextNoProduct' is visible

2023-07-03 17:48:00 - [MESSAGE][PASSED] - Object 'Object Repository/Daftar Jual Saya/p_TextNoProduct' is visible

2023-07-03 17:48:00 - [MESSAGE][PASSED] - Call Test Case 'Test Cases/Pages/Daftar Jual Saya/Verify No Product Exists' successfully

2023-07-03 17:48:00 - [TEST_STEP][PASSED] - Start listener action : AfterTestCase: Browser is closed

2023-07-03 17:48:00 - [TEST_STEP][PASSED] - logInfo("Test Case: " + testCaseContext.getTestCaseId() + " | " + testCaseContext.getTestCaseStatus()): Test Case: Test Cases/Step Definition/Feature Daftar Jual Saya/DJS06 - See Terjual No Product | PASSED

2023-07-03 17:48:00 - [MESSAGE][INFO] - Test Case: Test Cases/Step Definition/Feature Daftar Jual Saya/DJS06 - See Terjual No Product | PASSED

2023-07-03 17:48:00 - [TEST_STEP][PASSED] - closeBrowser(): null

2023-07-03 17:48:00 - [TEST_STEP][PASSED] - closeBrowser(): Browser is closed

2023-07-03 17:48:01 - [MESSAGE][PASSED] - Browser is closed]]></system-out>
         <system-err><![CDATA[]]></system-err>
      </testcase>
      <system-out><![CDATA[2023-07-03 17:46:57 - [TEST_SUITE][PASSED] - Feature Daftar Jual Saya - Negative Case: Test Cases/Step Definition/Feature Daftar Jual Saya/DJS06 - See Terjual No Product]]></system-out>
      <system-err><![CDATA[]]></system-err>
   </testsuite>
</testsuites>
