<?xml version="1.0" encoding="UTF-8"?>
<testsuites name="Feature Bid - Negative Case" time="70.019" tests="1" failures="0" errors="0">
   <testsuite name="Feature Bid - Negative Case" tests="1" failures="0" errors="0" time="70.019" skipped="0" timestamp="2023-07-03 20:12:34" hostname="ASUS - ASUS-RN911" id="Test Suites/Feature Bid - Negative Case">
      <properties>
         <property name="deviceName" value="realme RMX1921 (Android 11)"/>
         <property name="devicePlatform" value=""/>
         <property name="logFolder" value="E:\\GitRepo\\Katalon\\binarqa-group1-app\\Reports\\20230703_201216\\Feature Bid - Negative Case\\20230703_201216"/>
         <property name="logFiles" value="E:\\GitRepo\\Katalon\\binarqa-group1-app\\Reports\\20230703_201216\\Feature Bid - Negative Case\\20230703_201216\\appium.log, E:\\GitRepo\\Katalon\\binarqa-group1-app\\Reports\\20230703_201216\\Feature Bid - Negative Case\\20230703_201216\\execution0.log"/>
         <property name="attachments" value=""/>
         <property name="hostName" value="ASUS - ASUS-RN911"/>
         <property name="os" value="Windows 10 64bit"/>
         <property name="appiumServerStatus" value="{&quot;value&quot;:{&quot;build&quot;:{&quot;version&quot;:&quot;1.22.3&quot;}},&quot;sessionId&quot;:null,&quot;status&quot;:0}"/>
         <property name="katalonVersion" value="8.6.0.208"/>
         <property name="deviceOS" value="Android"/>
         <property name="appiumVersion" value="1.22.3"/>
         <property name="deviceModel" value="RMX1921"/>
         <property name="hostAddress" value="192.168.1.116"/>
         <property name="deviceManufacturer" value="realme"/>
         <property name="deviceId" value="fd03a52e"/>
         <property name="deviceName" value="realme RMX1921 (Android 11)"/>
         <property name="deviceOSVersion" value="11"/>
      </properties>
      <testcase name="Test Cases/Step Definition/Feature Bid/BID02 - Bid Invalid" time="58.205" classname="Test Cases/Step Definition/Feature Bid/BID02 - Bid Invalid" status="PASSED">
         <system-out><![CDATA[2023-07-03 20:12:46 - [TEST_CASE][PASSED] - Test Cases/Step Definition/Feature Bid/BID02 - Bid Invalid: Test Cases/Step Definition/Feature Bid/BID02 - Bid Invalid

2023-07-03 20:12:46 - [TEST_STEP][PASSED] - Start listener action : beforeTestCase: Started app at: 'E:\GitRepo\Katalon\binarqa-group1-app\Apk\app-release-second-hand-gcp.apk'

2023-07-03 20:12:46 - [TEST_STEP][PASSED] - logInfo("Test Case: " + testCaseContext.getTestCaseId()): Test Case: Test Cases/Step Definition/Feature Bid/BID02 - Bid Invalid

2023-07-03 20:12:46 - [MESSAGE][INFO] - Test Case: Test Cases/Step Definition/Feature Bid/BID02 - Bid Invalid

2023-07-03 20:12:46 - [TEST_STEP][PASSED] - launchApp(): null

2023-07-03 20:12:46 - [TEST_STEP][PASSED] - startApplication(System.getProperty("user.dir") + "\Apk\app-release-second-hand-gcp.apk", false): Started app at: 'E:\GitRepo\Katalon\binarqa-group1-app\Apk\app-release-second-hand-gcp.apk'

2023-07-03 20:12:46 - [MESSAGE][INFO] - User set preference: ['appWaitActivity', '*']

2023-07-03 20:12:46 - [MESSAGE][INFO] - User set preference: ['appWaitforLaunch', 'false']

2023-07-03 20:12:46 - [MESSAGE][INFO] - User set preference: ['noReset', 'true']

2023-07-03 20:12:46 - [MESSAGE][INFO] - User set preference: ['ignoreHiddenApiPolicyError', 'true']

2023-07-03 20:12:46 - [MESSAGE][INFO] - User set preference: ['deviceId', '']

2023-07-03 20:12:54 - [MESSAGE][PASSED] - Started app at: 'E:\GitRepo\Katalon\binarqa-group1-app\Apk\app-release-second-hand-gcp.apk'

2023-07-03 20:12:54 - [TEST_STEP][PASSED] - callTestCase(findTestCase("Pages/Navbar/Tap Akun"), [:], STOP_ON_FAILURE): Call Test Case 'Test Cases/Pages/Navbar/Tap Akun' successfully

2023-07-03 20:12:54 - [TEST_CASE][PASSED] - Test Cases/Pages/Navbar/Tap Akun: Test Cases/Pages/Navbar/Tap Akun

2023-07-03 20:12:55 - [TEST_STEP][PASSED] - tap(findTestObject("Navbar/android.widget.FrameLayout - Navbar Akun"), 0): Tapped on element 'Object Repository/Navbar/android.widget.FrameLayout - Navbar Akun'

2023-07-03 20:12:55 - [MESSAGE][WARNING] - Timeout '0' is invalid. Using default page load timeout: '30'

2023-07-03 20:12:55 - [MESSAGE][PASSED] - Tapped on element 'Object Repository/Navbar/android.widget.FrameLayout - Navbar Akun'

2023-07-03 20:12:55 - [MESSAGE][PASSED] - Call Test Case 'Test Cases/Pages/Navbar/Tap Akun' successfully

2023-07-03 20:12:55 - [TEST_STEP][PASSED] - callTestCase(findTestCase("Pages/Akun/Tap Masuk from Akun Page"), [:], STOP_ON_FAILURE): Call Test Case 'Test Cases/Pages/Akun/Tap Masuk from Akun Page' successfully

2023-07-03 20:12:55 - [TEST_CASE][PASSED] - Test Cases/Pages/Akun/Tap Masuk from Akun Page: Test Cases/Pages/Akun/Tap Masuk from Akun Page

2023-07-03 20:12:55 - [TEST_STEP][PASSED] - tap(findTestObject("Akun/android.widget.Button - Masuk from Akun"), 0): Tapped on element 'Object Repository/Akun/android.widget.Button - Masuk from Akun'

2023-07-03 20:12:55 - [MESSAGE][WARNING] - Timeout '0' is invalid. Using default page load timeout: '30'

2023-07-03 20:12:56 - [MESSAGE][PASSED] - Tapped on element 'Object Repository/Akun/android.widget.Button - Masuk from Akun'

2023-07-03 20:12:56 - [MESSAGE][PASSED] - Call Test Case 'Test Cases/Pages/Akun/Tap Masuk from Akun Page' successfully

2023-07-03 20:12:56 - [TEST_STEP][PASSED] - callTestCase(findTestCase("Pages/Login/Input Email"), ["email":"alexbeli1@gmail.com"], STOP_ON_FAILURE): Call Test Case 'Test Cases/Pages/Login/Input Email' successfully

2023-07-03 20:12:56 - [TEST_CASE][PASSED] - Test Cases/Pages/Login/Input Email: Test Cases/Pages/Login/Input Email

2023-07-03 20:12:56 - [TEST_STEP][PASSED] - setText(findTestObject("Login/android.widget.EditText - Email"), email, 0): Text 'alexbeli1@gmail.com' has been set to element 'Object Repository/Login/android.widget.EditText - Email'

2023-07-03 20:12:56 - [MESSAGE][WARNING] - Timeout '0' is invalid. Using default page load timeout: '30'

2023-07-03 20:12:58 - [MESSAGE][PASSED] - Text 'alexbeli1@gmail.com' has been set to element 'Object Repository/Login/android.widget.EditText - Email'

2023-07-03 20:12:58 - [MESSAGE][PASSED] - Call Test Case 'Test Cases/Pages/Login/Input Email' successfully

2023-07-03 20:12:58 - [TEST_STEP][PASSED] - callTestCase(findTestCase("Pages/Login/Input Password"), ["password":"asdqwe"], STOP_ON_FAILURE): Call Test Case 'Test Cases/Pages/Login/Input Password' successfully

2023-07-03 20:12:58 - [TEST_CASE][PASSED] - Test Cases/Pages/Login/Input Password: Test Cases/Pages/Login/Input Password

2023-07-03 20:12:58 - [TEST_STEP][PASSED] - setText(findTestObject("Login/android.widget.EditText - Password"), password, 0): Text 'asdqwe' has been set to element 'Object Repository/Login/android.widget.EditText - Password'

2023-07-03 20:12:58 - [MESSAGE][WARNING] - Timeout '0' is invalid. Using default page load timeout: '30'

2023-07-03 20:13:00 - [MESSAGE][PASSED] - Text 'asdqwe' has been set to element 'Object Repository/Login/android.widget.EditText - Password'

2023-07-03 20:13:00 - [MESSAGE][PASSED] - Call Test Case 'Test Cases/Pages/Login/Input Password' successfully

2023-07-03 20:13:00 - [TEST_STEP][PASSED] - callTestCase(findTestCase("Pages/Login/Tap Button Masuk"), [:], STOP_ON_FAILURE): Call Test Case 'Test Cases/Pages/Login/Tap Button Masuk' successfully

2023-07-03 20:13:00 - [TEST_CASE][PASSED] - Test Cases/Pages/Login/Tap Button Masuk: Test Cases/Pages/Login/Tap Button Masuk

2023-07-03 20:13:00 - [TEST_STEP][PASSED] - tap(findTestObject("Login/android.widget.Button - Button Masuk"), 0): Tapped on element 'Object Repository/Login/android.widget.Button - Button Masuk'

2023-07-03 20:13:00 - [MESSAGE][WARNING] - Timeout '0' is invalid. Using default page load timeout: '30'

2023-07-03 20:13:01 - [MESSAGE][PASSED] - Tapped on element 'Object Repository/Login/android.widget.Button - Button Masuk'

2023-07-03 20:13:01 - [MESSAGE][PASSED] - Call Test Case 'Test Cases/Pages/Login/Tap Button Masuk' successfully

2023-07-03 20:13:01 - [TEST_STEP][PASSED] - callTestCase(findTestCase("Pages/Navbar/Tap Beranda"), [:], STOP_ON_FAILURE): Call Test Case 'Test Cases/Pages/Navbar/Tap Beranda' successfully

2023-07-03 20:13:01 - [TEST_CASE][PASSED] - Test Cases/Pages/Navbar/Tap Beranda: Test Cases/Pages/Navbar/Tap Beranda

2023-07-03 20:13:02 - [TEST_STEP][PASSED] - tap(findTestObject("Navbar/android.widget.FrameLayout - Navbar Beranda"), 0): Tapped on element 'Object Repository/Navbar/android.widget.FrameLayout - Navbar Beranda'

2023-07-03 20:13:02 - [MESSAGE][WARNING] - Timeout '0' is invalid. Using default page load timeout: '30'

2023-07-03 20:13:03 - [MESSAGE][PASSED] - Tapped on element 'Object Repository/Navbar/android.widget.FrameLayout - Navbar Beranda'

2023-07-03 20:13:03 - [MESSAGE][PASSED] - Call Test Case 'Test Cases/Pages/Navbar/Tap Beranda' successfully

2023-07-03 20:13:03 - [TEST_STEP][PASSED] - callTestCase(findTestCase("Pages/Homepage/Tap Search Field"), [:], STOP_ON_FAILURE): Call Test Case 'Test Cases/Pages/Homepage/Tap Search Field' successfully

2023-07-03 20:13:03 - [TEST_CASE][PASSED] - Test Cases/Pages/Homepage/Tap Search Field: Test Cases/Pages/Homepage/Tap Search Field

2023-07-03 20:13:03 - [TEST_STEP][PASSED] - tap(findTestObject("Homepage/android.widget.EditText - Search Field"), 0): Tapped on element 'Object Repository/Homepage/android.widget.EditText - Search Field'

2023-07-03 20:13:03 - [MESSAGE][WARNING] - Timeout '0' is invalid. Using default page load timeout: '30'

2023-07-03 20:13:04 - [MESSAGE][PASSED] - Tapped on element 'Object Repository/Homepage/android.widget.EditText - Search Field'

2023-07-03 20:13:04 - [MESSAGE][PASSED] - Call Test Case 'Test Cases/Pages/Homepage/Tap Search Field' successfully

2023-07-03 20:13:04 - [TEST_STEP][PASSED] - callTestCase(findTestCase("Pages/Search Page/Input Text Search Field"), ["searchText":"produk dijual"], STOP_ON_FAILURE): Call Test Case 'Test Cases/Pages/Search Page/Input Text Search Field' successfully

2023-07-03 20:13:04 - [TEST_CASE][PASSED] - Test Cases/Pages/Search Page/Input Text Search Field: Test Cases/Pages/Search Page/Input Text Search Field

2023-07-03 20:13:04 - [TEST_STEP][PASSED] - setText(findTestObject("Search/android.widget.EditText - Text Search Field"), searchText, 0): Text 'produk dijual' has been set to element 'Object Repository/Search/android.widget.EditText - Text Search Field'

2023-07-03 20:13:04 - [MESSAGE][WARNING] - Timeout '0' is invalid. Using default page load timeout: '30'

2023-07-03 20:13:07 - [MESSAGE][PASSED] - Text 'produk dijual' has been set to element 'Object Repository/Search/android.widget.EditText - Text Search Field'

2023-07-03 20:13:07 - [MESSAGE][PASSED] - Call Test Case 'Test Cases/Pages/Search Page/Input Text Search Field' successfully

2023-07-03 20:13:07 - [TEST_STEP][PASSED] - callTestCase(findTestCase("Pages/Buyer Bid/Click First Search"), [:], STOP_ON_FAILURE): Call Test Case 'Test Cases/Pages/Buyer Bid/Click First Search' successfully

2023-07-03 20:13:07 - [TEST_CASE][PASSED] - Test Cases/Pages/Buyer Bid/Click First Search: Test Cases/Pages/Buyer Bid/Click First Search

2023-07-03 20:13:07 - [TEST_STEP][PASSED] - tap(findTestObject("Search/android.view.ViewGroup - First Search Result"), 10): Tapped on element 'Object Repository/Search/android.view.ViewGroup - First Search Result'

2023-07-03 20:13:13 - [MESSAGE][PASSED] - Tapped on element 'Object Repository/Search/android.view.ViewGroup - First Search Result'

2023-07-03 20:13:13 - [MESSAGE][PASSED] - Call Test Case 'Test Cases/Pages/Buyer Bid/Click First Search' successfully

2023-07-03 20:13:13 - [TEST_STEP][PASSED] - callTestCase(findTestCase("Pages/Buyer Bid/Click Saya Tertarik dan Ingin Nego"), [:], STOP_ON_FAILURE): Call Test Case 'Test Cases/Pages/Buyer Bid/Click Saya Tertarik dan Ingin Nego' successfully

2023-07-03 20:13:13 - [TEST_CASE][PASSED] - Test Cases/Pages/Buyer Bid/Click Saya Tertarik dan Ingin Nego: Test Cases/Pages/Buyer Bid/Click Saya Tertarik dan Ingin Nego

2023-07-03 20:13:13 - [TEST_STEP][PASSED] - tap(findTestObject("Product Detail/android.widget.Button - Saya Tertarik dan Ingin Nego"), 0): Tapped on element 'Object Repository/Product Detail/android.widget.Button - Saya Tertarik dan Ingin Nego'

2023-07-03 20:13:13 - [MESSAGE][WARNING] - Timeout '0' is invalid. Using default page load timeout: '30'

2023-07-03 20:13:17 - [MESSAGE][PASSED] - Tapped on element 'Object Repository/Product Detail/android.widget.Button - Saya Tertarik dan Ingin Nego'

2023-07-03 20:13:17 - [MESSAGE][PASSED] - Call Test Case 'Test Cases/Pages/Buyer Bid/Click Saya Tertarik dan Ingin Nego' successfully

2023-07-03 20:13:17 - [TEST_STEP][PASSED] - callTestCase(findTestCase("Pages/Buyer Bid/Input Harga Tawar"), ["harga":"999999999"], STOP_ON_FAILURE): Call Test Case 'Test Cases/Pages/Buyer Bid/Input Harga Tawar' successfully

2023-07-03 20:13:18 - [TEST_CASE][PASSED] - Test Cases/Pages/Buyer Bid/Input Harga Tawar: Test Cases/Pages/Buyer Bid/Input Harga Tawar

2023-07-03 20:13:18 - [TEST_STEP][PASSED] - setText(findTestObject("Product Detail/android.widget.EditText - Input Harga Tawar"), harga, 0): Text '999999999' has been set to element 'Object Repository/Product Detail/android.widget.EditText - Input Harga Tawar'

2023-07-03 20:13:18 - [MESSAGE][WARNING] - Timeout '0' is invalid. Using default page load timeout: '30'

2023-07-03 20:13:19 - [MESSAGE][PASSED] - Text '999999999' has been set to element 'Object Repository/Product Detail/android.widget.EditText - Input Harga Tawar'

2023-07-03 20:13:19 - [MESSAGE][PASSED] - Call Test Case 'Test Cases/Pages/Buyer Bid/Input Harga Tawar' successfully

2023-07-03 20:13:19 - [TEST_STEP][PASSED] - callTestCase(findTestCase("Pages/Buyer Bid/Click Kirim Button"), [:], STOP_ON_FAILURE): Call Test Case 'Test Cases/Pages/Buyer Bid/Click Kirim Button' successfully

2023-07-03 20:13:19 - [TEST_CASE][PASSED] - Test Cases/Pages/Buyer Bid/Click Kirim Button: Test Cases/Pages/Buyer Bid/Click Kirim Button

2023-07-03 20:13:19 - [TEST_STEP][PASSED] - waitForElementPresent(findTestObject("Product Detail/android.widget.Button - Kirim Harga Nego"), 0): Element 'Object Repository/Product Detail/android.widget.Button - Kirim Harga Nego' is present

2023-07-03 20:13:20 - [MESSAGE][WARNING] - Timeout '0' is invalid. Using default page load timeout: '30'

2023-07-03 20:13:20 - [MESSAGE][PASSED] - Element 'Object Repository/Product Detail/android.widget.Button - Kirim Harga Nego' is present

2023-07-03 20:13:20 - [TEST_STEP][PASSED] - tap(findTestObject("Product Detail/android.widget.Button - Kirim Harga Nego"), 0, STOP_ON_FAILURE): Tapped on element 'Object Repository/Product Detail/android.widget.Button - Kirim Harga Nego'

2023-07-03 20:13:20 - [MESSAGE][WARNING] - Timeout '0' is invalid. Using default page load timeout: '30'

2023-07-03 20:13:20 - [MESSAGE][PASSED] - Tapped on element 'Object Repository/Product Detail/android.widget.Button - Kirim Harga Nego'

2023-07-03 20:13:20 - [TEST_STEP][PASSED] - delay(5): Delayed 5 second(s)

2023-07-03 20:13:25 - [MESSAGE][PASSED] - Delayed 5 second(s)

2023-07-03 20:13:25 - [MESSAGE][PASSED] - Call Test Case 'Test Cases/Pages/Buyer Bid/Click Kirim Button' successfully

2023-07-03 20:13:25 - [TEST_STEP][PASSED] - callTestCase(findTestCase("Pages/Buyer Bid/Refresh"), [:], STOP_ON_FAILURE): Call Test Case 'Test Cases/Pages/Buyer Bid/Refresh' successfully

2023-07-03 20:13:25 - [TEST_CASE][PASSED] - Test Cases/Pages/Buyer Bid/Refresh: Test Cases/Pages/Buyer Bid/Refresh

2023-07-03 20:13:25 - [TEST_STEP][PASSED] - delay(10, STOP_ON_FAILURE): Delayed 10 second(s)

2023-07-03 20:13:35 - [MESSAGE][PASSED] - Delayed 10 second(s)

2023-07-03 20:13:35 - [TEST_STEP][PASSED] - swipe(300, 1400, 300, 1400 + 680): Swiped from 300,1,400 to 300,2,080

2023-07-03 20:13:39 - [MESSAGE][PASSED] - Swiped from 300,1,400 to 300,2,080

2023-07-03 20:13:39 - [MESSAGE][PASSED] - Call Test Case 'Test Cases/Pages/Buyer Bid/Refresh' successfully

2023-07-03 20:13:39 - [TEST_STEP][PASSED] - callTestCase(findTestCase("Pages/Buyer Bid/Verify Bid Valid"), [:], STOP_ON_FAILURE): Call Test Case 'Test Cases/Pages/Buyer Bid/Verify Bid Valid' successfully

2023-07-03 20:13:39 - [TEST_CASE][PASSED] - Test Cases/Pages/Buyer Bid/Verify Bid Valid: Test Cases/Pages/Buyer Bid/Verify Bid Valid

2023-07-03 20:13:39 - [TEST_STEP][PASSED] - verifyElementText(findTestObject("Product Detail/android.widget.Button - Menunggu respon penjual"), "Menunggu respon penjual"): Actual text and expected text of test object 'Object Repository/Product Detail/android.widget.Button - Menunggu respon penjual' are matched.

2023-07-03 20:13:40 - [MESSAGE][PASSED] - Actual text and expected text of test object 'Object Repository/Product Detail/android.widget.Button - Menunggu respon penjual' are matched.

2023-07-03 20:13:40 - [MESSAGE][PASSED] - Call Test Case 'Test Cases/Pages/Buyer Bid/Verify Bid Valid' successfully

2023-07-03 20:13:40 - [TEST_STEP][PASSED] - callTestCase(findTestCase("Pages/Buyer Bid/Click Back"), [:], STOP_ON_FAILURE): Call Test Case 'Test Cases/Pages/Buyer Bid/Click Back' successfully

2023-07-03 20:13:40 - [TEST_CASE][PASSED] - Test Cases/Pages/Buyer Bid/Click Back: Test Cases/Pages/Buyer Bid/Click Back

2023-07-03 20:13:40 - [TEST_STEP][PASSED] - tap(findTestObject("Product Detail/android.widget.ImageView - Back Button"), 0): Tapped on element 'Object Repository/Product Detail/android.widget.ImageView - Back Button'

2023-07-03 20:13:40 - [MESSAGE][WARNING] - Timeout '0' is invalid. Using default page load timeout: '30'

2023-07-03 20:13:40 - [MESSAGE][PASSED] - Tapped on element 'Object Repository/Product Detail/android.widget.ImageView - Back Button'

2023-07-03 20:13:40 - [MESSAGE][PASSED] - Call Test Case 'Test Cases/Pages/Buyer Bid/Click Back' successfully

2023-07-03 20:13:40 - [TEST_STEP][PASSED] - callTestCase(findTestCase("Pages/Buyer Bid/Click Back"), [:], STOP_ON_FAILURE): Call Test Case 'Test Cases/Pages/Buyer Bid/Click Back' successfully

2023-07-03 20:13:40 - [TEST_CASE][PASSED] - Test Cases/Pages/Buyer Bid/Click Back: Test Cases/Pages/Buyer Bid/Click Back

2023-07-03 20:13:40 - [TEST_STEP][PASSED] - tap(findTestObject("Product Detail/android.widget.ImageView - Back Button"), 0): Tapped on element 'Object Repository/Product Detail/android.widget.ImageView - Back Button'

2023-07-03 20:13:40 - [MESSAGE][WARNING] - Timeout '0' is invalid. Using default page load timeout: '30'

2023-07-03 20:13:42 - [MESSAGE][PASSED] - Tapped on element 'Object Repository/Product Detail/android.widget.ImageView - Back Button'

2023-07-03 20:13:42 - [MESSAGE][PASSED] - Call Test Case 'Test Cases/Pages/Buyer Bid/Click Back' successfully

2023-07-03 20:13:42 - [TEST_STEP][PASSED] - callTestCase(findTestCase("Pages/Navbar/Tap Akun"), [:], STOP_ON_FAILURE): Call Test Case 'Test Cases/Pages/Navbar/Tap Akun' successfully

2023-07-03 20:13:42 - [TEST_CASE][PASSED] - Test Cases/Pages/Navbar/Tap Akun: Test Cases/Pages/Navbar/Tap Akun

2023-07-03 20:13:42 - [TEST_STEP][PASSED] - tap(findTestObject("Navbar/android.widget.FrameLayout - Navbar Akun"), 0): Tapped on element 'Object Repository/Navbar/android.widget.FrameLayout - Navbar Akun'

2023-07-03 20:13:43 - [MESSAGE][WARNING] - Timeout '0' is invalid. Using default page load timeout: '30'

2023-07-03 20:13:43 - [MESSAGE][PASSED] - Tapped on element 'Object Repository/Navbar/android.widget.FrameLayout - Navbar Akun'

2023-07-03 20:13:43 - [MESSAGE][PASSED] - Call Test Case 'Test Cases/Pages/Navbar/Tap Akun' successfully

2023-07-03 20:13:43 - [TEST_STEP][PASSED] - callTestCase(findTestCase("Pages/Akun/Tap Logout"), [:], STOP_ON_FAILURE): Call Test Case 'Test Cases/Pages/Akun/Tap Logout' successfully

2023-07-03 20:13:43 - [TEST_CASE][PASSED] - Test Cases/Pages/Akun/Tap Logout: Test Cases/Pages/Akun/Tap Logout

2023-07-03 20:13:43 - [TEST_STEP][PASSED] - tap(findTestObject("Akun/android.view.ViewGroup - Logout"), 0): Tapped on element 'Object Repository/Akun/android.view.ViewGroup - Logout'

2023-07-03 20:13:43 - [MESSAGE][WARNING] - Timeout '0' is invalid. Using default page load timeout: '30'

2023-07-03 20:13:43 - [MESSAGE][PASSED] - Tapped on element 'Object Repository/Akun/android.view.ViewGroup - Logout'

2023-07-03 20:13:43 - [MESSAGE][PASSED] - Call Test Case 'Test Cases/Pages/Akun/Tap Logout' successfully

2023-07-03 20:13:43 - [TEST_STEP][PASSED] - Start listener action : afterTestCase: Close app successfully

2023-07-03 20:13:43 - [TEST_STEP][PASSED] - logInfo("Test Case: " + testCaseContext.getTestCaseId() + " | Status: " + testCaseContext.getTestCaseStatus()): Test Case: Test Cases/Step Definition/Feature Bid/BID02 - Bid Invalid | Status: PASSED

2023-07-03 20:13:43 - [MESSAGE][INFO] - Test Case: Test Cases/Step Definition/Feature Bid/BID02 - Bid Invalid | Status: PASSED

2023-07-03 20:13:43 - [TEST_STEP][PASSED] - closeApplication(): Close app successfully

2023-07-03 20:13:44 - [MESSAGE][PASSED] - Close app successfully]]></system-out>
         <system-err><![CDATA[]]></system-err>
      </testcase>
      <system-out><![CDATA[2023-07-03 20:12:34 - [TEST_SUITE][PASSED] - Feature Bid - Negative Case: Test Cases/Step Definition/Feature Bid/BID02 - Bid Invalid]]></system-out>
      <system-err><![CDATA[]]></system-err>
   </testsuite>
</testsuites>
