<?xml version="1.0" encoding="UTF-8"?>
<testsuites name="Feature Register - Negative Case" time="134.764" tests="9" failures="2" errors="0">
   <testsuite name="Feature Register - Negative Case" tests="9" failures="2" errors="0" time="134.764" skipped="0" timestamp="2023-07-03 17:22:11" hostname="ASUS - ASUS-RN911" id="Test Suites/Feature Register - Negative Case">
      <properties>
         <property name="deviceName" value=""/>
         <property name="devicePlatform" value=""/>
         <property name="logFolder" value="E:\\GitRepo\\Katalon\\binarqa-group1-web\\Reports\\20230703_172208\\Feature Register - Negative Case\\20230703_172209"/>
         <property name="logFiles" value="E:\\GitRepo\\Katalon\\binarqa-group1-web\\Reports\\20230703_172208\\Feature Register - Negative Case\\20230703_172209\\execution0.log"/>
         <property name="attachments" value="E:\\GitRepo\\Katalon\\binarqa-group1-web\\Reports\\20230703_172208\\Feature Register - Negative Case\\20230703_172209\\1688379809172.png, E:\\GitRepo\\Katalon\\binarqa-group1-web\\Reports\\20230703_172208\\Feature Register - Negative Case\\20230703_172209\\1688379809415.png, E:\\GitRepo\\Katalon\\binarqa-group1-web\\Reports\\20230703_172208\\Feature Register - Negative Case\\20230703_172209\\1688379857441.png, E:\\GitRepo\\Katalon\\binarqa-group1-web\\Reports\\20230703_172208\\Feature Register - Negative Case\\20230703_172209\\1688379857533.png"/>
         <property name="hostName" value="ASUS - ASUS-RN911"/>
         <property name="os" value="Windows 10 64bit"/>
         <property name="katalonVersion" value="8.6.0.208"/>
         <property name="browser" value="Chrome 114.0.0.0"/>
         <property name="hostAddress" value="192.168.1.116"/>
         <property name="sessionId" value="5b2a2aba7c77fc1876866e383e4e2df5"/>
         <property name="seleniumVersion" value="3.141.59"/>
         <property name="proxyInformation" value="ProxyInformation { proxyOption=NO_PROXY, proxyServerType=HTTP, username=, password=********, proxyServerAddress=, proxyServerPort=0, executionList=&quot;&quot;, isApplyToDesiredCapabilities=true }"/>
         <property name="platform" value="Windows 10"/>
      </properties>
      <testcase name="Test Cases/Step Definition/Feature Register/REG02 - User register with invalid email" time="11.475" classname="Test Cases/Step Definition/Feature Register/REG02 - User register with invalid email" status="PASSED">
         <system-out><![CDATA[2023-07-03 17:22:11 - [TEST_CASE][PASSED] - Test Cases/Step Definition/Feature Register/REG02 - User register with invalid email: Test Cases/Step Definition/Feature Register/REG02 - User register with invalid email

2023-07-03 17:22:11 - [TEST_STEP][PASSED] - Start listener action : BeforeTestCase: Current window maximized

2023-07-03 17:22:11 - [TEST_STEP][PASSED] - logInfo("Test Case: " + testCaseContext.getTestCaseId()): Test Case: Test Cases/Step Definition/Feature Register/REG02 - User register with invalid email

2023-07-03 17:22:11 - [MESSAGE][INFO] - Test Case: Test Cases/Step Definition/Feature Register/REG02 - User register with invalid email

2023-07-03 17:22:11 - [TEST_STEP][PASSED] - openBrowser(): null

2023-07-03 17:22:11 - [TEST_STEP][PASSED] - openBrowser("https://secondhand.binaracademy.org/"): Browser is opened with url: 'https://secondhand.binaracademy.org/'

2023-07-03 17:22:12 - [MESSAGE][INFO] - Starting 'Chrome' driver

2023-07-03 17:22:12 - [MESSAGE][INFO] - Action delay is set to 0 milliseconds

2023-07-03 17:22:16 - [MESSAGE][PASSED] - Browser is opened with url: 'https://secondhand.binaracademy.org/'

2023-07-03 17:22:16 - [TEST_STEP][PASSED] - maximizeWindow(): Current window maximized

2023-07-03 17:22:16 - [MESSAGE][PASSED] - Current window maximized

2023-07-03 17:22:16 - [TEST_STEP][PASSED] - callTestCase(findTestCase("Pages/Homepage/Click Masuk from homepage"), [:], STOP_ON_FAILURE): Call Test Case 'Test Cases/Pages/Homepage/Click Masuk from homepage' successfully

2023-07-03 17:22:16 - [TEST_CASE][PASSED] - Test Cases/Pages/Homepage/Click Masuk from homepage: Test Cases/Pages/Homepage/Click Masuk from homepage

2023-07-03 17:22:16 - [TEST_STEP][PASSED] - click(findTestObject("Navbar/a_Masuk")): Object: 'Object Repository/Navbar/a_Masuk' is clicked on

2023-07-03 17:22:17 - [MESSAGE][PASSED] - Object: 'Object Repository/Navbar/a_Masuk' is clicked on

2023-07-03 17:22:17 - [MESSAGE][PASSED] - Call Test Case 'Test Cases/Pages/Homepage/Click Masuk from homepage' successfully

2023-07-03 17:22:17 - [TEST_STEP][PASSED] - callTestCase(findTestCase("Pages/Register/Click Button Daftar di sini from login page"), [:], STOP_ON_FAILURE): Call Test Case 'Test Cases/Pages/Register/Click Button Daftar di sini from login page' successfully

2023-07-03 17:22:17 - [TEST_CASE][PASSED] - Test Cases/Pages/Register/Click Button Daftar di sini from login page: Test Cases/Pages/Register/Click Button Daftar di sini from login page

2023-07-03 17:22:17 - [TEST_STEP][PASSED] - click(findTestObject("Login/a_Daftar di sini")): Object: 'Object Repository/Login/a_Daftar di sini' is clicked on

2023-07-03 17:22:17 - [MESSAGE][PASSED] - Object: 'Object Repository/Login/a_Daftar di sini' is clicked on

2023-07-03 17:22:17 - [MESSAGE][PASSED] - Call Test Case 'Test Cases/Pages/Register/Click Button Daftar di sini from login page' successfully

2023-07-03 17:22:17 - [TEST_STEP][PASSED] - callTestCase(findTestCase("Pages/Register/Input Nama with test data"), ["nama":nama], STOP_ON_FAILURE): Call Test Case 'Test Cases/Pages/Register/Input Nama with test data' successfully

2023-07-03 17:22:17 - [TEST_CASE][PASSED] - Test Cases/Pages/Register/Input Nama with test data: Test Cases/Pages/Register/Input Nama with test data

2023-07-03 17:22:18 - [TEST_STEP][PASSED] - setText(findTestObject("Register/input_Name"), nama): Text 'registered email' is set on object 'Object Repository/Register/input_Name'

2023-07-03 17:22:18 - [MESSAGE][PASSED] - Text 'registered email' is set on object 'Object Repository/Register/input_Name'

2023-07-03 17:22:18 - [MESSAGE][PASSED] - Call Test Case 'Test Cases/Pages/Register/Input Nama with test data' successfully

2023-07-03 17:22:18 - [TEST_STEP][PASSED] - callTestCase(findTestCase("Pages/Register/Input Email with test data"), ["email":email], STOP_ON_FAILURE): Call Test Case 'Test Cases/Pages/Register/Input Email with test data' successfully

2023-07-03 17:22:18 - [TEST_CASE][PASSED] - Test Cases/Pages/Register/Input Email with test data: Test Cases/Pages/Register/Input Email with test data

2023-07-03 17:22:19 - [TEST_STEP][PASSED] - setText(findTestObject("Register/input_Email"), email): Text 'groupsatu@gmail.com' is set on object 'Object Repository/Register/input_Email'

2023-07-03 17:22:19 - [MESSAGE][PASSED] - Text 'groupsatu@gmail.com' is set on object 'Object Repository/Register/input_Email'

2023-07-03 17:22:19 - [MESSAGE][PASSED] - Call Test Case 'Test Cases/Pages/Register/Input Email with test data' successfully

2023-07-03 17:22:19 - [TEST_STEP][PASSED] - callTestCase(findTestCase("Pages/Register/Input Password"), ["password":password], STOP_ON_FAILURE): Call Test Case 'Test Cases/Pages/Register/Input Password' successfully

2023-07-03 17:22:19 - [TEST_CASE][PASSED] - Test Cases/Pages/Register/Input Password: Test Cases/Pages/Register/Input Password

2023-07-03 17:22:19 - [TEST_STEP][PASSED] - setText(findTestObject("Register/input_Password"), password): Text 'abc!12345' is set on object 'Object Repository/Register/input_Password'

2023-07-03 17:22:20 - [MESSAGE][PASSED] - Text 'abc!12345' is set on object 'Object Repository/Register/input_Password'

2023-07-03 17:22:20 - [MESSAGE][PASSED] - Call Test Case 'Test Cases/Pages/Register/Input Password' successfully

2023-07-03 17:22:20 - [TEST_STEP][PASSED] - callTestCase(findTestCase("Pages/Register/Click Button Daftar to submit"), [:], STOP_ON_FAILURE): Call Test Case 'Test Cases/Pages/Register/Click Button Daftar to submit' successfully

2023-07-03 17:22:20 - [TEST_CASE][PASSED] - Test Cases/Pages/Register/Click Button Daftar to submit: Test Cases/Pages/Register/Click Button Daftar to submit

2023-07-03 17:22:20 - [TEST_STEP][PASSED] - click(findTestObject("Register/button_Daftar")): Object: 'Object Repository/Register/button_Daftar' is clicked on

2023-07-03 17:22:21 - [MESSAGE][PASSED] - Object: 'Object Repository/Register/button_Daftar' is clicked on

2023-07-03 17:22:21 - [MESSAGE][PASSED] - Call Test Case 'Test Cases/Pages/Register/Click Button Daftar to submit' successfully

2023-07-03 17:22:21 - [TEST_STEP][PASSED] - callTestCase(findTestCase("Pages/Register/Verify with if-else"), ["status":status], STOP_ON_FAILURE): Call Test Case 'Test Cases/Pages/Register/Verify with if-else' successfully

2023-07-03 17:22:21 - [TEST_CASE][PASSED] - Test Cases/Pages/Register/Verify with if-else: Test Cases/Pages/Register/Verify with if-else

2023-07-03 17:22:21 - [TEST_STEP][PASSED] - if (status == "success"): null

2023-07-03 17:22:21 - [TEST_STEP][PASSED] - else if (status == "required email"): null

2023-07-03 17:22:21 - [TEST_STEP][PASSED] - else if (status == "invalid email"): Call Test Case 'Test Cases/Pages/Register/Read Error Msg - Registered Email' successfully

2023-07-03 17:22:21 - [TEST_STEP][PASSED] - verifyElementVisible(findTestObject("Register/h2_Daftar")): Object 'Object Repository/Register/h2_Daftar' is visible

2023-07-03 17:22:21 - [MESSAGE][PASSED] - Object 'Object Repository/Register/h2_Daftar' is visible

2023-07-03 17:22:21 - [TEST_STEP][PASSED] - callTestCase(findTestCase("Pages/Register/Read Error Msg - Registered Email"), ["expected":""], STOP_ON_FAILURE): Call Test Case 'Test Cases/Pages/Register/Read Error Msg - Registered Email' successfully

2023-07-03 17:22:22 - [TEST_CASE][PASSED] - Test Cases/Pages/Register/Read Error Msg - Registered Email: Test Cases/Pages/Register/Read Error Msg - Registered Email

2023-07-03 17:22:22 - [TEST_STEP][PASSED] - verifyElementVisible(findTestObject("Register/div_Error Message")): Object 'Object Repository/Register/div_Error Message' is visible

2023-07-03 17:22:22 - [MESSAGE][PASSED] - Object 'Object Repository/Register/div_Error Message' is visible

2023-07-03 17:22:22 - [TEST_STEP][PASSED] - error_msg = getText(findTestObject("Register/div_Error Message")): Text of object 'Object Repository/Register/div_Error Message' is: 'Email has already been taken'

2023-07-03 17:22:22 - [MESSAGE][PASSED] - Text of object 'Object Repository/Register/div_Error Message' is: 'Email has already been taken'

2023-07-03 17:22:22 - [TEST_STEP][PASSED] - logInfo(error_msg): Email has already been taken

2023-07-03 17:22:22 - [MESSAGE][INFO] - Email has already been taken

2023-07-03 17:22:22 - [TEST_STEP][PASSED] - expected = error_msg: null

2023-07-03 17:22:22 - [TEST_STEP][PASSED] - verifyMatch(error_msg, expected, false): Actual text 'Email has already been taken' and expected text 'Email has already been taken' are matched 

2023-07-03 17:22:22 - [MESSAGE][PASSED] - Actual text 'Email has already been taken' and expected text 'Email has already been taken' are matched 

2023-07-03 17:22:22 - [MESSAGE][PASSED] - Call Test Case 'Test Cases/Pages/Register/Read Error Msg - Registered Email' successfully

2023-07-03 17:22:22 - [MESSAGE][PASSED] - Call Test Case 'Test Cases/Pages/Register/Verify with if-else' successfully

2023-07-03 17:22:22 - [TEST_STEP][PASSED] - Start listener action : AfterTestCase: Browser is closed

2023-07-03 17:22:22 - [TEST_STEP][PASSED] - logInfo("Test Case: " + testCaseContext.getTestCaseId() + " | " + testCaseContext.getTestCaseStatus()): Test Case: Test Cases/Step Definition/Feature Register/REG02 - User register with invalid email | PASSED

2023-07-03 17:22:22 - [MESSAGE][INFO] - Test Case: Test Cases/Step Definition/Feature Register/REG02 - User register with invalid email | PASSED

2023-07-03 17:22:22 - [TEST_STEP][PASSED] - closeBrowser(): null

2023-07-03 17:22:22 - [TEST_STEP][PASSED] - closeBrowser(): Browser is closed

2023-07-03 17:22:23 - [MESSAGE][PASSED] - Browser is closed]]></system-out>
         <system-err><![CDATA[]]></system-err>
      </testcase>
      <testcase name="Test Cases/Step Definition/Feature Register/REG02 - User register with invalid email" time="8.901" classname="Test Cases/Step Definition/Feature Register/REG02 - User register with invalid email" status="PASSED">
         <system-out><![CDATA[2023-07-03 17:22:23 - [TEST_CASE][PASSED] - Test Cases/Step Definition/Feature Register/REG02 - User register with invalid email: Test Cases/Step Definition/Feature Register/REG02 - User register with invalid email

2023-07-03 17:22:23 - [TEST_STEP][PASSED] - Start listener action : BeforeTestCase: Current window maximized

2023-07-03 17:22:23 - [TEST_STEP][PASSED] - logInfo("Test Case: " + testCaseContext.getTestCaseId()): Test Case: Test Cases/Step Definition/Feature Register/REG02 - User register with invalid email

2023-07-03 17:22:23 - [MESSAGE][INFO] - Test Case: Test Cases/Step Definition/Feature Register/REG02 - User register with invalid email

2023-07-03 17:22:23 - [TEST_STEP][PASSED] - openBrowser(): null

2023-07-03 17:22:23 - [TEST_STEP][PASSED] - openBrowser("https://secondhand.binaracademy.org/"): Browser is opened with url: 'https://secondhand.binaracademy.org/'

2023-07-03 17:22:23 - [MESSAGE][INFO] - Starting 'Chrome' driver

2023-07-03 17:22:23 - [MESSAGE][INFO] - Action delay is set to 0 milliseconds

2023-07-03 17:22:26 - [MESSAGE][PASSED] - Browser is opened with url: 'https://secondhand.binaracademy.org/'

2023-07-03 17:22:26 - [TEST_STEP][PASSED] - maximizeWindow(): Current window maximized

2023-07-03 17:22:26 - [MESSAGE][PASSED] - Current window maximized

2023-07-03 17:22:26 - [TEST_STEP][PASSED] - callTestCase(findTestCase("Pages/Homepage/Click Masuk from homepage"), [:], STOP_ON_FAILURE): Call Test Case 'Test Cases/Pages/Homepage/Click Masuk from homepage' successfully

2023-07-03 17:22:26 - [TEST_CASE][PASSED] - Test Cases/Pages/Homepage/Click Masuk from homepage: Test Cases/Pages/Homepage/Click Masuk from homepage

2023-07-03 17:22:26 - [TEST_STEP][PASSED] - click(findTestObject("Navbar/a_Masuk")): Object: 'Object Repository/Navbar/a_Masuk' is clicked on

2023-07-03 17:22:26 - [MESSAGE][PASSED] - Object: 'Object Repository/Navbar/a_Masuk' is clicked on

2023-07-03 17:22:26 - [MESSAGE][PASSED] - Call Test Case 'Test Cases/Pages/Homepage/Click Masuk from homepage' successfully

2023-07-03 17:22:26 - [TEST_STEP][PASSED] - callTestCase(findTestCase("Pages/Register/Click Button Daftar di sini from login page"), [:], STOP_ON_FAILURE): Call Test Case 'Test Cases/Pages/Register/Click Button Daftar di sini from login page' successfully

2023-07-03 17:22:26 - [TEST_CASE][PASSED] - Test Cases/Pages/Register/Click Button Daftar di sini from login page: Test Cases/Pages/Register/Click Button Daftar di sini from login page

2023-07-03 17:22:26 - [TEST_STEP][PASSED] - click(findTestObject("Login/a_Daftar di sini")): Object: 'Object Repository/Login/a_Daftar di sini' is clicked on

2023-07-03 17:22:27 - [MESSAGE][PASSED] - Object: 'Object Repository/Login/a_Daftar di sini' is clicked on

2023-07-03 17:22:27 - [MESSAGE][PASSED] - Call Test Case 'Test Cases/Pages/Register/Click Button Daftar di sini from login page' successfully

2023-07-03 17:22:27 - [TEST_STEP][PASSED] - callTestCase(findTestCase("Pages/Register/Input Nama with test data"), ["nama":nama], STOP_ON_FAILURE): Call Test Case 'Test Cases/Pages/Register/Input Nama with test data' successfully

2023-07-03 17:22:27 - [TEST_CASE][PASSED] - Test Cases/Pages/Register/Input Nama with test data: Test Cases/Pages/Register/Input Nama with test data

2023-07-03 17:22:27 - [TEST_STEP][PASSED] - setText(findTestObject("Register/input_Name"), nama): Text 'without @' is set on object 'Object Repository/Register/input_Name'

2023-07-03 17:22:28 - [MESSAGE][PASSED] - Text 'without @' is set on object 'Object Repository/Register/input_Name'

2023-07-03 17:22:28 - [MESSAGE][PASSED] - Call Test Case 'Test Cases/Pages/Register/Input Nama with test data' successfully

2023-07-03 17:22:28 - [TEST_STEP][PASSED] - callTestCase(findTestCase("Pages/Register/Input Email with test data"), ["email":email], STOP_ON_FAILURE): Call Test Case 'Test Cases/Pages/Register/Input Email with test data' successfully

2023-07-03 17:22:28 - [TEST_CASE][PASSED] - Test Cases/Pages/Register/Input Email with test data: Test Cases/Pages/Register/Input Email with test data

2023-07-03 17:22:28 - [TEST_STEP][PASSED] - setText(findTestObject("Register/input_Email"), email): Text 'groupsatugmail.com' is set on object 'Object Repository/Register/input_Email'

2023-07-03 17:22:29 - [MESSAGE][PASSED] - Text 'groupsatugmail.com' is set on object 'Object Repository/Register/input_Email'

2023-07-03 17:22:29 - [MESSAGE][PASSED] - Call Test Case 'Test Cases/Pages/Register/Input Email with test data' successfully

2023-07-03 17:22:29 - [TEST_STEP][PASSED] - callTestCase(findTestCase("Pages/Register/Input Password"), ["password":password], STOP_ON_FAILURE): Call Test Case 'Test Cases/Pages/Register/Input Password' successfully

2023-07-03 17:22:29 - [TEST_CASE][PASSED] - Test Cases/Pages/Register/Input Password: Test Cases/Pages/Register/Input Password

2023-07-03 17:22:29 - [TEST_STEP][PASSED] - setText(findTestObject("Register/input_Password"), password): Text 'abc!12347' is set on object 'Object Repository/Register/input_Password'

2023-07-03 17:22:30 - [MESSAGE][PASSED] - Text 'abc!12347' is set on object 'Object Repository/Register/input_Password'

2023-07-03 17:22:30 - [MESSAGE][PASSED] - Call Test Case 'Test Cases/Pages/Register/Input Password' successfully

2023-07-03 17:22:30 - [TEST_STEP][PASSED] - callTestCase(findTestCase("Pages/Register/Click Button Daftar to submit"), [:], STOP_ON_FAILURE): Call Test Case 'Test Cases/Pages/Register/Click Button Daftar to submit' successfully

2023-07-03 17:22:30 - [TEST_CASE][PASSED] - Test Cases/Pages/Register/Click Button Daftar to submit: Test Cases/Pages/Register/Click Button Daftar to submit

2023-07-03 17:22:30 - [TEST_STEP][PASSED] - click(findTestObject("Register/button_Daftar")): Object: 'Object Repository/Register/button_Daftar' is clicked on

2023-07-03 17:22:30 - [MESSAGE][PASSED] - Object: 'Object Repository/Register/button_Daftar' is clicked on

2023-07-03 17:22:30 - [MESSAGE][PASSED] - Call Test Case 'Test Cases/Pages/Register/Click Button Daftar to submit' successfully

2023-07-03 17:22:30 - [TEST_STEP][PASSED] - callTestCase(findTestCase("Pages/Register/Verify with if-else"), ["status":status], STOP_ON_FAILURE): Call Test Case 'Test Cases/Pages/Register/Verify with if-else' successfully

2023-07-03 17:22:30 - [TEST_CASE][PASSED] - Test Cases/Pages/Register/Verify with if-else: Test Cases/Pages/Register/Verify with if-else

2023-07-03 17:22:30 - [TEST_STEP][PASSED] - if (status == "success"): null

2023-07-03 17:22:30 - [TEST_STEP][PASSED] - else if (status == "required email"): Call Test Case 'Test Cases/Pages/Register/Verify Required Email' successfully

2023-07-03 17:22:30 - [TEST_STEP][PASSED] - verifyElementVisible(findTestObject("Register/h2_Daftar"), STOP_ON_FAILURE): Object 'Object Repository/Register/h2_Daftar' is visible

2023-07-03 17:22:30 - [MESSAGE][PASSED] - Object 'Object Repository/Register/h2_Daftar' is visible

2023-07-03 17:22:30 - [TEST_STEP][PASSED] - callTestCase(findTestCase("Pages/Register/Verify Required Email"), ["expected":""], STOP_ON_FAILURE): Call Test Case 'Test Cases/Pages/Register/Verify Required Email' successfully

2023-07-03 17:22:30 - [TEST_CASE][PASSED] - Test Cases/Pages/Register/Verify Required Email: Test Cases/Pages/Register/Verify Required Email

2023-07-03 17:22:31 - [TEST_STEP][PASSED] - verifyElementAttributeValue(findTestObject("Register/input_Email"), "required", "true", 20): Object 'Object Repository/Register/input_Email' has attribute 'required' with value 'true'

2023-07-03 17:22:31 - [MESSAGE][PASSED] - Object 'Object Repository/Register/input_Email' has attribute 'required' with value 'true'

2023-07-03 17:22:31 - [TEST_STEP][PASSED] - required = getAttribute(findTestObject("Register/input_Email"), "required"): Attribute 'required' of object 'Object Repository/Register/input_Email' is: 'true'

2023-07-03 17:22:31 - [MESSAGE][PASSED] - Attribute 'required' of object 'Object Repository/Register/input_Email' is: 'true'

2023-07-03 17:22:31 - [TEST_STEP][PASSED] - logInfo(required): true

2023-07-03 17:22:31 - [MESSAGE][INFO] - true

2023-07-03 17:22:31 - [TEST_STEP][PASSED] - expected = required: null

2023-07-03 17:22:31 - [TEST_STEP][PASSED] - verifyMatch(required, expected, false): Actual text 'true' and expected text 'true' are matched 

2023-07-03 17:22:31 - [MESSAGE][PASSED] - Actual text 'true' and expected text 'true' are matched 

2023-07-03 17:22:31 - [MESSAGE][PASSED] - Call Test Case 'Test Cases/Pages/Register/Verify Required Email' successfully

2023-07-03 17:22:31 - [MESSAGE][PASSED] - Call Test Case 'Test Cases/Pages/Register/Verify with if-else' successfully

2023-07-03 17:22:31 - [TEST_STEP][PASSED] - Start listener action : AfterTestCase: Browser is closed

2023-07-03 17:22:31 - [TEST_STEP][PASSED] - logInfo("Test Case: " + testCaseContext.getTestCaseId() + " | " + testCaseContext.getTestCaseStatus()): Test Case: Test Cases/Step Definition/Feature Register/REG02 - User register with invalid email | PASSED

2023-07-03 17:22:31 - [MESSAGE][INFO] - Test Case: Test Cases/Step Definition/Feature Register/REG02 - User register with invalid email | PASSED

2023-07-03 17:22:31 - [TEST_STEP][PASSED] - closeBrowser(): null

2023-07-03 17:22:31 - [TEST_STEP][PASSED] - closeBrowser(): Browser is closed

2023-07-03 17:22:32 - [MESSAGE][PASSED] - Browser is closed]]></system-out>
         <system-err><![CDATA[]]></system-err>
      </testcase>
      <testcase name="Test Cases/Step Definition/Feature Register/REG02 - User register with invalid email" time="10.299" classname="Test Cases/Step Definition/Feature Register/REG02 - User register with invalid email" status="PASSED">
         <system-out><![CDATA[2023-07-03 17:22:32 - [TEST_CASE][PASSED] - Test Cases/Step Definition/Feature Register/REG02 - User register with invalid email: Test Cases/Step Definition/Feature Register/REG02 - User register with invalid email

2023-07-03 17:22:32 - [TEST_STEP][PASSED] - Start listener action : BeforeTestCase: Current window maximized

2023-07-03 17:22:32 - [TEST_STEP][PASSED] - logInfo("Test Case: " + testCaseContext.getTestCaseId()): Test Case: Test Cases/Step Definition/Feature Register/REG02 - User register with invalid email

2023-07-03 17:22:32 - [MESSAGE][INFO] - Test Case: Test Cases/Step Definition/Feature Register/REG02 - User register with invalid email

2023-07-03 17:22:32 - [TEST_STEP][PASSED] - openBrowser(): null

2023-07-03 17:22:32 - [TEST_STEP][PASSED] - openBrowser("https://secondhand.binaracademy.org/"): Browser is opened with url: 'https://secondhand.binaracademy.org/'

2023-07-03 17:22:32 - [MESSAGE][INFO] - Starting 'Chrome' driver

2023-07-03 17:22:32 - [MESSAGE][INFO] - Action delay is set to 0 milliseconds

2023-07-03 17:22:36 - [MESSAGE][PASSED] - Browser is opened with url: 'https://secondhand.binaracademy.org/'

2023-07-03 17:22:36 - [TEST_STEP][PASSED] - maximizeWindow(): Current window maximized

2023-07-03 17:22:36 - [MESSAGE][PASSED] - Current window maximized

2023-07-03 17:22:36 - [TEST_STEP][PASSED] - callTestCase(findTestCase("Pages/Homepage/Click Masuk from homepage"), [:], STOP_ON_FAILURE): Call Test Case 'Test Cases/Pages/Homepage/Click Masuk from homepage' successfully

2023-07-03 17:22:36 - [TEST_CASE][PASSED] - Test Cases/Pages/Homepage/Click Masuk from homepage: Test Cases/Pages/Homepage/Click Masuk from homepage

2023-07-03 17:22:36 - [TEST_STEP][PASSED] - click(findTestObject("Navbar/a_Masuk")): Object: 'Object Repository/Navbar/a_Masuk' is clicked on

2023-07-03 17:22:37 - [MESSAGE][PASSED] - Object: 'Object Repository/Navbar/a_Masuk' is clicked on

2023-07-03 17:22:37 - [MESSAGE][PASSED] - Call Test Case 'Test Cases/Pages/Homepage/Click Masuk from homepage' successfully

2023-07-03 17:22:37 - [TEST_STEP][PASSED] - callTestCase(findTestCase("Pages/Register/Click Button Daftar di sini from login page"), [:], STOP_ON_FAILURE): Call Test Case 'Test Cases/Pages/Register/Click Button Daftar di sini from login page' successfully

2023-07-03 17:22:37 - [TEST_CASE][PASSED] - Test Cases/Pages/Register/Click Button Daftar di sini from login page: Test Cases/Pages/Register/Click Button Daftar di sini from login page

2023-07-03 17:22:37 - [TEST_STEP][PASSED] - click(findTestObject("Login/a_Daftar di sini")): Object: 'Object Repository/Login/a_Daftar di sini' is clicked on

2023-07-03 17:22:37 - [MESSAGE][PASSED] - Object: 'Object Repository/Login/a_Daftar di sini' is clicked on

2023-07-03 17:22:37 - [MESSAGE][PASSED] - Call Test Case 'Test Cases/Pages/Register/Click Button Daftar di sini from login page' successfully

2023-07-03 17:22:37 - [TEST_STEP][PASSED] - callTestCase(findTestCase("Pages/Register/Input Nama with test data"), ["nama":nama], STOP_ON_FAILURE): Call Test Case 'Test Cases/Pages/Register/Input Nama with test data' successfully

2023-07-03 17:22:37 - [TEST_CASE][PASSED] - Test Cases/Pages/Register/Input Nama with test data: Test Cases/Pages/Register/Input Nama with test data

2023-07-03 17:22:37 - [TEST_STEP][PASSED] - setText(findTestObject("Register/input_Name"), nama): Text 'without @' is set on object 'Object Repository/Register/input_Name'

2023-07-03 17:22:38 - [MESSAGE][PASSED] - Text 'without @' is set on object 'Object Repository/Register/input_Name'

2023-07-03 17:22:38 - [MESSAGE][PASSED] - Call Test Case 'Test Cases/Pages/Register/Input Nama with test data' successfully

2023-07-03 17:22:38 - [TEST_STEP][PASSED] - callTestCase(findTestCase("Pages/Register/Input Email with test data"), ["email":email], STOP_ON_FAILURE): Call Test Case 'Test Cases/Pages/Register/Input Email with test data' successfully

2023-07-03 17:22:38 - [TEST_CASE][PASSED] - Test Cases/Pages/Register/Input Email with test data: Test Cases/Pages/Register/Input Email with test data

2023-07-03 17:22:38 - [TEST_STEP][PASSED] - setText(findTestObject("Register/input_Email"), email): Text 'groupsatugmail' is set on object 'Object Repository/Register/input_Email'

2023-07-03 17:22:39 - [MESSAGE][PASSED] - Text 'groupsatugmail' is set on object 'Object Repository/Register/input_Email'

2023-07-03 17:22:39 - [MESSAGE][PASSED] - Call Test Case 'Test Cases/Pages/Register/Input Email with test data' successfully

2023-07-03 17:22:39 - [TEST_STEP][PASSED] - callTestCase(findTestCase("Pages/Register/Input Password"), ["password":password], STOP_ON_FAILURE): Call Test Case 'Test Cases/Pages/Register/Input Password' successfully

2023-07-03 17:22:39 - [TEST_CASE][PASSED] - Test Cases/Pages/Register/Input Password: Test Cases/Pages/Register/Input Password

2023-07-03 17:22:39 - [TEST_STEP][PASSED] - setText(findTestObject("Register/input_Password"), password): Text 'abc!12348' is set on object 'Object Repository/Register/input_Password'

2023-07-03 17:22:40 - [MESSAGE][PASSED] - Text 'abc!12348' is set on object 'Object Repository/Register/input_Password'

2023-07-03 17:22:40 - [MESSAGE][PASSED] - Call Test Case 'Test Cases/Pages/Register/Input Password' successfully

2023-07-03 17:22:40 - [TEST_STEP][PASSED] - callTestCase(findTestCase("Pages/Register/Click Button Daftar to submit"), [:], STOP_ON_FAILURE): Call Test Case 'Test Cases/Pages/Register/Click Button Daftar to submit' successfully

2023-07-03 17:22:40 - [TEST_CASE][PASSED] - Test Cases/Pages/Register/Click Button Daftar to submit: Test Cases/Pages/Register/Click Button Daftar to submit

2023-07-03 17:22:40 - [TEST_STEP][PASSED] - click(findTestObject("Register/button_Daftar")): Object: 'Object Repository/Register/button_Daftar' is clicked on

2023-07-03 17:22:40 - [MESSAGE][PASSED] - Object: 'Object Repository/Register/button_Daftar' is clicked on

2023-07-03 17:22:40 - [MESSAGE][PASSED] - Call Test Case 'Test Cases/Pages/Register/Click Button Daftar to submit' successfully

2023-07-03 17:22:40 - [TEST_STEP][PASSED] - callTestCase(findTestCase("Pages/Register/Verify with if-else"), ["status":status], STOP_ON_FAILURE): Call Test Case 'Test Cases/Pages/Register/Verify with if-else' successfully

2023-07-03 17:22:40 - [TEST_CASE][PASSED] - Test Cases/Pages/Register/Verify with if-else: Test Cases/Pages/Register/Verify with if-else

2023-07-03 17:22:40 - [TEST_STEP][PASSED] - if (status == "success"): null

2023-07-03 17:22:40 - [TEST_STEP][PASSED] - else if (status == "required email"): Call Test Case 'Test Cases/Pages/Register/Verify Required Email' successfully

2023-07-03 17:22:40 - [TEST_STEP][PASSED] - verifyElementVisible(findTestObject("Register/h2_Daftar"), STOP_ON_FAILURE): Object 'Object Repository/Register/h2_Daftar' is visible

2023-07-03 17:22:41 - [MESSAGE][PASSED] - Object 'Object Repository/Register/h2_Daftar' is visible

2023-07-03 17:22:41 - [TEST_STEP][PASSED] - callTestCase(findTestCase("Pages/Register/Verify Required Email"), ["expected":""], STOP_ON_FAILURE): Call Test Case 'Test Cases/Pages/Register/Verify Required Email' successfully

2023-07-03 17:22:41 - [TEST_CASE][PASSED] - Test Cases/Pages/Register/Verify Required Email: Test Cases/Pages/Register/Verify Required Email

2023-07-03 17:22:41 - [TEST_STEP][PASSED] - verifyElementAttributeValue(findTestObject("Register/input_Email"), "required", "true", 20): Object 'Object Repository/Register/input_Email' has attribute 'required' with value 'true'

2023-07-03 17:22:41 - [MESSAGE][PASSED] - Object 'Object Repository/Register/input_Email' has attribute 'required' with value 'true'

2023-07-03 17:22:41 - [TEST_STEP][PASSED] - required = getAttribute(findTestObject("Register/input_Email"), "required"): Attribute 'required' of object 'Object Repository/Register/input_Email' is: 'true'

2023-07-03 17:22:41 - [MESSAGE][PASSED] - Attribute 'required' of object 'Object Repository/Register/input_Email' is: 'true'

2023-07-03 17:22:41 - [TEST_STEP][PASSED] - logInfo(required): true

2023-07-03 17:22:41 - [MESSAGE][INFO] - true

2023-07-03 17:22:41 - [TEST_STEP][PASSED] - expected = required: null

2023-07-03 17:22:41 - [TEST_STEP][PASSED] - verifyMatch(required, expected, false): Actual text 'true' and expected text 'true' are matched 

2023-07-03 17:22:41 - [MESSAGE][PASSED] - Actual text 'true' and expected text 'true' are matched 

2023-07-03 17:22:41 - [MESSAGE][PASSED] - Call Test Case 'Test Cases/Pages/Register/Verify Required Email' successfully

2023-07-03 17:22:41 - [MESSAGE][PASSED] - Call Test Case 'Test Cases/Pages/Register/Verify with if-else' successfully

2023-07-03 17:22:41 - [TEST_STEP][PASSED] - Start listener action : AfterTestCase: Browser is closed

2023-07-03 17:22:41 - [TEST_STEP][PASSED] - logInfo("Test Case: " + testCaseContext.getTestCaseId() + " | " + testCaseContext.getTestCaseStatus()): Test Case: Test Cases/Step Definition/Feature Register/REG02 - User register with invalid email | PASSED

2023-07-03 17:22:41 - [MESSAGE][INFO] - Test Case: Test Cases/Step Definition/Feature Register/REG02 - User register with invalid email | PASSED

2023-07-03 17:22:41 - [TEST_STEP][PASSED] - closeBrowser(): null

2023-07-03 17:22:41 - [TEST_STEP][PASSED] - closeBrowser(): Browser is closed

2023-07-03 17:22:42 - [MESSAGE][PASSED] - Browser is closed]]></system-out>
         <system-err><![CDATA[]]></system-err>
      </testcase>
      <testcase name="Test Cases/Step Definition/Feature Register/REG02 - User register with invalid email" time="8.361" classname="Test Cases/Step Definition/Feature Register/REG02 - User register with invalid email" status="PASSED">
         <system-out><![CDATA[2023-07-03 17:22:42 - [TEST_CASE][PASSED] - Test Cases/Step Definition/Feature Register/REG02 - User register with invalid email: Test Cases/Step Definition/Feature Register/REG02 - User register with invalid email

2023-07-03 17:22:42 - [TEST_STEP][PASSED] - Start listener action : BeforeTestCase: Current window maximized

2023-07-03 17:22:42 - [TEST_STEP][PASSED] - logInfo("Test Case: " + testCaseContext.getTestCaseId()): Test Case: Test Cases/Step Definition/Feature Register/REG02 - User register with invalid email

2023-07-03 17:22:42 - [MESSAGE][INFO] - Test Case: Test Cases/Step Definition/Feature Register/REG02 - User register with invalid email

2023-07-03 17:22:42 - [TEST_STEP][PASSED] - openBrowser(): null

2023-07-03 17:22:42 - [TEST_STEP][PASSED] - openBrowser("https://secondhand.binaracademy.org/"): Browser is opened with url: 'https://secondhand.binaracademy.org/'

2023-07-03 17:22:42 - [MESSAGE][INFO] - Starting 'Chrome' driver

2023-07-03 17:22:42 - [MESSAGE][INFO] - Action delay is set to 0 milliseconds

2023-07-03 17:22:45 - [MESSAGE][PASSED] - Browser is opened with url: 'https://secondhand.binaracademy.org/'

2023-07-03 17:22:45 - [TEST_STEP][PASSED] - maximizeWindow(): Current window maximized

2023-07-03 17:22:45 - [MESSAGE][PASSED] - Current window maximized

2023-07-03 17:22:45 - [TEST_STEP][PASSED] - callTestCase(findTestCase("Pages/Homepage/Click Masuk from homepage"), [:], STOP_ON_FAILURE): Call Test Case 'Test Cases/Pages/Homepage/Click Masuk from homepage' successfully

2023-07-03 17:22:45 - [TEST_CASE][PASSED] - Test Cases/Pages/Homepage/Click Masuk from homepage: Test Cases/Pages/Homepage/Click Masuk from homepage

2023-07-03 17:22:45 - [TEST_STEP][PASSED] - click(findTestObject("Navbar/a_Masuk")): Object: 'Object Repository/Navbar/a_Masuk' is clicked on

2023-07-03 17:22:45 - [MESSAGE][PASSED] - Object: 'Object Repository/Navbar/a_Masuk' is clicked on

2023-07-03 17:22:45 - [MESSAGE][PASSED] - Call Test Case 'Test Cases/Pages/Homepage/Click Masuk from homepage' successfully

2023-07-03 17:22:45 - [TEST_STEP][PASSED] - callTestCase(findTestCase("Pages/Register/Click Button Daftar di sini from login page"), [:], STOP_ON_FAILURE): Call Test Case 'Test Cases/Pages/Register/Click Button Daftar di sini from login page' successfully

2023-07-03 17:22:45 - [TEST_CASE][PASSED] - Test Cases/Pages/Register/Click Button Daftar di sini from login page: Test Cases/Pages/Register/Click Button Daftar di sini from login page

2023-07-03 17:22:45 - [TEST_STEP][PASSED] - click(findTestObject("Login/a_Daftar di sini")): Object: 'Object Repository/Login/a_Daftar di sini' is clicked on

2023-07-03 17:22:46 - [MESSAGE][PASSED] - Object: 'Object Repository/Login/a_Daftar di sini' is clicked on

2023-07-03 17:22:46 - [MESSAGE][PASSED] - Call Test Case 'Test Cases/Pages/Register/Click Button Daftar di sini from login page' successfully

2023-07-03 17:22:46 - [TEST_STEP][PASSED] - callTestCase(findTestCase("Pages/Register/Input Nama with test data"), ["nama":nama], STOP_ON_FAILURE): Call Test Case 'Test Cases/Pages/Register/Input Nama with test data' successfully

2023-07-03 17:22:46 - [TEST_CASE][PASSED] - Test Cases/Pages/Register/Input Nama with test data: Test Cases/Pages/Register/Input Nama with test data

2023-07-03 17:22:46 - [TEST_STEP][PASSED] - setText(findTestObject("Register/input_Name"), nama): Text 'kosongan ' is set on object 'Object Repository/Register/input_Name'

2023-07-03 17:22:47 - [MESSAGE][PASSED] - Text 'kosongan ' is set on object 'Object Repository/Register/input_Name'

2023-07-03 17:22:47 - [MESSAGE][PASSED] - Call Test Case 'Test Cases/Pages/Register/Input Nama with test data' successfully

2023-07-03 17:22:47 - [TEST_STEP][PASSED] - callTestCase(findTestCase("Pages/Register/Input Email with test data"), ["email":email], STOP_ON_FAILURE): Call Test Case 'Test Cases/Pages/Register/Input Email with test data' successfully

2023-07-03 17:22:47 - [TEST_CASE][PASSED] - Test Cases/Pages/Register/Input Email with test data: Test Cases/Pages/Register/Input Email with test data

2023-07-03 17:22:47 - [TEST_STEP][PASSED] - setText(findTestObject("Register/input_Email"), email): Text '' is set on object 'Object Repository/Register/input_Email'

2023-07-03 17:22:48 - [MESSAGE][PASSED] - Text '' is set on object 'Object Repository/Register/input_Email'

2023-07-03 17:22:48 - [MESSAGE][PASSED] - Call Test Case 'Test Cases/Pages/Register/Input Email with test data' successfully

2023-07-03 17:22:48 - [TEST_STEP][PASSED] - callTestCase(findTestCase("Pages/Register/Input Password"), ["password":password], STOP_ON_FAILURE): Call Test Case 'Test Cases/Pages/Register/Input Password' successfully

2023-07-03 17:22:48 - [TEST_CASE][PASSED] - Test Cases/Pages/Register/Input Password: Test Cases/Pages/Register/Input Password

2023-07-03 17:22:48 - [TEST_STEP][PASSED] - setText(findTestObject("Register/input_Password"), password): Text 'abc!12349' is set on object 'Object Repository/Register/input_Password'

2023-07-03 17:22:48 - [MESSAGE][PASSED] - Text 'abc!12349' is set on object 'Object Repository/Register/input_Password'

2023-07-03 17:22:48 - [MESSAGE][PASSED] - Call Test Case 'Test Cases/Pages/Register/Input Password' successfully

2023-07-03 17:22:48 - [TEST_STEP][PASSED] - callTestCase(findTestCase("Pages/Register/Click Button Daftar to submit"), [:], STOP_ON_FAILURE): Call Test Case 'Test Cases/Pages/Register/Click Button Daftar to submit' successfully

2023-07-03 17:22:48 - [TEST_CASE][PASSED] - Test Cases/Pages/Register/Click Button Daftar to submit: Test Cases/Pages/Register/Click Button Daftar to submit

2023-07-03 17:22:48 - [TEST_STEP][PASSED] - click(findTestObject("Register/button_Daftar")): Object: 'Object Repository/Register/button_Daftar' is clicked on

2023-07-03 17:22:49 - [MESSAGE][PASSED] - Object: 'Object Repository/Register/button_Daftar' is clicked on

2023-07-03 17:22:49 - [MESSAGE][PASSED] - Call Test Case 'Test Cases/Pages/Register/Click Button Daftar to submit' successfully

2023-07-03 17:22:49 - [TEST_STEP][PASSED] - callTestCase(findTestCase("Pages/Register/Verify with if-else"), ["status":status], STOP_ON_FAILURE): Call Test Case 'Test Cases/Pages/Register/Verify with if-else' successfully

2023-07-03 17:22:49 - [TEST_CASE][PASSED] - Test Cases/Pages/Register/Verify with if-else: Test Cases/Pages/Register/Verify with if-else

2023-07-03 17:22:49 - [TEST_STEP][PASSED] - if (status == "success"): null

2023-07-03 17:22:49 - [TEST_STEP][PASSED] - else if (status == "required email"): Call Test Case 'Test Cases/Pages/Register/Verify Required Email' successfully

2023-07-03 17:22:49 - [TEST_STEP][PASSED] - verifyElementVisible(findTestObject("Register/h2_Daftar"), STOP_ON_FAILURE): Object 'Object Repository/Register/h2_Daftar' is visible

2023-07-03 17:22:49 - [MESSAGE][PASSED] - Object 'Object Repository/Register/h2_Daftar' is visible

2023-07-03 17:22:49 - [TEST_STEP][PASSED] - callTestCase(findTestCase("Pages/Register/Verify Required Email"), ["expected":""], STOP_ON_FAILURE): Call Test Case 'Test Cases/Pages/Register/Verify Required Email' successfully

2023-07-03 17:22:49 - [TEST_CASE][PASSED] - Test Cases/Pages/Register/Verify Required Email: Test Cases/Pages/Register/Verify Required Email

2023-07-03 17:22:49 - [TEST_STEP][PASSED] - verifyElementAttributeValue(findTestObject("Register/input_Email"), "required", "true", 20): Object 'Object Repository/Register/input_Email' has attribute 'required' with value 'true'

2023-07-03 17:22:50 - [MESSAGE][PASSED] - Object 'Object Repository/Register/input_Email' has attribute 'required' with value 'true'

2023-07-03 17:22:50 - [TEST_STEP][PASSED] - required = getAttribute(findTestObject("Register/input_Email"), "required"): Attribute 'required' of object 'Object Repository/Register/input_Email' is: 'true'

2023-07-03 17:22:50 - [MESSAGE][PASSED] - Attribute 'required' of object 'Object Repository/Register/input_Email' is: 'true'

2023-07-03 17:22:50 - [TEST_STEP][PASSED] - logInfo(required): true

2023-07-03 17:22:50 - [MESSAGE][INFO] - true

2023-07-03 17:22:50 - [TEST_STEP][PASSED] - expected = required: null

2023-07-03 17:22:50 - [TEST_STEP][PASSED] - verifyMatch(required, expected, false): Actual text 'true' and expected text 'true' are matched 

2023-07-03 17:22:50 - [MESSAGE][PASSED] - Actual text 'true' and expected text 'true' are matched 

2023-07-03 17:22:50 - [MESSAGE][PASSED] - Call Test Case 'Test Cases/Pages/Register/Verify Required Email' successfully

2023-07-03 17:22:50 - [MESSAGE][PASSED] - Call Test Case 'Test Cases/Pages/Register/Verify with if-else' successfully

2023-07-03 17:22:50 - [TEST_STEP][PASSED] - Start listener action : AfterTestCase: Browser is closed

2023-07-03 17:22:50 - [TEST_STEP][PASSED] - logInfo("Test Case: " + testCaseContext.getTestCaseId() + " | " + testCaseContext.getTestCaseStatus()): Test Case: Test Cases/Step Definition/Feature Register/REG02 - User register with invalid email | PASSED

2023-07-03 17:22:50 - [MESSAGE][INFO] - Test Case: Test Cases/Step Definition/Feature Register/REG02 - User register with invalid email | PASSED

2023-07-03 17:22:50 - [TEST_STEP][PASSED] - closeBrowser(): null

2023-07-03 17:22:50 - [TEST_STEP][PASSED] - closeBrowser(): Browser is closed

2023-07-03 17:22:51 - [MESSAGE][PASSED] - Browser is closed]]></system-out>
         <system-err><![CDATA[]]></system-err>
      </testcase>
      <testcase name="Test Cases/Step Definition/Feature Register/REG02 - User register with invalid email" time="8.349" classname="Test Cases/Step Definition/Feature Register/REG02 - User register with invalid email" status="PASSED">
         <system-out><![CDATA[2023-07-03 17:22:51 - [TEST_CASE][PASSED] - Test Cases/Step Definition/Feature Register/REG02 - User register with invalid email: Test Cases/Step Definition/Feature Register/REG02 - User register with invalid email

2023-07-03 17:22:51 - [TEST_STEP][PASSED] - Start listener action : BeforeTestCase: Current window maximized

2023-07-03 17:22:51 - [TEST_STEP][PASSED] - logInfo("Test Case: " + testCaseContext.getTestCaseId()): Test Case: Test Cases/Step Definition/Feature Register/REG02 - User register with invalid email

2023-07-03 17:22:51 - [MESSAGE][INFO] - Test Case: Test Cases/Step Definition/Feature Register/REG02 - User register with invalid email

2023-07-03 17:22:51 - [TEST_STEP][PASSED] - openBrowser(): null

2023-07-03 17:22:51 - [TEST_STEP][PASSED] - openBrowser("https://secondhand.binaracademy.org/"): Browser is opened with url: 'https://secondhand.binaracademy.org/'

2023-07-03 17:22:51 - [MESSAGE][INFO] - Starting 'Chrome' driver

2023-07-03 17:22:51 - [MESSAGE][INFO] - Action delay is set to 0 milliseconds

2023-07-03 17:22:53 - [MESSAGE][PASSED] - Browser is opened with url: 'https://secondhand.binaracademy.org/'

2023-07-03 17:22:53 - [TEST_STEP][PASSED] - maximizeWindow(): Current window maximized

2023-07-03 17:22:53 - [MESSAGE][PASSED] - Current window maximized

2023-07-03 17:22:53 - [TEST_STEP][PASSED] - callTestCase(findTestCase("Pages/Homepage/Click Masuk from homepage"), [:], STOP_ON_FAILURE): Call Test Case 'Test Cases/Pages/Homepage/Click Masuk from homepage' successfully

2023-07-03 17:22:53 - [TEST_CASE][PASSED] - Test Cases/Pages/Homepage/Click Masuk from homepage: Test Cases/Pages/Homepage/Click Masuk from homepage

2023-07-03 17:22:53 - [TEST_STEP][PASSED] - click(findTestObject("Navbar/a_Masuk")): Object: 'Object Repository/Navbar/a_Masuk' is clicked on

2023-07-03 17:22:53 - [MESSAGE][PASSED] - Object: 'Object Repository/Navbar/a_Masuk' is clicked on

2023-07-03 17:22:53 - [MESSAGE][PASSED] - Call Test Case 'Test Cases/Pages/Homepage/Click Masuk from homepage' successfully

2023-07-03 17:22:53 - [TEST_STEP][PASSED] - callTestCase(findTestCase("Pages/Register/Click Button Daftar di sini from login page"), [:], STOP_ON_FAILURE): Call Test Case 'Test Cases/Pages/Register/Click Button Daftar di sini from login page' successfully

2023-07-03 17:22:54 - [TEST_CASE][PASSED] - Test Cases/Pages/Register/Click Button Daftar di sini from login page: Test Cases/Pages/Register/Click Button Daftar di sini from login page

2023-07-03 17:22:54 - [TEST_STEP][PASSED] - click(findTestObject("Login/a_Daftar di sini")): Object: 'Object Repository/Login/a_Daftar di sini' is clicked on

2023-07-03 17:22:54 - [MESSAGE][PASSED] - Object: 'Object Repository/Login/a_Daftar di sini' is clicked on

2023-07-03 17:22:54 - [MESSAGE][PASSED] - Call Test Case 'Test Cases/Pages/Register/Click Button Daftar di sini from login page' successfully

2023-07-03 17:22:54 - [TEST_STEP][PASSED] - callTestCase(findTestCase("Pages/Register/Input Nama with test data"), ["nama":nama], STOP_ON_FAILURE): Call Test Case 'Test Cases/Pages/Register/Input Nama with test data' successfully

2023-07-03 17:22:54 - [TEST_CASE][PASSED] - Test Cases/Pages/Register/Input Nama with test data: Test Cases/Pages/Register/Input Nama with test data

2023-07-03 17:22:54 - [TEST_STEP][PASSED] - setText(findTestObject("Register/input_Name"), nama): Text 'incomplete email' is set on object 'Object Repository/Register/input_Name'

2023-07-03 17:22:55 - [MESSAGE][PASSED] - Text 'incomplete email' is set on object 'Object Repository/Register/input_Name'

2023-07-03 17:22:55 - [MESSAGE][PASSED] - Call Test Case 'Test Cases/Pages/Register/Input Nama with test data' successfully

2023-07-03 17:22:55 - [TEST_STEP][PASSED] - callTestCase(findTestCase("Pages/Register/Input Email with test data"), ["email":email], STOP_ON_FAILURE): Call Test Case 'Test Cases/Pages/Register/Input Email with test data' successfully

2023-07-03 17:22:55 - [TEST_CASE][PASSED] - Test Cases/Pages/Register/Input Email with test data: Test Cases/Pages/Register/Input Email with test data

2023-07-03 17:22:55 - [TEST_STEP][PASSED] - setText(findTestObject("Register/input_Email"), email): Text '@gmail.com' is set on object 'Object Repository/Register/input_Email'

2023-07-03 17:22:56 - [MESSAGE][PASSED] - Text '@gmail.com' is set on object 'Object Repository/Register/input_Email'

2023-07-03 17:22:56 - [MESSAGE][PASSED] - Call Test Case 'Test Cases/Pages/Register/Input Email with test data' successfully

2023-07-03 17:22:56 - [TEST_STEP][PASSED] - callTestCase(findTestCase("Pages/Register/Input Password"), ["password":password], STOP_ON_FAILURE): Call Test Case 'Test Cases/Pages/Register/Input Password' successfully

2023-07-03 17:22:56 - [TEST_CASE][PASSED] - Test Cases/Pages/Register/Input Password: Test Cases/Pages/Register/Input Password

2023-07-03 17:22:56 - [TEST_STEP][PASSED] - setText(findTestObject("Register/input_Password"), password): Text 'abc!12350' is set on object 'Object Repository/Register/input_Password'

2023-07-03 17:22:57 - [MESSAGE][PASSED] - Text 'abc!12350' is set on object 'Object Repository/Register/input_Password'

2023-07-03 17:22:57 - [MESSAGE][PASSED] - Call Test Case 'Test Cases/Pages/Register/Input Password' successfully

2023-07-03 17:22:57 - [TEST_STEP][PASSED] - callTestCase(findTestCase("Pages/Register/Click Button Daftar to submit"), [:], STOP_ON_FAILURE): Call Test Case 'Test Cases/Pages/Register/Click Button Daftar to submit' successfully

2023-07-03 17:22:57 - [TEST_CASE][PASSED] - Test Cases/Pages/Register/Click Button Daftar to submit: Test Cases/Pages/Register/Click Button Daftar to submit

2023-07-03 17:22:57 - [TEST_STEP][PASSED] - click(findTestObject("Register/button_Daftar")): Object: 'Object Repository/Register/button_Daftar' is clicked on

2023-07-03 17:22:57 - [MESSAGE][PASSED] - Object: 'Object Repository/Register/button_Daftar' is clicked on

2023-07-03 17:22:57 - [MESSAGE][PASSED] - Call Test Case 'Test Cases/Pages/Register/Click Button Daftar to submit' successfully

2023-07-03 17:22:57 - [TEST_STEP][PASSED] - callTestCase(findTestCase("Pages/Register/Verify with if-else"), ["status":status], STOP_ON_FAILURE): Call Test Case 'Test Cases/Pages/Register/Verify with if-else' successfully

2023-07-03 17:22:57 - [TEST_CASE][PASSED] - Test Cases/Pages/Register/Verify with if-else: Test Cases/Pages/Register/Verify with if-else

2023-07-03 17:22:57 - [TEST_STEP][PASSED] - if (status == "success"): null

2023-07-03 17:22:57 - [TEST_STEP][PASSED] - else if (status == "required email"): Call Test Case 'Test Cases/Pages/Register/Verify Required Email' successfully

2023-07-03 17:22:57 - [TEST_STEP][PASSED] - verifyElementVisible(findTestObject("Register/h2_Daftar"), STOP_ON_FAILURE): Object 'Object Repository/Register/h2_Daftar' is visible

2023-07-03 17:22:57 - [MESSAGE][PASSED] - Object 'Object Repository/Register/h2_Daftar' is visible

2023-07-03 17:22:57 - [TEST_STEP][PASSED] - callTestCase(findTestCase("Pages/Register/Verify Required Email"), ["expected":""], STOP_ON_FAILURE): Call Test Case 'Test Cases/Pages/Register/Verify Required Email' successfully

2023-07-03 17:22:58 - [TEST_CASE][PASSED] - Test Cases/Pages/Register/Verify Required Email: Test Cases/Pages/Register/Verify Required Email

2023-07-03 17:22:58 - [TEST_STEP][PASSED] - verifyElementAttributeValue(findTestObject("Register/input_Email"), "required", "true", 20): Object 'Object Repository/Register/input_Email' has attribute 'required' with value 'true'

2023-07-03 17:22:58 - [MESSAGE][PASSED] - Object 'Object Repository/Register/input_Email' has attribute 'required' with value 'true'

2023-07-03 17:22:58 - [TEST_STEP][PASSED] - required = getAttribute(findTestObject("Register/input_Email"), "required"): Attribute 'required' of object 'Object Repository/Register/input_Email' is: 'true'

2023-07-03 17:22:58 - [MESSAGE][PASSED] - Attribute 'required' of object 'Object Repository/Register/input_Email' is: 'true'

2023-07-03 17:22:58 - [TEST_STEP][PASSED] - logInfo(required): true

2023-07-03 17:22:58 - [MESSAGE][INFO] - true

2023-07-03 17:22:58 - [TEST_STEP][PASSED] - expected = required: null

2023-07-03 17:22:58 - [TEST_STEP][PASSED] - verifyMatch(required, expected, false): Actual text 'true' and expected text 'true' are matched 

2023-07-03 17:22:58 - [MESSAGE][PASSED] - Actual text 'true' and expected text 'true' are matched 

2023-07-03 17:22:58 - [MESSAGE][PASSED] - Call Test Case 'Test Cases/Pages/Register/Verify Required Email' successfully

2023-07-03 17:22:58 - [MESSAGE][PASSED] - Call Test Case 'Test Cases/Pages/Register/Verify with if-else' successfully

2023-07-03 17:22:58 - [TEST_STEP][PASSED] - Start listener action : AfterTestCase: Browser is closed

2023-07-03 17:22:58 - [TEST_STEP][PASSED] - logInfo("Test Case: " + testCaseContext.getTestCaseId() + " | " + testCaseContext.getTestCaseStatus()): Test Case: Test Cases/Step Definition/Feature Register/REG02 - User register with invalid email | PASSED

2023-07-03 17:22:58 - [MESSAGE][INFO] - Test Case: Test Cases/Step Definition/Feature Register/REG02 - User register with invalid email | PASSED

2023-07-03 17:22:58 - [TEST_STEP][PASSED] - closeBrowser(): null

2023-07-03 17:22:58 - [TEST_STEP][PASSED] - closeBrowser(): Browser is closed

2023-07-03 17:22:59 - [MESSAGE][PASSED] - Browser is closed]]></system-out>
         <system-err><![CDATA[]]></system-err>
      </testcase>
      <testcase name="Test Cases/Step Definition/Feature Register/REG03 - User register with non-TLD email format" time="30.704" classname="Test Cases/Step Definition/Feature Register/REG03 - User register with non-TLD email format" status="FAILED">
         <failure type="FAILED" message="Test Cases/Step Definition/Feature Register/REG03 - User register with non-TLD email format FAILED.
Reason:
com.kms.katalon.core.exception.StepFailedException: Call Test Case 'Test Cases/Pages/Register/Verify Required Email' failed
	at com.kms.katalon.core.keyword.builtin.CallTestCaseKeyword$_callTestCase_closure1.doCall(CallTestCaseKeyword.groovy:63)
	at com.kms.katalon.core.keyword.builtin.CallTestCaseKeyword$_callTestCase_closure1.call(CallTestCaseKeyword.groovy)
	at com.kms.katalon.core.keyword.internal.KeywordMain.runKeyword(KeywordMain.groovy:75)
	at com.kms.katalon.core.keyword.builtin.CallTestCaseKeyword.callTestCase(CallTestCaseKeyword.groovy:81)
	at com.kms.katalon.core.keyword.builtin.CallTestCaseKeyword.execute(CallTestCaseKeyword.groovy:44)
	at com.kms.katalon.core.keyword.internal.KeywordExecutor.executeKeywordForPlatform(KeywordExecutor.groovy:74)
	at com.kms.katalon.core.keyword.BuiltinKeywords.callTestCase(BuiltinKeywords.groovy:334)
	at REG03 - User register with non-TLD email format.run(REG03 - User register with non-TLD email format:32)
	at com.kms.katalon.core.main.ScriptEngine.run(ScriptEngine.java:194)
	at com.kms.katalon.core.main.ScriptEngine.runScriptAsRawText(ScriptEngine.java:119)
	at com.kms.katalon.core.main.TestCaseExecutor.runScript(TestCaseExecutor.java:448)
	at com.kms.katalon.core.main.TestCaseExecutor.doExecute(TestCaseExecutor.java:439)
	at com.kms.katalon.core.main.TestCaseExecutor.processExecutionPhase(TestCaseExecutor.java:418)
	at com.kms.katalon.core.main.TestCaseExecutor.accessMainPhase(TestCaseExecutor.java:410)
	at com.kms.katalon.core.main.TestCaseExecutor.execute(TestCaseExecutor.java:285)
	at com.kms.katalon.core.common.CommonExecutor.accessTestCaseMainPhase(CommonExecutor.java:65)
	at com.kms.katalon.core.main.TestSuiteExecutor.accessTestSuiteMainPhase(TestSuiteExecutor.java:148)
	at com.kms.katalon.core.main.TestSuiteExecutor.execute(TestSuiteExecutor.java:106)
	at com.kms.katalon.core.main.TestCaseMain.startTestSuite(TestCaseMain.java:187)
	at com.kms.katalon.core.main.TestCaseMain$startTestSuite$0.call(Unknown Source)
	at TempTestSuite1688379729800.run(TempTestSuite1688379729800.groovy:36)
Caused by: com.kms.katalon.core.exception.StepFailedException: Unable to verify if object 'Object Repository/Register/input_Email' has attribute 'required' with value 'true'
	at com.kms.katalon.core.webui.keyword.internal.WebUIKeywordMain.stepFailed(WebUIKeywordMain.groovy:64)
	at com.kms.katalon.core.webui.keyword.internal.WebUIKeywordMain.runKeyword(WebUIKeywordMain.groovy:26)
	at com.kms.katalon.core.webui.keyword.builtin.VerifyElementAttributeValueKeyword.verifyElementAttributeValue(VerifyElementAttributeValueKeyword.groovy:109)
	at com.kms.katalon.core.webui.keyword.builtin.VerifyElementAttributeValueKeyword.execute(VerifyElementAttributeValueKeyword.groovy:70)
	at com.kms.katalon.core.keyword.internal.KeywordExecutor.executeKeywordForPlatform(KeywordExecutor.groovy:74)
	at com.kms.katalon.core.webui.keyword.WebUiBuiltInKeywords.verifyElementAttributeValue(WebUiBuiltInKeywords.groovy:4338)
	at com.kms.katalon.core.webui.keyword.WebUiBuiltInKeywords$verifyElementAttributeValue$7.call(Unknown Source)
	at Verify Required Email.run(Verify Required Email:20)
	at com.kms.katalon.core.main.ScriptEngine.run(ScriptEngine.java:194)
	at com.kms.katalon.core.main.ScriptEngine.runScriptAsRawText(ScriptEngine.java:119)
	at com.kms.katalon.core.main.TestCaseExecutor.runScript(TestCaseExecutor.java:448)
	at com.kms.katalon.core.main.TestCaseExecutor.doExecute(TestCaseExecutor.java:439)
	at com.kms.katalon.core.main.TestCaseExecutor.processExecutionPhase(TestCaseExecutor.java:418)
	at com.kms.katalon.core.main.TestCaseExecutor.accessMainPhase(TestCaseExecutor.java:410)
	at com.kms.katalon.core.main.TestCaseExecutor.execute(TestCaseExecutor.java:285)
	at com.kms.katalon.core.main.TestCaseMain.runTestCase(TestCaseMain.java:144)
	at com.kms.katalon.core.keyword.builtin.CallTestCaseKeyword$_callTestCase_closure1.doCall(CallTestCaseKeyword.groovy:59)
	... 20 more
Caused by: com.kms.katalon.core.exception.StepFailedException: Object 'Object Repository/Register/input_Email' is not present
	at com.kms.katalon.core.webui.keyword.internal.WebUIKeywordMain.stepFailed(WebUIKeywordMain.groovy:64)
	at com.kms.katalon.core.webui.keyword.builtin.VerifyElementAttributeValueKeyword$_verifyElementAttributeValue_closure1.doCall(VerifyElementAttributeValueKeyword.groovy:102)
	at com.kms.katalon.core.webui.keyword.builtin.VerifyElementAttributeValueKeyword$_verifyElementAttributeValue_closure1.call(VerifyElementAttributeValueKeyword.groovy)
	at com.kms.katalon.core.webui.keyword.internal.WebUIKeywordMain.runKeyword(WebUIKeywordMain.groovy:20)
	... 35 more
"/>
         <system-out><![CDATA[2023-07-03 17:22:59 - [TEST_CASE][FAILED] - Test Cases/Step Definition/Feature Register/REG03 - User register with non-TLD email format: Test Cases/Step Definition/Feature Register/REG03 - User register with non-TLD email format FAILED.
Reason:
com.kms.katalon.core.exception.StepFailedException: Call Test Case 'Test Cases/Pages/Register/Verify Required Email' failed
	at com.kms.katalon.core.keyword.builtin.CallTestCaseKeyword$_callTestCase_closure1.doCall(CallTestCaseKeyword.groovy:63)
	at com.kms.katalon.core.keyword.builtin.CallTestCaseKeyword$_callTestCase_closure1.call(CallTestCaseKeyword.groovy)
	at com.kms.katalon.core.keyword.internal.KeywordMain.runKeyword(KeywordMain.groovy:75)
	at com.kms.katalon.core.keyword.builtin.CallTestCaseKeyword.callTestCase(CallTestCaseKeyword.groovy:81)
	at com.kms.katalon.core.keyword.builtin.CallTestCaseKeyword.execute(CallTestCaseKeyword.groovy:44)
	at com.kms.katalon.core.keyword.internal.KeywordExecutor.executeKeywordForPlatform(KeywordExecutor.groovy:74)
	at com.kms.katalon.core.keyword.BuiltinKeywords.callTestCase(BuiltinKeywords.groovy:334)
	at REG03 - User register with non-TLD email format.run(REG03 - User register with non-TLD email format:32)
	at com.kms.katalon.core.main.ScriptEngine.run(ScriptEngine.java:194)
	at com.kms.katalon.core.main.ScriptEngine.runScriptAsRawText(ScriptEngine.java:119)
	at com.kms.katalon.core.main.TestCaseExecutor.runScript(TestCaseExecutor.java:448)
	at com.kms.katalon.core.main.TestCaseExecutor.doExecute(TestCaseExecutor.java:439)
	at com.kms.katalon.core.main.TestCaseExecutor.processExecutionPhase(TestCaseExecutor.java:418)
	at com.kms.katalon.core.main.TestCaseExecutor.accessMainPhase(TestCaseExecutor.java:410)
	at com.kms.katalon.core.main.TestCaseExecutor.execute(TestCaseExecutor.java:285)
	at com.kms.katalon.core.common.CommonExecutor.accessTestCaseMainPhase(CommonExecutor.java:65)
	at com.kms.katalon.core.main.TestSuiteExecutor.accessTestSuiteMainPhase(TestSuiteExecutor.java:148)
	at com.kms.katalon.core.main.TestSuiteExecutor.execute(TestSuiteExecutor.java:106)
	at com.kms.katalon.core.main.TestCaseMain.startTestSuite(TestCaseMain.java:187)
	at com.kms.katalon.core.main.TestCaseMain$startTestSuite$0.call(Unknown Source)
	at TempTestSuite1688379729800.run(TempTestSuite1688379729800.groovy:36)
Caused by: com.kms.katalon.core.exception.StepFailedException: Unable to verify if object 'Object Repository/Register/input_Email' has attribute 'required' with value 'true'
	at com.kms.katalon.core.webui.keyword.internal.WebUIKeywordMain.stepFailed(WebUIKeywordMain.groovy:64)
	at com.kms.katalon.core.webui.keyword.internal.WebUIKeywordMain.runKeyword(WebUIKeywordMain.groovy:26)
	at com.kms.katalon.core.webui.keyword.builtin.VerifyElementAttributeValueKeyword.verifyElementAttributeValue(VerifyElementAttributeValueKeyword.groovy:109)
	at com.kms.katalon.core.webui.keyword.builtin.VerifyElementAttributeValueKeyword.execute(VerifyElementAttributeValueKeyword.groovy:70)
	at com.kms.katalon.core.keyword.internal.KeywordExecutor.executeKeywordForPlatform(KeywordExecutor.groovy:74)
	at com.kms.katalon.core.webui.keyword.WebUiBuiltInKeywords.verifyElementAttributeValue(WebUiBuiltInKeywords.groovy:4338)
	at com.kms.katalon.core.webui.keyword.WebUiBuiltInKeywords$verifyElementAttributeValue$7.call(Unknown Source)
	at Verify Required Email.run(Verify Required Email:20)
	at com.kms.katalon.core.main.ScriptEngine.run(ScriptEngine.java:194)
	at com.kms.katalon.core.main.ScriptEngine.runScriptAsRawText(ScriptEngine.java:119)
	at com.kms.katalon.core.main.TestCaseExecutor.runScript(TestCaseExecutor.java:448)
	at com.kms.katalon.core.main.TestCaseExecutor.doExecute(TestCaseExecutor.java:439)
	at com.kms.katalon.core.main.TestCaseExecutor.processExecutionPhase(TestCaseExecutor.java:418)
	at com.kms.katalon.core.main.TestCaseExecutor.accessMainPhase(TestCaseExecutor.java:410)
	at com.kms.katalon.core.main.TestCaseExecutor.execute(TestCaseExecutor.java:285)
	at com.kms.katalon.core.main.TestCaseMain.runTestCase(TestCaseMain.java:144)
	at com.kms.katalon.core.keyword.builtin.CallTestCaseKeyword$_callTestCase_closure1.doCall(CallTestCaseKeyword.groovy:59)
	... 20 more
Caused by: com.kms.katalon.core.exception.StepFailedException: Object 'Object Repository/Register/input_Email' is not present
	at com.kms.katalon.core.webui.keyword.internal.WebUIKeywordMain.stepFailed(WebUIKeywordMain.groovy:64)
	at com.kms.katalon.core.webui.keyword.builtin.VerifyElementAttributeValueKeyword$_verifyElementAttributeValue_closure1.doCall(VerifyElementAttributeValueKeyword.groovy:102)
	at com.kms.katalon.core.webui.keyword.builtin.VerifyElementAttributeValueKeyword$_verifyElementAttributeValue_closure1.call(VerifyElementAttributeValueKeyword.groovy)
	at com.kms.katalon.core.webui.keyword.internal.WebUIKeywordMain.runKeyword(WebUIKeywordMain.groovy:20)
	... 35 more


2023-07-03 17:22:59 - [TEST_STEP][PASSED] - Start listener action : BeforeTestCase: Current window maximized

2023-07-03 17:22:59 - [TEST_STEP][PASSED] - logInfo("Test Case: " + testCaseContext.getTestCaseId()): Test Case: Test Cases/Step Definition/Feature Register/REG03 - User register with non-TLD email format

2023-07-03 17:22:59 - [MESSAGE][INFO] - Test Case: Test Cases/Step Definition/Feature Register/REG03 - User register with non-TLD email format

2023-07-03 17:22:59 - [TEST_STEP][PASSED] - openBrowser(): null

2023-07-03 17:22:59 - [TEST_STEP][PASSED] - openBrowser("https://secondhand.binaracademy.org/"): Browser is opened with url: 'https://secondhand.binaracademy.org/'

2023-07-03 17:22:59 - [MESSAGE][INFO] - Starting 'Chrome' driver

2023-07-03 17:22:59 - [MESSAGE][INFO] - Action delay is set to 0 milliseconds

2023-07-03 17:23:03 - [MESSAGE][PASSED] - Browser is opened with url: 'https://secondhand.binaracademy.org/'

2023-07-03 17:23:03 - [TEST_STEP][PASSED] - maximizeWindow(): Current window maximized

2023-07-03 17:23:03 - [MESSAGE][PASSED] - Current window maximized

2023-07-03 17:23:03 - [TEST_STEP][PASSED] - callTestCase(findTestCase("Pages/Homepage/Click Masuk from homepage"), [:], STOP_ON_FAILURE): Call Test Case 'Test Cases/Pages/Homepage/Click Masuk from homepage' successfully

2023-07-03 17:23:04 - [TEST_CASE][PASSED] - Test Cases/Pages/Homepage/Click Masuk from homepage: Test Cases/Pages/Homepage/Click Masuk from homepage

2023-07-03 17:23:04 - [TEST_STEP][PASSED] - click(findTestObject("Navbar/a_Masuk")): Object: 'Object Repository/Navbar/a_Masuk' is clicked on

2023-07-03 17:23:04 - [MESSAGE][PASSED] - Object: 'Object Repository/Navbar/a_Masuk' is clicked on

2023-07-03 17:23:04 - [MESSAGE][PASSED] - Call Test Case 'Test Cases/Pages/Homepage/Click Masuk from homepage' successfully

2023-07-03 17:23:04 - [TEST_STEP][PASSED] - callTestCase(findTestCase("Pages/Register/Click Button Daftar di sini from login page"), [:], STOP_ON_FAILURE): Call Test Case 'Test Cases/Pages/Register/Click Button Daftar di sini from login page' successfully

2023-07-03 17:23:04 - [TEST_CASE][PASSED] - Test Cases/Pages/Register/Click Button Daftar di sini from login page: Test Cases/Pages/Register/Click Button Daftar di sini from login page

2023-07-03 17:23:04 - [TEST_STEP][PASSED] - click(findTestObject("Login/a_Daftar di sini")): Object: 'Object Repository/Login/a_Daftar di sini' is clicked on

2023-07-03 17:23:05 - [MESSAGE][PASSED] - Object: 'Object Repository/Login/a_Daftar di sini' is clicked on

2023-07-03 17:23:05 - [MESSAGE][PASSED] - Call Test Case 'Test Cases/Pages/Register/Click Button Daftar di sini from login page' successfully

2023-07-03 17:23:05 - [TEST_STEP][PASSED] - callTestCase(findTestCase("Pages/Register/Input Nama with test data"), ["nama":"invalid domain"], STOP_ON_FAILURE): Call Test Case 'Test Cases/Pages/Register/Input Nama with test data' successfully

2023-07-03 17:23:05 - [TEST_CASE][PASSED] - Test Cases/Pages/Register/Input Nama with test data: Test Cases/Pages/Register/Input Nama with test data

2023-07-03 17:23:05 - [TEST_STEP][PASSED] - setText(findTestObject("Register/input_Name"), nama): Text 'invalid domain' is set on object 'Object Repository/Register/input_Name'

2023-07-03 17:23:06 - [MESSAGE][PASSED] - Text 'invalid domain' is set on object 'Object Repository/Register/input_Name'

2023-07-03 17:23:06 - [MESSAGE][PASSED] - Call Test Case 'Test Cases/Pages/Register/Input Nama with test data' successfully

2023-07-03 17:23:06 - [TEST_STEP][PASSED] - callTestCase(findTestCase("Pages/Register/Input Email with non-TLD"), [:], STOP_ON_FAILURE): Call Test Case 'Test Cases/Pages/Register/Input Email with non-TLD' successfully

2023-07-03 17:23:06 - [TEST_CASE][PASSED] - Test Cases/Pages/Register/Input Email with non-TLD: Test Cases/Pages/Register/Input Email with non-TLD

2023-07-03 17:23:06 - [TEST_STEP][PASSED] - invalidEmail = packages.randomEmail.getEmail("tld"): packages.randomEmail.getEmail is PASSED

2023-07-03 17:23:06 - [MESSAGE][PASSED] - packages.randomEmail.getEmail is PASSED

2023-07-03 17:23:06 - [TEST_STEP][PASSED] - sendKeys(findTestObject("Register/input_Email"), invalidEmail): Keys 'user230323-0523-794@tld' sent to object: 'Object Repository/Register/input_Email'

2023-07-03 17:23:06 - [MESSAGE][PASSED] - Keys 'user230323-0523-794@tld' sent to object: 'Object Repository/Register/input_Email'

2023-07-03 17:23:06 - [MESSAGE][PASSED] - Call Test Case 'Test Cases/Pages/Register/Input Email with non-TLD' successfully

2023-07-03 17:23:06 - [TEST_STEP][PASSED] - callTestCase(findTestCase("Pages/Register/Input Password"), ["password":"abc!12345"], STOP_ON_FAILURE): Call Test Case 'Test Cases/Pages/Register/Input Password' successfully

2023-07-03 17:23:06 - [TEST_CASE][PASSED] - Test Cases/Pages/Register/Input Password: Test Cases/Pages/Register/Input Password

2023-07-03 17:23:06 - [TEST_STEP][PASSED] - setText(findTestObject("Register/input_Password"), password): Text 'abc!12345' is set on object 'Object Repository/Register/input_Password'

2023-07-03 17:23:07 - [MESSAGE][PASSED] - Text 'abc!12345' is set on object 'Object Repository/Register/input_Password'

2023-07-03 17:23:07 - [MESSAGE][PASSED] - Call Test Case 'Test Cases/Pages/Register/Input Password' successfully

2023-07-03 17:23:07 - [TEST_STEP][PASSED] - callTestCase(findTestCase("Pages/Register/Click Button Daftar to submit"), [:], STOP_ON_FAILURE): Call Test Case 'Test Cases/Pages/Register/Click Button Daftar to submit' successfully

2023-07-03 17:23:07 - [TEST_CASE][PASSED] - Test Cases/Pages/Register/Click Button Daftar to submit: Test Cases/Pages/Register/Click Button Daftar to submit

2023-07-03 17:23:07 - [TEST_STEP][PASSED] - click(findTestObject("Register/button_Daftar")): Object: 'Object Repository/Register/button_Daftar' is clicked on

2023-07-03 17:23:07 - [MESSAGE][PASSED] - Object: 'Object Repository/Register/button_Daftar' is clicked on

2023-07-03 17:23:07 - [MESSAGE][PASSED] - Call Test Case 'Test Cases/Pages/Register/Click Button Daftar to submit' successfully

2023-07-03 17:23:07 - [TEST_STEP][FAILED] - callTestCase(findTestCase("Pages/Register/Verify Required Email"), [:], STOP_ON_FAILURE): Unable to call Test Case 'Test Cases/Pages/Register/Verify Required Email' (Root cause: com.kms.katalon.core.exception.StepFailedException: Call Test Case 'Test Cases/Pages/Register/Verify Required Email' failed
	at com.kms.katalon.core.keyword.builtin.CallTestCaseKeyword$_callTestCase_closure1.doCall(CallTestCaseKeyword.groovy:63)
	at com.kms.katalon.core.keyword.builtin.CallTestCaseKeyword$_callTestCase_closure1.call(CallTestCaseKeyword.groovy)
	at com.kms.katalon.core.keyword.internal.KeywordMain.runKeyword(KeywordMain.groovy:75)
	at com.kms.katalon.core.keyword.builtin.CallTestCaseKeyword.callTestCase(CallTestCaseKeyword.groovy:81)
	at com.kms.katalon.core.keyword.builtin.CallTestCaseKeyword.execute(CallTestCaseKeyword.groovy:44)
	at com.kms.katalon.core.keyword.internal.KeywordExecutor.executeKeywordForPlatform(KeywordExecutor.groovy:74)
	at com.kms.katalon.core.keyword.BuiltinKeywords.callTestCase(BuiltinKeywords.groovy:334)
	at REG03 - User register with non-TLD email format.run(REG03 - User register with non-TLD email format:32)
	at com.kms.katalon.core.main.ScriptEngine.run(ScriptEngine.java:194)
	at com.kms.katalon.core.main.ScriptEngine.runScriptAsRawText(ScriptEngine.java:119)
	at com.kms.katalon.core.main.TestCaseExecutor.runScript(TestCaseExecutor.java:448)
	at com.kms.katalon.core.main.TestCaseExecutor.doExecute(TestCaseExecutor.java:439)
	at com.kms.katalon.core.main.TestCaseExecutor.processExecutionPhase(TestCaseExecutor.java:418)
	at com.kms.katalon.core.main.TestCaseExecutor.accessMainPhase(TestCaseExecutor.java:410)
	at com.kms.katalon.core.main.TestCaseExecutor.execute(TestCaseExecutor.java:285)
	at com.kms.katalon.core.common.CommonExecutor.accessTestCaseMainPhase(CommonExecutor.java:65)
	at com.kms.katalon.core.main.TestSuiteExecutor.accessTestSuiteMainPhase(TestSuiteExecutor.java:148)
	at com.kms.katalon.core.main.TestSuiteExecutor.execute(TestSuiteExecutor.java:106)
	at com.kms.katalon.core.main.TestCaseMain.startTestSuite(TestCaseMain.java:187)
	at com.kms.katalon.core.main.TestCaseMain$startTestSuite$0.call(Unknown Source)
	at TempTestSuite1688379729800.run(TempTestSuite1688379729800.groovy:36)
Caused by: com.kms.katalon.core.exception.StepFailedException: Unable to verify if object 'Object Repository/Register/input_Email' has attribute 'required' with value 'true'
	at com.kms.katalon.core.webui.keyword.internal.WebUIKeywordMain.stepFailed(WebUIKeywordMain.groovy:64)
	at com.kms.katalon.core.webui.keyword.internal.WebUIKeywordMain.runKeyword(WebUIKeywordMain.groovy:26)
	at com.kms.katalon.core.webui.keyword.builtin.VerifyElementAttributeValueKeyword.verifyElementAttributeValue(VerifyElementAttributeValueKeyword.groovy:109)
	at com.kms.katalon.core.webui.keyword.builtin.VerifyElementAttributeValueKeyword.execute(VerifyElementAttributeValueKeyword.groovy:70)
	at com.kms.katalon.core.keyword.internal.KeywordExecutor.executeKeywordForPlatform(KeywordExecutor.groovy:74)
	at com.kms.katalon.core.webui.keyword.WebUiBuiltInKeywords.verifyElementAttributeValue(WebUiBuiltInKeywords.groovy:4338)
	at com.kms.katalon.core.webui.keyword.WebUiBuiltInKeywords$verifyElementAttributeValue$7.call(Unknown Source)
	at Verify Required Email.run(Verify Required Email:20)
	at com.kms.katalon.core.main.ScriptEngine.run(ScriptEngine.java:194)
	at com.kms.katalon.core.main.ScriptEngine.runScriptAsRawText(ScriptEngine.java:119)
	at com.kms.katalon.core.main.TestCaseExecutor.runScript(TestCaseExecutor.java:448)
	at com.kms.katalon.core.main.TestCaseExecutor.doExecute(TestCaseExecutor.java:439)
	at com.kms.katalon.core.main.TestCaseExecutor.processExecutionPhase(TestCaseExecutor.java:418)
	at com.kms.katalon.core.main.TestCaseExecutor.accessMainPhase(TestCaseExecutor.java:410)
	at com.kms.katalon.core.main.TestCaseExecutor.execute(TestCaseExecutor.java:285)
	at com.kms.katalon.core.main.TestCaseMain.runTestCase(TestCaseMain.java:144)
	at com.kms.katalon.core.keyword.builtin.CallTestCaseKeyword$_callTestCase_closure1.doCall(CallTestCaseKeyword.groovy:59)
	... 20 more
Caused by: com.kms.katalon.core.exception.StepFailedException: Object 'Object Repository/Register/input_Email' is not present
	at com.kms.katalon.core.webui.keyword.internal.WebUIKeywordMain.stepFailed(WebUIKeywordMain.groovy:64)
	at com.kms.katalon.core.webui.keyword.builtin.VerifyElementAttributeValueKeyword$_verifyElementAttributeValue_closure1.doCall(VerifyElementAttributeValueKeyword.groovy:102)
	at com.kms.katalon.core.webui.keyword.builtin.VerifyElementAttributeValueKeyword$_verifyElementAttributeValue_closure1.call(VerifyElementAttributeValueKeyword.groovy)
	at com.kms.katalon.core.webui.keyword.internal.WebUIKeywordMain.runKeyword(WebUIKeywordMain.groovy:20)
	... 35 more
)

2023-07-03 17:23:07 - [TEST_CASE][FAILED] - Test Cases/Pages/Register/Verify Required Email: Test Cases/Pages/Register/Verify Required Email FAILED.
Reason:
com.kms.katalon.core.exception.StepFailedException: Unable to verify if object 'Object Repository/Register/input_Email' has attribute 'required' with value 'true'
	at com.kms.katalon.core.webui.keyword.internal.WebUIKeywordMain.stepFailed(WebUIKeywordMain.groovy:64)
	at com.kms.katalon.core.webui.keyword.internal.WebUIKeywordMain.runKeyword(WebUIKeywordMain.groovy:26)
	at com.kms.katalon.core.webui.keyword.builtin.VerifyElementAttributeValueKeyword.verifyElementAttributeValue(VerifyElementAttributeValueKeyword.groovy:109)
	at com.kms.katalon.core.webui.keyword.builtin.VerifyElementAttributeValueKeyword.execute(VerifyElementAttributeValueKeyword.groovy:70)
	at com.kms.katalon.core.keyword.internal.KeywordExecutor.executeKeywordForPlatform(KeywordExecutor.groovy:74)
	at com.kms.katalon.core.webui.keyword.WebUiBuiltInKeywords.verifyElementAttributeValue(WebUiBuiltInKeywords.groovy:4338)
	at com.kms.katalon.core.webui.keyword.WebUiBuiltInKeywords$verifyElementAttributeValue$7.call(Unknown Source)
	at Verify Required Email.run(Verify Required Email:20)
	at com.kms.katalon.core.main.ScriptEngine.run(ScriptEngine.java:194)
	at com.kms.katalon.core.main.ScriptEngine.runScriptAsRawText(ScriptEngine.java:119)
	at com.kms.katalon.core.main.TestCaseExecutor.runScript(TestCaseExecutor.java:448)
	at com.kms.katalon.core.main.TestCaseExecutor.doExecute(TestCaseExecutor.java:439)
	at com.kms.katalon.core.main.TestCaseExecutor.processExecutionPhase(TestCaseExecutor.java:418)
	at com.kms.katalon.core.main.TestCaseExecutor.accessMainPhase(TestCaseExecutor.java:410)
	at com.kms.katalon.core.main.TestCaseExecutor.execute(TestCaseExecutor.java:285)
	at com.kms.katalon.core.main.TestCaseMain.runTestCase(TestCaseMain.java:144)
	at com.kms.katalon.core.keyword.builtin.CallTestCaseKeyword$_callTestCase_closure1.doCall(CallTestCaseKeyword.groovy:59)
	at com.kms.katalon.core.keyword.builtin.CallTestCaseKeyword$_callTestCase_closure1.call(CallTestCaseKeyword.groovy)
	at com.kms.katalon.core.keyword.internal.KeywordMain.runKeyword(KeywordMain.groovy:75)
	at com.kms.katalon.core.keyword.builtin.CallTestCaseKeyword.callTestCase(CallTestCaseKeyword.groovy:81)
	at com.kms.katalon.core.keyword.builtin.CallTestCaseKeyword.execute(CallTestCaseKeyword.groovy:44)
	at com.kms.katalon.core.keyword.internal.KeywordExecutor.executeKeywordForPlatform(KeywordExecutor.groovy:74)
	at com.kms.katalon.core.keyword.BuiltinKeywords.callTestCase(BuiltinKeywords.groovy:334)
	at REG03 - User register with non-TLD email format.run(REG03 - User register with non-TLD email format:32)
	at com.kms.katalon.core.main.ScriptEngine.run(ScriptEngine.java:194)
	at com.kms.katalon.core.main.ScriptEngine.runScriptAsRawText(ScriptEngine.java:119)
	at com.kms.katalon.core.main.TestCaseExecutor.runScript(TestCaseExecutor.java:448)
	at com.kms.katalon.core.main.TestCaseExecutor.doExecute(TestCaseExecutor.java:439)
	at com.kms.katalon.core.main.TestCaseExecutor.processExecutionPhase(TestCaseExecutor.java:418)
	at com.kms.katalon.core.main.TestCaseExecutor.accessMainPhase(TestCaseExecutor.java:410)
	at com.kms.katalon.core.main.TestCaseExecutor.execute(TestCaseExecutor.java:285)
	at com.kms.katalon.core.common.CommonExecutor.accessTestCaseMainPhase(CommonExecutor.java:65)
	at com.kms.katalon.core.main.TestSuiteExecutor.accessTestSuiteMainPhase(TestSuiteExecutor.java:148)
	at com.kms.katalon.core.main.TestSuiteExecutor.execute(TestSuiteExecutor.java:106)
	at com.kms.katalon.core.main.TestCaseMain.startTestSuite(TestCaseMain.java:187)
	at com.kms.katalon.core.main.TestCaseMain$startTestSuite$0.call(Unknown Source)
	at TempTestSuite1688379729800.run(TempTestSuite1688379729800.groovy:36)
Caused by: com.kms.katalon.core.exception.StepFailedException: Object 'Object Repository/Register/input_Email' is not present
	at com.kms.katalon.core.webui.keyword.internal.WebUIKeywordMain.stepFailed(WebUIKeywordMain.groovy:64)
	at com.kms.katalon.core.webui.keyword.builtin.VerifyElementAttributeValueKeyword$_verifyElementAttributeValue_closure1.doCall(VerifyElementAttributeValueKeyword.groovy:102)
	at com.kms.katalon.core.webui.keyword.builtin.VerifyElementAttributeValueKeyword$_verifyElementAttributeValue_closure1.call(VerifyElementAttributeValueKeyword.groovy)
	at com.kms.katalon.core.webui.keyword.internal.WebUIKeywordMain.runKeyword(WebUIKeywordMain.groovy:20)
	... 35 more


2023-07-03 17:23:07 - [TEST_STEP][FAILED] - verifyElementAttributeValue(findTestObject("Register/input_Email"), "required", "true", 20): Unable to verify if object 'Object Repository/Register/input_Email' has attribute 'required' with value 'true' (Root cause: com.kms.katalon.core.exception.StepFailedException: Unable to verify if object 'Object Repository/Register/input_Email' has attribute 'required' with value 'true'
	at com.kms.katalon.core.webui.keyword.internal.WebUIKeywordMain.stepFailed(WebUIKeywordMain.groovy:64)
	at com.kms.katalon.core.webui.keyword.internal.WebUIKeywordMain.runKeyword(WebUIKeywordMain.groovy:26)
	at com.kms.katalon.core.webui.keyword.builtin.VerifyElementAttributeValueKeyword.verifyElementAttributeValue(VerifyElementAttributeValueKeyword.groovy:109)
	at com.kms.katalon.core.webui.keyword.builtin.VerifyElementAttributeValueKeyword.execute(VerifyElementAttributeValueKeyword.groovy:70)
	at com.kms.katalon.core.keyword.internal.KeywordExecutor.executeKeywordForPlatform(KeywordExecutor.groovy:74)
	at com.kms.katalon.core.webui.keyword.WebUiBuiltInKeywords.verifyElementAttributeValue(WebUiBuiltInKeywords.groovy:4338)
	at com.kms.katalon.core.webui.keyword.WebUiBuiltInKeywords$verifyElementAttributeValue$7.call(Unknown Source)
	at Verify Required Email.run(Verify Required Email:20)
	at com.kms.katalon.core.main.ScriptEngine.run(ScriptEngine.java:194)
	at com.kms.katalon.core.main.ScriptEngine.runScriptAsRawText(ScriptEngine.java:119)
	at com.kms.katalon.core.main.TestCaseExecutor.runScript(TestCaseExecutor.java:448)
	at com.kms.katalon.core.main.TestCaseExecutor.doExecute(TestCaseExecutor.java:439)
	at com.kms.katalon.core.main.TestCaseExecutor.processExecutionPhase(TestCaseExecutor.java:418)
	at com.kms.katalon.core.main.TestCaseExecutor.accessMainPhase(TestCaseExecutor.java:410)
	at com.kms.katalon.core.main.TestCaseExecutor.execute(TestCaseExecutor.java:285)
	at com.kms.katalon.core.main.TestCaseMain.runTestCase(TestCaseMain.java:144)
	at com.kms.katalon.core.keyword.builtin.CallTestCaseKeyword$_callTestCase_closure1.doCall(CallTestCaseKeyword.groovy:59)
	at com.kms.katalon.core.keyword.builtin.CallTestCaseKeyword$_callTestCase_closure1.call(CallTestCaseKeyword.groovy)
	at com.kms.katalon.core.keyword.internal.KeywordMain.runKeyword(KeywordMain.groovy:75)
	at com.kms.katalon.core.keyword.builtin.CallTestCaseKeyword.callTestCase(CallTestCaseKeyword.groovy:81)
	at com.kms.katalon.core.keyword.builtin.CallTestCaseKeyword.execute(CallTestCaseKeyword.groovy:44)
	at com.kms.katalon.core.keyword.internal.KeywordExecutor.executeKeywordForPlatform(KeywordExecutor.groovy:74)
	at com.kms.katalon.core.keyword.BuiltinKeywords.callTestCase(BuiltinKeywords.groovy:334)
	at REG03 - User register with non-TLD email format.run(REG03 - User register with non-TLD email format:32)
	at com.kms.katalon.core.main.ScriptEngine.run(ScriptEngine.java:194)
	at com.kms.katalon.core.main.ScriptEngine.runScriptAsRawText(ScriptEngine.java:119)
	at com.kms.katalon.core.main.TestCaseExecutor.runScript(TestCaseExecutor.java:448)
	at com.kms.katalon.core.main.TestCaseExecutor.doExecute(TestCaseExecutor.java:439)
	at com.kms.katalon.core.main.TestCaseExecutor.processExecutionPhase(TestCaseExecutor.java:418)
	at com.kms.katalon.core.main.TestCaseExecutor.accessMainPhase(TestCaseExecutor.java:410)
	at com.kms.katalon.core.main.TestCaseExecutor.execute(TestCaseExecutor.java:285)
	at com.kms.katalon.core.common.CommonExecutor.accessTestCaseMainPhase(CommonExecutor.java:65)
	at com.kms.katalon.core.main.TestSuiteExecutor.accessTestSuiteMainPhase(TestSuiteExecutor.java:148)
	at com.kms.katalon.core.main.TestSuiteExecutor.execute(TestSuiteExecutor.java:106)
	at com.kms.katalon.core.main.TestCaseMain.startTestSuite(TestCaseMain.java:187)
	at com.kms.katalon.core.main.TestCaseMain$startTestSuite$0.call(Unknown Source)
	at TempTestSuite1688379729800.run(TempTestSuite1688379729800.groovy:36)
Caused by: com.kms.katalon.core.exception.StepFailedException: Object 'Object Repository/Register/input_Email' is not present
	at com.kms.katalon.core.webui.keyword.internal.WebUIKeywordMain.stepFailed(WebUIKeywordMain.groovy:64)
	at com.kms.katalon.core.webui.keyword.builtin.VerifyElementAttributeValueKeyword$_verifyElementAttributeValue_closure1.doCall(VerifyElementAttributeValueKeyword.groovy:102)
	at com.kms.katalon.core.webui.keyword.builtin.VerifyElementAttributeValueKeyword$_verifyElementAttributeValue_closure1.call(VerifyElementAttributeValueKeyword.groovy)
	at com.kms.katalon.core.webui.keyword.internal.WebUIKeywordMain.runKeyword(WebUIKeywordMain.groovy:20)
	... 35 more
)

2023-07-03 17:23:29 - [MESSAGE][INFO] - Unable to find the element located by 'By.xpath: //input[@id='user_email']'. Please recheck the objects properties to make sure the desired element is located. 

2023-07-03 17:23:29 - [MESSAGE][FAILED] - Object 'Object Repository/Register/input_Email' is not present (Root cause: com.kms.katalon.core.exception.StepFailedException: Object 'Object Repository/Register/input_Email' is not present
	at com.kms.katalon.core.webui.keyword.internal.WebUIKeywordMain.stepFailed(WebUIKeywordMain.groovy:64)
	at com.kms.katalon.core.webui.keyword.builtin.VerifyElementAttributeValueKeyword$_verifyElementAttributeValue_closure1.doCall(VerifyElementAttributeValueKeyword.groovy:102)
	at com.kms.katalon.core.webui.keyword.builtin.VerifyElementAttributeValueKeyword$_verifyElementAttributeValue_closure1.call(VerifyElementAttributeValueKeyword.groovy)
	at com.kms.katalon.core.webui.keyword.internal.WebUIKeywordMain.runKeyword(WebUIKeywordMain.groovy:20)
	at com.kms.katalon.core.webui.keyword.builtin.VerifyElementAttributeValueKeyword.verifyElementAttributeValue(VerifyElementAttributeValueKeyword.groovy:109)
	at com.kms.katalon.core.webui.keyword.builtin.VerifyElementAttributeValueKeyword.execute(VerifyElementAttributeValueKeyword.groovy:70)
	at com.kms.katalon.core.keyword.internal.KeywordExecutor.executeKeywordForPlatform(KeywordExecutor.groovy:74)
	at com.kms.katalon.core.webui.keyword.WebUiBuiltInKeywords.verifyElementAttributeValue(WebUiBuiltInKeywords.groovy:4338)
	at com.kms.katalon.core.webui.keyword.WebUiBuiltInKeywords$verifyElementAttributeValue$7.call(Unknown Source)
	at Verify Required Email.run(Verify Required Email:20)
	at com.kms.katalon.core.main.ScriptEngine.run(ScriptEngine.java:194)
	at com.kms.katalon.core.main.ScriptEngine.runScriptAsRawText(ScriptEngine.java:119)
	at com.kms.katalon.core.main.TestCaseExecutor.runScript(TestCaseExecutor.java:448)
	at com.kms.katalon.core.main.TestCaseExecutor.doExecute(TestCaseExecutor.java:439)
	at com.kms.katalon.core.main.TestCaseExecutor.processExecutionPhase(TestCaseExecutor.java:418)
	at com.kms.katalon.core.main.TestCaseExecutor.accessMainPhase(TestCaseExecutor.java:410)
	at com.kms.katalon.core.main.TestCaseExecutor.execute(TestCaseExecutor.java:285)
	at com.kms.katalon.core.main.TestCaseMain.runTestCase(TestCaseMain.java:144)
	at com.kms.katalon.core.keyword.builtin.CallTestCaseKeyword$_callTestCase_closure1.doCall(CallTestCaseKeyword.groovy:59)
	at com.kms.katalon.core.keyword.builtin.CallTestCaseKeyword$_callTestCase_closure1.call(CallTestCaseKeyword.groovy)
	at com.kms.katalon.core.keyword.internal.KeywordMain.runKeyword(KeywordMain.groovy:75)
	at com.kms.katalon.core.keyword.builtin.CallTestCaseKeyword.callTestCase(CallTestCaseKeyword.groovy:81)
	at com.kms.katalon.core.keyword.builtin.CallTestCaseKeyword.execute(CallTestCaseKeyword.groovy:44)
	at com.kms.katalon.core.keyword.internal.KeywordExecutor.executeKeywordForPlatform(KeywordExecutor.groovy:74)
	at com.kms.katalon.core.keyword.BuiltinKeywords.callTestCase(BuiltinKeywords.groovy:334)
	at REG03 - User register with non-TLD email format.run(REG03 - User register with non-TLD email format:32)
	at com.kms.katalon.core.main.ScriptEngine.run(ScriptEngine.java:194)
	at com.kms.katalon.core.main.ScriptEngine.runScriptAsRawText(ScriptEngine.java:119)
	at com.kms.katalon.core.main.TestCaseExecutor.runScript(TestCaseExecutor.java:448)
	at com.kms.katalon.core.main.TestCaseExecutor.doExecute(TestCaseExecutor.java:439)
	at com.kms.katalon.core.main.TestCaseExecutor.processExecutionPhase(TestCaseExecutor.java:418)
	at com.kms.katalon.core.main.TestCaseExecutor.accessMainPhase(TestCaseExecutor.java:410)
	at com.kms.katalon.core.main.TestCaseExecutor.execute(TestCaseExecutor.java:285)
	at com.kms.katalon.core.common.CommonExecutor.accessTestCaseMainPhase(CommonExecutor.java:65)
	at com.kms.katalon.core.main.TestSuiteExecutor.accessTestSuiteMainPhase(TestSuiteExecutor.java:148)
	at com.kms.katalon.core.main.TestSuiteExecutor.execute(TestSuiteExecutor.java:106)
	at com.kms.katalon.core.main.TestCaseMain.startTestSuite(TestCaseMain.java:187)
	at com.kms.katalon.core.main.TestCaseMain$startTestSuite$0.call(Unknown Source)
	at TempTestSuite1688379729800.run(TempTestSuite1688379729800.groovy:36)
)
[[ATTACHMENT|E:\\GitRepo\\Katalon\\binarqa-group1-web\\Reports\\20230703_172208\\Feature Register - Negative Case\\20230703_172209\\1688379809172.png]]

2023-07-03 17:23:29 - [MESSAGE][FAILED] - Unable to verify if object 'Object Repository/Register/input_Email' has attribute 'required' with value 'true' (Root cause: com.kms.katalon.core.exception.StepFailedException: Unable to verify if object 'Object Repository/Register/input_Email' has attribute 'required' with value 'true'
	at com.kms.katalon.core.webui.keyword.internal.WebUIKeywordMain.stepFailed(WebUIKeywordMain.groovy:64)
	at com.kms.katalon.core.webui.keyword.internal.WebUIKeywordMain.runKeyword(WebUIKeywordMain.groovy:26)
	at com.kms.katalon.core.webui.keyword.builtin.VerifyElementAttributeValueKeyword.verifyElementAttributeValue(VerifyElementAttributeValueKeyword.groovy:109)
	at com.kms.katalon.core.webui.keyword.builtin.VerifyElementAttributeValueKeyword.execute(VerifyElementAttributeValueKeyword.groovy:70)
	at com.kms.katalon.core.keyword.internal.KeywordExecutor.executeKeywordForPlatform(KeywordExecutor.groovy:74)
	at com.kms.katalon.core.webui.keyword.WebUiBuiltInKeywords.verifyElementAttributeValue(WebUiBuiltInKeywords.groovy:4338)
	at com.kms.katalon.core.webui.keyword.WebUiBuiltInKeywords$verifyElementAttributeValue$7.call(Unknown Source)
	at Verify Required Email.run(Verify Required Email:20)
	at com.kms.katalon.core.main.ScriptEngine.run(ScriptEngine.java:194)
	at com.kms.katalon.core.main.ScriptEngine.runScriptAsRawText(ScriptEngine.java:119)
	at com.kms.katalon.core.main.TestCaseExecutor.runScript(TestCaseExecutor.java:448)
	at com.kms.katalon.core.main.TestCaseExecutor.doExecute(TestCaseExecutor.java:439)
	at com.kms.katalon.core.main.TestCaseExecutor.processExecutionPhase(TestCaseExecutor.java:418)
	at com.kms.katalon.core.main.TestCaseExecutor.accessMainPhase(TestCaseExecutor.java:410)
	at com.kms.katalon.core.main.TestCaseExecutor.execute(TestCaseExecutor.java:285)
	at com.kms.katalon.core.main.TestCaseMain.runTestCase(TestCaseMain.java:144)
	at com.kms.katalon.core.keyword.builtin.CallTestCaseKeyword$_callTestCase_closure1.doCall(CallTestCaseKeyword.groovy:59)
	at com.kms.katalon.core.keyword.builtin.CallTestCaseKeyword$_callTestCase_closure1.call(CallTestCaseKeyword.groovy)
	at com.kms.katalon.core.keyword.internal.KeywordMain.runKeyword(KeywordMain.groovy:75)
	at com.kms.katalon.core.keyword.builtin.CallTestCaseKeyword.callTestCase(CallTestCaseKeyword.groovy:81)
	at com.kms.katalon.core.keyword.builtin.CallTestCaseKeyword.execute(CallTestCaseKeyword.groovy:44)
	at com.kms.katalon.core.keyword.internal.KeywordExecutor.executeKeywordForPlatform(KeywordExecutor.groovy:74)
	at com.kms.katalon.core.keyword.BuiltinKeywords.callTestCase(BuiltinKeywords.groovy:334)
	at REG03 - User register with non-TLD email format.run(REG03 - User register with non-TLD email format:32)
	at com.kms.katalon.core.main.ScriptEngine.run(ScriptEngine.java:194)
	at com.kms.katalon.core.main.ScriptEngine.runScriptAsRawText(ScriptEngine.java:119)
	at com.kms.katalon.core.main.TestCaseExecutor.runScript(TestCaseExecutor.java:448)
	at com.kms.katalon.core.main.TestCaseExecutor.doExecute(TestCaseExecutor.java:439)
	at com.kms.katalon.core.main.TestCaseExecutor.processExecutionPhase(TestCaseExecutor.java:418)
	at com.kms.katalon.core.main.TestCaseExecutor.accessMainPhase(TestCaseExecutor.java:410)
	at com.kms.katalon.core.main.TestCaseExecutor.execute(TestCaseExecutor.java:285)
	at com.kms.katalon.core.common.CommonExecutor.accessTestCaseMainPhase(CommonExecutor.java:65)
	at com.kms.katalon.core.main.TestSuiteExecutor.accessTestSuiteMainPhase(TestSuiteExecutor.java:148)
	at com.kms.katalon.core.main.TestSuiteExecutor.execute(TestSuiteExecutor.java:106)
	at com.kms.katalon.core.main.TestCaseMain.startTestSuite(TestCaseMain.java:187)
	at com.kms.katalon.core.main.TestCaseMain$startTestSuite$0.call(Unknown Source)
	at TempTestSuite1688379729800.run(TempTestSuite1688379729800.groovy:36)
Caused by: com.kms.katalon.core.exception.StepFailedException: Object 'Object Repository/Register/input_Email' is not present
	at com.kms.katalon.core.webui.keyword.internal.WebUIKeywordMain.stepFailed(WebUIKeywordMain.groovy:64)
	at com.kms.katalon.core.webui.keyword.builtin.VerifyElementAttributeValueKeyword$_verifyElementAttributeValue_closure1.doCall(VerifyElementAttributeValueKeyword.groovy:102)
	at com.kms.katalon.core.webui.keyword.builtin.VerifyElementAttributeValueKeyword$_verifyElementAttributeValue_closure1.call(VerifyElementAttributeValueKeyword.groovy)
	at com.kms.katalon.core.webui.keyword.internal.WebUIKeywordMain.runKeyword(WebUIKeywordMain.groovy:20)
	... 35 more
)
[[ATTACHMENT|E:\\GitRepo\\Katalon\\binarqa-group1-web\\Reports\\20230703_172208\\Feature Register - Negative Case\\20230703_172209\\1688379809415.png]]

2023-07-03 17:23:29 - [MESSAGE][FAILED] - Unable to call Test Case 'Test Cases/Pages/Register/Verify Required Email' (Root cause: com.kms.katalon.core.exception.StepFailedException: Call Test Case 'Test Cases/Pages/Register/Verify Required Email' failed
	at com.kms.katalon.core.keyword.builtin.CallTestCaseKeyword$_callTestCase_closure1.doCall(CallTestCaseKeyword.groovy:63)
	at com.kms.katalon.core.keyword.builtin.CallTestCaseKeyword$_callTestCase_closure1.call(CallTestCaseKeyword.groovy)
	at com.kms.katalon.core.keyword.internal.KeywordMain.runKeyword(KeywordMain.groovy:75)
	at com.kms.katalon.core.keyword.builtin.CallTestCaseKeyword.callTestCase(CallTestCaseKeyword.groovy:81)
	at com.kms.katalon.core.keyword.builtin.CallTestCaseKeyword.execute(CallTestCaseKeyword.groovy:44)
	at com.kms.katalon.core.keyword.internal.KeywordExecutor.executeKeywordForPlatform(KeywordExecutor.groovy:74)
	at com.kms.katalon.core.keyword.BuiltinKeywords.callTestCase(BuiltinKeywords.groovy:334)
	at REG03 - User register with non-TLD email format.run(REG03 - User register with non-TLD email format:32)
	at com.kms.katalon.core.main.ScriptEngine.run(ScriptEngine.java:194)
	at com.kms.katalon.core.main.ScriptEngine.runScriptAsRawText(ScriptEngine.java:119)
	at com.kms.katalon.core.main.TestCaseExecutor.runScript(TestCaseExecutor.java:448)
	at com.kms.katalon.core.main.TestCaseExecutor.doExecute(TestCaseExecutor.java:439)
	at com.kms.katalon.core.main.TestCaseExecutor.processExecutionPhase(TestCaseExecutor.java:418)
	at com.kms.katalon.core.main.TestCaseExecutor.accessMainPhase(TestCaseExecutor.java:410)
	at com.kms.katalon.core.main.TestCaseExecutor.execute(TestCaseExecutor.java:285)
	at com.kms.katalon.core.common.CommonExecutor.accessTestCaseMainPhase(CommonExecutor.java:65)
	at com.kms.katalon.core.main.TestSuiteExecutor.accessTestSuiteMainPhase(TestSuiteExecutor.java:148)
	at com.kms.katalon.core.main.TestSuiteExecutor.execute(TestSuiteExecutor.java:106)
	at com.kms.katalon.core.main.TestCaseMain.startTestSuite(TestCaseMain.java:187)
	at com.kms.katalon.core.main.TestCaseMain$startTestSuite$0.call(Unknown Source)
	at TempTestSuite1688379729800.run(TempTestSuite1688379729800.groovy:36)
Caused by: com.kms.katalon.core.exception.StepFailedException: Unable to verify if object 'Object Repository/Register/input_Email' has attribute 'required' with value 'true'
	at com.kms.katalon.core.webui.keyword.internal.WebUIKeywordMain.stepFailed(WebUIKeywordMain.groovy:64)
	at com.kms.katalon.core.webui.keyword.internal.WebUIKeywordMain.runKeyword(WebUIKeywordMain.groovy:26)
	at com.kms.katalon.core.webui.keyword.builtin.VerifyElementAttributeValueKeyword.verifyElementAttributeValue(VerifyElementAttributeValueKeyword.groovy:109)
	at com.kms.katalon.core.webui.keyword.builtin.VerifyElementAttributeValueKeyword.execute(VerifyElementAttributeValueKeyword.groovy:70)
	at com.kms.katalon.core.keyword.internal.KeywordExecutor.executeKeywordForPlatform(KeywordExecutor.groovy:74)
	at com.kms.katalon.core.webui.keyword.WebUiBuiltInKeywords.verifyElementAttributeValue(WebUiBuiltInKeywords.groovy:4338)
	at com.kms.katalon.core.webui.keyword.WebUiBuiltInKeywords$verifyElementAttributeValue$7.call(Unknown Source)
	at Verify Required Email.run(Verify Required Email:20)
	at com.kms.katalon.core.main.ScriptEngine.run(ScriptEngine.java:194)
	at com.kms.katalon.core.main.ScriptEngine.runScriptAsRawText(ScriptEngine.java:119)
	at com.kms.katalon.core.main.TestCaseExecutor.runScript(TestCaseExecutor.java:448)
	at com.kms.katalon.core.main.TestCaseExecutor.doExecute(TestCaseExecutor.java:439)
	at com.kms.katalon.core.main.TestCaseExecutor.processExecutionPhase(TestCaseExecutor.java:418)
	at com.kms.katalon.core.main.TestCaseExecutor.accessMainPhase(TestCaseExecutor.java:410)
	at com.kms.katalon.core.main.TestCaseExecutor.execute(TestCaseExecutor.java:285)
	at com.kms.katalon.core.main.TestCaseMain.runTestCase(TestCaseMain.java:144)
	at com.kms.katalon.core.keyword.builtin.CallTestCaseKeyword$_callTestCase_closure1.doCall(CallTestCaseKeyword.groovy:59)
	... 20 more
Caused by: com.kms.katalon.core.exception.StepFailedException: Object 'Object Repository/Register/input_Email' is not present
	at com.kms.katalon.core.webui.keyword.internal.WebUIKeywordMain.stepFailed(WebUIKeywordMain.groovy:64)
	at com.kms.katalon.core.webui.keyword.builtin.VerifyElementAttributeValueKeyword$_verifyElementAttributeValue_closure1.doCall(VerifyElementAttributeValueKeyword.groovy:102)
	at com.kms.katalon.core.webui.keyword.builtin.VerifyElementAttributeValueKeyword$_verifyElementAttributeValue_closure1.call(VerifyElementAttributeValueKeyword.groovy)
	at com.kms.katalon.core.webui.keyword.internal.WebUIKeywordMain.runKeyword(WebUIKeywordMain.groovy:20)
	... 35 more
)

2023-07-03 17:23:29 - [TEST_STEP][PASSED] - Start listener action : AfterTestCase: Browser is closed

2023-07-03 17:23:29 - [TEST_STEP][PASSED] - logInfo("Test Case: " + testCaseContext.getTestCaseId() + " | " + testCaseContext.getTestCaseStatus()): Test Case: Test Cases/Step Definition/Feature Register/REG03 - User register with non-TLD email format | FAILED

2023-07-03 17:23:29 - [MESSAGE][INFO] - Test Case: Test Cases/Step Definition/Feature Register/REG03 - User register with non-TLD email format | FAILED

2023-07-03 17:23:29 - [TEST_STEP][PASSED] - closeBrowser(): null

2023-07-03 17:23:29 - [TEST_STEP][PASSED] - closeBrowser(): Browser is closed

2023-07-03 17:23:30 - [MESSAGE][PASSED] - Browser is closed]]></system-out>
         <system-err><![CDATA[2023-07-03 17:22:59 - [TEST_CASE][FAILED] - Test Cases/Step Definition/Feature Register/REG03 - User register with non-TLD email format: Test Cases/Step Definition/Feature Register/REG03 - User register with non-TLD email format FAILED.
Reason:
com.kms.katalon.core.exception.StepFailedException: Call Test Case 'Test Cases/Pages/Register/Verify Required Email' failed
	at com.kms.katalon.core.keyword.builtin.CallTestCaseKeyword$_callTestCase_closure1.doCall(CallTestCaseKeyword.groovy:63)
	at com.kms.katalon.core.keyword.builtin.CallTestCaseKeyword$_callTestCase_closure1.call(CallTestCaseKeyword.groovy)
	at com.kms.katalon.core.keyword.internal.KeywordMain.runKeyword(KeywordMain.groovy:75)
	at com.kms.katalon.core.keyword.builtin.CallTestCaseKeyword.callTestCase(CallTestCaseKeyword.groovy:81)
	at com.kms.katalon.core.keyword.builtin.CallTestCaseKeyword.execute(CallTestCaseKeyword.groovy:44)
	at com.kms.katalon.core.keyword.internal.KeywordExecutor.executeKeywordForPlatform(KeywordExecutor.groovy:74)
	at com.kms.katalon.core.keyword.BuiltinKeywords.callTestCase(BuiltinKeywords.groovy:334)
	at REG03 - User register with non-TLD email format.run(REG03 - User register with non-TLD email format:32)
	at com.kms.katalon.core.main.ScriptEngine.run(ScriptEngine.java:194)
	at com.kms.katalon.core.main.ScriptEngine.runScriptAsRawText(ScriptEngine.java:119)
	at com.kms.katalon.core.main.TestCaseExecutor.runScript(TestCaseExecutor.java:448)
	at com.kms.katalon.core.main.TestCaseExecutor.doExecute(TestCaseExecutor.java:439)
	at com.kms.katalon.core.main.TestCaseExecutor.processExecutionPhase(TestCaseExecutor.java:418)
	at com.kms.katalon.core.main.TestCaseExecutor.accessMainPhase(TestCaseExecutor.java:410)
	at com.kms.katalon.core.main.TestCaseExecutor.execute(TestCaseExecutor.java:285)
	at com.kms.katalon.core.common.CommonExecutor.accessTestCaseMainPhase(CommonExecutor.java:65)
	at com.kms.katalon.core.main.TestSuiteExecutor.accessTestSuiteMainPhase(TestSuiteExecutor.java:148)
	at com.kms.katalon.core.main.TestSuiteExecutor.execute(TestSuiteExecutor.java:106)
	at com.kms.katalon.core.main.TestCaseMain.startTestSuite(TestCaseMain.java:187)
	at com.kms.katalon.core.main.TestCaseMain$startTestSuite$0.call(Unknown Source)
	at TempTestSuite1688379729800.run(TempTestSuite1688379729800.groovy:36)
Caused by: com.kms.katalon.core.exception.StepFailedException: Unable to verify if object 'Object Repository/Register/input_Email' has attribute 'required' with value 'true'
	at com.kms.katalon.core.webui.keyword.internal.WebUIKeywordMain.stepFailed(WebUIKeywordMain.groovy:64)
	at com.kms.katalon.core.webui.keyword.internal.WebUIKeywordMain.runKeyword(WebUIKeywordMain.groovy:26)
	at com.kms.katalon.core.webui.keyword.builtin.VerifyElementAttributeValueKeyword.verifyElementAttributeValue(VerifyElementAttributeValueKeyword.groovy:109)
	at com.kms.katalon.core.webui.keyword.builtin.VerifyElementAttributeValueKeyword.execute(VerifyElementAttributeValueKeyword.groovy:70)
	at com.kms.katalon.core.keyword.internal.KeywordExecutor.executeKeywordForPlatform(KeywordExecutor.groovy:74)
	at com.kms.katalon.core.webui.keyword.WebUiBuiltInKeywords.verifyElementAttributeValue(WebUiBuiltInKeywords.groovy:4338)
	at com.kms.katalon.core.webui.keyword.WebUiBuiltInKeywords$verifyElementAttributeValue$7.call(Unknown Source)
	at Verify Required Email.run(Verify Required Email:20)
	at com.kms.katalon.core.main.ScriptEngine.run(ScriptEngine.java:194)
	at com.kms.katalon.core.main.ScriptEngine.runScriptAsRawText(ScriptEngine.java:119)
	at com.kms.katalon.core.main.TestCaseExecutor.runScript(TestCaseExecutor.java:448)
	at com.kms.katalon.core.main.TestCaseExecutor.doExecute(TestCaseExecutor.java:439)
	at com.kms.katalon.core.main.TestCaseExecutor.processExecutionPhase(TestCaseExecutor.java:418)
	at com.kms.katalon.core.main.TestCaseExecutor.accessMainPhase(TestCaseExecutor.java:410)
	at com.kms.katalon.core.main.TestCaseExecutor.execute(TestCaseExecutor.java:285)
	at com.kms.katalon.core.main.TestCaseMain.runTestCase(TestCaseMain.java:144)
	at com.kms.katalon.core.keyword.builtin.CallTestCaseKeyword$_callTestCase_closure1.doCall(CallTestCaseKeyword.groovy:59)
	... 20 more
Caused by: com.kms.katalon.core.exception.StepFailedException: Object 'Object Repository/Register/input_Email' is not present
	at com.kms.katalon.core.webui.keyword.internal.WebUIKeywordMain.stepFailed(WebUIKeywordMain.groovy:64)
	at com.kms.katalon.core.webui.keyword.builtin.VerifyElementAttributeValueKeyword$_verifyElementAttributeValue_closure1.doCall(VerifyElementAttributeValueKeyword.groovy:102)
	at com.kms.katalon.core.webui.keyword.builtin.VerifyElementAttributeValueKeyword$_verifyElementAttributeValue_closure1.call(VerifyElementAttributeValueKeyword.groovy)
	at com.kms.katalon.core.webui.keyword.internal.WebUIKeywordMain.runKeyword(WebUIKeywordMain.groovy:20)
	... 35 more]]></system-err>
      </testcase>
      <testcase name="Test Cases/Step Definition/Feature Register/REG04 - User register without enter any data" time="8.878" classname="Test Cases/Step Definition/Feature Register/REG04 - User register without enter any data" status="PASSED">
         <system-out><![CDATA[2023-07-03 17:23:30 - [TEST_CASE][PASSED] - Test Cases/Step Definition/Feature Register/REG04 - User register without enter any data: Test Cases/Step Definition/Feature Register/REG04 - User register without enter any data

2023-07-03 17:23:30 - [TEST_STEP][PASSED] - Start listener action : BeforeTestCase: Current window maximized

2023-07-03 17:23:30 - [TEST_STEP][PASSED] - logInfo("Test Case: " + testCaseContext.getTestCaseId()): Test Case: Test Cases/Step Definition/Feature Register/REG04 - User register without enter any data

2023-07-03 17:23:30 - [MESSAGE][INFO] - Test Case: Test Cases/Step Definition/Feature Register/REG04 - User register without enter any data

2023-07-03 17:23:30 - [TEST_STEP][PASSED] - openBrowser(): null

2023-07-03 17:23:30 - [TEST_STEP][PASSED] - openBrowser("https://secondhand.binaracademy.org/"): Browser is opened with url: 'https://secondhand.binaracademy.org/'

2023-07-03 17:23:30 - [MESSAGE][INFO] - Starting 'Chrome' driver

2023-07-03 17:23:30 - [MESSAGE][INFO] - Action delay is set to 0 milliseconds

2023-07-03 17:23:33 - [MESSAGE][PASSED] - Browser is opened with url: 'https://secondhand.binaracademy.org/'

2023-07-03 17:23:33 - [TEST_STEP][PASSED] - maximizeWindow(): Current window maximized

2023-07-03 17:23:33 - [MESSAGE][PASSED] - Current window maximized

2023-07-03 17:23:33 - [TEST_STEP][PASSED] - callTestCase(findTestCase("Pages/Homepage/Click Masuk from homepage"), [:], STOP_ON_FAILURE): Call Test Case 'Test Cases/Pages/Homepage/Click Masuk from homepage' successfully

2023-07-03 17:23:33 - [TEST_CASE][PASSED] - Test Cases/Pages/Homepage/Click Masuk from homepage: Test Cases/Pages/Homepage/Click Masuk from homepage

2023-07-03 17:23:33 - [TEST_STEP][PASSED] - click(findTestObject("Navbar/a_Masuk")): Object: 'Object Repository/Navbar/a_Masuk' is clicked on

2023-07-03 17:23:34 - [MESSAGE][PASSED] - Object: 'Object Repository/Navbar/a_Masuk' is clicked on

2023-07-03 17:23:34 - [MESSAGE][PASSED] - Call Test Case 'Test Cases/Pages/Homepage/Click Masuk from homepage' successfully

2023-07-03 17:23:34 - [TEST_STEP][PASSED] - callTestCase(findTestCase("Pages/Register/Click Button Daftar di sini from login page"), [:], STOP_ON_FAILURE): Call Test Case 'Test Cases/Pages/Register/Click Button Daftar di sini from login page' successfully

2023-07-03 17:23:34 - [TEST_CASE][PASSED] - Test Cases/Pages/Register/Click Button Daftar di sini from login page: Test Cases/Pages/Register/Click Button Daftar di sini from login page

2023-07-03 17:23:34 - [TEST_STEP][PASSED] - click(findTestObject("Login/a_Daftar di sini")): Object: 'Object Repository/Login/a_Daftar di sini' is clicked on

2023-07-03 17:23:34 - [MESSAGE][PASSED] - Object: 'Object Repository/Login/a_Daftar di sini' is clicked on

2023-07-03 17:23:34 - [MESSAGE][PASSED] - Call Test Case 'Test Cases/Pages/Register/Click Button Daftar di sini from login page' successfully

2023-07-03 17:23:34 - [TEST_STEP][PASSED] - callTestCase(findTestCase("Pages/Register/Input Nama with test data"), ["nama":""], STOP_ON_FAILURE): Call Test Case 'Test Cases/Pages/Register/Input Nama with test data' successfully

2023-07-03 17:23:34 - [TEST_CASE][PASSED] - Test Cases/Pages/Register/Input Nama with test data: Test Cases/Pages/Register/Input Nama with test data

2023-07-03 17:23:34 - [TEST_STEP][PASSED] - setText(findTestObject("Register/input_Name"), nama): Text '' is set on object 'Object Repository/Register/input_Name'

2023-07-03 17:23:35 - [MESSAGE][PASSED] - Text '' is set on object 'Object Repository/Register/input_Name'

2023-07-03 17:23:35 - [MESSAGE][PASSED] - Call Test Case 'Test Cases/Pages/Register/Input Nama with test data' successfully

2023-07-03 17:23:35 - [TEST_STEP][PASSED] - callTestCase(findTestCase("Pages/Register/Input Email with test data"), ["email":""], STOP_ON_FAILURE): Call Test Case 'Test Cases/Pages/Register/Input Email with test data' successfully

2023-07-03 17:23:35 - [TEST_CASE][PASSED] - Test Cases/Pages/Register/Input Email with test data: Test Cases/Pages/Register/Input Email with test data

2023-07-03 17:23:35 - [TEST_STEP][PASSED] - setText(findTestObject("Register/input_Email"), email): Text '' is set on object 'Object Repository/Register/input_Email'

2023-07-03 17:23:36 - [MESSAGE][PASSED] - Text '' is set on object 'Object Repository/Register/input_Email'

2023-07-03 17:23:36 - [MESSAGE][PASSED] - Call Test Case 'Test Cases/Pages/Register/Input Email with test data' successfully

2023-07-03 17:23:36 - [TEST_STEP][PASSED] - callTestCase(findTestCase("Pages/Register/Input Password"), ["password":""], STOP_ON_FAILURE): Call Test Case 'Test Cases/Pages/Register/Input Password' successfully

2023-07-03 17:23:36 - [TEST_CASE][PASSED] - Test Cases/Pages/Register/Input Password: Test Cases/Pages/Register/Input Password

2023-07-03 17:23:36 - [TEST_STEP][PASSED] - setText(findTestObject("Register/input_Password"), password): Text '' is set on object 'Object Repository/Register/input_Password'

2023-07-03 17:23:37 - [MESSAGE][PASSED] - Text '' is set on object 'Object Repository/Register/input_Password'

2023-07-03 17:23:37 - [MESSAGE][PASSED] - Call Test Case 'Test Cases/Pages/Register/Input Password' successfully

2023-07-03 17:23:37 - [TEST_STEP][PASSED] - callTestCase(findTestCase("Pages/Register/Click Button Daftar to submit"), [:], STOP_ON_FAILURE): Call Test Case 'Test Cases/Pages/Register/Click Button Daftar to submit' successfully

2023-07-03 17:23:37 - [TEST_CASE][PASSED] - Test Cases/Pages/Register/Click Button Daftar to submit: Test Cases/Pages/Register/Click Button Daftar to submit

2023-07-03 17:23:37 - [TEST_STEP][PASSED] - click(findTestObject("Register/button_Daftar")): Object: 'Object Repository/Register/button_Daftar' is clicked on

2023-07-03 17:23:37 - [MESSAGE][PASSED] - Object: 'Object Repository/Register/button_Daftar' is clicked on

2023-07-03 17:23:37 - [MESSAGE][PASSED] - Call Test Case 'Test Cases/Pages/Register/Click Button Daftar to submit' successfully

2023-07-03 17:23:37 - [TEST_STEP][PASSED] - callTestCase(findTestCase("Pages/Register/Verify Required Nama"), ["expected":""], STOP_ON_FAILURE): Call Test Case 'Test Cases/Pages/Register/Verify Required Nama' successfully

2023-07-03 17:23:37 - [TEST_CASE][PASSED] - Test Cases/Pages/Register/Verify Required Nama: Test Cases/Pages/Register/Verify Required Nama

2023-07-03 17:23:37 - [TEST_STEP][PASSED] - verifyElementAttributeValue(findTestObject("Register/input_Name"), "required", "true", 20): Object 'Object Repository/Register/input_Name' has attribute 'required' with value 'true'

2023-07-03 17:23:38 - [MESSAGE][PASSED] - Object 'Object Repository/Register/input_Name' has attribute 'required' with value 'true'

2023-07-03 17:23:38 - [TEST_STEP][PASSED] - required = getAttribute(findTestObject("Register/input_Name"), "required"): Attribute 'required' of object 'Object Repository/Register/input_Name' is: 'true'

2023-07-03 17:23:38 - [MESSAGE][PASSED] - Attribute 'required' of object 'Object Repository/Register/input_Name' is: 'true'

2023-07-03 17:23:38 - [TEST_STEP][PASSED] - logInfo(required): true

2023-07-03 17:23:38 - [MESSAGE][INFO] - true

2023-07-03 17:23:38 - [TEST_STEP][PASSED] - expected = required: null

2023-07-03 17:23:38 - [TEST_STEP][PASSED] - verifyMatch(required, expected, false): Actual text 'true' and expected text 'true' are matched 

2023-07-03 17:23:38 - [MESSAGE][PASSED] - Actual text 'true' and expected text 'true' are matched 

2023-07-03 17:23:38 - [MESSAGE][PASSED] - Call Test Case 'Test Cases/Pages/Register/Verify Required Nama' successfully

2023-07-03 17:23:38 - [TEST_STEP][PASSED] - Start listener action : AfterTestCase: Browser is closed

2023-07-03 17:23:38 - [TEST_STEP][PASSED] - logInfo("Test Case: " + testCaseContext.getTestCaseId() + " | " + testCaseContext.getTestCaseStatus()): Test Case: Test Cases/Step Definition/Feature Register/REG04 - User register without enter any data | PASSED

2023-07-03 17:23:38 - [MESSAGE][INFO] - Test Case: Test Cases/Step Definition/Feature Register/REG04 - User register without enter any data | PASSED

2023-07-03 17:23:38 - [TEST_STEP][PASSED] - closeBrowser(): null

2023-07-03 17:23:38 - [TEST_STEP][PASSED] - closeBrowser(): Browser is closed

2023-07-03 17:23:39 - [MESSAGE][PASSED] - Browser is closed]]></system-out>
         <system-err><![CDATA[]]></system-err>
      </testcase>
      <testcase name="Test Cases/Step Definition/Feature Register/REG05 - User register with invalid password" time="39.206" classname="Test Cases/Step Definition/Feature Register/REG05 - User register with invalid password" status="FAILED">
         <failure type="FAILED" message="Test Cases/Step Definition/Feature Register/REG05 - User register with invalid password FAILED.
Reason:
com.kms.katalon.core.exception.StepFailedException: Call Test Case 'Test Cases/Pages/Register/Verify with if-else' failed
	at com.kms.katalon.core.keyword.builtin.CallTestCaseKeyword$_callTestCase_closure1.doCall(CallTestCaseKeyword.groovy:63)
	at com.kms.katalon.core.keyword.builtin.CallTestCaseKeyword$_callTestCase_closure1.call(CallTestCaseKeyword.groovy)
	at com.kms.katalon.core.keyword.internal.KeywordMain.runKeyword(KeywordMain.groovy:75)
	at com.kms.katalon.core.keyword.builtin.CallTestCaseKeyword.callTestCase(CallTestCaseKeyword.groovy:81)
	at com.kms.katalon.core.keyword.builtin.CallTestCaseKeyword.execute(CallTestCaseKeyword.groovy:44)
	at com.kms.katalon.core.keyword.internal.KeywordExecutor.executeKeywordForPlatform(KeywordExecutor.groovy:74)
	at com.kms.katalon.core.keyword.BuiltinKeywords.callTestCase(BuiltinKeywords.groovy:334)
	at REG05 - User register with invalid password.run(REG05 - User register with invalid password:32)
	at com.kms.katalon.core.main.ScriptEngine.run(ScriptEngine.java:194)
	at com.kms.katalon.core.main.ScriptEngine.runScriptAsRawText(ScriptEngine.java:119)
	at com.kms.katalon.core.main.TestCaseExecutor.runScript(TestCaseExecutor.java:448)
	at com.kms.katalon.core.main.TestCaseExecutor.doExecute(TestCaseExecutor.java:439)
	at com.kms.katalon.core.main.TestCaseExecutor.processExecutionPhase(TestCaseExecutor.java:418)
	at com.kms.katalon.core.main.TestCaseExecutor.accessMainPhase(TestCaseExecutor.java:410)
	at com.kms.katalon.core.main.TestCaseExecutor.execute(TestCaseExecutor.java:285)
	at com.kms.katalon.core.common.CommonExecutor.accessTestCaseMainPhase(CommonExecutor.java:65)
	at com.kms.katalon.core.main.TestSuiteExecutor.accessTestSuiteMainPhase(TestSuiteExecutor.java:148)
	at com.kms.katalon.core.main.TestSuiteExecutor.execute(TestSuiteExecutor.java:106)
	at com.kms.katalon.core.main.TestCaseMain.startTestSuite(TestCaseMain.java:187)
	at com.kms.katalon.core.main.TestCaseMain$startTestSuite$0.call(Unknown Source)
	at TempTestSuite1688379729800.run(TempTestSuite1688379729800.groovy:36)
Caused by: com.kms.katalon.core.exception.StepFailedException: Call Test Case 'Test Cases/Pages/Register/Read Error Msg - Password less than 8' failed
	at com.kms.katalon.core.keyword.builtin.CallTestCaseKeyword$_callTestCase_closure1.doCall(CallTestCaseKeyword.groovy:63)
	at com.kms.katalon.core.keyword.builtin.CallTestCaseKeyword$_callTestCase_closure1.call(CallTestCaseKeyword.groovy)
	at com.kms.katalon.core.keyword.internal.KeywordMain.runKeyword(KeywordMain.groovy:75)
	at com.kms.katalon.core.keyword.builtin.CallTestCaseKeyword.callTestCase(CallTestCaseKeyword.groovy:81)
	at com.kms.katalon.core.keyword.builtin.CallTestCaseKeyword.execute(CallTestCaseKeyword.groovy:44)
	at com.kms.katalon.core.keyword.internal.KeywordExecutor.executeKeywordForPlatform(KeywordExecutor.groovy:74)
	at com.kms.katalon.core.keyword.BuiltinKeywords.callTestCase(BuiltinKeywords.groovy:334)
	at Verify with if-else.run(Verify with if-else:35)
	at com.kms.katalon.core.main.ScriptEngine.run(ScriptEngine.java:194)
	at com.kms.katalon.core.main.ScriptEngine.runScriptAsRawText(ScriptEngine.java:119)
	at com.kms.katalon.core.main.TestCaseExecutor.runScript(TestCaseExecutor.java:448)
	at com.kms.katalon.core.main.TestCaseExecutor.doExecute(TestCaseExecutor.java:439)
	at com.kms.katalon.core.main.TestCaseExecutor.processExecutionPhase(TestCaseExecutor.java:418)
	at com.kms.katalon.core.main.TestCaseExecutor.accessMainPhase(TestCaseExecutor.java:410)
	at com.kms.katalon.core.main.TestCaseExecutor.execute(TestCaseExecutor.java:285)
	at com.kms.katalon.core.main.TestCaseMain.runTestCase(TestCaseMain.java:144)
	at com.kms.katalon.core.keyword.builtin.CallTestCaseKeyword$_callTestCase_closure1.doCall(CallTestCaseKeyword.groovy:59)
	... 20 more
Caused by: com.kms.katalon.core.exception.StepFailedException: Unable to verify object 'Object Repository/Register/input_Password' is visible
	at com.kms.katalon.core.webui.keyword.internal.WebUIKeywordMain.stepFailed(WebUIKeywordMain.groovy:64)
	at com.kms.katalon.core.webui.keyword.internal.WebUIKeywordMain.runKeyword(WebUIKeywordMain.groovy:26)
	at com.kms.katalon.core.webui.keyword.builtin.VerifyElementVisibleKeyword.verifyElementVisible(VerifyElementVisibleKeyword.groovy:97)
	at com.kms.katalon.core.webui.keyword.builtin.VerifyElementVisibleKeyword.execute(VerifyElementVisibleKeyword.groovy:67)
	at com.kms.katalon.core.keyword.internal.KeywordExecutor.executeKeywordForPlatform(KeywordExecutor.groovy:74)
	at com.kms.katalon.core.webui.keyword.WebUiBuiltInKeywords.verifyElementVisible(WebUiBuiltInKeywords.groovy:376)
	at com.kms.katalon.core.webui.keyword.WebUiBuiltInKeywords$verifyElementVisible$3.call(Unknown Source)
	at Read Error Msg - Password less than 8.run(Read Error Msg - Password less than 8:20)
	at com.kms.katalon.core.main.ScriptEngine.run(ScriptEngine.java:194)
	at com.kms.katalon.core.main.ScriptEngine.runScriptAsRawText(ScriptEngine.java:119)
	at com.kms.katalon.core.main.TestCaseExecutor.runScript(TestCaseExecutor.java:448)
	at com.kms.katalon.core.main.TestCaseExecutor.doExecute(TestCaseExecutor.java:439)
	at com.kms.katalon.core.main.TestCaseExecutor.processExecutionPhase(TestCaseExecutor.java:418)
	at com.kms.katalon.core.main.TestCaseExecutor.accessMainPhase(TestCaseExecutor.java:410)
	at com.kms.katalon.core.main.TestCaseExecutor.execute(TestCaseExecutor.java:285)
	at com.kms.katalon.core.main.TestCaseMain.runTestCase(TestCaseMain.java:144)
	at com.kms.katalon.core.keyword.builtin.CallTestCaseKeyword$_callTestCase_closure1.doCall(CallTestCaseKeyword.groovy:59)
	... 36 more
Caused by: com.kms.katalon.core.exception.StepFailedException: Web element with id: 'Object Repository/Register/input_Password' located by '//input[@id='user_password']' not found
	at com.kms.katalon.core.webui.keyword.internal.WebUIKeywordMain.stepFailed(WebUIKeywordMain.groovy:64)
	at com.kms.katalon.core.webui.keyword.builtin.VerifyElementVisibleKeyword$_verifyElementVisible_closure1.doCall(VerifyElementVisibleKeyword.groovy:89)
	at com.kms.katalon.core.webui.keyword.builtin.VerifyElementVisibleKeyword$_verifyElementVisible_closure1.call(VerifyElementVisibleKeyword.groovy)
	at com.kms.katalon.core.webui.keyword.internal.WebUIKeywordMain.runKeyword(WebUIKeywordMain.groovy:20)
	... 51 more
"/>
         <system-out><![CDATA[2023-07-03 17:23:39 - [TEST_CASE][FAILED] - Test Cases/Step Definition/Feature Register/REG05 - User register with invalid password: Test Cases/Step Definition/Feature Register/REG05 - User register with invalid password FAILED.
Reason:
com.kms.katalon.core.exception.StepFailedException: Call Test Case 'Test Cases/Pages/Register/Verify with if-else' failed
	at com.kms.katalon.core.keyword.builtin.CallTestCaseKeyword$_callTestCase_closure1.doCall(CallTestCaseKeyword.groovy:63)
	at com.kms.katalon.core.keyword.builtin.CallTestCaseKeyword$_callTestCase_closure1.call(CallTestCaseKeyword.groovy)
	at com.kms.katalon.core.keyword.internal.KeywordMain.runKeyword(KeywordMain.groovy:75)
	at com.kms.katalon.core.keyword.builtin.CallTestCaseKeyword.callTestCase(CallTestCaseKeyword.groovy:81)
	at com.kms.katalon.core.keyword.builtin.CallTestCaseKeyword.execute(CallTestCaseKeyword.groovy:44)
	at com.kms.katalon.core.keyword.internal.KeywordExecutor.executeKeywordForPlatform(KeywordExecutor.groovy:74)
	at com.kms.katalon.core.keyword.BuiltinKeywords.callTestCase(BuiltinKeywords.groovy:334)
	at REG05 - User register with invalid password.run(REG05 - User register with invalid password:32)
	at com.kms.katalon.core.main.ScriptEngine.run(ScriptEngine.java:194)
	at com.kms.katalon.core.main.ScriptEngine.runScriptAsRawText(ScriptEngine.java:119)
	at com.kms.katalon.core.main.TestCaseExecutor.runScript(TestCaseExecutor.java:448)
	at com.kms.katalon.core.main.TestCaseExecutor.doExecute(TestCaseExecutor.java:439)
	at com.kms.katalon.core.main.TestCaseExecutor.processExecutionPhase(TestCaseExecutor.java:418)
	at com.kms.katalon.core.main.TestCaseExecutor.accessMainPhase(TestCaseExecutor.java:410)
	at com.kms.katalon.core.main.TestCaseExecutor.execute(TestCaseExecutor.java:285)
	at com.kms.katalon.core.common.CommonExecutor.accessTestCaseMainPhase(CommonExecutor.java:65)
	at com.kms.katalon.core.main.TestSuiteExecutor.accessTestSuiteMainPhase(TestSuiteExecutor.java:148)
	at com.kms.katalon.core.main.TestSuiteExecutor.execute(TestSuiteExecutor.java:106)
	at com.kms.katalon.core.main.TestCaseMain.startTestSuite(TestCaseMain.java:187)
	at com.kms.katalon.core.main.TestCaseMain$startTestSuite$0.call(Unknown Source)
	at TempTestSuite1688379729800.run(TempTestSuite1688379729800.groovy:36)
Caused by: com.kms.katalon.core.exception.StepFailedException: Call Test Case 'Test Cases/Pages/Register/Read Error Msg - Password less than 8' failed
	at com.kms.katalon.core.keyword.builtin.CallTestCaseKeyword$_callTestCase_closure1.doCall(CallTestCaseKeyword.groovy:63)
	at com.kms.katalon.core.keyword.builtin.CallTestCaseKeyword$_callTestCase_closure1.call(CallTestCaseKeyword.groovy)
	at com.kms.katalon.core.keyword.internal.KeywordMain.runKeyword(KeywordMain.groovy:75)
	at com.kms.katalon.core.keyword.builtin.CallTestCaseKeyword.callTestCase(CallTestCaseKeyword.groovy:81)
	at com.kms.katalon.core.keyword.builtin.CallTestCaseKeyword.execute(CallTestCaseKeyword.groovy:44)
	at com.kms.katalon.core.keyword.internal.KeywordExecutor.executeKeywordForPlatform(KeywordExecutor.groovy:74)
	at com.kms.katalon.core.keyword.BuiltinKeywords.callTestCase(BuiltinKeywords.groovy:334)
	at Verify with if-else.run(Verify with if-else:35)
	at com.kms.katalon.core.main.ScriptEngine.run(ScriptEngine.java:194)
	at com.kms.katalon.core.main.ScriptEngine.runScriptAsRawText(ScriptEngine.java:119)
	at com.kms.katalon.core.main.TestCaseExecutor.runScript(TestCaseExecutor.java:448)
	at com.kms.katalon.core.main.TestCaseExecutor.doExecute(TestCaseExecutor.java:439)
	at com.kms.katalon.core.main.TestCaseExecutor.processExecutionPhase(TestCaseExecutor.java:418)
	at com.kms.katalon.core.main.TestCaseExecutor.accessMainPhase(TestCaseExecutor.java:410)
	at com.kms.katalon.core.main.TestCaseExecutor.execute(TestCaseExecutor.java:285)
	at com.kms.katalon.core.main.TestCaseMain.runTestCase(TestCaseMain.java:144)
	at com.kms.katalon.core.keyword.builtin.CallTestCaseKeyword$_callTestCase_closure1.doCall(CallTestCaseKeyword.groovy:59)
	... 20 more
Caused by: com.kms.katalon.core.exception.StepFailedException: Unable to verify object 'Object Repository/Register/input_Password' is visible
	at com.kms.katalon.core.webui.keyword.internal.WebUIKeywordMain.stepFailed(WebUIKeywordMain.groovy:64)
	at com.kms.katalon.core.webui.keyword.internal.WebUIKeywordMain.runKeyword(WebUIKeywordMain.groovy:26)
	at com.kms.katalon.core.webui.keyword.builtin.VerifyElementVisibleKeyword.verifyElementVisible(VerifyElementVisibleKeyword.groovy:97)
	at com.kms.katalon.core.webui.keyword.builtin.VerifyElementVisibleKeyword.execute(VerifyElementVisibleKeyword.groovy:67)
	at com.kms.katalon.core.keyword.internal.KeywordExecutor.executeKeywordForPlatform(KeywordExecutor.groovy:74)
	at com.kms.katalon.core.webui.keyword.WebUiBuiltInKeywords.verifyElementVisible(WebUiBuiltInKeywords.groovy:376)
	at com.kms.katalon.core.webui.keyword.WebUiBuiltInKeywords$verifyElementVisible$3.call(Unknown Source)
	at Read Error Msg - Password less than 8.run(Read Error Msg - Password less than 8:20)
	at com.kms.katalon.core.main.ScriptEngine.run(ScriptEngine.java:194)
	at com.kms.katalon.core.main.ScriptEngine.runScriptAsRawText(ScriptEngine.java:119)
	at com.kms.katalon.core.main.TestCaseExecutor.runScript(TestCaseExecutor.java:448)
	at com.kms.katalon.core.main.TestCaseExecutor.doExecute(TestCaseExecutor.java:439)
	at com.kms.katalon.core.main.TestCaseExecutor.processExecutionPhase(TestCaseExecutor.java:418)
	at com.kms.katalon.core.main.TestCaseExecutor.accessMainPhase(TestCaseExecutor.java:410)
	at com.kms.katalon.core.main.TestCaseExecutor.execute(TestCaseExecutor.java:285)
	at com.kms.katalon.core.main.TestCaseMain.runTestCase(TestCaseMain.java:144)
	at com.kms.katalon.core.keyword.builtin.CallTestCaseKeyword$_callTestCase_closure1.doCall(CallTestCaseKeyword.groovy:59)
	... 36 more
Caused by: com.kms.katalon.core.exception.StepFailedException: Web element with id: 'Object Repository/Register/input_Password' located by '//input[@id='user_password']' not found
	at com.kms.katalon.core.webui.keyword.internal.WebUIKeywordMain.stepFailed(WebUIKeywordMain.groovy:64)
	at com.kms.katalon.core.webui.keyword.builtin.VerifyElementVisibleKeyword$_verifyElementVisible_closure1.doCall(VerifyElementVisibleKeyword.groovy:89)
	at com.kms.katalon.core.webui.keyword.builtin.VerifyElementVisibleKeyword$_verifyElementVisible_closure1.call(VerifyElementVisibleKeyword.groovy)
	at com.kms.katalon.core.webui.keyword.internal.WebUIKeywordMain.runKeyword(WebUIKeywordMain.groovy:20)
	... 51 more


2023-07-03 17:23:39 - [TEST_STEP][PASSED] - Start listener action : BeforeTestCase: Current window maximized

2023-07-03 17:23:39 - [TEST_STEP][PASSED] - logInfo("Test Case: " + testCaseContext.getTestCaseId()): Test Case: Test Cases/Step Definition/Feature Register/REG05 - User register with invalid password

2023-07-03 17:23:39 - [MESSAGE][INFO] - Test Case: Test Cases/Step Definition/Feature Register/REG05 - User register with invalid password

2023-07-03 17:23:39 - [TEST_STEP][PASSED] - openBrowser(): null

2023-07-03 17:23:39 - [TEST_STEP][PASSED] - openBrowser("https://secondhand.binaracademy.org/"): Browser is opened with url: 'https://secondhand.binaracademy.org/'

2023-07-03 17:23:39 - [MESSAGE][INFO] - Starting 'Chrome' driver

2023-07-03 17:23:39 - [MESSAGE][INFO] - Action delay is set to 0 milliseconds

2023-07-03 17:23:41 - [MESSAGE][PASSED] - Browser is opened with url: 'https://secondhand.binaracademy.org/'

2023-07-03 17:23:41 - [TEST_STEP][PASSED] - maximizeWindow(): Current window maximized

2023-07-03 17:23:41 - [MESSAGE][PASSED] - Current window maximized

2023-07-03 17:23:42 - [TEST_STEP][PASSED] - callTestCase(findTestCase("Pages/Homepage/Click Masuk from homepage"), [:], STOP_ON_FAILURE): Call Test Case 'Test Cases/Pages/Homepage/Click Masuk from homepage' successfully

2023-07-03 17:23:42 - [TEST_CASE][PASSED] - Test Cases/Pages/Homepage/Click Masuk from homepage: Test Cases/Pages/Homepage/Click Masuk from homepage

2023-07-03 17:23:42 - [TEST_STEP][PASSED] - click(findTestObject("Navbar/a_Masuk")): Object: 'Object Repository/Navbar/a_Masuk' is clicked on

2023-07-03 17:23:42 - [MESSAGE][PASSED] - Object: 'Object Repository/Navbar/a_Masuk' is clicked on

2023-07-03 17:23:42 - [MESSAGE][PASSED] - Call Test Case 'Test Cases/Pages/Homepage/Click Masuk from homepage' successfully

2023-07-03 17:23:42 - [TEST_STEP][PASSED] - callTestCase(findTestCase("Pages/Register/Click Button Daftar di sini from login page"), [:], STOP_ON_FAILURE): Call Test Case 'Test Cases/Pages/Register/Click Button Daftar di sini from login page' successfully

2023-07-03 17:23:42 - [TEST_CASE][PASSED] - Test Cases/Pages/Register/Click Button Daftar di sini from login page: Test Cases/Pages/Register/Click Button Daftar di sini from login page

2023-07-03 17:23:42 - [TEST_STEP][PASSED] - click(findTestObject("Login/a_Daftar di sini")): Object: 'Object Repository/Login/a_Daftar di sini' is clicked on

2023-07-03 17:23:43 - [MESSAGE][PASSED] - Object: 'Object Repository/Login/a_Daftar di sini' is clicked on

2023-07-03 17:23:43 - [MESSAGE][PASSED] - Call Test Case 'Test Cases/Pages/Register/Click Button Daftar di sini from login page' successfully

2023-07-03 17:23:43 - [TEST_STEP][PASSED] - callTestCase(findTestCase("Pages/Register/Input Nama with test data"), ["nama":nama], STOP_ON_FAILURE): Call Test Case 'Test Cases/Pages/Register/Input Nama with test data' successfully

2023-07-03 17:23:43 - [TEST_CASE][PASSED] - Test Cases/Pages/Register/Input Nama with test data: Test Cases/Pages/Register/Input Nama with test data

2023-07-03 17:23:43 - [TEST_STEP][PASSED] - setText(findTestObject("Register/input_Name"), nama): Text 'less than eight' is set on object 'Object Repository/Register/input_Name'

2023-07-03 17:23:44 - [MESSAGE][PASSED] - Text 'less than eight' is set on object 'Object Repository/Register/input_Name'

2023-07-03 17:23:44 - [MESSAGE][PASSED] - Call Test Case 'Test Cases/Pages/Register/Input Nama with test data' successfully

2023-07-03 17:23:44 - [TEST_STEP][PASSED] - callTestCase(findTestCase("Pages/Register/Input Email with custom keyword"), ["email":email], STOP_ON_FAILURE): Call Test Case 'Test Cases/Pages/Register/Input Email with custom keyword' successfully

2023-07-03 17:23:44 - [TEST_CASE][PASSED] - Test Cases/Pages/Register/Input Email with custom keyword: Test Cases/Pages/Register/Input Email with custom keyword

2023-07-03 17:23:44 - [TEST_STEP][PASSED] - Email = packages.randomEmail.getEmail("gmail.com"): packages.randomEmail.getEmail is PASSED

2023-07-03 17:23:44 - [MESSAGE][PASSED] - packages.randomEmail.getEmail is PASSED

2023-07-03 17:23:44 - [TEST_STEP][PASSED] - sendKeys(findTestObject("Register/input_Email"), Email): Keys 'user230323-0523-566@gmail.com' sent to object: 'Object Repository/Register/input_Email'

2023-07-03 17:23:44 - [MESSAGE][PASSED] - Keys 'user230323-0523-566@gmail.com' sent to object: 'Object Repository/Register/input_Email'

2023-07-03 17:23:44 - [TEST_STEP][PASSED] - packages.createGlobalVariables.addGlobalVariable("email", Email): packages.createGlobalVariables.addGlobalVariable is PASSED

2023-07-03 17:23:44 - [MESSAGE][PASSED] - packages.createGlobalVariables.addGlobalVariable is PASSED

2023-07-03 17:23:44 - [TEST_STEP][PASSED] - println(email): null

2023-07-03 17:23:44 - [MESSAGE][PASSED] - Call Test Case 'Test Cases/Pages/Register/Input Email with custom keyword' successfully

2023-07-03 17:23:44 - [TEST_STEP][PASSED] - callTestCase(findTestCase("Pages/Register/Input Password"), ["password":password], STOP_ON_FAILURE): Call Test Case 'Test Cases/Pages/Register/Input Password' successfully

2023-07-03 17:23:44 - [TEST_CASE][PASSED] - Test Cases/Pages/Register/Input Password: Test Cases/Pages/Register/Input Password

2023-07-03 17:23:44 - [TEST_STEP][PASSED] - setText(findTestObject("Register/input_Password"), password): Text '1q2w!' is set on object 'Object Repository/Register/input_Password'

2023-07-03 17:23:45 - [MESSAGE][PASSED] - Text '1q2w!' is set on object 'Object Repository/Register/input_Password'

2023-07-03 17:23:45 - [MESSAGE][PASSED] - Call Test Case 'Test Cases/Pages/Register/Input Password' successfully

2023-07-03 17:23:45 - [TEST_STEP][PASSED] - callTestCase(findTestCase("Pages/Register/Click Button Daftar to submit"), [:], STOP_ON_FAILURE): Call Test Case 'Test Cases/Pages/Register/Click Button Daftar to submit' successfully

2023-07-03 17:23:45 - [TEST_CASE][PASSED] - Test Cases/Pages/Register/Click Button Daftar to submit: Test Cases/Pages/Register/Click Button Daftar to submit

2023-07-03 17:23:45 - [TEST_STEP][PASSED] - click(findTestObject("Register/button_Daftar")): Object: 'Object Repository/Register/button_Daftar' is clicked on

2023-07-03 17:23:45 - [MESSAGE][PASSED] - Object: 'Object Repository/Register/button_Daftar' is clicked on

2023-07-03 17:23:45 - [MESSAGE][PASSED] - Call Test Case 'Test Cases/Pages/Register/Click Button Daftar to submit' successfully

2023-07-03 17:23:45 - [TEST_STEP][FAILED] - callTestCase(findTestCase("Pages/Register/Verify with if-else"), ["status":status], STOP_ON_FAILURE): Unable to call Test Case 'Test Cases/Pages/Register/Verify with if-else' (Root cause: com.kms.katalon.core.exception.StepFailedException: Call Test Case 'Test Cases/Pages/Register/Verify with if-else' failed
	at com.kms.katalon.core.keyword.builtin.CallTestCaseKeyword$_callTestCase_closure1.doCall(CallTestCaseKeyword.groovy:63)
	at com.kms.katalon.core.keyword.builtin.CallTestCaseKeyword$_callTestCase_closure1.call(CallTestCaseKeyword.groovy)
	at com.kms.katalon.core.keyword.internal.KeywordMain.runKeyword(KeywordMain.groovy:75)
	at com.kms.katalon.core.keyword.builtin.CallTestCaseKeyword.callTestCase(CallTestCaseKeyword.groovy:81)
	at com.kms.katalon.core.keyword.builtin.CallTestCaseKeyword.execute(CallTestCaseKeyword.groovy:44)
	at com.kms.katalon.core.keyword.internal.KeywordExecutor.executeKeywordForPlatform(KeywordExecutor.groovy:74)
	at com.kms.katalon.core.keyword.BuiltinKeywords.callTestCase(BuiltinKeywords.groovy:334)
	at REG05 - User register with invalid password.run(REG05 - User register with invalid password:32)
	at com.kms.katalon.core.main.ScriptEngine.run(ScriptEngine.java:194)
	at com.kms.katalon.core.main.ScriptEngine.runScriptAsRawText(ScriptEngine.java:119)
	at com.kms.katalon.core.main.TestCaseExecutor.runScript(TestCaseExecutor.java:448)
	at com.kms.katalon.core.main.TestCaseExecutor.doExecute(TestCaseExecutor.java:439)
	at com.kms.katalon.core.main.TestCaseExecutor.processExecutionPhase(TestCaseExecutor.java:418)
	at com.kms.katalon.core.main.TestCaseExecutor.accessMainPhase(TestCaseExecutor.java:410)
	at com.kms.katalon.core.main.TestCaseExecutor.execute(TestCaseExecutor.java:285)
	at com.kms.katalon.core.common.CommonExecutor.accessTestCaseMainPhase(CommonExecutor.java:65)
	at com.kms.katalon.core.main.TestSuiteExecutor.accessTestSuiteMainPhase(TestSuiteExecutor.java:148)
	at com.kms.katalon.core.main.TestSuiteExecutor.execute(TestSuiteExecutor.java:106)
	at com.kms.katalon.core.main.TestCaseMain.startTestSuite(TestCaseMain.java:187)
	at com.kms.katalon.core.main.TestCaseMain$startTestSuite$0.call(Unknown Source)
	at TempTestSuite1688379729800.run(TempTestSuite1688379729800.groovy:36)
Caused by: com.kms.katalon.core.exception.StepFailedException: Call Test Case 'Test Cases/Pages/Register/Read Error Msg - Password less than 8' failed
	at com.kms.katalon.core.keyword.builtin.CallTestCaseKeyword$_callTestCase_closure1.doCall(CallTestCaseKeyword.groovy:63)
	at com.kms.katalon.core.keyword.builtin.CallTestCaseKeyword$_callTestCase_closure1.call(CallTestCaseKeyword.groovy)
	at com.kms.katalon.core.keyword.internal.KeywordMain.runKeyword(KeywordMain.groovy:75)
	at com.kms.katalon.core.keyword.builtin.CallTestCaseKeyword.callTestCase(CallTestCaseKeyword.groovy:81)
	at com.kms.katalon.core.keyword.builtin.CallTestCaseKeyword.execute(CallTestCaseKeyword.groovy:44)
	at com.kms.katalon.core.keyword.internal.KeywordExecutor.executeKeywordForPlatform(KeywordExecutor.groovy:74)
	at com.kms.katalon.core.keyword.BuiltinKeywords.callTestCase(BuiltinKeywords.groovy:334)
	at Verify with if-else.run(Verify with if-else:35)
	at com.kms.katalon.core.main.ScriptEngine.run(ScriptEngine.java:194)
	at com.kms.katalon.core.main.ScriptEngine.runScriptAsRawText(ScriptEngine.java:119)
	at com.kms.katalon.core.main.TestCaseExecutor.runScript(TestCaseExecutor.java:448)
	at com.kms.katalon.core.main.TestCaseExecutor.doExecute(TestCaseExecutor.java:439)
	at com.kms.katalon.core.main.TestCaseExecutor.processExecutionPhase(TestCaseExecutor.java:418)
	at com.kms.katalon.core.main.TestCaseExecutor.accessMainPhase(TestCaseExecutor.java:410)
	at com.kms.katalon.core.main.TestCaseExecutor.execute(TestCaseExecutor.java:285)
	at com.kms.katalon.core.main.TestCaseMain.runTestCase(TestCaseMain.java:144)
	at com.kms.katalon.core.keyword.builtin.CallTestCaseKeyword$_callTestCase_closure1.doCall(CallTestCaseKeyword.groovy:59)
	... 20 more
Caused by: com.kms.katalon.core.exception.StepFailedException: Unable to verify object 'Object Repository/Register/input_Password' is visible
	at com.kms.katalon.core.webui.keyword.internal.WebUIKeywordMain.stepFailed(WebUIKeywordMain.groovy:64)
	at com.kms.katalon.core.webui.keyword.internal.WebUIKeywordMain.runKeyword(WebUIKeywordMain.groovy:26)
	at com.kms.katalon.core.webui.keyword.builtin.VerifyElementVisibleKeyword.verifyElementVisible(VerifyElementVisibleKeyword.groovy:97)
	at com.kms.katalon.core.webui.keyword.builtin.VerifyElementVisibleKeyword.execute(VerifyElementVisibleKeyword.groovy:67)
	at com.kms.katalon.core.keyword.internal.KeywordExecutor.executeKeywordForPlatform(KeywordExecutor.groovy:74)
	at com.kms.katalon.core.webui.keyword.WebUiBuiltInKeywords.verifyElementVisible(WebUiBuiltInKeywords.groovy:376)
	at com.kms.katalon.core.webui.keyword.WebUiBuiltInKeywords$verifyElementVisible$3.call(Unknown Source)
	at Read Error Msg - Password less than 8.run(Read Error Msg - Password less than 8:20)
	at com.kms.katalon.core.main.ScriptEngine.run(ScriptEngine.java:194)
	at com.kms.katalon.core.main.ScriptEngine.runScriptAsRawText(ScriptEngine.java:119)
	at com.kms.katalon.core.main.TestCaseExecutor.runScript(TestCaseExecutor.java:448)
	at com.kms.katalon.core.main.TestCaseExecutor.doExecute(TestCaseExecutor.java:439)
	at com.kms.katalon.core.main.TestCaseExecutor.processExecutionPhase(TestCaseExecutor.java:418)
	at com.kms.katalon.core.main.TestCaseExecutor.accessMainPhase(TestCaseExecutor.java:410)
	at com.kms.katalon.core.main.TestCaseExecutor.execute(TestCaseExecutor.java:285)
	at com.kms.katalon.core.main.TestCaseMain.runTestCase(TestCaseMain.java:144)
	at com.kms.katalon.core.keyword.builtin.CallTestCaseKeyword$_callTestCase_closure1.doCall(CallTestCaseKeyword.groovy:59)
	... 36 more
Caused by: com.kms.katalon.core.exception.StepFailedException: Web element with id: 'Object Repository/Register/input_Password' located by '//input[@id='user_password']' not found
	at com.kms.katalon.core.webui.keyword.internal.WebUIKeywordMain.stepFailed(WebUIKeywordMain.groovy:64)
	at com.kms.katalon.core.webui.keyword.builtin.VerifyElementVisibleKeyword$_verifyElementVisible_closure1.doCall(VerifyElementVisibleKeyword.groovy:89)
	at com.kms.katalon.core.webui.keyword.builtin.VerifyElementVisibleKeyword$_verifyElementVisible_closure1.call(VerifyElementVisibleKeyword.groovy)
	at com.kms.katalon.core.webui.keyword.internal.WebUIKeywordMain.runKeyword(WebUIKeywordMain.groovy:20)
	... 51 more
)

2023-07-03 17:23:45 - [TEST_CASE][FAILED] - Test Cases/Pages/Register/Verify with if-else: Test Cases/Pages/Register/Verify with if-else FAILED.
Reason:
com.kms.katalon.core.exception.StepFailedException: Call Test Case 'Test Cases/Pages/Register/Read Error Msg - Password less than 8' failed
	at com.kms.katalon.core.keyword.builtin.CallTestCaseKeyword$_callTestCase_closure1.doCall(CallTestCaseKeyword.groovy:63)
	at com.kms.katalon.core.keyword.builtin.CallTestCaseKeyword$_callTestCase_closure1.call(CallTestCaseKeyword.groovy)
	at com.kms.katalon.core.keyword.internal.KeywordMain.runKeyword(KeywordMain.groovy:75)
	at com.kms.katalon.core.keyword.builtin.CallTestCaseKeyword.callTestCase(CallTestCaseKeyword.groovy:81)
	at com.kms.katalon.core.keyword.builtin.CallTestCaseKeyword.execute(CallTestCaseKeyword.groovy:44)
	at com.kms.katalon.core.keyword.internal.KeywordExecutor.executeKeywordForPlatform(KeywordExecutor.groovy:74)
	at com.kms.katalon.core.keyword.BuiltinKeywords.callTestCase(BuiltinKeywords.groovy:334)
	at Verify with if-else.run(Verify with if-else:35)
	at com.kms.katalon.core.main.ScriptEngine.run(ScriptEngine.java:194)
	at com.kms.katalon.core.main.ScriptEngine.runScriptAsRawText(ScriptEngine.java:119)
	at com.kms.katalon.core.main.TestCaseExecutor.runScript(TestCaseExecutor.java:448)
	at com.kms.katalon.core.main.TestCaseExecutor.doExecute(TestCaseExecutor.java:439)
	at com.kms.katalon.core.main.TestCaseExecutor.processExecutionPhase(TestCaseExecutor.java:418)
	at com.kms.katalon.core.main.TestCaseExecutor.accessMainPhase(TestCaseExecutor.java:410)
	at com.kms.katalon.core.main.TestCaseExecutor.execute(TestCaseExecutor.java:285)
	at com.kms.katalon.core.main.TestCaseMain.runTestCase(TestCaseMain.java:144)
	at com.kms.katalon.core.keyword.builtin.CallTestCaseKeyword$_callTestCase_closure1.doCall(CallTestCaseKeyword.groovy:59)
	at com.kms.katalon.core.keyword.builtin.CallTestCaseKeyword$_callTestCase_closure1.call(CallTestCaseKeyword.groovy)
	at com.kms.katalon.core.keyword.internal.KeywordMain.runKeyword(KeywordMain.groovy:75)
	at com.kms.katalon.core.keyword.builtin.CallTestCaseKeyword.callTestCase(CallTestCaseKeyword.groovy:81)
	at com.kms.katalon.core.keyword.builtin.CallTestCaseKeyword.execute(CallTestCaseKeyword.groovy:44)
	at com.kms.katalon.core.keyword.internal.KeywordExecutor.executeKeywordForPlatform(KeywordExecutor.groovy:74)
	at com.kms.katalon.core.keyword.BuiltinKeywords.callTestCase(BuiltinKeywords.groovy:334)
	at REG05 - User register with invalid password.run(REG05 - User register with invalid password:32)
	at com.kms.katalon.core.main.ScriptEngine.run(ScriptEngine.java:194)
	at com.kms.katalon.core.main.ScriptEngine.runScriptAsRawText(ScriptEngine.java:119)
	at com.kms.katalon.core.main.TestCaseExecutor.runScript(TestCaseExecutor.java:448)
	at com.kms.katalon.core.main.TestCaseExecutor.doExecute(TestCaseExecutor.java:439)
	at com.kms.katalon.core.main.TestCaseExecutor.processExecutionPhase(TestCaseExecutor.java:418)
	at com.kms.katalon.core.main.TestCaseExecutor.accessMainPhase(TestCaseExecutor.java:410)
	at com.kms.katalon.core.main.TestCaseExecutor.execute(TestCaseExecutor.java:285)
	at com.kms.katalon.core.common.CommonExecutor.accessTestCaseMainPhase(CommonExecutor.java:65)
	at com.kms.katalon.core.main.TestSuiteExecutor.accessTestSuiteMainPhase(TestSuiteExecutor.java:148)
	at com.kms.katalon.core.main.TestSuiteExecutor.execute(TestSuiteExecutor.java:106)
	at com.kms.katalon.core.main.TestCaseMain.startTestSuite(TestCaseMain.java:187)
	at com.kms.katalon.core.main.TestCaseMain$startTestSuite$0.call(Unknown Source)
	at TempTestSuite1688379729800.run(TempTestSuite1688379729800.groovy:36)
Caused by: com.kms.katalon.core.exception.StepFailedException: Unable to verify object 'Object Repository/Register/input_Password' is visible
	at com.kms.katalon.core.webui.keyword.internal.WebUIKeywordMain.stepFailed(WebUIKeywordMain.groovy:64)
	at com.kms.katalon.core.webui.keyword.internal.WebUIKeywordMain.runKeyword(WebUIKeywordMain.groovy:26)
	at com.kms.katalon.core.webui.keyword.builtin.VerifyElementVisibleKeyword.verifyElementVisible(VerifyElementVisibleKeyword.groovy:97)
	at com.kms.katalon.core.webui.keyword.builtin.VerifyElementVisibleKeyword.execute(VerifyElementVisibleKeyword.groovy:67)
	at com.kms.katalon.core.keyword.internal.KeywordExecutor.executeKeywordForPlatform(KeywordExecutor.groovy:74)
	at com.kms.katalon.core.webui.keyword.WebUiBuiltInKeywords.verifyElementVisible(WebUiBuiltInKeywords.groovy:376)
	at com.kms.katalon.core.webui.keyword.WebUiBuiltInKeywords$verifyElementVisible$3.call(Unknown Source)
	at Read Error Msg - Password less than 8.run(Read Error Msg - Password less than 8:20)
	at com.kms.katalon.core.main.ScriptEngine.run(ScriptEngine.java:194)
	at com.kms.katalon.core.main.ScriptEngine.runScriptAsRawText(ScriptEngine.java:119)
	at com.kms.katalon.core.main.TestCaseExecutor.runScript(TestCaseExecutor.java:448)
	at com.kms.katalon.core.main.TestCaseExecutor.doExecute(TestCaseExecutor.java:439)
	at com.kms.katalon.core.main.TestCaseExecutor.processExecutionPhase(TestCaseExecutor.java:418)
	at com.kms.katalon.core.main.TestCaseExecutor.accessMainPhase(TestCaseExecutor.java:410)
	at com.kms.katalon.core.main.TestCaseExecutor.execute(TestCaseExecutor.java:285)
	at com.kms.katalon.core.main.TestCaseMain.runTestCase(TestCaseMain.java:144)
	at com.kms.katalon.core.keyword.builtin.CallTestCaseKeyword$_callTestCase_closure1.doCall(CallTestCaseKeyword.groovy:59)
	... 36 more
Caused by: com.kms.katalon.core.exception.StepFailedException: Web element with id: 'Object Repository/Register/input_Password' located by '//input[@id='user_password']' not found
	at com.kms.katalon.core.webui.keyword.internal.WebUIKeywordMain.stepFailed(WebUIKeywordMain.groovy:64)
	at com.kms.katalon.core.webui.keyword.builtin.VerifyElementVisibleKeyword$_verifyElementVisible_closure1.doCall(VerifyElementVisibleKeyword.groovy:89)
	at com.kms.katalon.core.webui.keyword.builtin.VerifyElementVisibleKeyword$_verifyElementVisible_closure1.call(VerifyElementVisibleKeyword.groovy)
	at com.kms.katalon.core.webui.keyword.internal.WebUIKeywordMain.runKeyword(WebUIKeywordMain.groovy:20)
	... 51 more


2023-07-03 17:23:45 - [TEST_STEP][PASSED] - if (status == "success"): null

2023-07-03 17:23:45 - [TEST_STEP][PASSED] - else if (status == "required email"): null

2023-07-03 17:23:45 - [TEST_STEP][PASSED] - else if (status == "invalid email"): null

2023-07-03 17:23:45 - [TEST_STEP][PASSED] - else if (status == "required password"): null

2023-07-03 17:23:45 - [TEST_STEP][FAILED] - else if (status == "invalid password"): Unable to call Test Case 'Test Cases/Pages/Register/Read Error Msg - Password less than 8' (Root cause: com.kms.katalon.core.exception.StepFailedException: Call Test Case 'Test Cases/Pages/Register/Read Error Msg - Password less than 8' failed
	at com.kms.katalon.core.keyword.builtin.CallTestCaseKeyword$_callTestCase_closure1.doCall(CallTestCaseKeyword.groovy:63)
	at com.kms.katalon.core.keyword.builtin.CallTestCaseKeyword$_callTestCase_closure1.call(CallTestCaseKeyword.groovy)
	at com.kms.katalon.core.keyword.internal.KeywordMain.runKeyword(KeywordMain.groovy:75)
	at com.kms.katalon.core.keyword.builtin.CallTestCaseKeyword.callTestCase(CallTestCaseKeyword.groovy:81)
	at com.kms.katalon.core.keyword.builtin.CallTestCaseKeyword.execute(CallTestCaseKeyword.groovy:44)
	at com.kms.katalon.core.keyword.internal.KeywordExecutor.executeKeywordForPlatform(KeywordExecutor.groovy:74)
	at com.kms.katalon.core.keyword.BuiltinKeywords.callTestCase(BuiltinKeywords.groovy:334)
	at Verify with if-else.run(Verify with if-else:35)
	at com.kms.katalon.core.main.ScriptEngine.run(ScriptEngine.java:194)
	at com.kms.katalon.core.main.ScriptEngine.runScriptAsRawText(ScriptEngine.java:119)
	at com.kms.katalon.core.main.TestCaseExecutor.runScript(TestCaseExecutor.java:448)
	at com.kms.katalon.core.main.TestCaseExecutor.doExecute(TestCaseExecutor.java:439)
	at com.kms.katalon.core.main.TestCaseExecutor.processExecutionPhase(TestCaseExecutor.java:418)
	at com.kms.katalon.core.main.TestCaseExecutor.accessMainPhase(TestCaseExecutor.java:410)
	at com.kms.katalon.core.main.TestCaseExecutor.execute(TestCaseExecutor.java:285)
	at com.kms.katalon.core.main.TestCaseMain.runTestCase(TestCaseMain.java:144)
	at com.kms.katalon.core.keyword.builtin.CallTestCaseKeyword$_callTestCase_closure1.doCall(CallTestCaseKeyword.groovy:59)
	at com.kms.katalon.core.keyword.builtin.CallTestCaseKeyword$_callTestCase_closure1.call(CallTestCaseKeyword.groovy)
	at com.kms.katalon.core.keyword.internal.KeywordMain.runKeyword(KeywordMain.groovy:75)
	at com.kms.katalon.core.keyword.builtin.CallTestCaseKeyword.callTestCase(CallTestCaseKeyword.groovy:81)
	at com.kms.katalon.core.keyword.builtin.CallTestCaseKeyword.execute(CallTestCaseKeyword.groovy:44)
	at com.kms.katalon.core.keyword.internal.KeywordExecutor.executeKeywordForPlatform(KeywordExecutor.groovy:74)
	at com.kms.katalon.core.keyword.BuiltinKeywords.callTestCase(BuiltinKeywords.groovy:334)
	at REG05 - User register with invalid password.run(REG05 - User register with invalid password:32)
	at com.kms.katalon.core.main.ScriptEngine.run(ScriptEngine.java:194)
	at com.kms.katalon.core.main.ScriptEngine.runScriptAsRawText(ScriptEngine.java:119)
	at com.kms.katalon.core.main.TestCaseExecutor.runScript(TestCaseExecutor.java:448)
	at com.kms.katalon.core.main.TestCaseExecutor.doExecute(TestCaseExecutor.java:439)
	at com.kms.katalon.core.main.TestCaseExecutor.processExecutionPhase(TestCaseExecutor.java:418)
	at com.kms.katalon.core.main.TestCaseExecutor.accessMainPhase(TestCaseExecutor.java:410)
	at com.kms.katalon.core.main.TestCaseExecutor.execute(TestCaseExecutor.java:285)
	at com.kms.katalon.core.common.CommonExecutor.accessTestCaseMainPhase(CommonExecutor.java:65)
	at com.kms.katalon.core.main.TestSuiteExecutor.accessTestSuiteMainPhase(TestSuiteExecutor.java:148)
	at com.kms.katalon.core.main.TestSuiteExecutor.execute(TestSuiteExecutor.java:106)
	at com.kms.katalon.core.main.TestCaseMain.startTestSuite(TestCaseMain.java:187)
	at com.kms.katalon.core.main.TestCaseMain$startTestSuite$0.call(Unknown Source)
	at TempTestSuite1688379729800.run(TempTestSuite1688379729800.groovy:36)
Caused by: com.kms.katalon.core.exception.StepFailedException: Unable to verify object 'Object Repository/Register/input_Password' is visible
	at com.kms.katalon.core.webui.keyword.internal.WebUIKeywordMain.stepFailed(WebUIKeywordMain.groovy:64)
	at com.kms.katalon.core.webui.keyword.internal.WebUIKeywordMain.runKeyword(WebUIKeywordMain.groovy:26)
	at com.kms.katalon.core.webui.keyword.builtin.VerifyElementVisibleKeyword.verifyElementVisible(VerifyElementVisibleKeyword.groovy:97)
	at com.kms.katalon.core.webui.keyword.builtin.VerifyElementVisibleKeyword.execute(VerifyElementVisibleKeyword.groovy:67)
	at com.kms.katalon.core.keyword.internal.KeywordExecutor.executeKeywordForPlatform(KeywordExecutor.groovy:74)
	at com.kms.katalon.core.webui.keyword.WebUiBuiltInKeywords.verifyElementVisible(WebUiBuiltInKeywords.groovy:376)
	at com.kms.katalon.core.webui.keyword.WebUiBuiltInKeywords$verifyElementVisible$3.call(Unknown Source)
	at Read Error Msg - Password less than 8.run(Read Error Msg - Password less than 8:20)
	at com.kms.katalon.core.main.ScriptEngine.run(ScriptEngine.java:194)
	at com.kms.katalon.core.main.ScriptEngine.runScriptAsRawText(ScriptEngine.java:119)
	at com.kms.katalon.core.main.TestCaseExecutor.runScript(TestCaseExecutor.java:448)
	at com.kms.katalon.core.main.TestCaseExecutor.doExecute(TestCaseExecutor.java:439)
	at com.kms.katalon.core.main.TestCaseExecutor.processExecutionPhase(TestCaseExecutor.java:418)
	at com.kms.katalon.core.main.TestCaseExecutor.accessMainPhase(TestCaseExecutor.java:410)
	at com.kms.katalon.core.main.TestCaseExecutor.execute(TestCaseExecutor.java:285)
	at com.kms.katalon.core.main.TestCaseMain.runTestCase(TestCaseMain.java:144)
	at com.kms.katalon.core.keyword.builtin.CallTestCaseKeyword$_callTestCase_closure1.doCall(CallTestCaseKeyword.groovy:59)
	... 36 more
Caused by: com.kms.katalon.core.exception.StepFailedException: Web element with id: 'Object Repository/Register/input_Password' located by '//input[@id='user_password']' not found
	at com.kms.katalon.core.webui.keyword.internal.WebUIKeywordMain.stepFailed(WebUIKeywordMain.groovy:64)
	at com.kms.katalon.core.webui.keyword.builtin.VerifyElementVisibleKeyword$_verifyElementVisible_closure1.doCall(VerifyElementVisibleKeyword.groovy:89)
	at com.kms.katalon.core.webui.keyword.builtin.VerifyElementVisibleKeyword$_verifyElementVisible_closure1.call(VerifyElementVisibleKeyword.groovy)
	at com.kms.katalon.core.webui.keyword.internal.WebUIKeywordMain.runKeyword(WebUIKeywordMain.groovy:20)
	... 51 more
)

2023-07-03 17:23:45 - [TEST_STEP][FAILED] - callTestCase(findTestCase("Pages/Register/Read Error Msg - Password less than 8"), ["expected":""], STOP_ON_FAILURE): Unable to call Test Case 'Test Cases/Pages/Register/Read Error Msg - Password less than 8' (Root cause: com.kms.katalon.core.exception.StepFailedException: Call Test Case 'Test Cases/Pages/Register/Read Error Msg - Password less than 8' failed
	at com.kms.katalon.core.keyword.builtin.CallTestCaseKeyword$_callTestCase_closure1.doCall(CallTestCaseKeyword.groovy:63)
	at com.kms.katalon.core.keyword.builtin.CallTestCaseKeyword$_callTestCase_closure1.call(CallTestCaseKeyword.groovy)
	at com.kms.katalon.core.keyword.internal.KeywordMain.runKeyword(KeywordMain.groovy:75)
	at com.kms.katalon.core.keyword.builtin.CallTestCaseKeyword.callTestCase(CallTestCaseKeyword.groovy:81)
	at com.kms.katalon.core.keyword.builtin.CallTestCaseKeyword.execute(CallTestCaseKeyword.groovy:44)
	at com.kms.katalon.core.keyword.internal.KeywordExecutor.executeKeywordForPlatform(KeywordExecutor.groovy:74)
	at com.kms.katalon.core.keyword.BuiltinKeywords.callTestCase(BuiltinKeywords.groovy:334)
	at Verify with if-else.run(Verify with if-else:35)
	at com.kms.katalon.core.main.ScriptEngine.run(ScriptEngine.java:194)
	at com.kms.katalon.core.main.ScriptEngine.runScriptAsRawText(ScriptEngine.java:119)
	at com.kms.katalon.core.main.TestCaseExecutor.runScript(TestCaseExecutor.java:448)
	at com.kms.katalon.core.main.TestCaseExecutor.doExecute(TestCaseExecutor.java:439)
	at com.kms.katalon.core.main.TestCaseExecutor.processExecutionPhase(TestCaseExecutor.java:418)
	at com.kms.katalon.core.main.TestCaseExecutor.accessMainPhase(TestCaseExecutor.java:410)
	at com.kms.katalon.core.main.TestCaseExecutor.execute(TestCaseExecutor.java:285)
	at com.kms.katalon.core.main.TestCaseMain.runTestCase(TestCaseMain.java:144)
	at com.kms.katalon.core.keyword.builtin.CallTestCaseKeyword$_callTestCase_closure1.doCall(CallTestCaseKeyword.groovy:59)
	at com.kms.katalon.core.keyword.builtin.CallTestCaseKeyword$_callTestCase_closure1.call(CallTestCaseKeyword.groovy)
	at com.kms.katalon.core.keyword.internal.KeywordMain.runKeyword(KeywordMain.groovy:75)
	at com.kms.katalon.core.keyword.builtin.CallTestCaseKeyword.callTestCase(CallTestCaseKeyword.groovy:81)
	at com.kms.katalon.core.keyword.builtin.CallTestCaseKeyword.execute(CallTestCaseKeyword.groovy:44)
	at com.kms.katalon.core.keyword.internal.KeywordExecutor.executeKeywordForPlatform(KeywordExecutor.groovy:74)
	at com.kms.katalon.core.keyword.BuiltinKeywords.callTestCase(BuiltinKeywords.groovy:334)
	at REG05 - User register with invalid password.run(REG05 - User register with invalid password:32)
	at com.kms.katalon.core.main.ScriptEngine.run(ScriptEngine.java:194)
	at com.kms.katalon.core.main.ScriptEngine.runScriptAsRawText(ScriptEngine.java:119)
	at com.kms.katalon.core.main.TestCaseExecutor.runScript(TestCaseExecutor.java:448)
	at com.kms.katalon.core.main.TestCaseExecutor.doExecute(TestCaseExecutor.java:439)
	at com.kms.katalon.core.main.TestCaseExecutor.processExecutionPhase(TestCaseExecutor.java:418)
	at com.kms.katalon.core.main.TestCaseExecutor.accessMainPhase(TestCaseExecutor.java:410)
	at com.kms.katalon.core.main.TestCaseExecutor.execute(TestCaseExecutor.java:285)
	at com.kms.katalon.core.common.CommonExecutor.accessTestCaseMainPhase(CommonExecutor.java:65)
	at com.kms.katalon.core.main.TestSuiteExecutor.accessTestSuiteMainPhase(TestSuiteExecutor.java:148)
	at com.kms.katalon.core.main.TestSuiteExecutor.execute(TestSuiteExecutor.java:106)
	at com.kms.katalon.core.main.TestCaseMain.startTestSuite(TestCaseMain.java:187)
	at com.kms.katalon.core.main.TestCaseMain$startTestSuite$0.call(Unknown Source)
	at TempTestSuite1688379729800.run(TempTestSuite1688379729800.groovy:36)
Caused by: com.kms.katalon.core.exception.StepFailedException: Unable to verify object 'Object Repository/Register/input_Password' is visible
	at com.kms.katalon.core.webui.keyword.internal.WebUIKeywordMain.stepFailed(WebUIKeywordMain.groovy:64)
	at com.kms.katalon.core.webui.keyword.internal.WebUIKeywordMain.runKeyword(WebUIKeywordMain.groovy:26)
	at com.kms.katalon.core.webui.keyword.builtin.VerifyElementVisibleKeyword.verifyElementVisible(VerifyElementVisibleKeyword.groovy:97)
	at com.kms.katalon.core.webui.keyword.builtin.VerifyElementVisibleKeyword.execute(VerifyElementVisibleKeyword.groovy:67)
	at com.kms.katalon.core.keyword.internal.KeywordExecutor.executeKeywordForPlatform(KeywordExecutor.groovy:74)
	at com.kms.katalon.core.webui.keyword.WebUiBuiltInKeywords.verifyElementVisible(WebUiBuiltInKeywords.groovy:376)
	at com.kms.katalon.core.webui.keyword.WebUiBuiltInKeywords$verifyElementVisible$3.call(Unknown Source)
	at Read Error Msg - Password less than 8.run(Read Error Msg - Password less than 8:20)
	at com.kms.katalon.core.main.ScriptEngine.run(ScriptEngine.java:194)
	at com.kms.katalon.core.main.ScriptEngine.runScriptAsRawText(ScriptEngine.java:119)
	at com.kms.katalon.core.main.TestCaseExecutor.runScript(TestCaseExecutor.java:448)
	at com.kms.katalon.core.main.TestCaseExecutor.doExecute(TestCaseExecutor.java:439)
	at com.kms.katalon.core.main.TestCaseExecutor.processExecutionPhase(TestCaseExecutor.java:418)
	at com.kms.katalon.core.main.TestCaseExecutor.accessMainPhase(TestCaseExecutor.java:410)
	at com.kms.katalon.core.main.TestCaseExecutor.execute(TestCaseExecutor.java:285)
	at com.kms.katalon.core.main.TestCaseMain.runTestCase(TestCaseMain.java:144)
	at com.kms.katalon.core.keyword.builtin.CallTestCaseKeyword$_callTestCase_closure1.doCall(CallTestCaseKeyword.groovy:59)
	... 36 more
Caused by: com.kms.katalon.core.exception.StepFailedException: Web element with id: 'Object Repository/Register/input_Password' located by '//input[@id='user_password']' not found
	at com.kms.katalon.core.webui.keyword.internal.WebUIKeywordMain.stepFailed(WebUIKeywordMain.groovy:64)
	at com.kms.katalon.core.webui.keyword.builtin.VerifyElementVisibleKeyword$_verifyElementVisible_closure1.doCall(VerifyElementVisibleKeyword.groovy:89)
	at com.kms.katalon.core.webui.keyword.builtin.VerifyElementVisibleKeyword$_verifyElementVisible_closure1.call(VerifyElementVisibleKeyword.groovy)
	at com.kms.katalon.core.webui.keyword.internal.WebUIKeywordMain.runKeyword(WebUIKeywordMain.groovy:20)
	... 51 more
)

2023-07-03 17:23:46 - [TEST_CASE][FAILED] - Test Cases/Pages/Register/Read Error Msg - Password less than 8: Test Cases/Pages/Register/Read Error Msg - Password less than 8 FAILED.
Reason:
com.kms.katalon.core.exception.StepFailedException: Unable to verify object 'Object Repository/Register/input_Password' is visible
	at com.kms.katalon.core.webui.keyword.internal.WebUIKeywordMain.stepFailed(WebUIKeywordMain.groovy:64)
	at com.kms.katalon.core.webui.keyword.internal.WebUIKeywordMain.runKeyword(WebUIKeywordMain.groovy:26)
	at com.kms.katalon.core.webui.keyword.builtin.VerifyElementVisibleKeyword.verifyElementVisible(VerifyElementVisibleKeyword.groovy:97)
	at com.kms.katalon.core.webui.keyword.builtin.VerifyElementVisibleKeyword.execute(VerifyElementVisibleKeyword.groovy:67)
	at com.kms.katalon.core.keyword.internal.KeywordExecutor.executeKeywordForPlatform(KeywordExecutor.groovy:74)
	at com.kms.katalon.core.webui.keyword.WebUiBuiltInKeywords.verifyElementVisible(WebUiBuiltInKeywords.groovy:376)
	at com.kms.katalon.core.webui.keyword.WebUiBuiltInKeywords$verifyElementVisible$3.call(Unknown Source)
	at Read Error Msg - Password less than 8.run(Read Error Msg - Password less than 8:20)
	at com.kms.katalon.core.main.ScriptEngine.run(ScriptEngine.java:194)
	at com.kms.katalon.core.main.ScriptEngine.runScriptAsRawText(ScriptEngine.java:119)
	at com.kms.katalon.core.main.TestCaseExecutor.runScript(TestCaseExecutor.java:448)
	at com.kms.katalon.core.main.TestCaseExecutor.doExecute(TestCaseExecutor.java:439)
	at com.kms.katalon.core.main.TestCaseExecutor.processExecutionPhase(TestCaseExecutor.java:418)
	at com.kms.katalon.core.main.TestCaseExecutor.accessMainPhase(TestCaseExecutor.java:410)
	at com.kms.katalon.core.main.TestCaseExecutor.execute(TestCaseExecutor.java:285)
	at com.kms.katalon.core.main.TestCaseMain.runTestCase(TestCaseMain.java:144)
	at com.kms.katalon.core.keyword.builtin.CallTestCaseKeyword$_callTestCase_closure1.doCall(CallTestCaseKeyword.groovy:59)
	at com.kms.katalon.core.keyword.builtin.CallTestCaseKeyword$_callTestCase_closure1.call(CallTestCaseKeyword.groovy)
	at com.kms.katalon.core.keyword.internal.KeywordMain.runKeyword(KeywordMain.groovy:75)
	at com.kms.katalon.core.keyword.builtin.CallTestCaseKeyword.callTestCase(CallTestCaseKeyword.groovy:81)
	at com.kms.katalon.core.keyword.builtin.CallTestCaseKeyword.execute(CallTestCaseKeyword.groovy:44)
	at com.kms.katalon.core.keyword.internal.KeywordExecutor.executeKeywordForPlatform(KeywordExecutor.groovy:74)
	at com.kms.katalon.core.keyword.BuiltinKeywords.callTestCase(BuiltinKeywords.groovy:334)
	at Verify with if-else.run(Verify with if-else:35)
	at com.kms.katalon.core.main.ScriptEngine.run(ScriptEngine.java:194)
	at com.kms.katalon.core.main.ScriptEngine.runScriptAsRawText(ScriptEngine.java:119)
	at com.kms.katalon.core.main.TestCaseExecutor.runScript(TestCaseExecutor.java:448)
	at com.kms.katalon.core.main.TestCaseExecutor.doExecute(TestCaseExecutor.java:439)
	at com.kms.katalon.core.main.TestCaseExecutor.processExecutionPhase(TestCaseExecutor.java:418)
	at com.kms.katalon.core.main.TestCaseExecutor.accessMainPhase(TestCaseExecutor.java:410)
	at com.kms.katalon.core.main.TestCaseExecutor.execute(TestCaseExecutor.java:285)
	at com.kms.katalon.core.main.TestCaseMain.runTestCase(TestCaseMain.java:144)
	at com.kms.katalon.core.keyword.builtin.CallTestCaseKeyword$_callTestCase_closure1.doCall(CallTestCaseKeyword.groovy:59)
	at com.kms.katalon.core.keyword.builtin.CallTestCaseKeyword$_callTestCase_closure1.call(CallTestCaseKeyword.groovy)
	at com.kms.katalon.core.keyword.internal.KeywordMain.runKeyword(KeywordMain.groovy:75)
	at com.kms.katalon.core.keyword.builtin.CallTestCaseKeyword.callTestCase(CallTestCaseKeyword.groovy:81)
	at com.kms.katalon.core.keyword.builtin.CallTestCaseKeyword.execute(CallTestCaseKeyword.groovy:44)
	at com.kms.katalon.core.keyword.internal.KeywordExecutor.executeKeywordForPlatform(KeywordExecutor.groovy:74)
	at com.kms.katalon.core.keyword.BuiltinKeywords.callTestCase(BuiltinKeywords.groovy:334)
	at REG05 - User register with invalid password.run(REG05 - User register with invalid password:32)
	at com.kms.katalon.core.main.ScriptEngine.run(ScriptEngine.java:194)
	at com.kms.katalon.core.main.ScriptEngine.runScriptAsRawText(ScriptEngine.java:119)
	at com.kms.katalon.core.main.TestCaseExecutor.runScript(TestCaseExecutor.java:448)
	at com.kms.katalon.core.main.TestCaseExecutor.doExecute(TestCaseExecutor.java:439)
	at com.kms.katalon.core.main.TestCaseExecutor.processExecutionPhase(TestCaseExecutor.java:418)
	at com.kms.katalon.core.main.TestCaseExecutor.accessMainPhase(TestCaseExecutor.java:410)
	at com.kms.katalon.core.main.TestCaseExecutor.execute(TestCaseExecutor.java:285)
	at com.kms.katalon.core.common.CommonExecutor.accessTestCaseMainPhase(CommonExecutor.java:65)
	at com.kms.katalon.core.main.TestSuiteExecutor.accessTestSuiteMainPhase(TestSuiteExecutor.java:148)
	at com.kms.katalon.core.main.TestSuiteExecutor.execute(TestSuiteExecutor.java:106)
	at com.kms.katalon.core.main.TestCaseMain.startTestSuite(TestCaseMain.java:187)
	at com.kms.katalon.core.main.TestCaseMain$startTestSuite$0.call(Unknown Source)
	at TempTestSuite1688379729800.run(TempTestSuite1688379729800.groovy:36)
Caused by: com.kms.katalon.core.exception.StepFailedException: Web element with id: 'Object Repository/Register/input_Password' located by '//input[@id='user_password']' not found
	at com.kms.katalon.core.webui.keyword.internal.WebUIKeywordMain.stepFailed(WebUIKeywordMain.groovy:64)
	at com.kms.katalon.core.webui.keyword.builtin.VerifyElementVisibleKeyword$_verifyElementVisible_closure1.doCall(VerifyElementVisibleKeyword.groovy:89)
	at com.kms.katalon.core.webui.keyword.builtin.VerifyElementVisibleKeyword$_verifyElementVisible_closure1.call(VerifyElementVisibleKeyword.groovy)
	at com.kms.katalon.core.webui.keyword.internal.WebUIKeywordMain.runKeyword(WebUIKeywordMain.groovy:20)
	... 51 more


2023-07-03 17:23:46 - [TEST_STEP][FAILED] - verifyElementVisible(findTestObject("Register/input_Password")): Unable to verify object 'Object Repository/Register/input_Password' is visible (Root cause: com.kms.katalon.core.exception.StepFailedException: Unable to verify object 'Object Repository/Register/input_Password' is visible
	at com.kms.katalon.core.webui.keyword.internal.WebUIKeywordMain.stepFailed(WebUIKeywordMain.groovy:64)
	at com.kms.katalon.core.webui.keyword.internal.WebUIKeywordMain.runKeyword(WebUIKeywordMain.groovy:26)
	at com.kms.katalon.core.webui.keyword.builtin.VerifyElementVisibleKeyword.verifyElementVisible(VerifyElementVisibleKeyword.groovy:97)
	at com.kms.katalon.core.webui.keyword.builtin.VerifyElementVisibleKeyword.execute(VerifyElementVisibleKeyword.groovy:67)
	at com.kms.katalon.core.keyword.internal.KeywordExecutor.executeKeywordForPlatform(KeywordExecutor.groovy:74)
	at com.kms.katalon.core.webui.keyword.WebUiBuiltInKeywords.verifyElementVisible(WebUiBuiltInKeywords.groovy:376)
	at com.kms.katalon.core.webui.keyword.WebUiBuiltInKeywords$verifyElementVisible$3.call(Unknown Source)
	at Read Error Msg - Password less than 8.run(Read Error Msg - Password less than 8:20)
	at com.kms.katalon.core.main.ScriptEngine.run(ScriptEngine.java:194)
	at com.kms.katalon.core.main.ScriptEngine.runScriptAsRawText(ScriptEngine.java:119)
	at com.kms.katalon.core.main.TestCaseExecutor.runScript(TestCaseExecutor.java:448)
	at com.kms.katalon.core.main.TestCaseExecutor.doExecute(TestCaseExecutor.java:439)
	at com.kms.katalon.core.main.TestCaseExecutor.processExecutionPhase(TestCaseExecutor.java:418)
	at com.kms.katalon.core.main.TestCaseExecutor.accessMainPhase(TestCaseExecutor.java:410)
	at com.kms.katalon.core.main.TestCaseExecutor.execute(TestCaseExecutor.java:285)
	at com.kms.katalon.core.main.TestCaseMain.runTestCase(TestCaseMain.java:144)
	at com.kms.katalon.core.keyword.builtin.CallTestCaseKeyword$_callTestCase_closure1.doCall(CallTestCaseKeyword.groovy:59)
	at com.kms.katalon.core.keyword.builtin.CallTestCaseKeyword$_callTestCase_closure1.call(CallTestCaseKeyword.groovy)
	at com.kms.katalon.core.keyword.internal.KeywordMain.runKeyword(KeywordMain.groovy:75)
	at com.kms.katalon.core.keyword.builtin.CallTestCaseKeyword.callTestCase(CallTestCaseKeyword.groovy:81)
	at com.kms.katalon.core.keyword.builtin.CallTestCaseKeyword.execute(CallTestCaseKeyword.groovy:44)
	at com.kms.katalon.core.keyword.internal.KeywordExecutor.executeKeywordForPlatform(KeywordExecutor.groovy:74)
	at com.kms.katalon.core.keyword.BuiltinKeywords.callTestCase(BuiltinKeywords.groovy:334)
	at Verify with if-else.run(Verify with if-else:35)
	at com.kms.katalon.core.main.ScriptEngine.run(ScriptEngine.java:194)
	at com.kms.katalon.core.main.ScriptEngine.runScriptAsRawText(ScriptEngine.java:119)
	at com.kms.katalon.core.main.TestCaseExecutor.runScript(TestCaseExecutor.java:448)
	at com.kms.katalon.core.main.TestCaseExecutor.doExecute(TestCaseExecutor.java:439)
	at com.kms.katalon.core.main.TestCaseExecutor.processExecutionPhase(TestCaseExecutor.java:418)
	at com.kms.katalon.core.main.TestCaseExecutor.accessMainPhase(TestCaseExecutor.java:410)
	at com.kms.katalon.core.main.TestCaseExecutor.execute(TestCaseExecutor.java:285)
	at com.kms.katalon.core.main.TestCaseMain.runTestCase(TestCaseMain.java:144)
	at com.kms.katalon.core.keyword.builtin.CallTestCaseKeyword$_callTestCase_closure1.doCall(CallTestCaseKeyword.groovy:59)
	at com.kms.katalon.core.keyword.builtin.CallTestCaseKeyword$_callTestCase_closure1.call(CallTestCaseKeyword.groovy)
	at com.kms.katalon.core.keyword.internal.KeywordMain.runKeyword(KeywordMain.groovy:75)
	at com.kms.katalon.core.keyword.builtin.CallTestCaseKeyword.callTestCase(CallTestCaseKeyword.groovy:81)
	at com.kms.katalon.core.keyword.builtin.CallTestCaseKeyword.execute(CallTestCaseKeyword.groovy:44)
	at com.kms.katalon.core.keyword.internal.KeywordExecutor.executeKeywordForPlatform(KeywordExecutor.groovy:74)
	at com.kms.katalon.core.keyword.BuiltinKeywords.callTestCase(BuiltinKeywords.groovy:334)
	at REG05 - User register with invalid password.run(REG05 - User register with invalid password:32)
	at com.kms.katalon.core.main.ScriptEngine.run(ScriptEngine.java:194)
	at com.kms.katalon.core.main.ScriptEngine.runScriptAsRawText(ScriptEngine.java:119)
	at com.kms.katalon.core.main.TestCaseExecutor.runScript(TestCaseExecutor.java:448)
	at com.kms.katalon.core.main.TestCaseExecutor.doExecute(TestCaseExecutor.java:439)
	at com.kms.katalon.core.main.TestCaseExecutor.processExecutionPhase(TestCaseExecutor.java:418)
	at com.kms.katalon.core.main.TestCaseExecutor.accessMainPhase(TestCaseExecutor.java:410)
	at com.kms.katalon.core.main.TestCaseExecutor.execute(TestCaseExecutor.java:285)
	at com.kms.katalon.core.common.CommonExecutor.accessTestCaseMainPhase(CommonExecutor.java:65)
	at com.kms.katalon.core.main.TestSuiteExecutor.accessTestSuiteMainPhase(TestSuiteExecutor.java:148)
	at com.kms.katalon.core.main.TestSuiteExecutor.execute(TestSuiteExecutor.java:106)
	at com.kms.katalon.core.main.TestCaseMain.startTestSuite(TestCaseMain.java:187)
	at com.kms.katalon.core.main.TestCaseMain$startTestSuite$0.call(Unknown Source)
	at TempTestSuite1688379729800.run(TempTestSuite1688379729800.groovy:36)
Caused by: com.kms.katalon.core.exception.StepFailedException: Web element with id: 'Object Repository/Register/input_Password' located by '//input[@id='user_password']' not found
	at com.kms.katalon.core.webui.keyword.internal.WebUIKeywordMain.stepFailed(WebUIKeywordMain.groovy:64)
	at com.kms.katalon.core.webui.keyword.builtin.VerifyElementVisibleKeyword$_verifyElementVisible_closure1.doCall(VerifyElementVisibleKeyword.groovy:89)
	at com.kms.katalon.core.webui.keyword.builtin.VerifyElementVisibleKeyword$_verifyElementVisible_closure1.call(VerifyElementVisibleKeyword.groovy)
	at com.kms.katalon.core.webui.keyword.internal.WebUIKeywordMain.runKeyword(WebUIKeywordMain.groovy:20)
	... 51 more
)

2023-07-03 17:24:17 - [MESSAGE][INFO] - Unable to find the element located by 'By.xpath: //input[@id='user_password']'. Please recheck the objects properties to make sure the desired element is located. 

2023-07-03 17:24:17 - [MESSAGE][FAILED] - Web element with id: 'Object Repository/Register/input_Password' located by '//input[@id='user_password']' not found (Root cause: com.kms.katalon.core.exception.StepFailedException: Web element with id: 'Object Repository/Register/input_Password' located by '//input[@id='user_password']' not found
	at com.kms.katalon.core.webui.keyword.internal.WebUIKeywordMain.stepFailed(WebUIKeywordMain.groovy:64)
	at com.kms.katalon.core.webui.keyword.builtin.VerifyElementVisibleKeyword$_verifyElementVisible_closure1.doCall(VerifyElementVisibleKeyword.groovy:89)
	at com.kms.katalon.core.webui.keyword.builtin.VerifyElementVisibleKeyword$_verifyElementVisible_closure1.call(VerifyElementVisibleKeyword.groovy)
	at com.kms.katalon.core.webui.keyword.internal.WebUIKeywordMain.runKeyword(WebUIKeywordMain.groovy:20)
	at com.kms.katalon.core.webui.keyword.builtin.VerifyElementVisibleKeyword.verifyElementVisible(VerifyElementVisibleKeyword.groovy:97)
	at com.kms.katalon.core.webui.keyword.builtin.VerifyElementVisibleKeyword.execute(VerifyElementVisibleKeyword.groovy:67)
	at com.kms.katalon.core.keyword.internal.KeywordExecutor.executeKeywordForPlatform(KeywordExecutor.groovy:74)
	at com.kms.katalon.core.webui.keyword.WebUiBuiltInKeywords.verifyElementVisible(WebUiBuiltInKeywords.groovy:376)
	at com.kms.katalon.core.webui.keyword.WebUiBuiltInKeywords$verifyElementVisible$3.call(Unknown Source)
	at Read Error Msg - Password less than 8.run(Read Error Msg - Password less than 8:20)
	at com.kms.katalon.core.main.ScriptEngine.run(ScriptEngine.java:194)
	at com.kms.katalon.core.main.ScriptEngine.runScriptAsRawText(ScriptEngine.java:119)
	at com.kms.katalon.core.main.TestCaseExecutor.runScript(TestCaseExecutor.java:448)
	at com.kms.katalon.core.main.TestCaseExecutor.doExecute(TestCaseExecutor.java:439)
	at com.kms.katalon.core.main.TestCaseExecutor.processExecutionPhase(TestCaseExecutor.java:418)
	at com.kms.katalon.core.main.TestCaseExecutor.accessMainPhase(TestCaseExecutor.java:410)
	at com.kms.katalon.core.main.TestCaseExecutor.execute(TestCaseExecutor.java:285)
	at com.kms.katalon.core.main.TestCaseMain.runTestCase(TestCaseMain.java:144)
	at com.kms.katalon.core.keyword.builtin.CallTestCaseKeyword$_callTestCase_closure1.doCall(CallTestCaseKeyword.groovy:59)
	at com.kms.katalon.core.keyword.builtin.CallTestCaseKeyword$_callTestCase_closure1.call(CallTestCaseKeyword.groovy)
	at com.kms.katalon.core.keyword.internal.KeywordMain.runKeyword(KeywordMain.groovy:75)
	at com.kms.katalon.core.keyword.builtin.CallTestCaseKeyword.callTestCase(CallTestCaseKeyword.groovy:81)
	at com.kms.katalon.core.keyword.builtin.CallTestCaseKeyword.execute(CallTestCaseKeyword.groovy:44)
	at com.kms.katalon.core.keyword.internal.KeywordExecutor.executeKeywordForPlatform(KeywordExecutor.groovy:74)
	at com.kms.katalon.core.keyword.BuiltinKeywords.callTestCase(BuiltinKeywords.groovy:334)
	at Verify with if-else.run(Verify with if-else:35)
	at com.kms.katalon.core.main.ScriptEngine.run(ScriptEngine.java:194)
	at com.kms.katalon.core.main.ScriptEngine.runScriptAsRawText(ScriptEngine.java:119)
	at com.kms.katalon.core.main.TestCaseExecutor.runScript(TestCaseExecutor.java:448)
	at com.kms.katalon.core.main.TestCaseExecutor.doExecute(TestCaseExecutor.java:439)
	at com.kms.katalon.core.main.TestCaseExecutor.processExecutionPhase(TestCaseExecutor.java:418)
	at com.kms.katalon.core.main.TestCaseExecutor.accessMainPhase(TestCaseExecutor.java:410)
	at com.kms.katalon.core.main.TestCaseExecutor.execute(TestCaseExecutor.java:285)
	at com.kms.katalon.core.main.TestCaseMain.runTestCase(TestCaseMain.java:144)
	at com.kms.katalon.core.keyword.builtin.CallTestCaseKeyword$_callTestCase_closure1.doCall(CallTestCaseKeyword.groovy:59)
	at com.kms.katalon.core.keyword.builtin.CallTestCaseKeyword$_callTestCase_closure1.call(CallTestCaseKeyword.groovy)
	at com.kms.katalon.core.keyword.internal.KeywordMain.runKeyword(KeywordMain.groovy:75)
	at com.kms.katalon.core.keyword.builtin.CallTestCaseKeyword.callTestCase(CallTestCaseKeyword.groovy:81)
	at com.kms.katalon.core.keyword.builtin.CallTestCaseKeyword.execute(CallTestCaseKeyword.groovy:44)
	at com.kms.katalon.core.keyword.internal.KeywordExecutor.executeKeywordForPlatform(KeywordExecutor.groovy:74)
	at com.kms.katalon.core.keyword.BuiltinKeywords.callTestCase(BuiltinKeywords.groovy:334)
	at REG05 - User register with invalid password.run(REG05 - User register with invalid password:32)
	at com.kms.katalon.core.main.ScriptEngine.run(ScriptEngine.java:194)
	at com.kms.katalon.core.main.ScriptEngine.runScriptAsRawText(ScriptEngine.java:119)
	at com.kms.katalon.core.main.TestCaseExecutor.runScript(TestCaseExecutor.java:448)
	at com.kms.katalon.core.main.TestCaseExecutor.doExecute(TestCaseExecutor.java:439)
	at com.kms.katalon.core.main.TestCaseExecutor.processExecutionPhase(TestCaseExecutor.java:418)
	at com.kms.katalon.core.main.TestCaseExecutor.accessMainPhase(TestCaseExecutor.java:410)
	at com.kms.katalon.core.main.TestCaseExecutor.execute(TestCaseExecutor.java:285)
	at com.kms.katalon.core.common.CommonExecutor.accessTestCaseMainPhase(CommonExecutor.java:65)
	at com.kms.katalon.core.main.TestSuiteExecutor.accessTestSuiteMainPhase(TestSuiteExecutor.java:148)
	at com.kms.katalon.core.main.TestSuiteExecutor.execute(TestSuiteExecutor.java:106)
	at com.kms.katalon.core.main.TestCaseMain.startTestSuite(TestCaseMain.java:187)
	at com.kms.katalon.core.main.TestCaseMain$startTestSuite$0.call(Unknown Source)
	at TempTestSuite1688379729800.run(TempTestSuite1688379729800.groovy:36)
)
[[ATTACHMENT|E:\\GitRepo\\Katalon\\binarqa-group1-web\\Reports\\20230703_172208\\Feature Register - Negative Case\\20230703_172209\\1688379857441.png]]

2023-07-03 17:24:17 - [MESSAGE][FAILED] - Unable to verify object 'Object Repository/Register/input_Password' is visible (Root cause: com.kms.katalon.core.exception.StepFailedException: Unable to verify object 'Object Repository/Register/input_Password' is visible
	at com.kms.katalon.core.webui.keyword.internal.WebUIKeywordMain.stepFailed(WebUIKeywordMain.groovy:64)
	at com.kms.katalon.core.webui.keyword.internal.WebUIKeywordMain.runKeyword(WebUIKeywordMain.groovy:26)
	at com.kms.katalon.core.webui.keyword.builtin.VerifyElementVisibleKeyword.verifyElementVisible(VerifyElementVisibleKeyword.groovy:97)
	at com.kms.katalon.core.webui.keyword.builtin.VerifyElementVisibleKeyword.execute(VerifyElementVisibleKeyword.groovy:67)
	at com.kms.katalon.core.keyword.internal.KeywordExecutor.executeKeywordForPlatform(KeywordExecutor.groovy:74)
	at com.kms.katalon.core.webui.keyword.WebUiBuiltInKeywords.verifyElementVisible(WebUiBuiltInKeywords.groovy:376)
	at com.kms.katalon.core.webui.keyword.WebUiBuiltInKeywords$verifyElementVisible$3.call(Unknown Source)
	at Read Error Msg - Password less than 8.run(Read Error Msg - Password less than 8:20)
	at com.kms.katalon.core.main.ScriptEngine.run(ScriptEngine.java:194)
	at com.kms.katalon.core.main.ScriptEngine.runScriptAsRawText(ScriptEngine.java:119)
	at com.kms.katalon.core.main.TestCaseExecutor.runScript(TestCaseExecutor.java:448)
	at com.kms.katalon.core.main.TestCaseExecutor.doExecute(TestCaseExecutor.java:439)
	at com.kms.katalon.core.main.TestCaseExecutor.processExecutionPhase(TestCaseExecutor.java:418)
	at com.kms.katalon.core.main.TestCaseExecutor.accessMainPhase(TestCaseExecutor.java:410)
	at com.kms.katalon.core.main.TestCaseExecutor.execute(TestCaseExecutor.java:285)
	at com.kms.katalon.core.main.TestCaseMain.runTestCase(TestCaseMain.java:144)
	at com.kms.katalon.core.keyword.builtin.CallTestCaseKeyword$_callTestCase_closure1.doCall(CallTestCaseKeyword.groovy:59)
	at com.kms.katalon.core.keyword.builtin.CallTestCaseKeyword$_callTestCase_closure1.call(CallTestCaseKeyword.groovy)
	at com.kms.katalon.core.keyword.internal.KeywordMain.runKeyword(KeywordMain.groovy:75)
	at com.kms.katalon.core.keyword.builtin.CallTestCaseKeyword.callTestCase(CallTestCaseKeyword.groovy:81)
	at com.kms.katalon.core.keyword.builtin.CallTestCaseKeyword.execute(CallTestCaseKeyword.groovy:44)
	at com.kms.katalon.core.keyword.internal.KeywordExecutor.executeKeywordForPlatform(KeywordExecutor.groovy:74)
	at com.kms.katalon.core.keyword.BuiltinKeywords.callTestCase(BuiltinKeywords.groovy:334)
	at Verify with if-else.run(Verify with if-else:35)
	at com.kms.katalon.core.main.ScriptEngine.run(ScriptEngine.java:194)
	at com.kms.katalon.core.main.ScriptEngine.runScriptAsRawText(ScriptEngine.java:119)
	at com.kms.katalon.core.main.TestCaseExecutor.runScript(TestCaseExecutor.java:448)
	at com.kms.katalon.core.main.TestCaseExecutor.doExecute(TestCaseExecutor.java:439)
	at com.kms.katalon.core.main.TestCaseExecutor.processExecutionPhase(TestCaseExecutor.java:418)
	at com.kms.katalon.core.main.TestCaseExecutor.accessMainPhase(TestCaseExecutor.java:410)
	at com.kms.katalon.core.main.TestCaseExecutor.execute(TestCaseExecutor.java:285)
	at com.kms.katalon.core.main.TestCaseMain.runTestCase(TestCaseMain.java:144)
	at com.kms.katalon.core.keyword.builtin.CallTestCaseKeyword$_callTestCase_closure1.doCall(CallTestCaseKeyword.groovy:59)
	at com.kms.katalon.core.keyword.builtin.CallTestCaseKeyword$_callTestCase_closure1.call(CallTestCaseKeyword.groovy)
	at com.kms.katalon.core.keyword.internal.KeywordMain.runKeyword(KeywordMain.groovy:75)
	at com.kms.katalon.core.keyword.builtin.CallTestCaseKeyword.callTestCase(CallTestCaseKeyword.groovy:81)
	at com.kms.katalon.core.keyword.builtin.CallTestCaseKeyword.execute(CallTestCaseKeyword.groovy:44)
	at com.kms.katalon.core.keyword.internal.KeywordExecutor.executeKeywordForPlatform(KeywordExecutor.groovy:74)
	at com.kms.katalon.core.keyword.BuiltinKeywords.callTestCase(BuiltinKeywords.groovy:334)
	at REG05 - User register with invalid password.run(REG05 - User register with invalid password:32)
	at com.kms.katalon.core.main.ScriptEngine.run(ScriptEngine.java:194)
	at com.kms.katalon.core.main.ScriptEngine.runScriptAsRawText(ScriptEngine.java:119)
	at com.kms.katalon.core.main.TestCaseExecutor.runScript(TestCaseExecutor.java:448)
	at com.kms.katalon.core.main.TestCaseExecutor.doExecute(TestCaseExecutor.java:439)
	at com.kms.katalon.core.main.TestCaseExecutor.processExecutionPhase(TestCaseExecutor.java:418)
	at com.kms.katalon.core.main.TestCaseExecutor.accessMainPhase(TestCaseExecutor.java:410)
	at com.kms.katalon.core.main.TestCaseExecutor.execute(TestCaseExecutor.java:285)
	at com.kms.katalon.core.common.CommonExecutor.accessTestCaseMainPhase(CommonExecutor.java:65)
	at com.kms.katalon.core.main.TestSuiteExecutor.accessTestSuiteMainPhase(TestSuiteExecutor.java:148)
	at com.kms.katalon.core.main.TestSuiteExecutor.execute(TestSuiteExecutor.java:106)
	at com.kms.katalon.core.main.TestCaseMain.startTestSuite(TestCaseMain.java:187)
	at com.kms.katalon.core.main.TestCaseMain$startTestSuite$0.call(Unknown Source)
	at TempTestSuite1688379729800.run(TempTestSuite1688379729800.groovy:36)
Caused by: com.kms.katalon.core.exception.StepFailedException: Web element with id: 'Object Repository/Register/input_Password' located by '//input[@id='user_password']' not found
	at com.kms.katalon.core.webui.keyword.internal.WebUIKeywordMain.stepFailed(WebUIKeywordMain.groovy:64)
	at com.kms.katalon.core.webui.keyword.builtin.VerifyElementVisibleKeyword$_verifyElementVisible_closure1.doCall(VerifyElementVisibleKeyword.groovy:89)
	at com.kms.katalon.core.webui.keyword.builtin.VerifyElementVisibleKeyword$_verifyElementVisible_closure1.call(VerifyElementVisibleKeyword.groovy)
	at com.kms.katalon.core.webui.keyword.internal.WebUIKeywordMain.runKeyword(WebUIKeywordMain.groovy:20)
	... 51 more
)
[[ATTACHMENT|E:\\GitRepo\\Katalon\\binarqa-group1-web\\Reports\\20230703_172208\\Feature Register - Negative Case\\20230703_172209\\1688379857533.png]]

2023-07-03 17:24:17 - [MESSAGE][FAILED] - Unable to call Test Case 'Test Cases/Pages/Register/Read Error Msg - Password less than 8' (Root cause: com.kms.katalon.core.exception.StepFailedException: Call Test Case 'Test Cases/Pages/Register/Read Error Msg - Password less than 8' failed
	at com.kms.katalon.core.keyword.builtin.CallTestCaseKeyword$_callTestCase_closure1.doCall(CallTestCaseKeyword.groovy:63)
	at com.kms.katalon.core.keyword.builtin.CallTestCaseKeyword$_callTestCase_closure1.call(CallTestCaseKeyword.groovy)
	at com.kms.katalon.core.keyword.internal.KeywordMain.runKeyword(KeywordMain.groovy:75)
	at com.kms.katalon.core.keyword.builtin.CallTestCaseKeyword.callTestCase(CallTestCaseKeyword.groovy:81)
	at com.kms.katalon.core.keyword.builtin.CallTestCaseKeyword.execute(CallTestCaseKeyword.groovy:44)
	at com.kms.katalon.core.keyword.internal.KeywordExecutor.executeKeywordForPlatform(KeywordExecutor.groovy:74)
	at com.kms.katalon.core.keyword.BuiltinKeywords.callTestCase(BuiltinKeywords.groovy:334)
	at Verify with if-else.run(Verify with if-else:35)
	at com.kms.katalon.core.main.ScriptEngine.run(ScriptEngine.java:194)
	at com.kms.katalon.core.main.ScriptEngine.runScriptAsRawText(ScriptEngine.java:119)
	at com.kms.katalon.core.main.TestCaseExecutor.runScript(TestCaseExecutor.java:448)
	at com.kms.katalon.core.main.TestCaseExecutor.doExecute(TestCaseExecutor.java:439)
	at com.kms.katalon.core.main.TestCaseExecutor.processExecutionPhase(TestCaseExecutor.java:418)
	at com.kms.katalon.core.main.TestCaseExecutor.accessMainPhase(TestCaseExecutor.java:410)
	at com.kms.katalon.core.main.TestCaseExecutor.execute(TestCaseExecutor.java:285)
	at com.kms.katalon.core.main.TestCaseMain.runTestCase(TestCaseMain.java:144)
	at com.kms.katalon.core.keyword.builtin.CallTestCaseKeyword$_callTestCase_closure1.doCall(CallTestCaseKeyword.groovy:59)
	at com.kms.katalon.core.keyword.builtin.CallTestCaseKeyword$_callTestCase_closure1.call(CallTestCaseKeyword.groovy)
	at com.kms.katalon.core.keyword.internal.KeywordMain.runKeyword(KeywordMain.groovy:75)
	at com.kms.katalon.core.keyword.builtin.CallTestCaseKeyword.callTestCase(CallTestCaseKeyword.groovy:81)
	at com.kms.katalon.core.keyword.builtin.CallTestCaseKeyword.execute(CallTestCaseKeyword.groovy:44)
	at com.kms.katalon.core.keyword.internal.KeywordExecutor.executeKeywordForPlatform(KeywordExecutor.groovy:74)
	at com.kms.katalon.core.keyword.BuiltinKeywords.callTestCase(BuiltinKeywords.groovy:334)
	at REG05 - User register with invalid password.run(REG05 - User register with invalid password:32)
	at com.kms.katalon.core.main.ScriptEngine.run(ScriptEngine.java:194)
	at com.kms.katalon.core.main.ScriptEngine.runScriptAsRawText(ScriptEngine.java:119)
	at com.kms.katalon.core.main.TestCaseExecutor.runScript(TestCaseExecutor.java:448)
	at com.kms.katalon.core.main.TestCaseExecutor.doExecute(TestCaseExecutor.java:439)
	at com.kms.katalon.core.main.TestCaseExecutor.processExecutionPhase(TestCaseExecutor.java:418)
	at com.kms.katalon.core.main.TestCaseExecutor.accessMainPhase(TestCaseExecutor.java:410)
	at com.kms.katalon.core.main.TestCaseExecutor.execute(TestCaseExecutor.java:285)
	at com.kms.katalon.core.common.CommonExecutor.accessTestCaseMainPhase(CommonExecutor.java:65)
	at com.kms.katalon.core.main.TestSuiteExecutor.accessTestSuiteMainPhase(TestSuiteExecutor.java:148)
	at com.kms.katalon.core.main.TestSuiteExecutor.execute(TestSuiteExecutor.java:106)
	at com.kms.katalon.core.main.TestCaseMain.startTestSuite(TestCaseMain.java:187)
	at com.kms.katalon.core.main.TestCaseMain$startTestSuite$0.call(Unknown Source)
	at TempTestSuite1688379729800.run(TempTestSuite1688379729800.groovy:36)
Caused by: com.kms.katalon.core.exception.StepFailedException: Unable to verify object 'Object Repository/Register/input_Password' is visible
	at com.kms.katalon.core.webui.keyword.internal.WebUIKeywordMain.stepFailed(WebUIKeywordMain.groovy:64)
	at com.kms.katalon.core.webui.keyword.internal.WebUIKeywordMain.runKeyword(WebUIKeywordMain.groovy:26)
	at com.kms.katalon.core.webui.keyword.builtin.VerifyElementVisibleKeyword.verifyElementVisible(VerifyElementVisibleKeyword.groovy:97)
	at com.kms.katalon.core.webui.keyword.builtin.VerifyElementVisibleKeyword.execute(VerifyElementVisibleKeyword.groovy:67)
	at com.kms.katalon.core.keyword.internal.KeywordExecutor.executeKeywordForPlatform(KeywordExecutor.groovy:74)
	at com.kms.katalon.core.webui.keyword.WebUiBuiltInKeywords.verifyElementVisible(WebUiBuiltInKeywords.groovy:376)
	at com.kms.katalon.core.webui.keyword.WebUiBuiltInKeywords$verifyElementVisible$3.call(Unknown Source)
	at Read Error Msg - Password less than 8.run(Read Error Msg - Password less than 8:20)
	at com.kms.katalon.core.main.ScriptEngine.run(ScriptEngine.java:194)
	at com.kms.katalon.core.main.ScriptEngine.runScriptAsRawText(ScriptEngine.java:119)
	at com.kms.katalon.core.main.TestCaseExecutor.runScript(TestCaseExecutor.java:448)
	at com.kms.katalon.core.main.TestCaseExecutor.doExecute(TestCaseExecutor.java:439)
	at com.kms.katalon.core.main.TestCaseExecutor.processExecutionPhase(TestCaseExecutor.java:418)
	at com.kms.katalon.core.main.TestCaseExecutor.accessMainPhase(TestCaseExecutor.java:410)
	at com.kms.katalon.core.main.TestCaseExecutor.execute(TestCaseExecutor.java:285)
	at com.kms.katalon.core.main.TestCaseMain.runTestCase(TestCaseMain.java:144)
	at com.kms.katalon.core.keyword.builtin.CallTestCaseKeyword$_callTestCase_closure1.doCall(CallTestCaseKeyword.groovy:59)
	... 36 more
Caused by: com.kms.katalon.core.exception.StepFailedException: Web element with id: 'Object Repository/Register/input_Password' located by '//input[@id='user_password']' not found
	at com.kms.katalon.core.webui.keyword.internal.WebUIKeywordMain.stepFailed(WebUIKeywordMain.groovy:64)
	at com.kms.katalon.core.webui.keyword.builtin.VerifyElementVisibleKeyword$_verifyElementVisible_closure1.doCall(VerifyElementVisibleKeyword.groovy:89)
	at com.kms.katalon.core.webui.keyword.builtin.VerifyElementVisibleKeyword$_verifyElementVisible_closure1.call(VerifyElementVisibleKeyword.groovy)
	at com.kms.katalon.core.webui.keyword.internal.WebUIKeywordMain.runKeyword(WebUIKeywordMain.groovy:20)
	... 51 more
)

2023-07-03 17:24:17 - [MESSAGE][FAILED] - Unable to call Test Case 'Test Cases/Pages/Register/Verify with if-else' (Root cause: com.kms.katalon.core.exception.StepFailedException: Call Test Case 'Test Cases/Pages/Register/Verify with if-else' failed
	at com.kms.katalon.core.keyword.builtin.CallTestCaseKeyword$_callTestCase_closure1.doCall(CallTestCaseKeyword.groovy:63)
	at com.kms.katalon.core.keyword.builtin.CallTestCaseKeyword$_callTestCase_closure1.call(CallTestCaseKeyword.groovy)
	at com.kms.katalon.core.keyword.internal.KeywordMain.runKeyword(KeywordMain.groovy:75)
	at com.kms.katalon.core.keyword.builtin.CallTestCaseKeyword.callTestCase(CallTestCaseKeyword.groovy:81)
	at com.kms.katalon.core.keyword.builtin.CallTestCaseKeyword.execute(CallTestCaseKeyword.groovy:44)
	at com.kms.katalon.core.keyword.internal.KeywordExecutor.executeKeywordForPlatform(KeywordExecutor.groovy:74)
	at com.kms.katalon.core.keyword.BuiltinKeywords.callTestCase(BuiltinKeywords.groovy:334)
	at REG05 - User register with invalid password.run(REG05 - User register with invalid password:32)
	at com.kms.katalon.core.main.ScriptEngine.run(ScriptEngine.java:194)
	at com.kms.katalon.core.main.ScriptEngine.runScriptAsRawText(ScriptEngine.java:119)
	at com.kms.katalon.core.main.TestCaseExecutor.runScript(TestCaseExecutor.java:448)
	at com.kms.katalon.core.main.TestCaseExecutor.doExecute(TestCaseExecutor.java:439)
	at com.kms.katalon.core.main.TestCaseExecutor.processExecutionPhase(TestCaseExecutor.java:418)
	at com.kms.katalon.core.main.TestCaseExecutor.accessMainPhase(TestCaseExecutor.java:410)
	at com.kms.katalon.core.main.TestCaseExecutor.execute(TestCaseExecutor.java:285)
	at com.kms.katalon.core.common.CommonExecutor.accessTestCaseMainPhase(CommonExecutor.java:65)
	at com.kms.katalon.core.main.TestSuiteExecutor.accessTestSuiteMainPhase(TestSuiteExecutor.java:148)
	at com.kms.katalon.core.main.TestSuiteExecutor.execute(TestSuiteExecutor.java:106)
	at com.kms.katalon.core.main.TestCaseMain.startTestSuite(TestCaseMain.java:187)
	at com.kms.katalon.core.main.TestCaseMain$startTestSuite$0.call(Unknown Source)
	at TempTestSuite1688379729800.run(TempTestSuite1688379729800.groovy:36)
Caused by: com.kms.katalon.core.exception.StepFailedException: Call Test Case 'Test Cases/Pages/Register/Read Error Msg - Password less than 8' failed
	at com.kms.katalon.core.keyword.builtin.CallTestCaseKeyword$_callTestCase_closure1.doCall(CallTestCaseKeyword.groovy:63)
	at com.kms.katalon.core.keyword.builtin.CallTestCaseKeyword$_callTestCase_closure1.call(CallTestCaseKeyword.groovy)
	at com.kms.katalon.core.keyword.internal.KeywordMain.runKeyword(KeywordMain.groovy:75)
	at com.kms.katalon.core.keyword.builtin.CallTestCaseKeyword.callTestCase(CallTestCaseKeyword.groovy:81)
	at com.kms.katalon.core.keyword.builtin.CallTestCaseKeyword.execute(CallTestCaseKeyword.groovy:44)
	at com.kms.katalon.core.keyword.internal.KeywordExecutor.executeKeywordForPlatform(KeywordExecutor.groovy:74)
	at com.kms.katalon.core.keyword.BuiltinKeywords.callTestCase(BuiltinKeywords.groovy:334)
	at Verify with if-else.run(Verify with if-else:35)
	at com.kms.katalon.core.main.ScriptEngine.run(ScriptEngine.java:194)
	at com.kms.katalon.core.main.ScriptEngine.runScriptAsRawText(ScriptEngine.java:119)
	at com.kms.katalon.core.main.TestCaseExecutor.runScript(TestCaseExecutor.java:448)
	at com.kms.katalon.core.main.TestCaseExecutor.doExecute(TestCaseExecutor.java:439)
	at com.kms.katalon.core.main.TestCaseExecutor.processExecutionPhase(TestCaseExecutor.java:418)
	at com.kms.katalon.core.main.TestCaseExecutor.accessMainPhase(TestCaseExecutor.java:410)
	at com.kms.katalon.core.main.TestCaseExecutor.execute(TestCaseExecutor.java:285)
	at com.kms.katalon.core.main.TestCaseMain.runTestCase(TestCaseMain.java:144)
	at com.kms.katalon.core.keyword.builtin.CallTestCaseKeyword$_callTestCase_closure1.doCall(CallTestCaseKeyword.groovy:59)
	... 20 more
Caused by: com.kms.katalon.core.exception.StepFailedException: Unable to verify object 'Object Repository/Register/input_Password' is visible
	at com.kms.katalon.core.webui.keyword.internal.WebUIKeywordMain.stepFailed(WebUIKeywordMain.groovy:64)
	at com.kms.katalon.core.webui.keyword.internal.WebUIKeywordMain.runKeyword(WebUIKeywordMain.groovy:26)
	at com.kms.katalon.core.webui.keyword.builtin.VerifyElementVisibleKeyword.verifyElementVisible(VerifyElementVisibleKeyword.groovy:97)
	at com.kms.katalon.core.webui.keyword.builtin.VerifyElementVisibleKeyword.execute(VerifyElementVisibleKeyword.groovy:67)
	at com.kms.katalon.core.keyword.internal.KeywordExecutor.executeKeywordForPlatform(KeywordExecutor.groovy:74)
	at com.kms.katalon.core.webui.keyword.WebUiBuiltInKeywords.verifyElementVisible(WebUiBuiltInKeywords.groovy:376)
	at com.kms.katalon.core.webui.keyword.WebUiBuiltInKeywords$verifyElementVisible$3.call(Unknown Source)
	at Read Error Msg - Password less than 8.run(Read Error Msg - Password less than 8:20)
	at com.kms.katalon.core.main.ScriptEngine.run(ScriptEngine.java:194)
	at com.kms.katalon.core.main.ScriptEngine.runScriptAsRawText(ScriptEngine.java:119)
	at com.kms.katalon.core.main.TestCaseExecutor.runScript(TestCaseExecutor.java:448)
	at com.kms.katalon.core.main.TestCaseExecutor.doExecute(TestCaseExecutor.java:439)
	at com.kms.katalon.core.main.TestCaseExecutor.processExecutionPhase(TestCaseExecutor.java:418)
	at com.kms.katalon.core.main.TestCaseExecutor.accessMainPhase(TestCaseExecutor.java:410)
	at com.kms.katalon.core.main.TestCaseExecutor.execute(TestCaseExecutor.java:285)
	at com.kms.katalon.core.main.TestCaseMain.runTestCase(TestCaseMain.java:144)
	at com.kms.katalon.core.keyword.builtin.CallTestCaseKeyword$_callTestCase_closure1.doCall(CallTestCaseKeyword.groovy:59)
	... 36 more
Caused by: com.kms.katalon.core.exception.StepFailedException: Web element with id: 'Object Repository/Register/input_Password' located by '//input[@id='user_password']' not found
	at com.kms.katalon.core.webui.keyword.internal.WebUIKeywordMain.stepFailed(WebUIKeywordMain.groovy:64)
	at com.kms.katalon.core.webui.keyword.builtin.VerifyElementVisibleKeyword$_verifyElementVisible_closure1.doCall(VerifyElementVisibleKeyword.groovy:89)
	at com.kms.katalon.core.webui.keyword.builtin.VerifyElementVisibleKeyword$_verifyElementVisible_closure1.call(VerifyElementVisibleKeyword.groovy)
	at com.kms.katalon.core.webui.keyword.internal.WebUIKeywordMain.runKeyword(WebUIKeywordMain.groovy:20)
	... 51 more
)

2023-07-03 17:24:17 - [TEST_STEP][PASSED] - Start listener action : AfterTestCase: Browser is closed

2023-07-03 17:24:17 - [TEST_STEP][PASSED] - logInfo("Test Case: " + testCaseContext.getTestCaseId() + " | " + testCaseContext.getTestCaseStatus()): Test Case: Test Cases/Step Definition/Feature Register/REG05 - User register with invalid password | FAILED

2023-07-03 17:24:17 - [MESSAGE][INFO] - Test Case: Test Cases/Step Definition/Feature Register/REG05 - User register with invalid password | FAILED

2023-07-03 17:24:17 - [TEST_STEP][PASSED] - closeBrowser(): null

2023-07-03 17:24:17 - [TEST_STEP][PASSED] - closeBrowser(): Browser is closed

2023-07-03 17:24:18 - [MESSAGE][PASSED] - Browser is closed]]></system-out>
         <system-err><![CDATA[2023-07-03 17:23:39 - [TEST_CASE][FAILED] - Test Cases/Step Definition/Feature Register/REG05 - User register with invalid password: Test Cases/Step Definition/Feature Register/REG05 - User register with invalid password FAILED.
Reason:
com.kms.katalon.core.exception.StepFailedException: Call Test Case 'Test Cases/Pages/Register/Verify with if-else' failed
	at com.kms.katalon.core.keyword.builtin.CallTestCaseKeyword$_callTestCase_closure1.doCall(CallTestCaseKeyword.groovy:63)
	at com.kms.katalon.core.keyword.builtin.CallTestCaseKeyword$_callTestCase_closure1.call(CallTestCaseKeyword.groovy)
	at com.kms.katalon.core.keyword.internal.KeywordMain.runKeyword(KeywordMain.groovy:75)
	at com.kms.katalon.core.keyword.builtin.CallTestCaseKeyword.callTestCase(CallTestCaseKeyword.groovy:81)
	at com.kms.katalon.core.keyword.builtin.CallTestCaseKeyword.execute(CallTestCaseKeyword.groovy:44)
	at com.kms.katalon.core.keyword.internal.KeywordExecutor.executeKeywordForPlatform(KeywordExecutor.groovy:74)
	at com.kms.katalon.core.keyword.BuiltinKeywords.callTestCase(BuiltinKeywords.groovy:334)
	at REG05 - User register with invalid password.run(REG05 - User register with invalid password:32)
	at com.kms.katalon.core.main.ScriptEngine.run(ScriptEngine.java:194)
	at com.kms.katalon.core.main.ScriptEngine.runScriptAsRawText(ScriptEngine.java:119)
	at com.kms.katalon.core.main.TestCaseExecutor.runScript(TestCaseExecutor.java:448)
	at com.kms.katalon.core.main.TestCaseExecutor.doExecute(TestCaseExecutor.java:439)
	at com.kms.katalon.core.main.TestCaseExecutor.processExecutionPhase(TestCaseExecutor.java:418)
	at com.kms.katalon.core.main.TestCaseExecutor.accessMainPhase(TestCaseExecutor.java:410)
	at com.kms.katalon.core.main.TestCaseExecutor.execute(TestCaseExecutor.java:285)
	at com.kms.katalon.core.common.CommonExecutor.accessTestCaseMainPhase(CommonExecutor.java:65)
	at com.kms.katalon.core.main.TestSuiteExecutor.accessTestSuiteMainPhase(TestSuiteExecutor.java:148)
	at com.kms.katalon.core.main.TestSuiteExecutor.execute(TestSuiteExecutor.java:106)
	at com.kms.katalon.core.main.TestCaseMain.startTestSuite(TestCaseMain.java:187)
	at com.kms.katalon.core.main.TestCaseMain$startTestSuite$0.call(Unknown Source)
	at TempTestSuite1688379729800.run(TempTestSuite1688379729800.groovy:36)
Caused by: com.kms.katalon.core.exception.StepFailedException: Call Test Case 'Test Cases/Pages/Register/Read Error Msg - Password less than 8' failed
	at com.kms.katalon.core.keyword.builtin.CallTestCaseKeyword$_callTestCase_closure1.doCall(CallTestCaseKeyword.groovy:63)
	at com.kms.katalon.core.keyword.builtin.CallTestCaseKeyword$_callTestCase_closure1.call(CallTestCaseKeyword.groovy)
	at com.kms.katalon.core.keyword.internal.KeywordMain.runKeyword(KeywordMain.groovy:75)
	at com.kms.katalon.core.keyword.builtin.CallTestCaseKeyword.callTestCase(CallTestCaseKeyword.groovy:81)
	at com.kms.katalon.core.keyword.builtin.CallTestCaseKeyword.execute(CallTestCaseKeyword.groovy:44)
	at com.kms.katalon.core.keyword.internal.KeywordExecutor.executeKeywordForPlatform(KeywordExecutor.groovy:74)
	at com.kms.katalon.core.keyword.BuiltinKeywords.callTestCase(BuiltinKeywords.groovy:334)
	at Verify with if-else.run(Verify with if-else:35)
	at com.kms.katalon.core.main.ScriptEngine.run(ScriptEngine.java:194)
	at com.kms.katalon.core.main.ScriptEngine.runScriptAsRawText(ScriptEngine.java:119)
	at com.kms.katalon.core.main.TestCaseExecutor.runScript(TestCaseExecutor.java:448)
	at com.kms.katalon.core.main.TestCaseExecutor.doExecute(TestCaseExecutor.java:439)
	at com.kms.katalon.core.main.TestCaseExecutor.processExecutionPhase(TestCaseExecutor.java:418)
	at com.kms.katalon.core.main.TestCaseExecutor.accessMainPhase(TestCaseExecutor.java:410)
	at com.kms.katalon.core.main.TestCaseExecutor.execute(TestCaseExecutor.java:285)
	at com.kms.katalon.core.main.TestCaseMain.runTestCase(TestCaseMain.java:144)
	at com.kms.katalon.core.keyword.builtin.CallTestCaseKeyword$_callTestCase_closure1.doCall(CallTestCaseKeyword.groovy:59)
	... 20 more
Caused by: com.kms.katalon.core.exception.StepFailedException: Unable to verify object 'Object Repository/Register/input_Password' is visible
	at com.kms.katalon.core.webui.keyword.internal.WebUIKeywordMain.stepFailed(WebUIKeywordMain.groovy:64)
	at com.kms.katalon.core.webui.keyword.internal.WebUIKeywordMain.runKeyword(WebUIKeywordMain.groovy:26)
	at com.kms.katalon.core.webui.keyword.builtin.VerifyElementVisibleKeyword.verifyElementVisible(VerifyElementVisibleKeyword.groovy:97)
	at com.kms.katalon.core.webui.keyword.builtin.VerifyElementVisibleKeyword.execute(VerifyElementVisibleKeyword.groovy:67)
	at com.kms.katalon.core.keyword.internal.KeywordExecutor.executeKeywordForPlatform(KeywordExecutor.groovy:74)
	at com.kms.katalon.core.webui.keyword.WebUiBuiltInKeywords.verifyElementVisible(WebUiBuiltInKeywords.groovy:376)
	at com.kms.katalon.core.webui.keyword.WebUiBuiltInKeywords$verifyElementVisible$3.call(Unknown Source)
	at Read Error Msg - Password less than 8.run(Read Error Msg - Password less than 8:20)
	at com.kms.katalon.core.main.ScriptEngine.run(ScriptEngine.java:194)
	at com.kms.katalon.core.main.ScriptEngine.runScriptAsRawText(ScriptEngine.java:119)
	at com.kms.katalon.core.main.TestCaseExecutor.runScript(TestCaseExecutor.java:448)
	at com.kms.katalon.core.main.TestCaseExecutor.doExecute(TestCaseExecutor.java:439)
	at com.kms.katalon.core.main.TestCaseExecutor.processExecutionPhase(TestCaseExecutor.java:418)
	at com.kms.katalon.core.main.TestCaseExecutor.accessMainPhase(TestCaseExecutor.java:410)
	at com.kms.katalon.core.main.TestCaseExecutor.execute(TestCaseExecutor.java:285)
	at com.kms.katalon.core.main.TestCaseMain.runTestCase(TestCaseMain.java:144)
	at com.kms.katalon.core.keyword.builtin.CallTestCaseKeyword$_callTestCase_closure1.doCall(CallTestCaseKeyword.groovy:59)
	... 36 more
Caused by: com.kms.katalon.core.exception.StepFailedException: Web element with id: 'Object Repository/Register/input_Password' located by '//input[@id='user_password']' not found
	at com.kms.katalon.core.webui.keyword.internal.WebUIKeywordMain.stepFailed(WebUIKeywordMain.groovy:64)
	at com.kms.katalon.core.webui.keyword.builtin.VerifyElementVisibleKeyword$_verifyElementVisible_closure1.doCall(VerifyElementVisibleKeyword.groovy:89)
	at com.kms.katalon.core.webui.keyword.builtin.VerifyElementVisibleKeyword$_verifyElementVisible_closure1.call(VerifyElementVisibleKeyword.groovy)
	at com.kms.katalon.core.webui.keyword.internal.WebUIKeywordMain.runKeyword(WebUIKeywordMain.groovy:20)
	... 51 more]]></system-err>
      </testcase>
      <testcase name="Test Cases/Step Definition/Feature Register/REG05 - User register with invalid password" time="8.235" classname="Test Cases/Step Definition/Feature Register/REG05 - User register with invalid password" status="PASSED">
         <system-out><![CDATA[2023-07-03 17:24:18 - [TEST_CASE][PASSED] - Test Cases/Step Definition/Feature Register/REG05 - User register with invalid password: Test Cases/Step Definition/Feature Register/REG05 - User register with invalid password

2023-07-03 17:24:18 - [TEST_STEP][PASSED] - Start listener action : BeforeTestCase: Current window maximized

2023-07-03 17:24:18 - [TEST_STEP][PASSED] - logInfo("Test Case: " + testCaseContext.getTestCaseId()): Test Case: Test Cases/Step Definition/Feature Register/REG05 - User register with invalid password

2023-07-03 17:24:18 - [MESSAGE][INFO] - Test Case: Test Cases/Step Definition/Feature Register/REG05 - User register with invalid password

2023-07-03 17:24:18 - [TEST_STEP][PASSED] - openBrowser(): null

2023-07-03 17:24:18 - [TEST_STEP][PASSED] - openBrowser("https://secondhand.binaracademy.org/"): Browser is opened with url: 'https://secondhand.binaracademy.org/'

2023-07-03 17:24:18 - [MESSAGE][INFO] - Starting 'Chrome' driver

2023-07-03 17:24:18 - [MESSAGE][INFO] - Action delay is set to 0 milliseconds

2023-07-03 17:24:20 - [MESSAGE][PASSED] - Browser is opened with url: 'https://secondhand.binaracademy.org/'

2023-07-03 17:24:20 - [TEST_STEP][PASSED] - maximizeWindow(): Current window maximized

2023-07-03 17:24:20 - [MESSAGE][PASSED] - Current window maximized

2023-07-03 17:24:20 - [TEST_STEP][PASSED] - callTestCase(findTestCase("Pages/Homepage/Click Masuk from homepage"), [:], STOP_ON_FAILURE): Call Test Case 'Test Cases/Pages/Homepage/Click Masuk from homepage' successfully

2023-07-03 17:24:20 - [TEST_CASE][PASSED] - Test Cases/Pages/Homepage/Click Masuk from homepage: Test Cases/Pages/Homepage/Click Masuk from homepage

2023-07-03 17:24:20 - [TEST_STEP][PASSED] - click(findTestObject("Navbar/a_Masuk")): Object: 'Object Repository/Navbar/a_Masuk' is clicked on

2023-07-03 17:24:21 - [MESSAGE][PASSED] - Object: 'Object Repository/Navbar/a_Masuk' is clicked on

2023-07-03 17:24:21 - [MESSAGE][PASSED] - Call Test Case 'Test Cases/Pages/Homepage/Click Masuk from homepage' successfully

2023-07-03 17:24:21 - [TEST_STEP][PASSED] - callTestCase(findTestCase("Pages/Register/Click Button Daftar di sini from login page"), [:], STOP_ON_FAILURE): Call Test Case 'Test Cases/Pages/Register/Click Button Daftar di sini from login page' successfully

2023-07-03 17:24:21 - [TEST_CASE][PASSED] - Test Cases/Pages/Register/Click Button Daftar di sini from login page: Test Cases/Pages/Register/Click Button Daftar di sini from login page

2023-07-03 17:24:21 - [TEST_STEP][PASSED] - click(findTestObject("Login/a_Daftar di sini")): Object: 'Object Repository/Login/a_Daftar di sini' is clicked on

2023-07-03 17:24:22 - [MESSAGE][PASSED] - Object: 'Object Repository/Login/a_Daftar di sini' is clicked on

2023-07-03 17:24:22 - [MESSAGE][PASSED] - Call Test Case 'Test Cases/Pages/Register/Click Button Daftar di sini from login page' successfully

2023-07-03 17:24:22 - [TEST_STEP][PASSED] - callTestCase(findTestCase("Pages/Register/Input Nama with test data"), ["nama":nama], STOP_ON_FAILURE): Call Test Case 'Test Cases/Pages/Register/Input Nama with test data' successfully

2023-07-03 17:24:22 - [TEST_CASE][PASSED] - Test Cases/Pages/Register/Input Nama with test data: Test Cases/Pages/Register/Input Nama with test data

2023-07-03 17:24:22 - [TEST_STEP][PASSED] - setText(findTestObject("Register/input_Name"), nama): Text 'password kosong' is set on object 'Object Repository/Register/input_Name'

2023-07-03 17:24:22 - [MESSAGE][PASSED] - Text 'password kosong' is set on object 'Object Repository/Register/input_Name'

2023-07-03 17:24:22 - [MESSAGE][PASSED] - Call Test Case 'Test Cases/Pages/Register/Input Nama with test data' successfully

2023-07-03 17:24:22 - [TEST_STEP][PASSED] - callTestCase(findTestCase("Pages/Register/Input Email with custom keyword"), ["email":email], STOP_ON_FAILURE): Call Test Case 'Test Cases/Pages/Register/Input Email with custom keyword' successfully

2023-07-03 17:24:23 - [TEST_CASE][PASSED] - Test Cases/Pages/Register/Input Email with custom keyword: Test Cases/Pages/Register/Input Email with custom keyword

2023-07-03 17:24:23 - [TEST_STEP][PASSED] - Email = packages.randomEmail.getEmail("gmail.com"): packages.randomEmail.getEmail is PASSED

2023-07-03 17:24:23 - [MESSAGE][PASSED] - packages.randomEmail.getEmail is PASSED

2023-07-03 17:24:23 - [TEST_STEP][PASSED] - sendKeys(findTestObject("Register/input_Email"), Email): Keys 'user240323-0524-658@gmail.com' sent to object: 'Object Repository/Register/input_Email'

2023-07-03 17:24:23 - [MESSAGE][PASSED] - Keys 'user240323-0524-658@gmail.com' sent to object: 'Object Repository/Register/input_Email'

2023-07-03 17:24:23 - [TEST_STEP][PASSED] - packages.createGlobalVariables.addGlobalVariable("email", Email): packages.createGlobalVariables.addGlobalVariable is PASSED

2023-07-03 17:24:23 - [MESSAGE][PASSED] - packages.createGlobalVariables.addGlobalVariable is PASSED

2023-07-03 17:24:23 - [TEST_STEP][PASSED] - println(email): null

2023-07-03 17:24:23 - [MESSAGE][PASSED] - Call Test Case 'Test Cases/Pages/Register/Input Email with custom keyword' successfully

2023-07-03 17:24:23 - [TEST_STEP][PASSED] - callTestCase(findTestCase("Pages/Register/Input Password"), ["password":password], STOP_ON_FAILURE): Call Test Case 'Test Cases/Pages/Register/Input Password' successfully

2023-07-03 17:24:23 - [TEST_CASE][PASSED] - Test Cases/Pages/Register/Input Password: Test Cases/Pages/Register/Input Password

2023-07-03 17:24:23 - [TEST_STEP][PASSED] - setText(findTestObject("Register/input_Password"), password): Text '' is set on object 'Object Repository/Register/input_Password'

2023-07-03 17:24:24 - [MESSAGE][PASSED] - Text '' is set on object 'Object Repository/Register/input_Password'

2023-07-03 17:24:24 - [MESSAGE][PASSED] - Call Test Case 'Test Cases/Pages/Register/Input Password' successfully

2023-07-03 17:24:24 - [TEST_STEP][PASSED] - callTestCase(findTestCase("Pages/Register/Click Button Daftar to submit"), [:], STOP_ON_FAILURE): Call Test Case 'Test Cases/Pages/Register/Click Button Daftar to submit' successfully

2023-07-03 17:24:24 - [TEST_CASE][PASSED] - Test Cases/Pages/Register/Click Button Daftar to submit: Test Cases/Pages/Register/Click Button Daftar to submit

2023-07-03 17:24:24 - [TEST_STEP][PASSED] - click(findTestObject("Register/button_Daftar")): Object: 'Object Repository/Register/button_Daftar' is clicked on

2023-07-03 17:24:24 - [MESSAGE][PASSED] - Object: 'Object Repository/Register/button_Daftar' is clicked on

2023-07-03 17:24:24 - [MESSAGE][PASSED] - Call Test Case 'Test Cases/Pages/Register/Click Button Daftar to submit' successfully

2023-07-03 17:24:24 - [TEST_STEP][PASSED] - callTestCase(findTestCase("Pages/Register/Verify with if-else"), ["status":status], STOP_ON_FAILURE): Call Test Case 'Test Cases/Pages/Register/Verify with if-else' successfully

2023-07-03 17:24:24 - [TEST_CASE][PASSED] - Test Cases/Pages/Register/Verify with if-else: Test Cases/Pages/Register/Verify with if-else

2023-07-03 17:24:24 - [TEST_STEP][PASSED] - if (status == "success"): null

2023-07-03 17:24:24 - [TEST_STEP][PASSED] - else if (status == "required email"): null

2023-07-03 17:24:24 - [TEST_STEP][PASSED] - else if (status == "invalid email"): null

2023-07-03 17:24:24 - [TEST_STEP][PASSED] - else if (status == "required password"): Call Test Case 'Test Cases/Pages/Register/Verify Required Password' successfully

2023-07-03 17:24:24 - [TEST_STEP][PASSED] - verifyElementVisible(findTestObject("Register/h2_Daftar")): Object 'Object Repository/Register/h2_Daftar' is visible

2023-07-03 17:24:25 - [MESSAGE][PASSED] - Object 'Object Repository/Register/h2_Daftar' is visible

2023-07-03 17:24:25 - [TEST_STEP][PASSED] - callTestCase(findTestCase("Pages/Register/Verify Required Password"), [:], STOP_ON_FAILURE): Call Test Case 'Test Cases/Pages/Register/Verify Required Password' successfully

2023-07-03 17:24:25 - [TEST_CASE][PASSED] - Test Cases/Pages/Register/Verify Required Password: Test Cases/Pages/Register/Verify Required Password

2023-07-03 17:24:25 - [TEST_STEP][PASSED] - verifyElementAttributeValue(findTestObject("Register/input_Password"), "required", "true", 10): Object 'Object Repository/Register/input_Password' has attribute 'required' with value 'true'

2023-07-03 17:24:25 - [MESSAGE][PASSED] - Object 'Object Repository/Register/input_Password' has attribute 'required' with value 'true'

2023-07-03 17:24:25 - [TEST_STEP][PASSED] - required = getAttribute(findTestObject("Register/input_Password"), "required"): Attribute 'required' of object 'Object Repository/Register/input_Password' is: 'true'

2023-07-03 17:24:25 - [MESSAGE][PASSED] - Attribute 'required' of object 'Object Repository/Register/input_Password' is: 'true'

2023-07-03 17:24:25 - [TEST_STEP][PASSED] - logInfo(required): true

2023-07-03 17:24:25 - [MESSAGE][INFO] - true

2023-07-03 17:24:25 - [TEST_STEP][PASSED] - expected = required: null

2023-07-03 17:24:25 - [TEST_STEP][PASSED] - verifyMatch(required, expected, false): Actual text 'true' and expected text 'true' are matched 

2023-07-03 17:24:25 - [MESSAGE][PASSED] - Actual text 'true' and expected text 'true' are matched 

2023-07-03 17:24:25 - [MESSAGE][PASSED] - Call Test Case 'Test Cases/Pages/Register/Verify Required Password' successfully

2023-07-03 17:24:25 - [MESSAGE][PASSED] - Call Test Case 'Test Cases/Pages/Register/Verify with if-else' successfully

2023-07-03 17:24:25 - [TEST_STEP][PASSED] - Start listener action : AfterTestCase: Browser is closed

2023-07-03 17:24:25 - [TEST_STEP][PASSED] - logInfo("Test Case: " + testCaseContext.getTestCaseId() + " | " + testCaseContext.getTestCaseStatus()): Test Case: Test Cases/Step Definition/Feature Register/REG05 - User register with invalid password | PASSED

2023-07-03 17:24:25 - [MESSAGE][INFO] - Test Case: Test Cases/Step Definition/Feature Register/REG05 - User register with invalid password | PASSED

2023-07-03 17:24:25 - [TEST_STEP][PASSED] - closeBrowser(): null

2023-07-03 17:24:25 - [TEST_STEP][PASSED] - closeBrowser(): Browser is closed

2023-07-03 17:24:26 - [MESSAGE][PASSED] - Browser is closed]]></system-out>
         <system-err><![CDATA[]]></system-err>
      </testcase>
      <system-out><![CDATA[2023-07-03 17:22:11 - [TEST_SUITE][FAILED] - Feature Register - Negative Case: Test Cases/Step Definition/Feature Register/REG03 - User register with non-TLD email format FAILED.
Reason:
com.kms.katalon.core.exception.StepFailedException: Call Test Case 'Test Cases/Pages/Register/Verify Required Email' failed
	at com.kms.katalon.core.keyword.builtin.CallTestCaseKeyword$_callTestCase_closure1.doCall(CallTestCaseKeyword.groovy:63)
	at com.kms.katalon.core.keyword.builtin.CallTestCaseKeyword$_callTestCase_closure1.call(CallTestCaseKeyword.groovy)
	at com.kms.katalon.core.keyword.internal.KeywordMain.runKeyword(KeywordMain.groovy:75)
	at com.kms.katalon.core.keyword.builtin.CallTestCaseKeyword.callTestCase(CallTestCaseKeyword.groovy:81)
	at com.kms.katalon.core.keyword.builtin.CallTestCaseKeyword.execute(CallTestCaseKeyword.groovy:44)
	at com.kms.katalon.core.keyword.internal.KeywordExecutor.executeKeywordForPlatform(KeywordExecutor.groovy:74)
	at com.kms.katalon.core.keyword.BuiltinKeywords.callTestCase(BuiltinKeywords.groovy:334)
	at REG03 - User register with non-TLD email format.run(REG03 - User register with non-TLD email format:32)
	at com.kms.katalon.core.main.ScriptEngine.run(ScriptEngine.java:194)
	at com.kms.katalon.core.main.ScriptEngine.runScriptAsRawText(ScriptEngine.java:119)
	at com.kms.katalon.core.main.TestCaseExecutor.runScript(TestCaseExecutor.java:448)
	at com.kms.katalon.core.main.TestCaseExecutor.doExecute(TestCaseExecutor.java:439)
	at com.kms.katalon.core.main.TestCaseExecutor.processExecutionPhase(TestCaseExecutor.java:418)
	at com.kms.katalon.core.main.TestCaseExecutor.accessMainPhase(TestCaseExecutor.java:410)
	at com.kms.katalon.core.main.TestCaseExecutor.execute(TestCaseExecutor.java:285)
	at com.kms.katalon.core.common.CommonExecutor.accessTestCaseMainPhase(CommonExecutor.java:65)
	at com.kms.katalon.core.main.TestSuiteExecutor.accessTestSuiteMainPhase(TestSuiteExecutor.java:148)
	at com.kms.katalon.core.main.TestSuiteExecutor.execute(TestSuiteExecutor.java:106)
	at com.kms.katalon.core.main.TestCaseMain.startTestSuite(TestCaseMain.java:187)
	at com.kms.katalon.core.main.TestCaseMain$startTestSuite$0.call(Unknown Source)
	at TempTestSuite1688379729800.run(TempTestSuite1688379729800.groovy:36)
Caused by: com.kms.katalon.core.exception.StepFailedException: Unable to verify if object 'Object Repository/Register/input_Email' has attribute 'required' with value 'true'
	at com.kms.katalon.core.webui.keyword.internal.WebUIKeywordMain.stepFailed(WebUIKeywordMain.groovy:64)
	at com.kms.katalon.core.webui.keyword.internal.WebUIKeywordMain.runKeyword(WebUIKeywordMain.groovy:26)
	at com.kms.katalon.core.webui.keyword.builtin.VerifyElementAttributeValueKeyword.verifyElementAttributeValue(VerifyElementAttributeValueKeyword.groovy:109)
	at com.kms.katalon.core.webui.keyword.builtin.VerifyElementAttributeValueKeyword.execute(VerifyElementAttributeValueKeyword.groovy:70)
	at com.kms.katalon.core.keyword.internal.KeywordExecutor.executeKeywordForPlatform(KeywordExecutor.groovy:74)
	at com.kms.katalon.core.webui.keyword.WebUiBuiltInKeywords.verifyElementAttributeValue(WebUiBuiltInKeywords.groovy:4338)
	at com.kms.katalon.core.webui.keyword.WebUiBuiltInKeywords$verifyElementAttributeValue$7.call(Unknown Source)
	at Verify Required Email.run(Verify Required Email:20)
	at com.kms.katalon.core.main.ScriptEngine.run(ScriptEngine.java:194)
	at com.kms.katalon.core.main.ScriptEngine.runScriptAsRawText(ScriptEngine.java:119)
	at com.kms.katalon.core.main.TestCaseExecutor.runScript(TestCaseExecutor.java:448)
	at com.kms.katalon.core.main.TestCaseExecutor.doExecute(TestCaseExecutor.java:439)
	at com.kms.katalon.core.main.TestCaseExecutor.processExecutionPhase(TestCaseExecutor.java:418)
	at com.kms.katalon.core.main.TestCaseExecutor.accessMainPhase(TestCaseExecutor.java:410)
	at com.kms.katalon.core.main.TestCaseExecutor.execute(TestCaseExecutor.java:285)
	at com.kms.katalon.core.main.TestCaseMain.runTestCase(TestCaseMain.java:144)
	at com.kms.katalon.core.keyword.builtin.CallTestCaseKeyword$_callTestCase_closure1.doCall(CallTestCaseKeyword.groovy:59)
	... 20 more
Caused by: com.kms.katalon.core.exception.StepFailedException: Object 'Object Repository/Register/input_Email' is not present
	at com.kms.katalon.core.webui.keyword.internal.WebUIKeywordMain.stepFailed(WebUIKeywordMain.groovy:64)
	at com.kms.katalon.core.webui.keyword.builtin.VerifyElementAttributeValueKeyword$_verifyElementAttributeValue_closure1.doCall(VerifyElementAttributeValueKeyword.groovy:102)
	at com.kms.katalon.core.webui.keyword.builtin.VerifyElementAttributeValueKeyword$_verifyElementAttributeValue_closure1.call(VerifyElementAttributeValueKeyword.groovy)
	at com.kms.katalon.core.webui.keyword.internal.WebUIKeywordMain.runKeyword(WebUIKeywordMain.groovy:20)
	... 35 more]]></system-out>
      <system-err><![CDATA[2023-07-03 17:22:11 - [TEST_SUITE][FAILED] - Feature Register - Negative Case: Test Cases/Step Definition/Feature Register/REG03 - User register with non-TLD email format FAILED.
Reason:
com.kms.katalon.core.exception.StepFailedException: Call Test Case 'Test Cases/Pages/Register/Verify Required Email' failed
	at com.kms.katalon.core.keyword.builtin.CallTestCaseKeyword$_callTestCase_closure1.doCall(CallTestCaseKeyword.groovy:63)
	at com.kms.katalon.core.keyword.builtin.CallTestCaseKeyword$_callTestCase_closure1.call(CallTestCaseKeyword.groovy)
	at com.kms.katalon.core.keyword.internal.KeywordMain.runKeyword(KeywordMain.groovy:75)
	at com.kms.katalon.core.keyword.builtin.CallTestCaseKeyword.callTestCase(CallTestCaseKeyword.groovy:81)
	at com.kms.katalon.core.keyword.builtin.CallTestCaseKeyword.execute(CallTestCaseKeyword.groovy:44)
	at com.kms.katalon.core.keyword.internal.KeywordExecutor.executeKeywordForPlatform(KeywordExecutor.groovy:74)
	at com.kms.katalon.core.keyword.BuiltinKeywords.callTestCase(BuiltinKeywords.groovy:334)
	at REG03 - User register with non-TLD email format.run(REG03 - User register with non-TLD email format:32)
	at com.kms.katalon.core.main.ScriptEngine.run(ScriptEngine.java:194)
	at com.kms.katalon.core.main.ScriptEngine.runScriptAsRawText(ScriptEngine.java:119)
	at com.kms.katalon.core.main.TestCaseExecutor.runScript(TestCaseExecutor.java:448)
	at com.kms.katalon.core.main.TestCaseExecutor.doExecute(TestCaseExecutor.java:439)
	at com.kms.katalon.core.main.TestCaseExecutor.processExecutionPhase(TestCaseExecutor.java:418)
	at com.kms.katalon.core.main.TestCaseExecutor.accessMainPhase(TestCaseExecutor.java:410)
	at com.kms.katalon.core.main.TestCaseExecutor.execute(TestCaseExecutor.java:285)
	at com.kms.katalon.core.common.CommonExecutor.accessTestCaseMainPhase(CommonExecutor.java:65)
	at com.kms.katalon.core.main.TestSuiteExecutor.accessTestSuiteMainPhase(TestSuiteExecutor.java:148)
	at com.kms.katalon.core.main.TestSuiteExecutor.execute(TestSuiteExecutor.java:106)
	at com.kms.katalon.core.main.TestCaseMain.startTestSuite(TestCaseMain.java:187)
	at com.kms.katalon.core.main.TestCaseMain$startTestSuite$0.call(Unknown Source)
	at TempTestSuite1688379729800.run(TempTestSuite1688379729800.groovy:36)
Caused by: com.kms.katalon.core.exception.StepFailedException: Unable to verify if object 'Object Repository/Register/input_Email' has attribute 'required' with value 'true'
	at com.kms.katalon.core.webui.keyword.internal.WebUIKeywordMain.stepFailed(WebUIKeywordMain.groovy:64)
	at com.kms.katalon.core.webui.keyword.internal.WebUIKeywordMain.runKeyword(WebUIKeywordMain.groovy:26)
	at com.kms.katalon.core.webui.keyword.builtin.VerifyElementAttributeValueKeyword.verifyElementAttributeValue(VerifyElementAttributeValueKeyword.groovy:109)
	at com.kms.katalon.core.webui.keyword.builtin.VerifyElementAttributeValueKeyword.execute(VerifyElementAttributeValueKeyword.groovy:70)
	at com.kms.katalon.core.keyword.internal.KeywordExecutor.executeKeywordForPlatform(KeywordExecutor.groovy:74)
	at com.kms.katalon.core.webui.keyword.WebUiBuiltInKeywords.verifyElementAttributeValue(WebUiBuiltInKeywords.groovy:4338)
	at com.kms.katalon.core.webui.keyword.WebUiBuiltInKeywords$verifyElementAttributeValue$7.call(Unknown Source)
	at Verify Required Email.run(Verify Required Email:20)
	at com.kms.katalon.core.main.ScriptEngine.run(ScriptEngine.java:194)
	at com.kms.katalon.core.main.ScriptEngine.runScriptAsRawText(ScriptEngine.java:119)
	at com.kms.katalon.core.main.TestCaseExecutor.runScript(TestCaseExecutor.java:448)
	at com.kms.katalon.core.main.TestCaseExecutor.doExecute(TestCaseExecutor.java:439)
	at com.kms.katalon.core.main.TestCaseExecutor.processExecutionPhase(TestCaseExecutor.java:418)
	at com.kms.katalon.core.main.TestCaseExecutor.accessMainPhase(TestCaseExecutor.java:410)
	at com.kms.katalon.core.main.TestCaseExecutor.execute(TestCaseExecutor.java:285)
	at com.kms.katalon.core.main.TestCaseMain.runTestCase(TestCaseMain.java:144)
	at com.kms.katalon.core.keyword.builtin.CallTestCaseKeyword$_callTestCase_closure1.doCall(CallTestCaseKeyword.groovy:59)
	... 20 more
Caused by: com.kms.katalon.core.exception.StepFailedException: Object 'Object Repository/Register/input_Email' is not present
	at com.kms.katalon.core.webui.keyword.internal.WebUIKeywordMain.stepFailed(WebUIKeywordMain.groovy:64)
	at com.kms.katalon.core.webui.keyword.builtin.VerifyElementAttributeValueKeyword$_verifyElementAttributeValue_closure1.doCall(VerifyElementAttributeValueKeyword.groovy:102)
	at com.kms.katalon.core.webui.keyword.builtin.VerifyElementAttributeValueKeyword$_verifyElementAttributeValue_closure1.call(VerifyElementAttributeValueKeyword.groovy)
	at com.kms.katalon.core.webui.keyword.internal.WebUIKeywordMain.runKeyword(WebUIKeywordMain.groovy:20)
	... 35 more]]></system-err>
   </testsuite>
</testsuites>
