<?xml version="1.0" encoding="UTF-8"?>
<testsuites name="Feature Add Product - Positive Case" time="61.051" tests="1" failures="0" errors="0">
   <testsuite name="Feature Add Product - Positive Case" tests="1" failures="0" errors="0" time="61.051" skipped="0" timestamp="2023-07-03 18:47:18" hostname="ASUS - ASUS-RN911" id="Test Suites/Feature Add Product - Positive Case">
      <properties>
         <property name="deviceName" value="realme RMX1921 (Android 11)"/>
         <property name="devicePlatform" value=""/>
         <property name="logFolder" value="E:\\GitRepo\\Katalon\\binarqa-group1-app\\Reports\\20230703_184654\\Feature Add Product - Positive Case\\20230703_184654"/>
         <property name="logFiles" value="E:\\GitRepo\\Katalon\\binarqa-group1-app\\Reports\\20230703_184654\\Feature Add Product - Positive Case\\20230703_184654\\appium.log, E:\\GitRepo\\Katalon\\binarqa-group1-app\\Reports\\20230703_184654\\Feature Add Product - Positive Case\\20230703_184654\\execution0.log"/>
         <property name="attachments" value="E:\\GitRepo\\Katalon\\binarqa-group1-app\\Reports\\20230703_184654\\Feature Add Product - Positive Case\\20230703_184654\\1688384863250.png"/>
         <property name="hostName" value="ASUS - ASUS-RN911"/>
         <property name="os" value="Windows 10 64bit"/>
         <property name="appiumServerStatus" value="{&quot;value&quot;:{&quot;build&quot;:{&quot;version&quot;:&quot;1.22.3&quot;}},&quot;sessionId&quot;:null,&quot;status&quot;:0}"/>
         <property name="katalonVersion" value="8.6.0.208"/>
         <property name="deviceOS" value="Android"/>
         <property name="appiumVersion" value="1.22.3"/>
         <property name="deviceModel" value="RMX1921"/>
         <property name="hostAddress" value="192.168.1.116"/>
         <property name="deviceManufacturer" value="realme"/>
         <property name="deviceId" value="fd03a52e"/>
         <property name="deviceName" value="realme RMX1921 (Android 11)"/>
         <property name="deviceOSVersion" value="11"/>
      </properties>
      <testcase name="Test Cases/Step Definition/Feature Add Product/ADDP01 - Add Product With Valid Data" time="50.763" classname="Test Cases/Step Definition/Feature Add Product/ADDP01 - Add Product With Valid Data" status="PASSED">
         <system-out><![CDATA[2023-07-03 18:47:28 - [TEST_CASE][PASSED] - Test Cases/Step Definition/Feature Add Product/ADDP01 - Add Product With Valid Data: Test Cases/Step Definition/Feature Add Product/ADDP01 - Add Product With Valid Data

2023-07-03 18:47:28 - [TEST_STEP][PASSED] - Start listener action : beforeTestCase: Started app at: 'E:\GitRepo\Katalon\binarqa-group1-app\Apk\app-release-second-hand-gcp.apk'

2023-07-03 18:47:28 - [TEST_STEP][PASSED] - logInfo("Test Case: " + testCaseContext.getTestCaseId()): Test Case: Test Cases/Step Definition/Feature Add Product/ADDP01 - Add Product With Valid Data

2023-07-03 18:47:28 - [MESSAGE][INFO] - Test Case: Test Cases/Step Definition/Feature Add Product/ADDP01 - Add Product With Valid Data

2023-07-03 18:47:28 - [TEST_STEP][PASSED] - launchApp(): null

2023-07-03 18:47:28 - [TEST_STEP][PASSED] - startApplication(System.getProperty("user.dir") + "\Apk\app-release-second-hand-gcp.apk", false): Started app at: 'E:\GitRepo\Katalon\binarqa-group1-app\Apk\app-release-second-hand-gcp.apk'

2023-07-03 18:47:28 - [MESSAGE][INFO] - User set preference: ['appWaitActivity', '*']

2023-07-03 18:47:28 - [MESSAGE][INFO] - User set preference: ['appWaitforLaunch', 'false']

2023-07-03 18:47:28 - [MESSAGE][INFO] - User set preference: ['noReset', 'true']

2023-07-03 18:47:28 - [MESSAGE][INFO] - User set preference: ['ignoreHiddenApiPolicyError', 'true']

2023-07-03 18:47:28 - [MESSAGE][INFO] - User set preference: ['deviceId', '']

2023-07-03 18:47:35 - [MESSAGE][PASSED] - Started app at: 'E:\GitRepo\Katalon\binarqa-group1-app\Apk\app-release-second-hand-gcp.apk'

2023-07-03 18:47:35 - [TEST_STEP][PASSED] - callTestCase(findTestCase("Pages/Homepage/Verify on Homepage"), [:], STOP_ON_FAILURE): Call Test Case 'Test Cases/Pages/Homepage/Verify on Homepage' successfully

2023-07-03 18:47:36 - [TEST_CASE][PASSED] - Test Cases/Pages/Homepage/Verify on Homepage: Test Cases/Pages/Homepage/Verify on Homepage

2023-07-03 18:47:36 - [TEST_STEP][PASSED] - verifyElementVisible(findTestObject("Navbar/android.widget.FrameLayout - Navbar Beranda"), 0): Element 'Object Repository/Navbar/android.widget.FrameLayout - Navbar Beranda' is visible

2023-07-03 18:47:36 - [MESSAGE][WARNING] - Timeout '0' is invalid. Using default page load timeout: '30'

2023-07-03 18:47:37 - [MESSAGE][PASSED] - Element 'Object Repository/Navbar/android.widget.FrameLayout - Navbar Beranda' is visible

2023-07-03 18:47:37 - [TEST_STEP][PASSED] - verifyElementVisible(findTestObject("Navbar/android.widget.FrameLayout - Navbar Notifikasi"), 0): Element 'Object Repository/Navbar/android.widget.FrameLayout - Navbar Notifikasi' is visible

2023-07-03 18:47:37 - [MESSAGE][WARNING] - Timeout '0' is invalid. Using default page load timeout: '30'

2023-07-03 18:47:38 - [MESSAGE][PASSED] - Element 'Object Repository/Navbar/android.widget.FrameLayout - Navbar Notifikasi' is visible

2023-07-03 18:47:38 - [TEST_STEP][PASSED] - verifyElementVisible(findTestObject("Navbar/android.widget.FrameLayout - Navbar Transaksi"), 0): Element 'Object Repository/Navbar/android.widget.FrameLayout - Navbar Transaksi' is visible

2023-07-03 18:47:38 - [MESSAGE][WARNING] - Timeout '0' is invalid. Using default page load timeout: '30'

2023-07-03 18:47:38 - [MESSAGE][PASSED] - Element 'Object Repository/Navbar/android.widget.FrameLayout - Navbar Transaksi' is visible

2023-07-03 18:47:38 - [TEST_STEP][PASSED] - verifyElementVisible(findTestObject("Navbar/android.widget.FrameLayout - Navbar Akun"), 0): Element 'Object Repository/Navbar/android.widget.FrameLayout - Navbar Akun' is visible

2023-07-03 18:47:38 - [MESSAGE][WARNING] - Timeout '0' is invalid. Using default page load timeout: '30'

2023-07-03 18:47:38 - [MESSAGE][PASSED] - Element 'Object Repository/Navbar/android.widget.FrameLayout - Navbar Akun' is visible

2023-07-03 18:47:38 - [TEST_STEP][PASSED] - verifyElementVisible(findTestObject("Navbar/android.widget.ImageButton - FAB Add Product"), 0): Element 'Object Repository/Navbar/android.widget.ImageButton - FAB Add Product' is visible

2023-07-03 18:47:38 - [MESSAGE][WARNING] - Timeout '0' is invalid. Using default page load timeout: '30'

2023-07-03 18:47:39 - [MESSAGE][PASSED] - Element 'Object Repository/Navbar/android.widget.ImageButton - FAB Add Product' is visible

2023-07-03 18:47:39 - [TEST_STEP][PASSED] - verifyElementVisible(findTestObject("Homepage/android.widget.EditText - Search Field"), 0): Element 'Object Repository/Homepage/android.widget.EditText - Search Field' is visible

2023-07-03 18:47:39 - [MESSAGE][WARNING] - Timeout '0' is invalid. Using default page load timeout: '30'

2023-07-03 18:47:40 - [MESSAGE][PASSED] - Element 'Object Repository/Homepage/android.widget.EditText - Search Field' is visible

2023-07-03 18:47:40 - [TEST_STEP][PASSED] - verifyElementVisible(findTestObject("Homepage/androidx.cardview.widget.CardView - Category"), 0): Element 'Object Repository/Homepage/androidx.cardview.widget.CardView - Category' is visible

2023-07-03 18:47:40 - [MESSAGE][WARNING] - Timeout '0' is invalid. Using default page load timeout: '30'

2023-07-03 18:47:40 - [MESSAGE][PASSED] - Element 'Object Repository/Homepage/androidx.cardview.widget.CardView - Category' is visible

2023-07-03 18:47:40 - [MESSAGE][PASSED] - Call Test Case 'Test Cases/Pages/Homepage/Verify on Homepage' successfully

2023-07-03 18:47:40 - [TEST_STEP][FAILED] - try: Unable to call Test Case 'Test Cases/Pages/Homepage/Verify Already Logged In' (Root cause: com.kms.katalon.core.exception.StepFailedException: Call Test Case 'Test Cases/Pages/Homepage/Verify Already Logged In' failed
	at com.kms.katalon.core.keyword.builtin.CallTestCaseKeyword$_callTestCase_closure1.doCall(CallTestCaseKeyword.groovy:63)
	at com.kms.katalon.core.keyword.builtin.CallTestCaseKeyword$_callTestCase_closure1.call(CallTestCaseKeyword.groovy)
	at com.kms.katalon.core.keyword.internal.KeywordMain.runKeyword(KeywordMain.groovy:75)
	at com.kms.katalon.core.keyword.builtin.CallTestCaseKeyword.callTestCase(CallTestCaseKeyword.groovy:81)
	at com.kms.katalon.core.keyword.builtin.CallTestCaseKeyword.execute(CallTestCaseKeyword.groovy:44)
	at com.kms.katalon.core.keyword.internal.KeywordExecutor.executeKeywordForPlatform(KeywordExecutor.groovy:74)
	at com.kms.katalon.core.keyword.BuiltinKeywords.callTestCase(BuiltinKeywords.groovy:334)
	at ADDP01 - Add Product With Valid Data.run(ADDP01 - Add Product With Valid Data:23)
	at com.kms.katalon.core.main.ScriptEngine.run(ScriptEngine.java:194)
	at com.kms.katalon.core.main.ScriptEngine.runScriptAsRawText(ScriptEngine.java:119)
	at com.kms.katalon.core.main.TestCaseExecutor.runScript(TestCaseExecutor.java:448)
	at com.kms.katalon.core.main.TestCaseExecutor.doExecute(TestCaseExecutor.java:439)
	at com.kms.katalon.core.main.TestCaseExecutor.processExecutionPhase(TestCaseExecutor.java:418)
	at com.kms.katalon.core.main.TestCaseExecutor.accessMainPhase(TestCaseExecutor.java:410)
	at com.kms.katalon.core.main.TestCaseExecutor.execute(TestCaseExecutor.java:285)
	at com.kms.katalon.core.common.CommonExecutor.accessTestCaseMainPhase(CommonExecutor.java:65)
	at com.kms.katalon.core.main.TestSuiteExecutor.accessTestSuiteMainPhase(TestSuiteExecutor.java:148)
	at com.kms.katalon.core.main.TestSuiteExecutor.execute(TestSuiteExecutor.java:106)
	at com.kms.katalon.core.main.TestCaseMain.startTestSuite(TestCaseMain.java:187)
	at com.kms.katalon.core.main.TestCaseMain$startTestSuite$0.call(Unknown Source)
	at TempTestSuite1688384814642.run(TempTestSuite1688384814642.groovy:36)
Caused by: com.kms.katalon.core.exception.StepFailedException: Element 'Object Repository/Akun/android.widget.TextView - Email' not found
	at com.kms.katalon.core.keyword.internal.KeywordMain.stepFailed(KeywordMain.groovy:51)
	at com.kms.katalon.core.mobile.keyword.internal.MobileKeywordMain.stepFailed(MobileKeywordMain.groovy:40)
	at com.kms.katalon.core.mobile.keyword.builtin.VerifyElementVisibleKeyword$_verifyElementVisible_closure1.doCall(VerifyElementVisibleKeyword.groovy:82)
	at com.kms.katalon.core.mobile.keyword.builtin.VerifyElementVisibleKeyword$_verifyElementVisible_closure1.call(VerifyElementVisibleKeyword.groovy)
	at com.kms.katalon.core.mobile.keyword.internal.MobileKeywordMain.runKeyword(MobileKeywordMain.groovy:21)
	at com.kms.katalon.core.mobile.keyword.builtin.VerifyElementVisibleKeyword.verifyElementVisible(VerifyElementVisibleKeyword.groovy:85)
	at com.kms.katalon.core.mobile.keyword.builtin.VerifyElementVisibleKeyword.execute(VerifyElementVisibleKeyword.groovy:64)
	at com.kms.katalon.core.keyword.internal.KeywordExecutor.executeKeywordForPlatform(KeywordExecutor.groovy:74)
	at com.kms.katalon.core.mobile.keyword.MobileBuiltInKeywords.verifyElementVisible(MobileBuiltInKeywords.groovy:2031)
	at com.kms.katalon.core.mobile.keyword.MobileBuiltInKeywords$verifyElementVisible$0.call(Unknown Source)
	at Verify Already Logged In.run(Verify Already Logged In:24)
	at com.kms.katalon.core.main.ScriptEngine.run(ScriptEngine.java:194)
	at com.kms.katalon.core.main.ScriptEngine.runScriptAsRawText(ScriptEngine.java:119)
	at com.kms.katalon.core.main.TestCaseExecutor.runScript(TestCaseExecutor.java:448)
	at com.kms.katalon.core.main.TestCaseExecutor.doExecute(TestCaseExecutor.java:439)
	at com.kms.katalon.core.main.TestCaseExecutor.processExecutionPhase(TestCaseExecutor.java:418)
	at com.kms.katalon.core.main.TestCaseExecutor.accessMainPhase(TestCaseExecutor.java:410)
	at com.kms.katalon.core.main.TestCaseExecutor.execute(TestCaseExecutor.java:285)
	at com.kms.katalon.core.main.TestCaseMain.runTestCase(TestCaseMain.java:144)
	at com.kms.katalon.core.keyword.builtin.CallTestCaseKeyword$_callTestCase_closure1.doCall(CallTestCaseKeyword.groovy:59)
	... 20 more
)

2023-07-03 18:47:40 - [TEST_STEP][FAILED] - callTestCase(findTestCase("Pages/Homepage/Verify Already Logged In"), [:], STOP_ON_FAILURE): Unable to call Test Case 'Test Cases/Pages/Homepage/Verify Already Logged In' (Root cause: com.kms.katalon.core.exception.StepFailedException: Call Test Case 'Test Cases/Pages/Homepage/Verify Already Logged In' failed
	at com.kms.katalon.core.keyword.builtin.CallTestCaseKeyword$_callTestCase_closure1.doCall(CallTestCaseKeyword.groovy:63)
	at com.kms.katalon.core.keyword.builtin.CallTestCaseKeyword$_callTestCase_closure1.call(CallTestCaseKeyword.groovy)
	at com.kms.katalon.core.keyword.internal.KeywordMain.runKeyword(KeywordMain.groovy:75)
	at com.kms.katalon.core.keyword.builtin.CallTestCaseKeyword.callTestCase(CallTestCaseKeyword.groovy:81)
	at com.kms.katalon.core.keyword.builtin.CallTestCaseKeyword.execute(CallTestCaseKeyword.groovy:44)
	at com.kms.katalon.core.keyword.internal.KeywordExecutor.executeKeywordForPlatform(KeywordExecutor.groovy:74)
	at com.kms.katalon.core.keyword.BuiltinKeywords.callTestCase(BuiltinKeywords.groovy:334)
	at ADDP01 - Add Product With Valid Data.run(ADDP01 - Add Product With Valid Data:23)
	at com.kms.katalon.core.main.ScriptEngine.run(ScriptEngine.java:194)
	at com.kms.katalon.core.main.ScriptEngine.runScriptAsRawText(ScriptEngine.java:119)
	at com.kms.katalon.core.main.TestCaseExecutor.runScript(TestCaseExecutor.java:448)
	at com.kms.katalon.core.main.TestCaseExecutor.doExecute(TestCaseExecutor.java:439)
	at com.kms.katalon.core.main.TestCaseExecutor.processExecutionPhase(TestCaseExecutor.java:418)
	at com.kms.katalon.core.main.TestCaseExecutor.accessMainPhase(TestCaseExecutor.java:410)
	at com.kms.katalon.core.main.TestCaseExecutor.execute(TestCaseExecutor.java:285)
	at com.kms.katalon.core.common.CommonExecutor.accessTestCaseMainPhase(CommonExecutor.java:65)
	at com.kms.katalon.core.main.TestSuiteExecutor.accessTestSuiteMainPhase(TestSuiteExecutor.java:148)
	at com.kms.katalon.core.main.TestSuiteExecutor.execute(TestSuiteExecutor.java:106)
	at com.kms.katalon.core.main.TestCaseMain.startTestSuite(TestCaseMain.java:187)
	at com.kms.katalon.core.main.TestCaseMain$startTestSuite$0.call(Unknown Source)
	at TempTestSuite1688384814642.run(TempTestSuite1688384814642.groovy:36)
Caused by: com.kms.katalon.core.exception.StepFailedException: Element 'Object Repository/Akun/android.widget.TextView - Email' not found
	at com.kms.katalon.core.keyword.internal.KeywordMain.stepFailed(KeywordMain.groovy:51)
	at com.kms.katalon.core.mobile.keyword.internal.MobileKeywordMain.stepFailed(MobileKeywordMain.groovy:40)
	at com.kms.katalon.core.mobile.keyword.builtin.VerifyElementVisibleKeyword$_verifyElementVisible_closure1.doCall(VerifyElementVisibleKeyword.groovy:82)
	at com.kms.katalon.core.mobile.keyword.builtin.VerifyElementVisibleKeyword$_verifyElementVisible_closure1.call(VerifyElementVisibleKeyword.groovy)
	at com.kms.katalon.core.mobile.keyword.internal.MobileKeywordMain.runKeyword(MobileKeywordMain.groovy:21)
	at com.kms.katalon.core.mobile.keyword.builtin.VerifyElementVisibleKeyword.verifyElementVisible(VerifyElementVisibleKeyword.groovy:85)
	at com.kms.katalon.core.mobile.keyword.builtin.VerifyElementVisibleKeyword.execute(VerifyElementVisibleKeyword.groovy:64)
	at com.kms.katalon.core.keyword.internal.KeywordExecutor.executeKeywordForPlatform(KeywordExecutor.groovy:74)
	at com.kms.katalon.core.mobile.keyword.MobileBuiltInKeywords.verifyElementVisible(MobileBuiltInKeywords.groovy:2031)
	at com.kms.katalon.core.mobile.keyword.MobileBuiltInKeywords$verifyElementVisible$0.call(Unknown Source)
	at Verify Already Logged In.run(Verify Already Logged In:24)
	at com.kms.katalon.core.main.ScriptEngine.run(ScriptEngine.java:194)
	at com.kms.katalon.core.main.ScriptEngine.runScriptAsRawText(ScriptEngine.java:119)
	at com.kms.katalon.core.main.TestCaseExecutor.runScript(TestCaseExecutor.java:448)
	at com.kms.katalon.core.main.TestCaseExecutor.doExecute(TestCaseExecutor.java:439)
	at com.kms.katalon.core.main.TestCaseExecutor.processExecutionPhase(TestCaseExecutor.java:418)
	at com.kms.katalon.core.main.TestCaseExecutor.accessMainPhase(TestCaseExecutor.java:410)
	at com.kms.katalon.core.main.TestCaseExecutor.execute(TestCaseExecutor.java:285)
	at com.kms.katalon.core.main.TestCaseMain.runTestCase(TestCaseMain.java:144)
	at com.kms.katalon.core.keyword.builtin.CallTestCaseKeyword$_callTestCase_closure1.doCall(CallTestCaseKeyword.groovy:59)
	... 20 more
)

2023-07-03 18:47:40 - [TEST_CASE][FAILED] - Test Cases/Pages/Homepage/Verify Already Logged In: Test Cases/Pages/Homepage/Verify Already Logged In FAILED.
Reason:
com.kms.katalon.core.exception.StepFailedException: Element 'Object Repository/Akun/android.widget.TextView - Email' not found
	at com.kms.katalon.core.keyword.internal.KeywordMain.stepFailed(KeywordMain.groovy:51)
	at com.kms.katalon.core.mobile.keyword.internal.MobileKeywordMain.stepFailed(MobileKeywordMain.groovy:40)
	at com.kms.katalon.core.mobile.keyword.builtin.VerifyElementVisibleKeyword$_verifyElementVisible_closure1.doCall(VerifyElementVisibleKeyword.groovy:82)
	at com.kms.katalon.core.mobile.keyword.builtin.VerifyElementVisibleKeyword$_verifyElementVisible_closure1.call(VerifyElementVisibleKeyword.groovy)
	at com.kms.katalon.core.mobile.keyword.internal.MobileKeywordMain.runKeyword(MobileKeywordMain.groovy:21)
	at com.kms.katalon.core.mobile.keyword.builtin.VerifyElementVisibleKeyword.verifyElementVisible(VerifyElementVisibleKeyword.groovy:85)
	at com.kms.katalon.core.mobile.keyword.builtin.VerifyElementVisibleKeyword.execute(VerifyElementVisibleKeyword.groovy:64)
	at com.kms.katalon.core.keyword.internal.KeywordExecutor.executeKeywordForPlatform(KeywordExecutor.groovy:74)
	at com.kms.katalon.core.mobile.keyword.MobileBuiltInKeywords.verifyElementVisible(MobileBuiltInKeywords.groovy:2031)
	at com.kms.katalon.core.mobile.keyword.MobileBuiltInKeywords$verifyElementVisible$0.call(Unknown Source)
	at Verify Already Logged In.run(Verify Already Logged In:24)
	at com.kms.katalon.core.main.ScriptEngine.run(ScriptEngine.java:194)
	at com.kms.katalon.core.main.ScriptEngine.runScriptAsRawText(ScriptEngine.java:119)
	at com.kms.katalon.core.main.TestCaseExecutor.runScript(TestCaseExecutor.java:448)
	at com.kms.katalon.core.main.TestCaseExecutor.doExecute(TestCaseExecutor.java:439)
	at com.kms.katalon.core.main.TestCaseExecutor.processExecutionPhase(TestCaseExecutor.java:418)
	at com.kms.katalon.core.main.TestCaseExecutor.accessMainPhase(TestCaseExecutor.java:410)
	at com.kms.katalon.core.main.TestCaseExecutor.execute(TestCaseExecutor.java:285)
	at com.kms.katalon.core.main.TestCaseMain.runTestCase(TestCaseMain.java:144)
	at com.kms.katalon.core.keyword.builtin.CallTestCaseKeyword$_callTestCase_closure1.doCall(CallTestCaseKeyword.groovy:59)
	at com.kms.katalon.core.keyword.builtin.CallTestCaseKeyword$_callTestCase_closure1.call(CallTestCaseKeyword.groovy)
	at com.kms.katalon.core.keyword.internal.KeywordMain.runKeyword(KeywordMain.groovy:75)
	at com.kms.katalon.core.keyword.builtin.CallTestCaseKeyword.callTestCase(CallTestCaseKeyword.groovy:81)
	at com.kms.katalon.core.keyword.builtin.CallTestCaseKeyword.execute(CallTestCaseKeyword.groovy:44)
	at com.kms.katalon.core.keyword.internal.KeywordExecutor.executeKeywordForPlatform(KeywordExecutor.groovy:74)
	at com.kms.katalon.core.keyword.BuiltinKeywords.callTestCase(BuiltinKeywords.groovy:334)
	at ADDP01 - Add Product With Valid Data.run(ADDP01 - Add Product With Valid Data:23)
	at com.kms.katalon.core.main.ScriptEngine.run(ScriptEngine.java:194)
	at com.kms.katalon.core.main.ScriptEngine.runScriptAsRawText(ScriptEngine.java:119)
	at com.kms.katalon.core.main.TestCaseExecutor.runScript(TestCaseExecutor.java:448)
	at com.kms.katalon.core.main.TestCaseExecutor.doExecute(TestCaseExecutor.java:439)
	at com.kms.katalon.core.main.TestCaseExecutor.processExecutionPhase(TestCaseExecutor.java:418)
	at com.kms.katalon.core.main.TestCaseExecutor.accessMainPhase(TestCaseExecutor.java:410)
	at com.kms.katalon.core.main.TestCaseExecutor.execute(TestCaseExecutor.java:285)
	at com.kms.katalon.core.common.CommonExecutor.accessTestCaseMainPhase(CommonExecutor.java:65)
	at com.kms.katalon.core.main.TestSuiteExecutor.accessTestSuiteMainPhase(TestSuiteExecutor.java:148)
	at com.kms.katalon.core.main.TestSuiteExecutor.execute(TestSuiteExecutor.java:106)
	at com.kms.katalon.core.main.TestCaseMain.startTestSuite(TestCaseMain.java:187)
	at com.kms.katalon.core.main.TestCaseMain$startTestSuite$0.call(Unknown Source)
	at TempTestSuite1688384814642.run(TempTestSuite1688384814642.groovy:36)


2023-07-03 18:47:40 - [TEST_STEP][PASSED] - tap(findTestObject("Navbar/android.widget.FrameLayout - Navbar Akun"), 0): Tapped on element 'Object Repository/Navbar/android.widget.FrameLayout - Navbar Akun'

2023-07-03 18:47:40 - [MESSAGE][WARNING] - Timeout '0' is invalid. Using default page load timeout: '30'

2023-07-03 18:47:41 - [MESSAGE][PASSED] - Tapped on element 'Object Repository/Navbar/android.widget.FrameLayout - Navbar Akun'

2023-07-03 18:47:41 - [TEST_STEP][PASSED] - verifyElementVisible(findTestObject("Akun/android.widget.ImageView - Profile Photo"), 1): Element 'Object Repository/Akun/android.widget.ImageView - Profile Photo' is visible

2023-07-03 18:47:42 - [MESSAGE][PASSED] - Element 'Object Repository/Akun/android.widget.ImageView - Profile Photo' is visible

2023-07-03 18:47:42 - [TEST_STEP][FAILED] - verifyElementVisible(findTestObject("Akun/android.widget.TextView - Email"), 1): Failed to check for element 'Object Repository/Akun/android.widget.TextView - Email' visible (Root cause: com.kms.katalon.core.exception.StepFailedException: Element 'Object Repository/Akun/android.widget.TextView - Email' not found
	at com.kms.katalon.core.keyword.internal.KeywordMain.stepFailed(KeywordMain.groovy:51)
	at com.kms.katalon.core.mobile.keyword.internal.MobileKeywordMain.stepFailed(MobileKeywordMain.groovy:40)
	at com.kms.katalon.core.mobile.keyword.builtin.VerifyElementVisibleKeyword$_verifyElementVisible_closure1.doCall(VerifyElementVisibleKeyword.groovy:82)
	at com.kms.katalon.core.mobile.keyword.builtin.VerifyElementVisibleKeyword$_verifyElementVisible_closure1.call(VerifyElementVisibleKeyword.groovy)
	at com.kms.katalon.core.mobile.keyword.internal.MobileKeywordMain.runKeyword(MobileKeywordMain.groovy:21)
	at com.kms.katalon.core.mobile.keyword.builtin.VerifyElementVisibleKeyword.verifyElementVisible(VerifyElementVisibleKeyword.groovy:85)
	at com.kms.katalon.core.mobile.keyword.builtin.VerifyElementVisibleKeyword.execute(VerifyElementVisibleKeyword.groovy:64)
	at com.kms.katalon.core.keyword.internal.KeywordExecutor.executeKeywordForPlatform(KeywordExecutor.groovy:74)
	at com.kms.katalon.core.mobile.keyword.MobileBuiltInKeywords.verifyElementVisible(MobileBuiltInKeywords.groovy:2031)
	at com.kms.katalon.core.mobile.keyword.MobileBuiltInKeywords$verifyElementVisible$0.call(Unknown Source)
	at Verify Already Logged In.run(Verify Already Logged In:24)
	at com.kms.katalon.core.main.ScriptEngine.run(ScriptEngine.java:194)
	at com.kms.katalon.core.main.ScriptEngine.runScriptAsRawText(ScriptEngine.java:119)
	at com.kms.katalon.core.main.TestCaseExecutor.runScript(TestCaseExecutor.java:448)
	at com.kms.katalon.core.main.TestCaseExecutor.doExecute(TestCaseExecutor.java:439)
	at com.kms.katalon.core.main.TestCaseExecutor.processExecutionPhase(TestCaseExecutor.java:418)
	at com.kms.katalon.core.main.TestCaseExecutor.accessMainPhase(TestCaseExecutor.java:410)
	at com.kms.katalon.core.main.TestCaseExecutor.execute(TestCaseExecutor.java:285)
	at com.kms.katalon.core.main.TestCaseMain.runTestCase(TestCaseMain.java:144)
	at com.kms.katalon.core.keyword.builtin.CallTestCaseKeyword$_callTestCase_closure1.doCall(CallTestCaseKeyword.groovy:59)
	at com.kms.katalon.core.keyword.builtin.CallTestCaseKeyword$_callTestCase_closure1.call(CallTestCaseKeyword.groovy)
	at com.kms.katalon.core.keyword.internal.KeywordMain.runKeyword(KeywordMain.groovy:75)
	at com.kms.katalon.core.keyword.builtin.CallTestCaseKeyword.callTestCase(CallTestCaseKeyword.groovy:81)
	at com.kms.katalon.core.keyword.builtin.CallTestCaseKeyword.execute(CallTestCaseKeyword.groovy:44)
	at com.kms.katalon.core.keyword.internal.KeywordExecutor.executeKeywordForPlatform(KeywordExecutor.groovy:74)
	at com.kms.katalon.core.keyword.BuiltinKeywords.callTestCase(BuiltinKeywords.groovy:334)
	at ADDP01 - Add Product With Valid Data.run(ADDP01 - Add Product With Valid Data:23)
	at com.kms.katalon.core.main.ScriptEngine.run(ScriptEngine.java:194)
	at com.kms.katalon.core.main.ScriptEngine.runScriptAsRawText(ScriptEngine.java:119)
	at com.kms.katalon.core.main.TestCaseExecutor.runScript(TestCaseExecutor.java:448)
	at com.kms.katalon.core.main.TestCaseExecutor.doExecute(TestCaseExecutor.java:439)
	at com.kms.katalon.core.main.TestCaseExecutor.processExecutionPhase(TestCaseExecutor.java:418)
	at com.kms.katalon.core.main.TestCaseExecutor.accessMainPhase(TestCaseExecutor.java:410)
	at com.kms.katalon.core.main.TestCaseExecutor.execute(TestCaseExecutor.java:285)
	at com.kms.katalon.core.common.CommonExecutor.accessTestCaseMainPhase(CommonExecutor.java:65)
	at com.kms.katalon.core.main.TestSuiteExecutor.accessTestSuiteMainPhase(TestSuiteExecutor.java:148)
	at com.kms.katalon.core.main.TestSuiteExecutor.execute(TestSuiteExecutor.java:106)
	at com.kms.katalon.core.main.TestCaseMain.startTestSuite(TestCaseMain.java:187)
	at com.kms.katalon.core.main.TestCaseMain$startTestSuite$0.call(Unknown Source)
	at TempTestSuite1688384814642.run(TempTestSuite1688384814642.groovy:36)
)

2023-07-03 18:47:43 - [MESSAGE][FAILED] - Element 'Object Repository/Akun/android.widget.TextView - Email' not found

2023-07-03 18:47:44 - [MESSAGE][FAILED] - Failed to check for element 'Object Repository/Akun/android.widget.TextView - Email' visible (Root cause: com.kms.katalon.core.exception.StepFailedException: Element 'Object Repository/Akun/android.widget.TextView - Email' not found
	at com.kms.katalon.core.keyword.internal.KeywordMain.stepFailed(KeywordMain.groovy:51)
	at com.kms.katalon.core.mobile.keyword.internal.MobileKeywordMain.stepFailed(MobileKeywordMain.groovy:40)
	at com.kms.katalon.core.mobile.keyword.builtin.VerifyElementVisibleKeyword$_verifyElementVisible_closure1.doCall(VerifyElementVisibleKeyword.groovy:82)
	at com.kms.katalon.core.mobile.keyword.builtin.VerifyElementVisibleKeyword$_verifyElementVisible_closure1.call(VerifyElementVisibleKeyword.groovy)
	at com.kms.katalon.core.mobile.keyword.internal.MobileKeywordMain.runKeyword(MobileKeywordMain.groovy:21)
	at com.kms.katalon.core.mobile.keyword.builtin.VerifyElementVisibleKeyword.verifyElementVisible(VerifyElementVisibleKeyword.groovy:85)
	at com.kms.katalon.core.mobile.keyword.builtin.VerifyElementVisibleKeyword.execute(VerifyElementVisibleKeyword.groovy:64)
	at com.kms.katalon.core.keyword.internal.KeywordExecutor.executeKeywordForPlatform(KeywordExecutor.groovy:74)
	at com.kms.katalon.core.mobile.keyword.MobileBuiltInKeywords.verifyElementVisible(MobileBuiltInKeywords.groovy:2031)
	at com.kms.katalon.core.mobile.keyword.MobileBuiltInKeywords$verifyElementVisible$0.call(Unknown Source)
	at Verify Already Logged In.run(Verify Already Logged In:24)
	at com.kms.katalon.core.main.ScriptEngine.run(ScriptEngine.java:194)
	at com.kms.katalon.core.main.ScriptEngine.runScriptAsRawText(ScriptEngine.java:119)
	at com.kms.katalon.core.main.TestCaseExecutor.runScript(TestCaseExecutor.java:448)
	at com.kms.katalon.core.main.TestCaseExecutor.doExecute(TestCaseExecutor.java:439)
	at com.kms.katalon.core.main.TestCaseExecutor.processExecutionPhase(TestCaseExecutor.java:418)
	at com.kms.katalon.core.main.TestCaseExecutor.accessMainPhase(TestCaseExecutor.java:410)
	at com.kms.katalon.core.main.TestCaseExecutor.execute(TestCaseExecutor.java:285)
	at com.kms.katalon.core.main.TestCaseMain.runTestCase(TestCaseMain.java:144)
	at com.kms.katalon.core.keyword.builtin.CallTestCaseKeyword$_callTestCase_closure1.doCall(CallTestCaseKeyword.groovy:59)
	at com.kms.katalon.core.keyword.builtin.CallTestCaseKeyword$_callTestCase_closure1.call(CallTestCaseKeyword.groovy)
	at com.kms.katalon.core.keyword.internal.KeywordMain.runKeyword(KeywordMain.groovy:75)
	at com.kms.katalon.core.keyword.builtin.CallTestCaseKeyword.callTestCase(CallTestCaseKeyword.groovy:81)
	at com.kms.katalon.core.keyword.builtin.CallTestCaseKeyword.execute(CallTestCaseKeyword.groovy:44)
	at com.kms.katalon.core.keyword.internal.KeywordExecutor.executeKeywordForPlatform(KeywordExecutor.groovy:74)
	at com.kms.katalon.core.keyword.BuiltinKeywords.callTestCase(BuiltinKeywords.groovy:334)
	at ADDP01 - Add Product With Valid Data.run(ADDP01 - Add Product With Valid Data:23)
	at com.kms.katalon.core.main.ScriptEngine.run(ScriptEngine.java:194)
	at com.kms.katalon.core.main.ScriptEngine.runScriptAsRawText(ScriptEngine.java:119)
	at com.kms.katalon.core.main.TestCaseExecutor.runScript(TestCaseExecutor.java:448)
	at com.kms.katalon.core.main.TestCaseExecutor.doExecute(TestCaseExecutor.java:439)
	at com.kms.katalon.core.main.TestCaseExecutor.processExecutionPhase(TestCaseExecutor.java:418)
	at com.kms.katalon.core.main.TestCaseExecutor.accessMainPhase(TestCaseExecutor.java:410)
	at com.kms.katalon.core.main.TestCaseExecutor.execute(TestCaseExecutor.java:285)
	at com.kms.katalon.core.common.CommonExecutor.accessTestCaseMainPhase(CommonExecutor.java:65)
	at com.kms.katalon.core.main.TestSuiteExecutor.accessTestSuiteMainPhase(TestSuiteExecutor.java:148)
	at com.kms.katalon.core.main.TestSuiteExecutor.execute(TestSuiteExecutor.java:106)
	at com.kms.katalon.core.main.TestCaseMain.startTestSuite(TestCaseMain.java:187)
	at com.kms.katalon.core.main.TestCaseMain$startTestSuite$0.call(Unknown Source)
	at TempTestSuite1688384814642.run(TempTestSuite1688384814642.groovy:36)
)
[[ATTACHMENT|E:\\GitRepo\\Katalon\\binarqa-group1-app\\Reports\\20230703_184654\\Feature Add Product - Positive Case\\20230703_184654\\1688384863250.png]]

2023-07-03 18:47:44 - [MESSAGE][FAILED] - Unable to call Test Case 'Test Cases/Pages/Homepage/Verify Already Logged In' (Root cause: com.kms.katalon.core.exception.StepFailedException: Call Test Case 'Test Cases/Pages/Homepage/Verify Already Logged In' failed
	at com.kms.katalon.core.keyword.builtin.CallTestCaseKeyword$_callTestCase_closure1.doCall(CallTestCaseKeyword.groovy:63)
	at com.kms.katalon.core.keyword.builtin.CallTestCaseKeyword$_callTestCase_closure1.call(CallTestCaseKeyword.groovy)
	at com.kms.katalon.core.keyword.internal.KeywordMain.runKeyword(KeywordMain.groovy:75)
	at com.kms.katalon.core.keyword.builtin.CallTestCaseKeyword.callTestCase(CallTestCaseKeyword.groovy:81)
	at com.kms.katalon.core.keyword.builtin.CallTestCaseKeyword.execute(CallTestCaseKeyword.groovy:44)
	at com.kms.katalon.core.keyword.internal.KeywordExecutor.executeKeywordForPlatform(KeywordExecutor.groovy:74)
	at com.kms.katalon.core.keyword.BuiltinKeywords.callTestCase(BuiltinKeywords.groovy:334)
	at ADDP01 - Add Product With Valid Data.run(ADDP01 - Add Product With Valid Data:23)
	at com.kms.katalon.core.main.ScriptEngine.run(ScriptEngine.java:194)
	at com.kms.katalon.core.main.ScriptEngine.runScriptAsRawText(ScriptEngine.java:119)
	at com.kms.katalon.core.main.TestCaseExecutor.runScript(TestCaseExecutor.java:448)
	at com.kms.katalon.core.main.TestCaseExecutor.doExecute(TestCaseExecutor.java:439)
	at com.kms.katalon.core.main.TestCaseExecutor.processExecutionPhase(TestCaseExecutor.java:418)
	at com.kms.katalon.core.main.TestCaseExecutor.accessMainPhase(TestCaseExecutor.java:410)
	at com.kms.katalon.core.main.TestCaseExecutor.execute(TestCaseExecutor.java:285)
	at com.kms.katalon.core.common.CommonExecutor.accessTestCaseMainPhase(CommonExecutor.java:65)
	at com.kms.katalon.core.main.TestSuiteExecutor.accessTestSuiteMainPhase(TestSuiteExecutor.java:148)
	at com.kms.katalon.core.main.TestSuiteExecutor.execute(TestSuiteExecutor.java:106)
	at com.kms.katalon.core.main.TestCaseMain.startTestSuite(TestCaseMain.java:187)
	at com.kms.katalon.core.main.TestCaseMain$startTestSuite$0.call(Unknown Source)
	at TempTestSuite1688384814642.run(TempTestSuite1688384814642.groovy:36)
Caused by: com.kms.katalon.core.exception.StepFailedException: Element 'Object Repository/Akun/android.widget.TextView - Email' not found
	at com.kms.katalon.core.keyword.internal.KeywordMain.stepFailed(KeywordMain.groovy:51)
	at com.kms.katalon.core.mobile.keyword.internal.MobileKeywordMain.stepFailed(MobileKeywordMain.groovy:40)
	at com.kms.katalon.core.mobile.keyword.builtin.VerifyElementVisibleKeyword$_verifyElementVisible_closure1.doCall(VerifyElementVisibleKeyword.groovy:82)
	at com.kms.katalon.core.mobile.keyword.builtin.VerifyElementVisibleKeyword$_verifyElementVisible_closure1.call(VerifyElementVisibleKeyword.groovy)
	at com.kms.katalon.core.mobile.keyword.internal.MobileKeywordMain.runKeyword(MobileKeywordMain.groovy:21)
	at com.kms.katalon.core.mobile.keyword.builtin.VerifyElementVisibleKeyword.verifyElementVisible(VerifyElementVisibleKeyword.groovy:85)
	at com.kms.katalon.core.mobile.keyword.builtin.VerifyElementVisibleKeyword.execute(VerifyElementVisibleKeyword.groovy:64)
	at com.kms.katalon.core.keyword.internal.KeywordExecutor.executeKeywordForPlatform(KeywordExecutor.groovy:74)
	at com.kms.katalon.core.mobile.keyword.MobileBuiltInKeywords.verifyElementVisible(MobileBuiltInKeywords.groovy:2031)
	at com.kms.katalon.core.mobile.keyword.MobileBuiltInKeywords$verifyElementVisible$0.call(Unknown Source)
	at Verify Already Logged In.run(Verify Already Logged In:24)
	at com.kms.katalon.core.main.ScriptEngine.run(ScriptEngine.java:194)
	at com.kms.katalon.core.main.ScriptEngine.runScriptAsRawText(ScriptEngine.java:119)
	at com.kms.katalon.core.main.TestCaseExecutor.runScript(TestCaseExecutor.java:448)
	at com.kms.katalon.core.main.TestCaseExecutor.doExecute(TestCaseExecutor.java:439)
	at com.kms.katalon.core.main.TestCaseExecutor.processExecutionPhase(TestCaseExecutor.java:418)
	at com.kms.katalon.core.main.TestCaseExecutor.accessMainPhase(TestCaseExecutor.java:410)
	at com.kms.katalon.core.main.TestCaseExecutor.execute(TestCaseExecutor.java:285)
	at com.kms.katalon.core.main.TestCaseMain.runTestCase(TestCaseMain.java:144)
	at com.kms.katalon.core.keyword.builtin.CallTestCaseKeyword$_callTestCase_closure1.doCall(CallTestCaseKeyword.groovy:59)
	... 20 more
)

2023-07-03 18:47:44 - [TEST_STEP][PASSED] - catch (Exception e): Call Test Case 'Test Cases/Step Definition/Feature Login/LGN01 - User login with valid credentials' successfully

2023-07-03 18:47:44 - [TEST_STEP][PASSED] - callTestCase(findTestCase("Step Definition/Feature Login/LGN01 - User login with valid credentials"), ["email":"qatest@mytestmail.net", "password":"a1b2c3d4"]): Call Test Case 'Test Cases/Step Definition/Feature Login/LGN01 - User login with valid credentials' successfully

2023-07-03 18:47:44 - [TEST_CASE][PASSED] - Test Cases/Step Definition/Feature Login/LGN01 - User login with valid credentials: Test Cases/Step Definition/Feature Login/LGN01 - User login with valid credentials

2023-07-03 18:47:44 - [TEST_STEP][PASSED] - callTestCase(findTestCase("Pages/Navbar/Tap Akun"), [:], STOP_ON_FAILURE): Call Test Case 'Test Cases/Pages/Navbar/Tap Akun' successfully

2023-07-03 18:47:44 - [TEST_CASE][PASSED] - Test Cases/Pages/Navbar/Tap Akun: Test Cases/Pages/Navbar/Tap Akun

2023-07-03 18:47:44 - [TEST_STEP][PASSED] - tap(findTestObject("Navbar/android.widget.FrameLayout - Navbar Akun"), 0): Tapped on element 'Object Repository/Navbar/android.widget.FrameLayout - Navbar Akun'

2023-07-03 18:47:44 - [MESSAGE][WARNING] - Timeout '0' is invalid. Using default page load timeout: '30'

2023-07-03 18:47:44 - [MESSAGE][PASSED] - Tapped on element 'Object Repository/Navbar/android.widget.FrameLayout - Navbar Akun'

2023-07-03 18:47:44 - [MESSAGE][PASSED] - Call Test Case 'Test Cases/Pages/Navbar/Tap Akun' successfully

2023-07-03 18:47:44 - [TEST_STEP][PASSED] - callTestCase(findTestCase("Pages/Akun/Tap Masuk from Akun Page"), [:], STOP_ON_FAILURE): Call Test Case 'Test Cases/Pages/Akun/Tap Masuk from Akun Page' successfully

2023-07-03 18:47:45 - [TEST_CASE][PASSED] - Test Cases/Pages/Akun/Tap Masuk from Akun Page: Test Cases/Pages/Akun/Tap Masuk from Akun Page

2023-07-03 18:47:45 - [TEST_STEP][PASSED] - tap(findTestObject("Akun/android.widget.Button - Masuk from Akun"), 0): Tapped on element 'Object Repository/Akun/android.widget.Button - Masuk from Akun'

2023-07-03 18:47:45 - [MESSAGE][WARNING] - Timeout '0' is invalid. Using default page load timeout: '30'

2023-07-03 18:47:46 - [MESSAGE][PASSED] - Tapped on element 'Object Repository/Akun/android.widget.Button - Masuk from Akun'

2023-07-03 18:47:46 - [MESSAGE][PASSED] - Call Test Case 'Test Cases/Pages/Akun/Tap Masuk from Akun Page' successfully

2023-07-03 18:47:46 - [TEST_STEP][PASSED] - callTestCase(findTestCase("Pages/Login/Verify Content Login Page"), [:], STOP_ON_FAILURE): Call Test Case 'Test Cases/Pages/Login/Verify Content Login Page' successfully

2023-07-03 18:47:46 - [TEST_CASE][PASSED] - Test Cases/Pages/Login/Verify Content Login Page: Test Cases/Pages/Login/Verify Content Login Page

2023-07-03 18:47:46 - [TEST_STEP][PASSED] - verifyElementVisible(findTestObject("Login/android.widget.EditText - Email"), 0): Element 'Object Repository/Login/android.widget.EditText - Email' is visible

2023-07-03 18:47:46 - [MESSAGE][WARNING] - Timeout '0' is invalid. Using default page load timeout: '30'

2023-07-03 18:47:46 - [MESSAGE][PASSED] - Element 'Object Repository/Login/android.widget.EditText - Email' is visible

2023-07-03 18:47:46 - [TEST_STEP][PASSED] - verifyElementVisible(findTestObject("Login/android.widget.EditText - Password"), 0): Element 'Object Repository/Login/android.widget.EditText - Password' is visible

2023-07-03 18:47:46 - [MESSAGE][WARNING] - Timeout '0' is invalid. Using default page load timeout: '30'

2023-07-03 18:47:47 - [MESSAGE][PASSED] - Element 'Object Repository/Login/android.widget.EditText - Password' is visible

2023-07-03 18:47:47 - [TEST_STEP][PASSED] - verifyElementVisible(findTestObject("Login/android.widget.Button - Button Masuk"), 0): Element 'Object Repository/Login/android.widget.Button - Button Masuk' is visible

2023-07-03 18:47:47 - [MESSAGE][WARNING] - Timeout '0' is invalid. Using default page load timeout: '30'

2023-07-03 18:47:47 - [MESSAGE][PASSED] - Element 'Object Repository/Login/android.widget.Button - Button Masuk' is visible

2023-07-03 18:47:47 - [TEST_STEP][PASSED] - verifyElementVisible(findTestObject("Login/android.widget.TextView - Button Daftar"), 0): Element 'Object Repository/Login/android.widget.TextView - Button Daftar' is visible

2023-07-03 18:47:47 - [MESSAGE][WARNING] - Timeout '0' is invalid. Using default page load timeout: '30'

2023-07-03 18:47:47 - [MESSAGE][PASSED] - Element 'Object Repository/Login/android.widget.TextView - Button Daftar' is visible

2023-07-03 18:47:47 - [MESSAGE][PASSED] - Call Test Case 'Test Cases/Pages/Login/Verify Content Login Page' successfully

2023-07-03 18:47:47 - [TEST_STEP][PASSED] - callTestCase(findTestCase("Pages/Login/Input Email"), ["email":"groupsatu@gmail.com"], STOP_ON_FAILURE): Call Test Case 'Test Cases/Pages/Login/Input Email' successfully

2023-07-03 18:47:47 - [TEST_CASE][PASSED] - Test Cases/Pages/Login/Input Email: Test Cases/Pages/Login/Input Email

2023-07-03 18:47:47 - [TEST_STEP][PASSED] - setText(findTestObject("Login/android.widget.EditText - Email"), email, 0): Text 'groupsatu@gmail.com' has been set to element 'Object Repository/Login/android.widget.EditText - Email'

2023-07-03 18:47:47 - [MESSAGE][WARNING] - Timeout '0' is invalid. Using default page load timeout: '30'

2023-07-03 18:47:48 - [MESSAGE][PASSED] - Text 'groupsatu@gmail.com' has been set to element 'Object Repository/Login/android.widget.EditText - Email'

2023-07-03 18:47:48 - [MESSAGE][PASSED] - Call Test Case 'Test Cases/Pages/Login/Input Email' successfully

2023-07-03 18:47:48 - [TEST_STEP][PASSED] - callTestCase(findTestCase("Pages/Login/Input Password"), ["password":password], STOP_ON_FAILURE): Call Test Case 'Test Cases/Pages/Login/Input Password' successfully

2023-07-03 18:47:48 - [TEST_CASE][PASSED] - Test Cases/Pages/Login/Input Password: Test Cases/Pages/Login/Input Password

2023-07-03 18:47:48 - [TEST_STEP][PASSED] - setText(findTestObject("Login/android.widget.EditText - Password"), password, 0): Text 'abc!12345' has been set to element 'Object Repository/Login/android.widget.EditText - Password'

2023-07-03 18:47:48 - [MESSAGE][WARNING] - Timeout '0' is invalid. Using default page load timeout: '30'

2023-07-03 18:47:50 - [MESSAGE][PASSED] - Text 'abc!12345' has been set to element 'Object Repository/Login/android.widget.EditText - Password'

2023-07-03 18:47:50 - [MESSAGE][PASSED] - Call Test Case 'Test Cases/Pages/Login/Input Password' successfully

2023-07-03 18:47:50 - [TEST_STEP][PASSED] - callTestCase(findTestCase("Pages/Login/Tap Button Masuk"), [:], STOP_ON_FAILURE): Call Test Case 'Test Cases/Pages/Login/Tap Button Masuk' successfully

2023-07-03 18:47:50 - [TEST_CASE][PASSED] - Test Cases/Pages/Login/Tap Button Masuk: Test Cases/Pages/Login/Tap Button Masuk

2023-07-03 18:47:50 - [TEST_STEP][PASSED] - tap(findTestObject("Login/android.widget.Button - Button Masuk"), 0): Tapped on element 'Object Repository/Login/android.widget.Button - Button Masuk'

2023-07-03 18:47:50 - [MESSAGE][WARNING] - Timeout '0' is invalid. Using default page load timeout: '30'

2023-07-03 18:47:51 - [MESSAGE][PASSED] - Tapped on element 'Object Repository/Login/android.widget.Button - Button Masuk'

2023-07-03 18:47:51 - [MESSAGE][PASSED] - Call Test Case 'Test Cases/Pages/Login/Tap Button Masuk' successfully

2023-07-03 18:47:51 - [TEST_STEP][PASSED] - callTestCase(findTestCase("Pages/Login/Verify Login Valid"), [:], STOP_ON_FAILURE): Call Test Case 'Test Cases/Pages/Login/Verify Login Valid' successfully

2023-07-03 18:47:51 - [TEST_CASE][PASSED] - Test Cases/Pages/Login/Verify Login Valid: Test Cases/Pages/Login/Verify Login Valid

2023-07-03 18:47:51 - [TEST_STEP][PASSED] - verifyElementVisible(findTestObject("Akun/android.widget.ImageView - Profile Photo"), 0): Element 'Object Repository/Akun/android.widget.ImageView - Profile Photo' is visible

2023-07-03 18:47:51 - [MESSAGE][WARNING] - Timeout '0' is invalid. Using default page load timeout: '30'

2023-07-03 18:47:53 - [MESSAGE][PASSED] - Element 'Object Repository/Akun/android.widget.ImageView - Profile Photo' is visible

2023-07-03 18:47:53 - [TEST_STEP][PASSED] - verifyElementVisible(findTestObject("Akun/android.widget.TextView - Email"), 0): Element 'Object Repository/Akun/android.widget.TextView - Email' is visible

2023-07-03 18:47:53 - [MESSAGE][WARNING] - Timeout '0' is invalid. Using default page load timeout: '30'

2023-07-03 18:47:53 - [MESSAGE][PASSED] - Element 'Object Repository/Akun/android.widget.TextView - Email' is visible

2023-07-03 18:47:53 - [TEST_STEP][PASSED] - verifyElementVisible(findTestObject("Akun/android.widget.TextView - Nama"), 0): Element 'Object Repository/Akun/android.widget.TextView - Nama' is visible

2023-07-03 18:47:53 - [MESSAGE][WARNING] - Timeout '0' is invalid. Using default page load timeout: '30'

2023-07-03 18:47:54 - [MESSAGE][PASSED] - Element 'Object Repository/Akun/android.widget.TextView - Nama' is visible

2023-07-03 18:47:54 - [TEST_STEP][PASSED] - verifyElementVisible(findTestObject("Akun/android.widget.TextView - Nomor HP"), 0): Element 'Object Repository/Akun/android.widget.TextView - Nomor HP' is visible

2023-07-03 18:47:54 - [MESSAGE][WARNING] - Timeout '0' is invalid. Using default page load timeout: '30'

2023-07-03 18:47:54 - [MESSAGE][PASSED] - Element 'Object Repository/Akun/android.widget.TextView - Nomor HP' is visible

2023-07-03 18:47:54 - [MESSAGE][PASSED] - Call Test Case 'Test Cases/Pages/Login/Verify Login Valid' successfully

2023-07-03 18:47:54 - [MESSAGE][PASSED] - Call Test Case 'Test Cases/Step Definition/Feature Login/LGN01 - User login with valid credentials' successfully

2023-07-03 18:47:54 - [TEST_STEP][PASSED] - callTestCase(findTestCase("Pages/Navbar/Tap FAB Jual"), [:], STOP_ON_FAILURE): Call Test Case 'Test Cases/Pages/Navbar/Tap FAB Jual' successfully

2023-07-03 18:47:54 - [TEST_CASE][PASSED] - Test Cases/Pages/Navbar/Tap FAB Jual: Test Cases/Pages/Navbar/Tap FAB Jual

2023-07-03 18:47:54 - [TEST_STEP][PASSED] - tap(findTestObject("Navbar/android.widget.ImageButton - FAB Add Product"), 0): Tapped on element 'Object Repository/Navbar/android.widget.ImageButton - FAB Add Product'

2023-07-03 18:47:54 - [MESSAGE][WARNING] - Timeout '0' is invalid. Using default page load timeout: '30'

2023-07-03 18:47:55 - [MESSAGE][PASSED] - Tapped on element 'Object Repository/Navbar/android.widget.ImageButton - FAB Add Product'

2023-07-03 18:47:55 - [MESSAGE][PASSED] - Call Test Case 'Test Cases/Pages/Navbar/Tap FAB Jual' successfully

2023-07-03 18:47:55 - [TEST_STEP][PASSED] - callTestCase(findTestCase("Pages/Add Product/Verify on Add Product Page"), [:], STOP_ON_FAILURE): Call Test Case 'Test Cases/Pages/Add Product/Verify on Add Product Page' successfully

2023-07-03 18:47:55 - [TEST_CASE][PASSED] - Test Cases/Pages/Add Product/Verify on Add Product Page: Test Cases/Pages/Add Product/Verify on Add Product Page

2023-07-03 18:47:55 - [TEST_STEP][PASSED] - verifyElementVisible(findTestObject("Add Product/android.widget.TextView - Tambah Produk Title"), 0): Element 'Object Repository/Add Product/android.widget.TextView - Tambah Produk Title' is visible

2023-07-03 18:47:55 - [MESSAGE][WARNING] - Timeout '0' is invalid. Using default page load timeout: '30'

2023-07-03 18:47:55 - [MESSAGE][PASSED] - Element 'Object Repository/Add Product/android.widget.TextView - Tambah Produk Title' is visible

2023-07-03 18:47:55 - [TEST_STEP][PASSED] - verifyElementVisible(findTestObject("Add Product/android.widget.EditText - Nama Produk"), 0): Element 'Object Repository/Add Product/android.widget.EditText - Nama Produk' is visible

2023-07-03 18:47:55 - [MESSAGE][WARNING] - Timeout '0' is invalid. Using default page load timeout: '30'

2023-07-03 18:47:56 - [MESSAGE][PASSED] - Element 'Object Repository/Add Product/android.widget.EditText - Nama Produk' is visible

2023-07-03 18:47:56 - [TEST_STEP][PASSED] - verifyElementVisible(findTestObject("Add Product/android.widget.EditText - Harga Produk"), 0): Element 'Object Repository/Add Product/android.widget.EditText - Harga Produk' is visible

2023-07-03 18:47:56 - [MESSAGE][WARNING] - Timeout '0' is invalid. Using default page load timeout: '30'

2023-07-03 18:47:56 - [MESSAGE][PASSED] - Element 'Object Repository/Add Product/android.widget.EditText - Harga Produk' is visible

2023-07-03 18:47:56 - [TEST_STEP][PASSED] - verifyElementVisible(findTestObject("Add Product/android.widget.Spinner - Pilih Kategori"), 0): Element 'Object Repository/Add Product/android.widget.Spinner - Pilih Kategori' is visible

2023-07-03 18:47:56 - [MESSAGE][WARNING] - Timeout '0' is invalid. Using default page load timeout: '30'

2023-07-03 18:47:56 - [MESSAGE][PASSED] - Element 'Object Repository/Add Product/android.widget.Spinner - Pilih Kategori' is visible

2023-07-03 18:47:56 - [TEST_STEP][PASSED] - verifyElementVisible(findTestObject("Add Product/android.widget.EditText - Lokasi Produk"), 0): Element 'Object Repository/Add Product/android.widget.EditText - Lokasi Produk' is visible

2023-07-03 18:47:56 - [MESSAGE][WARNING] - Timeout '0' is invalid. Using default page load timeout: '30'

2023-07-03 18:47:56 - [MESSAGE][PASSED] - Element 'Object Repository/Add Product/android.widget.EditText - Lokasi Produk' is visible

2023-07-03 18:47:56 - [TEST_STEP][PASSED] - verifyElementVisible(findTestObject("Add Product/android.widget.EditText - Deskripsi Produk"), 0): Element 'Object Repository/Add Product/android.widget.EditText - Deskripsi Produk' is visible

2023-07-03 18:47:56 - [MESSAGE][WARNING] - Timeout '0' is invalid. Using default page load timeout: '30'

2023-07-03 18:47:56 - [MESSAGE][PASSED] - Element 'Object Repository/Add Product/android.widget.EditText - Deskripsi Produk' is visible

2023-07-03 18:47:56 - [TEST_STEP][PASSED] - verifyElementVisible(findTestObject("Add Product/android.widget.ImageView - Foto Produk"), 0): Element 'Object Repository/Add Product/android.widget.ImageView - Foto Produk' is visible

2023-07-03 18:47:56 - [MESSAGE][WARNING] - Timeout '0' is invalid. Using default page load timeout: '30'

2023-07-03 18:47:57 - [MESSAGE][PASSED] - Element 'Object Repository/Add Product/android.widget.ImageView - Foto Produk' is visible

2023-07-03 18:47:57 - [TEST_STEP][PASSED] - verifyElementVisible(findTestObject("Add Product/android.widget.Button - Terbitkan"), 0): Element 'Object Repository/Add Product/android.widget.Button - Terbitkan' is visible

2023-07-03 18:47:57 - [MESSAGE][WARNING] - Timeout '0' is invalid. Using default page load timeout: '30'

2023-07-03 18:47:57 - [MESSAGE][PASSED] - Element 'Object Repository/Add Product/android.widget.Button - Terbitkan' is visible

2023-07-03 18:47:57 - [MESSAGE][PASSED] - Call Test Case 'Test Cases/Pages/Add Product/Verify on Add Product Page' successfully

2023-07-03 18:47:57 - [TEST_STEP][PASSED] - callTestCase(findTestCase("Pages/Add Product/Input Nama Produk"), ["namaProduk":"Produk B"], STOP_ON_FAILURE): Call Test Case 'Test Cases/Pages/Add Product/Input Nama Produk' successfully

2023-07-03 18:47:57 - [TEST_CASE][PASSED] - Test Cases/Pages/Add Product/Input Nama Produk: Test Cases/Pages/Add Product/Input Nama Produk

2023-07-03 18:47:57 - [TEST_STEP][PASSED] - setText(findTestObject("Add Product/android.widget.EditText - Nama Produk"), namaProduk, 0): Text 'Produk B' has been set to element 'Object Repository/Add Product/android.widget.EditText - Nama Produk'

2023-07-03 18:47:57 - [MESSAGE][WARNING] - Timeout '0' is invalid. Using default page load timeout: '30'

2023-07-03 18:47:59 - [MESSAGE][PASSED] - Text 'Produk B' has been set to element 'Object Repository/Add Product/android.widget.EditText - Nama Produk'

2023-07-03 18:47:59 - [MESSAGE][PASSED] - Call Test Case 'Test Cases/Pages/Add Product/Input Nama Produk' successfully

2023-07-03 18:47:59 - [TEST_STEP][PASSED] - callTestCase(findTestCase("Pages/Add Product/Input Harga Produk"), ["hargaProduk":"200000"], STOP_ON_FAILURE): Call Test Case 'Test Cases/Pages/Add Product/Input Harga Produk' successfully

2023-07-03 18:47:59 - [TEST_CASE][PASSED] - Test Cases/Pages/Add Product/Input Harga Produk: Test Cases/Pages/Add Product/Input Harga Produk

2023-07-03 18:47:59 - [TEST_STEP][PASSED] - setText(findTestObject("Add Product/android.widget.EditText - Harga Produk"), hargaProduk, 0): Text '200000' has been set to element 'Object Repository/Add Product/android.widget.EditText - Harga Produk'

2023-07-03 18:47:59 - [MESSAGE][WARNING] - Timeout '0' is invalid. Using default page load timeout: '30'

2023-07-03 18:48:00 - [MESSAGE][PASSED] - Text '200000' has been set to element 'Object Repository/Add Product/android.widget.EditText - Harga Produk'

2023-07-03 18:48:00 - [MESSAGE][PASSED] - Call Test Case 'Test Cases/Pages/Add Product/Input Harga Produk' successfully

2023-07-03 18:48:00 - [TEST_STEP][PASSED] - callTestCase(findTestCase("Pages/Add Product/Input Kategori Produk"), ["kategoriProduk":"Fotografi"], STOP_ON_FAILURE): Call Test Case 'Test Cases/Pages/Add Product/Input Kategori Produk' successfully

2023-07-03 18:48:01 - [TEST_CASE][PASSED] - Test Cases/Pages/Add Product/Input Kategori Produk: Test Cases/Pages/Add Product/Input Kategori Produk

2023-07-03 18:48:01 - [TEST_STEP][PASSED] - tap(findTestObject("Add Product/android.widget.Spinner - Pilih Kategori"), 0): Tapped on element 'Object Repository/Add Product/android.widget.Spinner - Pilih Kategori'

2023-07-03 18:48:01 - [MESSAGE][WARNING] - Timeout '0' is invalid. Using default page load timeout: '30'

2023-07-03 18:48:02 - [MESSAGE][PASSED] - Tapped on element 'Object Repository/Add Product/android.widget.Spinner - Pilih Kategori'

2023-07-03 18:48:02 - [TEST_STEP][PASSED] - sendKeys(findTestObject("Add Product/android.widget.Spinner - Pilih Kategori"), kategoriProduk): Send keys 'Fotografi' on test object 'Object Repository/Add Product/android.widget.Spinner - Pilih Kategori' successfully.

2023-07-03 18:48:03 - [MESSAGE][PASSED] - Send keys 'Fotografi' on test object 'Object Repository/Add Product/android.widget.Spinner - Pilih Kategori' successfully.

2023-07-03 18:48:03 - [TEST_STEP][PASSED] - tap(findTestObject("Add Product/Pilih Kategori Pertama"), 0): Tapped on element 'Object Repository/Add Product/Pilih Kategori Pertama'

2023-07-03 18:48:03 - [MESSAGE][WARNING] - Timeout '0' is invalid. Using default page load timeout: '30'

2023-07-03 18:48:05 - [MESSAGE][PASSED] - Tapped on element 'Object Repository/Add Product/Pilih Kategori Pertama'

2023-07-03 18:48:05 - [MESSAGE][PASSED] - Call Test Case 'Test Cases/Pages/Add Product/Input Kategori Produk' successfully

2023-07-03 18:48:05 - [TEST_STEP][PASSED] - callTestCase(findTestCase("Pages/Add Product/Input Lokasi Produk"), ["lokasiProduk":"Lokasi Produk B"], STOP_ON_FAILURE): Call Test Case 'Test Cases/Pages/Add Product/Input Lokasi Produk' successfully

2023-07-03 18:48:05 - [TEST_CASE][PASSED] - Test Cases/Pages/Add Product/Input Lokasi Produk: Test Cases/Pages/Add Product/Input Lokasi Produk

2023-07-03 18:48:05 - [TEST_STEP][PASSED] - setText(findTestObject("Add Product/android.widget.EditText - Lokasi Produk"), lokasiProduk, 0): Text 'Lokasi Produk B' has been set to element 'Object Repository/Add Product/android.widget.EditText - Lokasi Produk'

2023-07-03 18:48:05 - [MESSAGE][WARNING] - Timeout '0' is invalid. Using default page load timeout: '30'

2023-07-03 18:48:07 - [MESSAGE][PASSED] - Text 'Lokasi Produk B' has been set to element 'Object Repository/Add Product/android.widget.EditText - Lokasi Produk'

2023-07-03 18:48:07 - [MESSAGE][PASSED] - Call Test Case 'Test Cases/Pages/Add Product/Input Lokasi Produk' successfully

2023-07-03 18:48:07 - [TEST_STEP][PASSED] - callTestCase(findTestCase("Pages/Add Product/Input Deskripsi Produk"), ["deskripsiProduk":"Deskripsi Produk B"], STOP_ON_FAILURE): Call Test Case 'Test Cases/Pages/Add Product/Input Deskripsi Produk' successfully

2023-07-03 18:48:07 - [TEST_CASE][PASSED] - Test Cases/Pages/Add Product/Input Deskripsi Produk: Test Cases/Pages/Add Product/Input Deskripsi Produk

2023-07-03 18:48:07 - [TEST_STEP][PASSED] - setText(findTestObject("Add Product/android.widget.EditText - Deskripsi Produk"), deskripsiProduk, 0): Text 'Deskripsi Produk B' has been set to element 'Object Repository/Add Product/android.widget.EditText - Deskripsi Produk'

2023-07-03 18:48:07 - [MESSAGE][WARNING] - Timeout '0' is invalid. Using default page load timeout: '30'

2023-07-03 18:48:08 - [MESSAGE][PASSED] - Text 'Deskripsi Produk B' has been set to element 'Object Repository/Add Product/android.widget.EditText - Deskripsi Produk'

2023-07-03 18:48:08 - [MESSAGE][PASSED] - Call Test Case 'Test Cases/Pages/Add Product/Input Deskripsi Produk' successfully

2023-07-03 18:48:08 - [TEST_STEP][PASSED] - callTestCase(findTestCase("Pages/Add Product/Input Foto Produk - Camera"), [:], STOP_ON_FAILURE): Call Test Case 'Test Cases/Pages/Add Product/Input Foto Produk - Camera' successfully

2023-07-03 18:48:09 - [TEST_CASE][PASSED] - Test Cases/Pages/Add Product/Input Foto Produk - Camera: Test Cases/Pages/Add Product/Input Foto Produk - Camera

2023-07-03 18:48:09 - [TEST_STEP][PASSED] - tap(findTestObject("Add Product/android.widget.ImageView - Foto Produk"), 0): Tapped on element 'Object Repository/Add Product/android.widget.ImageView - Foto Produk'

2023-07-03 18:48:09 - [MESSAGE][WARNING] - Timeout '0' is invalid. Using default page load timeout: '30'

2023-07-03 18:48:10 - [MESSAGE][PASSED] - Tapped on element 'Object Repository/Add Product/android.widget.ImageView - Foto Produk'

2023-07-03 18:48:10 - [TEST_STEP][PASSED] - tap(findTestObject("Add Product/android.widget.Button - Kamera"), 0): Tapped on element 'Object Repository/Add Product/android.widget.Button - Kamera'

2023-07-03 18:48:10 - [MESSAGE][WARNING] - Timeout '0' is invalid. Using default page load timeout: '30'

2023-07-03 18:48:10 - [MESSAGE][PASSED] - Tapped on element 'Object Repository/Add Product/android.widget.Button - Kamera'

2023-07-03 18:48:10 - [TEST_STEP][PASSED] - tap(findTestObject("Add Product/Camera App/android.widget.ImageView - Camera Shutter Button"), 0): Tapped on element 'Object Repository/Add Product/Camera App/android.widget.ImageView - Camera Shutter Button'

2023-07-03 18:48:10 - [MESSAGE][WARNING] - Timeout '0' is invalid. Using default page load timeout: '30'

2023-07-03 18:48:15 - [MESSAGE][PASSED] - Tapped on element 'Object Repository/Add Product/Camera App/android.widget.ImageView - Camera Shutter Button'

2023-07-03 18:48:15 - [TEST_STEP][PASSED] - tap(findTestObject("Add Product/Camera App/android.widget.ImageView - Camera Accept Button"), 0): Tapped on element 'Object Repository/Add Product/Camera App/android.widget.ImageView - Camera Accept Button'

2023-07-03 18:48:15 - [MESSAGE][WARNING] - Timeout '0' is invalid. Using default page load timeout: '30'

2023-07-03 18:48:15 - [MESSAGE][PASSED] - Tapped on element 'Object Repository/Add Product/Camera App/android.widget.ImageView - Camera Accept Button'

2023-07-03 18:48:15 - [MESSAGE][PASSED] - Call Test Case 'Test Cases/Pages/Add Product/Input Foto Produk - Camera' successfully

2023-07-03 18:48:15 - [TEST_STEP][PASSED] - callTestCase(findTestCase("Pages/Add Product/Tap Terbitkan Button"), [:], STOP_ON_FAILURE): Call Test Case 'Test Cases/Pages/Add Product/Tap Terbitkan Button' successfully

2023-07-03 18:48:15 - [TEST_CASE][PASSED] - Test Cases/Pages/Add Product/Tap Terbitkan Button: Test Cases/Pages/Add Product/Tap Terbitkan Button

2023-07-03 18:48:15 - [TEST_STEP][PASSED] - tap(findTestObject("Add Product/android.widget.Button - Terbitkan"), 0): Tapped on element 'Object Repository/Add Product/android.widget.Button - Terbitkan'

2023-07-03 18:48:15 - [MESSAGE][WARNING] - Timeout '0' is invalid. Using default page load timeout: '30'

2023-07-03 18:48:18 - [MESSAGE][PASSED] - Tapped on element 'Object Repository/Add Product/android.widget.Button - Terbitkan'

2023-07-03 18:48:18 - [MESSAGE][PASSED] - Call Test Case 'Test Cases/Pages/Add Product/Tap Terbitkan Button' successfully

2023-07-03 18:48:18 - [TEST_STEP][PASSED] - callTestCase(findTestCase("Pages/Add Product/Verify Success Message"), [:], STOP_ON_FAILURE): Call Test Case 'Test Cases/Pages/Add Product/Verify Success Message' successfully

2023-07-03 18:48:18 - [TEST_CASE][PASSED] - Test Cases/Pages/Add Product/Verify Success Message: Test Cases/Pages/Add Product/Verify Success Message

2023-07-03 18:48:18 - [TEST_STEP][PASSED] - verifyElementVisible(findTestObject("Add Product/android.widget.TextView - Success Message"), 0): Element 'Object Repository/Add Product/android.widget.TextView - Success Message' is visible

2023-07-03 18:48:18 - [MESSAGE][WARNING] - Timeout '0' is invalid. Using default page load timeout: '30'

2023-07-03 18:48:18 - [MESSAGE][PASSED] - Element 'Object Repository/Add Product/android.widget.TextView - Success Message' is visible

2023-07-03 18:48:18 - [TEST_STEP][PASSED] - verifyMatch(getText(findTestObject("Add Product/android.widget.TextView - Success Message"), 0), "Produk berhasil diterbitkan", false): Actual text 'Produk berhasil diterbitkan' and expected text 'Produk berhasil diterbitkan' are matched 

2023-07-03 18:48:18 - [MESSAGE][WARNING] - Timeout '0' is invalid. Using default page load timeout: '30'

2023-07-03 18:48:18 - [MESSAGE][PASSED] - Text of element 'Object Repository/Add Product/android.widget.TextView - Success Message' is: 'Produk berhasil diterbitkan'

2023-07-03 18:48:18 - [MESSAGE][PASSED] - Actual text 'Produk berhasil diterbitkan' and expected text 'Produk berhasil diterbitkan' are matched 

2023-07-03 18:48:18 - [MESSAGE][PASSED] - Call Test Case 'Test Cases/Pages/Add Product/Verify Success Message' successfully

2023-07-03 18:48:18 - [TEST_STEP][PASSED] - Start listener action : afterTestCase: Close app successfully

2023-07-03 18:48:18 - [TEST_STEP][PASSED] - logInfo("Test Case: " + testCaseContext.getTestCaseId() + " | Status: " + testCaseContext.getTestCaseStatus()): Test Case: Test Cases/Step Definition/Feature Add Product/ADDP01 - Add Product With Valid Data | Status: PASSED

2023-07-03 18:48:18 - [MESSAGE][INFO] - Test Case: Test Cases/Step Definition/Feature Add Product/ADDP01 - Add Product With Valid Data | Status: PASSED

2023-07-03 18:48:18 - [TEST_STEP][PASSED] - closeApplication(): Close app successfully

2023-07-03 18:48:19 - [MESSAGE][PASSED] - Close app successfully]]></system-out>
         <system-err><![CDATA[]]></system-err>
      </testcase>
      <system-out><![CDATA[2023-07-03 18:47:18 - [TEST_SUITE][PASSED] - Feature Add Product - Positive Case: Test Cases/Step Definition/Feature Add Product/ADDP01 - Add Product With Valid Data]]></system-out>
      <system-err><![CDATA[]]></system-err>
   </testsuite>
</testsuites>
