<?xml version="1.0" encoding="UTF-8"?>
<testsuites name="Feature Edit Product - Positive Case" time="48.318" tests="2" failures="0" errors="0">
   <testsuite name="Feature Edit Product - Positive Case" tests="2" failures="0" errors="0" time="48.318" skipped="0" timestamp="2023-07-03 17:41:27" hostname="ASUS - ASUS-RN911" id="Test Suites/Feature Edit Product - Positive Case">
      <properties>
         <property name="deviceName" value=""/>
         <property name="devicePlatform" value=""/>
         <property name="logFolder" value="E:\\GitRepo\\Katalon\\binarqa-group1-web\\Reports\\20230703_174124\\Feature Edit Product - Positive Case\\20230703_174125"/>
         <property name="logFiles" value="E:\\GitRepo\\Katalon\\binarqa-group1-web\\Reports\\20230703_174124\\Feature Edit Product - Positive Case\\20230703_174125\\execution0.log"/>
         <property name="attachments" value=""/>
         <property name="hostName" value="ASUS - ASUS-RN911"/>
         <property name="os" value="Windows 10 64bit"/>
         <property name="katalonVersion" value="8.6.0.208"/>
         <property name="browser" value="Chrome 114.0.0.0"/>
         <property name="hostAddress" value="192.168.1.116"/>
         <property name="sessionId" value="33aecd2133769ea68ce7c83aec992d4b"/>
         <property name="seleniumVersion" value="3.141.59"/>
         <property name="proxyInformation" value="ProxyInformation { proxyOption=NO_PROXY, proxyServerType=HTTP, username=, password=********, proxyServerAddress=, proxyServerPort=0, executionList=&quot;&quot;, isApplyToDesiredCapabilities=true }"/>
         <property name="platform" value="Windows 10"/>
      </properties>
      <testcase name="Test Cases/Step Definition/Feature Add Product/ADDP02 - Add Product with Multiple Image" time="25.228" classname="Test Cases/Step Definition/Feature Add Product/ADDP02 - Add Product with Multiple Image" status="PASSED">
         <system-out><![CDATA[2023-07-03 17:41:27 - [TEST_CASE][PASSED] - Test Cases/Step Definition/Feature Add Product/ADDP02 - Add Product with Multiple Image: Test Cases/Step Definition/Feature Add Product/ADDP02 - Add Product with Multiple Image

2023-07-03 17:41:27 - [TEST_STEP][PASSED] - Start listener action : BeforeTestCase: Current window maximized

2023-07-03 17:41:27 - [TEST_STEP][PASSED] - logInfo("Test Case: " + testCaseContext.getTestCaseId()): Test Case: Test Cases/Step Definition/Feature Add Product/ADDP02 - Add Product with Multiple Image

2023-07-03 17:41:27 - [MESSAGE][INFO] - Test Case: Test Cases/Step Definition/Feature Add Product/ADDP02 - Add Product with Multiple Image

2023-07-03 17:41:27 - [TEST_STEP][PASSED] - openBrowser(): null

2023-07-03 17:41:27 - [TEST_STEP][PASSED] - openBrowser("https://secondhand.binaracademy.org/"): Browser is opened with url: 'https://secondhand.binaracademy.org/'

2023-07-03 17:41:27 - [MESSAGE][INFO] - Starting 'Chrome' driver

2023-07-03 17:41:27 - [MESSAGE][INFO] - Action delay is set to 0 milliseconds

2023-07-03 17:41:30 - [MESSAGE][PASSED] - Browser is opened with url: 'https://secondhand.binaracademy.org/'

2023-07-03 17:41:30 - [TEST_STEP][PASSED] - maximizeWindow(): Current window maximized

2023-07-03 17:41:31 - [MESSAGE][PASSED] - Current window maximized

2023-07-03 17:41:31 - [TEST_STEP][PASSED] - callTestCase(findTestCase("Pages/Homepage/Click Masuk from homepage"), [:], STOP_ON_FAILURE): Call Test Case 'Test Cases/Pages/Homepage/Click Masuk from homepage' successfully

2023-07-03 17:41:31 - [TEST_CASE][PASSED] - Test Cases/Pages/Homepage/Click Masuk from homepage: Test Cases/Pages/Homepage/Click Masuk from homepage

2023-07-03 17:41:31 - [TEST_STEP][PASSED] - click(findTestObject("Navbar/a_Masuk")): Object: 'Object Repository/Navbar/a_Masuk' is clicked on

2023-07-03 17:41:31 - [MESSAGE][PASSED] - Object: 'Object Repository/Navbar/a_Masuk' is clicked on

2023-07-03 17:41:31 - [MESSAGE][PASSED] - Call Test Case 'Test Cases/Pages/Homepage/Click Masuk from homepage' successfully

2023-07-03 17:41:31 - [TEST_STEP][PASSED] - callTestCase(findTestCase("Pages/Login/Input Email"), ["email":email], STOP_ON_FAILURE): Call Test Case 'Test Cases/Pages/Login/Input Email' successfully

2023-07-03 17:41:32 - [TEST_CASE][PASSED] - Test Cases/Pages/Login/Input Email: Test Cases/Pages/Login/Input Email

2023-07-03 17:41:32 - [TEST_STEP][PASSED] - setText(findTestObject("Login/input_Email"), email): Text 'group1qatest@mytestmail.net' is set on object 'Object Repository/Login/input_Email'

2023-07-03 17:41:32 - [MESSAGE][PASSED] - Text 'group1qatest@mytestmail.net' is set on object 'Object Repository/Login/input_Email'

2023-07-03 17:41:32 - [MESSAGE][PASSED] - Call Test Case 'Test Cases/Pages/Login/Input Email' successfully

2023-07-03 17:41:32 - [TEST_STEP][PASSED] - callTestCase(findTestCase("Pages/Login/Input Password"), ["password":password], STOP_ON_FAILURE): Call Test Case 'Test Cases/Pages/Login/Input Password' successfully

2023-07-03 17:41:32 - [TEST_CASE][PASSED] - Test Cases/Pages/Login/Input Password: Test Cases/Pages/Login/Input Password

2023-07-03 17:41:32 - [TEST_STEP][PASSED] - setText(findTestObject("Login/input_Password"), password): Text 'abc!12345' is set on object 'Object Repository/Login/input_Password'

2023-07-03 17:41:33 - [MESSAGE][PASSED] - Text 'abc!12345' is set on object 'Object Repository/Login/input_Password'

2023-07-03 17:41:33 - [MESSAGE][PASSED] - Call Test Case 'Test Cases/Pages/Login/Input Password' successfully

2023-07-03 17:41:33 - [TEST_STEP][PASSED] - callTestCase(findTestCase("Pages/Login/Click Button Masuk"), [:], STOP_ON_FAILURE): Call Test Case 'Test Cases/Pages/Login/Click Button Masuk' successfully

2023-07-03 17:41:33 - [TEST_CASE][PASSED] - Test Cases/Pages/Login/Click Button Masuk: Test Cases/Pages/Login/Click Button Masuk

2023-07-03 17:41:33 - [TEST_STEP][PASSED] - click(findTestObject("Login/button_Masuk")): Object: 'Object Repository/Login/button_Masuk' is clicked on

2023-07-03 17:41:34 - [MESSAGE][PASSED] - Object: 'Object Repository/Login/button_Masuk' is clicked on

2023-07-03 17:41:34 - [TEST_STEP][PASSED] - waitForPageLoad(5): Wait for page load successfully

2023-07-03 17:41:34 - [MESSAGE][PASSED] - Wait for page load successfully

2023-07-03 17:41:34 - [MESSAGE][PASSED] - Call Test Case 'Test Cases/Pages/Login/Click Button Masuk' successfully

2023-07-03 17:41:34 - [TEST_STEP][PASSED] - callTestCase(findTestCase("Pages/Homepage/Click Jual Floating Button"), [:], STOP_ON_FAILURE): Call Test Case 'Test Cases/Pages/Homepage/Click Jual Floating Button' successfully

2023-07-03 17:41:34 - [TEST_CASE][PASSED] - Test Cases/Pages/Homepage/Click Jual Floating Button: Test Cases/Pages/Homepage/Click Jual Floating Button

2023-07-03 17:41:34 - [TEST_STEP][PASSED] - click(findTestObject("Homepage/a_Button Jual")): Object: 'Object Repository/Homepage/a_Button Jual' is clicked on

2023-07-03 17:41:35 - [MESSAGE][PASSED] - Object: 'Object Repository/Homepage/a_Button Jual' is clicked on

2023-07-03 17:41:35 - [MESSAGE][PASSED] - Call Test Case 'Test Cases/Pages/Homepage/Click Jual Floating Button' successfully

2023-07-03 17:41:35 - [TEST_STEP][PASSED] - callTestCase(findTestCase("Pages/Add Product/Verify Add Product Form"), [:], STOP_ON_FAILURE): Call Test Case 'Test Cases/Pages/Add Product/Verify Add Product Form' successfully

2023-07-03 17:41:35 - [TEST_CASE][PASSED] - Test Cases/Pages/Add Product/Verify Add Product Form: Test Cases/Pages/Add Product/Verify Add Product Form

2023-07-03 17:41:36 - [TEST_STEP][PASSED] - verifyElementPresent(findTestObject("Products/Add Product Page/input_Nama Produk"), 0): Object 'Object Repository/Products/Add Product Page/input_Nama Produk' is present

2023-07-03 17:41:36 - [MESSAGE][WARNING] - Timeout '0' is invalid. Using default page load timeout: '30'

2023-07-03 17:41:36 - [MESSAGE][PASSED] - Object 'Object Repository/Products/Add Product Page/input_Nama Produk' is present

2023-07-03 17:41:36 - [TEST_STEP][PASSED] - verifyElementPresent(findTestObject("Products/Add Product Page/input_Harga Produk"), 0): Object 'Object Repository/Products/Add Product Page/input_Harga Produk' is present

2023-07-03 17:41:36 - [MESSAGE][WARNING] - Timeout '0' is invalid. Using default page load timeout: '30'

2023-07-03 17:41:36 - [MESSAGE][PASSED] - Object 'Object Repository/Products/Add Product Page/input_Harga Produk' is present

2023-07-03 17:41:36 - [TEST_STEP][PASSED] - verifyElementPresent(findTestObject("Products/Add Product Page/select_Kategori"), 0): Object 'Object Repository/Products/Add Product Page/select_Kategori' is present

2023-07-03 17:41:36 - [MESSAGE][WARNING] - Timeout '0' is invalid. Using default page load timeout: '30'

2023-07-03 17:41:37 - [MESSAGE][PASSED] - Object 'Object Repository/Products/Add Product Page/select_Kategori' is present

2023-07-03 17:41:37 - [TEST_STEP][PASSED] - verifyElementPresent(findTestObject("Products/Add Product Page/textarea_Deskripsi"), 0): Object 'Object Repository/Products/Add Product Page/textarea_Deskripsi' is present

2023-07-03 17:41:37 - [MESSAGE][WARNING] - Timeout '0' is invalid. Using default page load timeout: '30'

2023-07-03 17:41:37 - [MESSAGE][PASSED] - Object 'Object Repository/Products/Add Product Page/textarea_Deskripsi' is present

2023-07-03 17:41:37 - [TEST_STEP][PASSED] - verifyElementPresent(findTestObject("Products/Add Product Page/input_Gambar Produk"), 0): Object 'Object Repository/Products/Add Product Page/input_Gambar Produk' is present

2023-07-03 17:41:37 - [MESSAGE][WARNING] - Timeout '0' is invalid. Using default page load timeout: '30'

2023-07-03 17:41:37 - [MESSAGE][PASSED] - Object 'Object Repository/Products/Add Product Page/input_Gambar Produk' is present

2023-07-03 17:41:37 - [TEST_STEP][PASSED] - verifyElementPresent(findTestObject("Products/Add Product Page/label_Button Terbitkan"), 0): Object 'Object Repository/Products/Add Product Page/label_Button Terbitkan' is present

2023-07-03 17:41:37 - [MESSAGE][WARNING] - Timeout '0' is invalid. Using default page load timeout: '30'

2023-07-03 17:41:38 - [MESSAGE][PASSED] - Object 'Object Repository/Products/Add Product Page/label_Button Terbitkan' is present

2023-07-03 17:41:38 - [MESSAGE][PASSED] - Call Test Case 'Test Cases/Pages/Add Product/Verify Add Product Form' successfully

2023-07-03 17:41:38 - [TEST_STEP][PASSED] - callTestCase(findTestCase("Pages/Add Product/Input Nama Produk"), ["namaProduk":"Produk A"], STOP_ON_FAILURE): Call Test Case 'Test Cases/Pages/Add Product/Input Nama Produk' successfully

2023-07-03 17:41:38 - [TEST_CASE][PASSED] - Test Cases/Pages/Add Product/Input Nama Produk: Test Cases/Pages/Add Product/Input Nama Produk

2023-07-03 17:41:38 - [TEST_STEP][PASSED] - setText(findTestObject("Products/Add Product Page/input_Nama Produk"), namaProduk): Text 'Produk A' is set on object 'Object Repository/Products/Add Product Page/input_Nama Produk'

2023-07-03 17:41:38 - [MESSAGE][PASSED] - Text 'Produk A' is set on object 'Object Repository/Products/Add Product Page/input_Nama Produk'

2023-07-03 17:41:38 - [MESSAGE][PASSED] - Call Test Case 'Test Cases/Pages/Add Product/Input Nama Produk' successfully

2023-07-03 17:41:38 - [TEST_STEP][PASSED] - callTestCase(findTestCase("Pages/Add Product/Input Harga Produk"), ["hargaProduk":"100000"], STOP_ON_FAILURE): Call Test Case 'Test Cases/Pages/Add Product/Input Harga Produk' successfully

2023-07-03 17:41:38 - [TEST_CASE][PASSED] - Test Cases/Pages/Add Product/Input Harga Produk: Test Cases/Pages/Add Product/Input Harga Produk

2023-07-03 17:41:39 - [TEST_STEP][PASSED] - setText(findTestObject("Products/Add Product Page/input_Harga Produk"), hargaProduk): Text '100000' is set on object 'Object Repository/Products/Add Product Page/input_Harga Produk'

2023-07-03 17:41:39 - [MESSAGE][PASSED] - Text '100000' is set on object 'Object Repository/Products/Add Product Page/input_Harga Produk'

2023-07-03 17:41:39 - [MESSAGE][PASSED] - Call Test Case 'Test Cases/Pages/Add Product/Input Harga Produk' successfully

2023-07-03 17:41:39 - [TEST_STEP][PASSED] - callTestCase(findTestCase("Pages/Add Product/Input Kategori Produk"), ["kategoriProduk":"Kesehatan"], STOP_ON_FAILURE): Call Test Case 'Test Cases/Pages/Add Product/Input Kategori Produk' successfully

2023-07-03 17:41:39 - [TEST_CASE][PASSED] - Test Cases/Pages/Add Product/Input Kategori Produk: Test Cases/Pages/Add Product/Input Kategori Produk

2023-07-03 17:41:39 - [TEST_STEP][PASSED] - selectOptionByLabel(findTestObject("Products/Add Product Page/select_Kategori"), kategoriProduk, false): All options with label 'Kesehatan' are selected in object 'Object Repository/Products/Add Product Page/select_Kategori' 

2023-07-03 17:41:40 - [MESSAGE][PASSED] - All options with label 'Kesehatan' are selected in object 'Object Repository/Products/Add Product Page/select_Kategori' 

2023-07-03 17:41:40 - [MESSAGE][PASSED] - Call Test Case 'Test Cases/Pages/Add Product/Input Kategori Produk' successfully

2023-07-03 17:41:40 - [TEST_STEP][PASSED] - callTestCase(findTestCase("Pages/Add Product/Input Deskripsi Produk"), ["deskripsiProduk":"Deskripsi Produk A"], STOP_ON_FAILURE): Call Test Case 'Test Cases/Pages/Add Product/Input Deskripsi Produk' successfully

2023-07-03 17:41:40 - [TEST_CASE][PASSED] - Test Cases/Pages/Add Product/Input Deskripsi Produk: Test Cases/Pages/Add Product/Input Deskripsi Produk

2023-07-03 17:41:40 - [TEST_STEP][PASSED] - setText(findTestObject("Products/Add Product Page/textarea_Deskripsi"), deskripsiProduk): Text 'Deskripsi Produk A' is set on object 'Object Repository/Products/Add Product Page/textarea_Deskripsi'

2023-07-03 17:41:41 - [MESSAGE][PASSED] - Text 'Deskripsi Produk A' is set on object 'Object Repository/Products/Add Product Page/textarea_Deskripsi'

2023-07-03 17:41:41 - [MESSAGE][PASSED] - Call Test Case 'Test Cases/Pages/Add Product/Input Deskripsi Produk' successfully

2023-07-03 17:41:41 - [TEST_STEP][PASSED] - callTestCase(findTestCase("Pages/Add Product/Input Gambar Produk"), ["pathToFile":System.getProperty("user.dir") + "\Data Files\ImageForTest\binar.jpg"], STOP_ON_FAILURE): Call Test Case 'Test Cases/Pages/Add Product/Input Gambar Produk' successfully

2023-07-03 17:41:41 - [TEST_CASE][PASSED] - Test Cases/Pages/Add Product/Input Gambar Produk: Test Cases/Pages/Add Product/Input Gambar Produk

2023-07-03 17:41:41 - [TEST_STEP][PASSED] - uploadFile(findTestObject("Products/Add Product Page/input_Gambar Produk"), pathToFile): File 'E:\GitRepo\Katalon\binarqa-group1-web\Data Files\ImageForTest\binar.jpg' sent to object: 'Object Repository/Products/Add Product Page/input_Gambar Produk'

2023-07-03 17:41:41 - [MESSAGE][PASSED] - File 'E:\GitRepo\Katalon\binarqa-group1-web\Data Files\ImageForTest\binar.jpg' sent to object: 'Object Repository/Products/Add Product Page/input_Gambar Produk'

2023-07-03 17:41:41 - [MESSAGE][PASSED] - Call Test Case 'Test Cases/Pages/Add Product/Input Gambar Produk' successfully

2023-07-03 17:41:41 - [TEST_STEP][PASSED] - callTestCase(findTestCase("Pages/Add Product/Input Gambar Produk"), ["pathToFile":System.getProperty("user.dir") + "\Data Files\ImageForTest\lemari_imut.jpg"], STOP_ON_FAILURE): Call Test Case 'Test Cases/Pages/Add Product/Input Gambar Produk' successfully

2023-07-03 17:41:41 - [TEST_CASE][PASSED] - Test Cases/Pages/Add Product/Input Gambar Produk: Test Cases/Pages/Add Product/Input Gambar Produk

2023-07-03 17:41:41 - [TEST_STEP][PASSED] - uploadFile(findTestObject("Products/Add Product Page/input_Gambar Produk"), pathToFile): File 'E:\GitRepo\Katalon\binarqa-group1-web\Data Files\ImageForTest\lemari_imut.jpg' sent to object: 'Object Repository/Products/Add Product Page/input_Gambar Produk'

2023-07-03 17:41:42 - [MESSAGE][PASSED] - File 'E:\GitRepo\Katalon\binarqa-group1-web\Data Files\ImageForTest\lemari_imut.jpg' sent to object: 'Object Repository/Products/Add Product Page/input_Gambar Produk'

2023-07-03 17:41:42 - [MESSAGE][PASSED] - Call Test Case 'Test Cases/Pages/Add Product/Input Gambar Produk' successfully

2023-07-03 17:41:42 - [TEST_STEP][PASSED] - callTestCase(findTestCase("Pages/Add Product/Click Terbitkan Button"), [:], STOP_ON_FAILURE): Call Test Case 'Test Cases/Pages/Add Product/Click Terbitkan Button' successfully

2023-07-03 17:41:42 - [TEST_CASE][PASSED] - Test Cases/Pages/Add Product/Click Terbitkan Button: Test Cases/Pages/Add Product/Click Terbitkan Button

2023-07-03 17:41:42 - [TEST_STEP][PASSED] - click(findTestObject("Products/Add Product Page/label_Button Terbitkan")): Object: 'Object Repository/Products/Add Product Page/label_Button Terbitkan' is clicked on

2023-07-03 17:41:49 - [MESSAGE][PASSED] - Object: 'Object Repository/Products/Add Product Page/label_Button Terbitkan' is clicked on

2023-07-03 17:41:49 - [MESSAGE][PASSED] - Call Test Case 'Test Cases/Pages/Add Product/Click Terbitkan Button' successfully

2023-07-03 17:41:49 - [TEST_STEP][PASSED] - callTestCase(findTestCase("Pages/Add Product/Verify Success Add Product"), ["namaProduk":"Produk A", "hargaProduk":"Rp 100.000", "kategoriProduk":"Kesehatan", "deskripsiProduk":"Deskripsi Produk A"], STOP_ON_FAILURE): Call Test Case 'Test Cases/Pages/Add Product/Verify Success Add Product' successfully

2023-07-03 17:41:49 - [TEST_CASE][PASSED] - Test Cases/Pages/Add Product/Verify Success Add Product: Test Cases/Pages/Add Product/Verify Success Add Product

2023-07-03 17:41:49 - [TEST_STEP][PASSED] - waitForElementPresent(findTestObject("Products/Product Detail Page/h5_Nama Produk"), 0): Object 'Object Repository/Products/Product Detail Page/h5_Nama Produk' is present

2023-07-03 17:41:50 - [MESSAGE][WARNING] - Timeout '0' is invalid. Using default page load timeout: '30'

2023-07-03 17:41:50 - [MESSAGE][PASSED] - Object 'Object Repository/Products/Product Detail Page/h5_Nama Produk' is present

2023-07-03 17:41:50 - [TEST_STEP][PASSED] - waitForElementPresent(findTestObject("Products/Product Detail Page/p_Kategori Produk"), 0): Object 'Object Repository/Products/Product Detail Page/p_Kategori Produk' is present

2023-07-03 17:41:50 - [MESSAGE][WARNING] - Timeout '0' is invalid. Using default page load timeout: '30'

2023-07-03 17:41:50 - [MESSAGE][PASSED] - Object 'Object Repository/Products/Product Detail Page/p_Kategori Produk' is present

2023-07-03 17:41:50 - [TEST_STEP][PASSED] - waitForElementPresent(findTestObject("Products/Product Detail Page/p_Harga Produk"), 0): Object 'Object Repository/Products/Product Detail Page/p_Harga Produk' is present

2023-07-03 17:41:50 - [MESSAGE][WARNING] - Timeout '0' is invalid. Using default page load timeout: '30'

2023-07-03 17:41:50 - [MESSAGE][PASSED] - Object 'Object Repository/Products/Product Detail Page/p_Harga Produk' is present

2023-07-03 17:41:50 - [TEST_STEP][PASSED] - waitForElementPresent(findTestObject("Products/Product Detail Page/p_Deskripsi Produk"), 0): Object 'Object Repository/Products/Product Detail Page/p_Deskripsi Produk' is present

2023-07-03 17:41:50 - [MESSAGE][WARNING] - Timeout '0' is invalid. Using default page load timeout: '30'

2023-07-03 17:41:51 - [MESSAGE][PASSED] - Object 'Object Repository/Products/Product Detail Page/p_Deskripsi Produk' is present

2023-07-03 17:41:51 - [TEST_STEP][PASSED] - verifyMatch(getText(findTestObject("Products/Product Detail Page/h5_Nama Produk"), STOP_ON_FAILURE), namaProduk, false): Actual text 'Produk A' and expected text 'Produk A' are matched 

2023-07-03 17:41:51 - [MESSAGE][PASSED] - Text of object 'Object Repository/Products/Product Detail Page/h5_Nama Produk' is: 'Produk A'

2023-07-03 17:41:51 - [MESSAGE][PASSED] - Actual text 'Produk A' and expected text 'Produk A' are matched 

2023-07-03 17:41:51 - [TEST_STEP][PASSED] - verifyMatch(getText(findTestObject("Products/Product Detail Page/p_Kategori Produk"), STOP_ON_FAILURE), kategoriProduk, false): Actual text 'Kesehatan' and expected text 'Kesehatan' are matched 

2023-07-03 17:41:51 - [MESSAGE][PASSED] - Text of object 'Object Repository/Products/Product Detail Page/p_Kategori Produk' is: 'Kesehatan'

2023-07-03 17:41:51 - [MESSAGE][PASSED] - Actual text 'Kesehatan' and expected text 'Kesehatan' are matched 

2023-07-03 17:41:51 - [TEST_STEP][PASSED] - verifyMatch(getText(findTestObject("Products/Product Detail Page/p_Harga Produk"), STOP_ON_FAILURE), hargaProduk, false): Actual text 'Rp 100.000' and expected text 'Rp 100.000' are matched 

2023-07-03 17:41:52 - [MESSAGE][PASSED] - Text of object 'Object Repository/Products/Product Detail Page/p_Harga Produk' is: 'Rp 100.000'

2023-07-03 17:41:52 - [MESSAGE][PASSED] - Actual text 'Rp 100.000' and expected text 'Rp 100.000' are matched 

2023-07-03 17:41:52 - [TEST_STEP][PASSED] - verifyMatch(getText(findTestObject("Products/Product Detail Page/p_Deskripsi Produk"), STOP_ON_FAILURE), deskripsiProduk, false): Actual text 'Deskripsi Produk A' and expected text 'Deskripsi Produk A' are matched 

2023-07-03 17:41:52 - [MESSAGE][PASSED] - Text of object 'Object Repository/Products/Product Detail Page/p_Deskripsi Produk' is: 'Deskripsi Produk A'

2023-07-03 17:41:52 - [MESSAGE][PASSED] - Actual text 'Deskripsi Produk A' and expected text 'Deskripsi Produk A' are matched 

2023-07-03 17:41:52 - [MESSAGE][PASSED] - Call Test Case 'Test Cases/Pages/Add Product/Verify Success Add Product' successfully

2023-07-03 17:41:52 - [TEST_STEP][PASSED] - Start listener action : AfterTestCase: Browser is closed

2023-07-03 17:41:52 - [TEST_STEP][PASSED] - logInfo("Test Case: " + testCaseContext.getTestCaseId() + " | " + testCaseContext.getTestCaseStatus()): Test Case: Test Cases/Step Definition/Feature Add Product/ADDP02 - Add Product with Multiple Image | PASSED

2023-07-03 17:41:52 - [MESSAGE][INFO] - Test Case: Test Cases/Step Definition/Feature Add Product/ADDP02 - Add Product with Multiple Image | PASSED

2023-07-03 17:41:52 - [TEST_STEP][PASSED] - closeBrowser(): null

2023-07-03 17:41:52 - [TEST_STEP][PASSED] - closeBrowser(): Browser is closed

2023-07-03 17:41:52 - [MESSAGE][PASSED] - Browser is closed]]></system-out>
         <system-err><![CDATA[]]></system-err>
      </testcase>
      <testcase name="Test Cases/Step Definition/Feature Edit Product/EDP01 - Edit Product with Valid Data" time="22.92" classname="Test Cases/Step Definition/Feature Edit Product/EDP01 - Edit Product with Valid Data" status="PASSED">
         <system-out><![CDATA[2023-07-03 17:41:52 - [TEST_CASE][PASSED] - Test Cases/Step Definition/Feature Edit Product/EDP01 - Edit Product with Valid Data: Test Cases/Step Definition/Feature Edit Product/EDP01 - Edit Product with Valid Data

2023-07-03 17:41:52 - [TEST_STEP][PASSED] - Start listener action : BeforeTestCase: Current window maximized

2023-07-03 17:41:52 - [TEST_STEP][PASSED] - logInfo("Test Case: " + testCaseContext.getTestCaseId()): Test Case: Test Cases/Step Definition/Feature Edit Product/EDP01 - Edit Product with Valid Data

2023-07-03 17:41:52 - [MESSAGE][INFO] - Test Case: Test Cases/Step Definition/Feature Edit Product/EDP01 - Edit Product with Valid Data

2023-07-03 17:41:52 - [TEST_STEP][PASSED] - openBrowser(): null

2023-07-03 17:41:52 - [TEST_STEP][PASSED] - openBrowser("https://secondhand.binaracademy.org/"): Browser is opened with url: 'https://secondhand.binaracademy.org/'

2023-07-03 17:41:52 - [MESSAGE][INFO] - Starting 'Chrome' driver

2023-07-03 17:41:52 - [MESSAGE][INFO] - Action delay is set to 0 milliseconds

2023-07-03 17:41:55 - [MESSAGE][PASSED] - Browser is opened with url: 'https://secondhand.binaracademy.org/'

2023-07-03 17:41:55 - [TEST_STEP][PASSED] - maximizeWindow(): Current window maximized

2023-07-03 17:41:56 - [MESSAGE][PASSED] - Current window maximized

2023-07-03 17:41:56 - [TEST_STEP][PASSED] - callTestCase(findTestCase("Pages/Homepage/Click Masuk from homepage"), [:], STOP_ON_FAILURE): Call Test Case 'Test Cases/Pages/Homepage/Click Masuk from homepage' successfully

2023-07-03 17:41:56 - [TEST_CASE][PASSED] - Test Cases/Pages/Homepage/Click Masuk from homepage: Test Cases/Pages/Homepage/Click Masuk from homepage

2023-07-03 17:41:56 - [TEST_STEP][PASSED] - click(findTestObject("Navbar/a_Masuk")): Object: 'Object Repository/Navbar/a_Masuk' is clicked on

2023-07-03 17:41:56 - [MESSAGE][PASSED] - Object: 'Object Repository/Navbar/a_Masuk' is clicked on

2023-07-03 17:41:56 - [MESSAGE][PASSED] - Call Test Case 'Test Cases/Pages/Homepage/Click Masuk from homepage' successfully

2023-07-03 17:41:56 - [TEST_STEP][PASSED] - callTestCase(findTestCase("Pages/Login/Input Email"), ["email":email], STOP_ON_FAILURE): Call Test Case 'Test Cases/Pages/Login/Input Email' successfully

2023-07-03 17:41:56 - [TEST_CASE][PASSED] - Test Cases/Pages/Login/Input Email: Test Cases/Pages/Login/Input Email

2023-07-03 17:41:56 - [TEST_STEP][PASSED] - setText(findTestObject("Login/input_Email"), email): Text 'group1qatest@mytestmail.net' is set on object 'Object Repository/Login/input_Email'

2023-07-03 17:41:57 - [MESSAGE][PASSED] - Text 'group1qatest@mytestmail.net' is set on object 'Object Repository/Login/input_Email'

2023-07-03 17:41:57 - [MESSAGE][PASSED] - Call Test Case 'Test Cases/Pages/Login/Input Email' successfully

2023-07-03 17:41:57 - [TEST_STEP][PASSED] - callTestCase(findTestCase("Pages/Login/Input Password"), ["password":password], STOP_ON_FAILURE): Call Test Case 'Test Cases/Pages/Login/Input Password' successfully

2023-07-03 17:41:57 - [TEST_CASE][PASSED] - Test Cases/Pages/Login/Input Password: Test Cases/Pages/Login/Input Password

2023-07-03 17:41:57 - [TEST_STEP][PASSED] - setText(findTestObject("Login/input_Password"), password): Text 'abc!12345' is set on object 'Object Repository/Login/input_Password'

2023-07-03 17:41:58 - [MESSAGE][PASSED] - Text 'abc!12345' is set on object 'Object Repository/Login/input_Password'

2023-07-03 17:41:58 - [MESSAGE][PASSED] - Call Test Case 'Test Cases/Pages/Login/Input Password' successfully

2023-07-03 17:41:58 - [TEST_STEP][PASSED] - callTestCase(findTestCase("Pages/Login/Click Button Masuk"), [:], STOP_ON_FAILURE): Call Test Case 'Test Cases/Pages/Login/Click Button Masuk' successfully

2023-07-03 17:41:58 - [TEST_CASE][PASSED] - Test Cases/Pages/Login/Click Button Masuk: Test Cases/Pages/Login/Click Button Masuk

2023-07-03 17:41:58 - [TEST_STEP][PASSED] - click(findTestObject("Login/button_Masuk")): Object: 'Object Repository/Login/button_Masuk' is clicked on

2023-07-03 17:41:58 - [MESSAGE][PASSED] - Object: 'Object Repository/Login/button_Masuk' is clicked on

2023-07-03 17:41:58 - [TEST_STEP][PASSED] - waitForPageLoad(5): Wait for page load successfully

2023-07-03 17:41:58 - [MESSAGE][PASSED] - Wait for page load successfully

2023-07-03 17:41:58 - [MESSAGE][PASSED] - Call Test Case 'Test Cases/Pages/Login/Click Button Masuk' successfully

2023-07-03 17:41:58 - [TEST_STEP][PASSED] - callTestCase(findTestCase("Pages/Daftar Jual Saya/Click Product List Icon"), [:], STOP_ON_FAILURE): Call Test Case 'Test Cases/Pages/Daftar Jual Saya/Click Product List Icon' successfully

2023-07-03 17:41:58 - [TEST_CASE][PASSED] - Test Cases/Pages/Daftar Jual Saya/Click Product List Icon: Test Cases/Pages/Daftar Jual Saya/Click Product List Icon

2023-07-03 17:41:59 - [TEST_STEP][PASSED] - click(findTestObject("Navbar/a_Produk Saya Icon")): Object: 'Object Repository/Navbar/a_Produk Saya Icon' is clicked on

2023-07-03 17:42:00 - [MESSAGE][PASSED] - Object: 'Object Repository/Navbar/a_Produk Saya Icon' is clicked on

2023-07-03 17:42:00 - [MESSAGE][PASSED] - Call Test Case 'Test Cases/Pages/Daftar Jual Saya/Click Product List Icon' successfully

2023-07-03 17:42:00 - [TEST_STEP][PASSED] - callTestCase(findTestCase("Pages/Edit Product/Click Product Card in Daftar Jual Saya"), [:], STOP_ON_FAILURE): Call Test Case 'Test Cases/Pages/Edit Product/Click Product Card in Daftar Jual Saya' successfully

2023-07-03 17:42:00 - [TEST_CASE][PASSED] - Test Cases/Pages/Edit Product/Click Product Card in Daftar Jual Saya: Test Cases/Pages/Edit Product/Click Product Card in Daftar Jual Saya

2023-07-03 17:42:00 - [TEST_STEP][PASSED] - click(findTestObject("Daftar Jual Saya/div_ProductCard")): Object: 'Object Repository/Daftar Jual Saya/div_ProductCard' is clicked on

2023-07-03 17:42:01 - [MESSAGE][PASSED] - Object: 'Object Repository/Daftar Jual Saya/div_ProductCard' is clicked on

2023-07-03 17:42:01 - [MESSAGE][PASSED] - Call Test Case 'Test Cases/Pages/Edit Product/Click Product Card in Daftar Jual Saya' successfully

2023-07-03 17:42:01 - [TEST_STEP][PASSED] - callTestCase(findTestCase("Pages/Product Detail/Click Button Edit"), [:], STOP_ON_FAILURE): Call Test Case 'Test Cases/Pages/Product Detail/Click Button Edit' successfully

2023-07-03 17:42:01 - [TEST_CASE][PASSED] - Test Cases/Pages/Product Detail/Click Button Edit: Test Cases/Pages/Product Detail/Click Button Edit

2023-07-03 17:42:01 - [TEST_STEP][PASSED] - click(findTestObject("Products/Product Detail Page/a_Button Edit")): Object: 'Object Repository/Products/Product Detail Page/a_Button Edit' is clicked on

2023-07-03 17:42:02 - [MESSAGE][PASSED] - Object: 'Object Repository/Products/Product Detail Page/a_Button Edit' is clicked on

2023-07-03 17:42:02 - [MESSAGE][PASSED] - Call Test Case 'Test Cases/Pages/Product Detail/Click Button Edit' successfully

2023-07-03 17:42:02 - [TEST_STEP][PASSED] - callTestCase(findTestCase("Pages/Edit Product/Edit Nama Produk Field"), ["namaProduk":"Tambahan"], STOP_ON_FAILURE): Call Test Case 'Test Cases/Pages/Edit Product/Edit Nama Produk Field' successfully

2023-07-03 17:42:02 - [TEST_CASE][PASSED] - Test Cases/Pages/Edit Product/Edit Nama Produk Field: Test Cases/Pages/Edit Product/Edit Nama Produk Field

2023-07-03 17:42:02 - [TEST_STEP][PASSED] - setText(findTestObject("Products/Add Product Page/input_Nama Produk"), getAttribute(findTestObject("Products/Add Product Page/input_Nama Produk"), "value") + " " + namaProduk): Text 'Produk A Tambahan' is set on object 'Object Repository/Products/Add Product Page/input_Nama Produk'

2023-07-03 17:42:03 - [MESSAGE][PASSED] - Attribute 'value' of object 'Object Repository/Products/Add Product Page/input_Nama Produk' is: 'Produk A'

2023-07-03 17:42:04 - [MESSAGE][PASSED] - Text 'Produk A Tambahan' is set on object 'Object Repository/Products/Add Product Page/input_Nama Produk'

2023-07-03 17:42:04 - [MESSAGE][PASSED] - Call Test Case 'Test Cases/Pages/Edit Product/Edit Nama Produk Field' successfully

2023-07-03 17:42:04 - [TEST_STEP][PASSED] - callTestCase(findTestCase("Pages/Edit Product/Edit Harga Produk Field"), ["hargaProduk":"250000"], STOP_ON_FAILURE): Call Test Case 'Test Cases/Pages/Edit Product/Edit Harga Produk Field' successfully

2023-07-03 17:42:04 - [TEST_CASE][PASSED] - Test Cases/Pages/Edit Product/Edit Harga Produk Field: Test Cases/Pages/Edit Product/Edit Harga Produk Field

2023-07-03 17:42:04 - [TEST_STEP][PASSED] - setText(findTestObject("Products/Add Product Page/input_Harga Produk"), hargaProduk): Text '250000' is set on object 'Object Repository/Products/Add Product Page/input_Harga Produk'

2023-07-03 17:42:05 - [MESSAGE][PASSED] - Text '250000' is set on object 'Object Repository/Products/Add Product Page/input_Harga Produk'

2023-07-03 17:42:05 - [MESSAGE][PASSED] - Call Test Case 'Test Cases/Pages/Edit Product/Edit Harga Produk Field' successfully

2023-07-03 17:42:05 - [TEST_STEP][PASSED] - callTestCase(findTestCase("Pages/Edit Product/Edit Kategori Field"), ["kategoriProduk":"Kesehatan"], STOP_ON_FAILURE): Call Test Case 'Test Cases/Pages/Edit Product/Edit Kategori Field' successfully

2023-07-03 17:42:05 - [TEST_CASE][PASSED] - Test Cases/Pages/Edit Product/Edit Kategori Field: Test Cases/Pages/Edit Product/Edit Kategori Field

2023-07-03 17:42:05 - [TEST_STEP][PASSED] - selectOptionByLabel(findTestObject("Products/Add Product Page/select_Kategori"), kategoriProduk, false): All options with label 'Kesehatan' are selected in object 'Object Repository/Products/Add Product Page/select_Kategori' 

2023-07-03 17:42:06 - [MESSAGE][PASSED] - All options with label 'Kesehatan' are selected in object 'Object Repository/Products/Add Product Page/select_Kategori' 

2023-07-03 17:42:06 - [MESSAGE][PASSED] - Call Test Case 'Test Cases/Pages/Edit Product/Edit Kategori Field' successfully

2023-07-03 17:42:06 - [TEST_STEP][PASSED] - callTestCase(findTestCase("Pages/Edit Product/Edit Deskripsi Field"), ["deskripsiProduk":"Tambahan"], STOP_ON_FAILURE): Call Test Case 'Test Cases/Pages/Edit Product/Edit Deskripsi Field' successfully

2023-07-03 17:42:06 - [TEST_CASE][PASSED] - Test Cases/Pages/Edit Product/Edit Deskripsi Field: Test Cases/Pages/Edit Product/Edit Deskripsi Field

2023-07-03 17:42:06 - [TEST_STEP][PASSED] - setText(findTestObject("Products/Add Product Page/textarea_Deskripsi"), getText(findTestObject("Products/Add Product Page/textarea_Deskripsi")) + " " + deskripsiProduk): Text 'Deskripsi Produk A Tambahan' is set on object 'Object Repository/Products/Add Product Page/textarea_Deskripsi'

2023-07-03 17:42:06 - [MESSAGE][PASSED] - Text of object 'Object Repository/Products/Add Product Page/textarea_Deskripsi' is: 'Deskripsi Produk A'

2023-07-03 17:42:07 - [MESSAGE][PASSED] - Text 'Deskripsi Produk A Tambahan' is set on object 'Object Repository/Products/Add Product Page/textarea_Deskripsi'

2023-07-03 17:42:07 - [MESSAGE][PASSED] - Call Test Case 'Test Cases/Pages/Edit Product/Edit Deskripsi Field' successfully

2023-07-03 17:42:07 - [TEST_STEP][PASSED] - callTestCase(findTestCase("Pages/Add Product/Click Terbitkan Button"), [:], STOP_ON_FAILURE): Call Test Case 'Test Cases/Pages/Add Product/Click Terbitkan Button' successfully

2023-07-03 17:42:07 - [TEST_CASE][PASSED] - Test Cases/Pages/Add Product/Click Terbitkan Button: Test Cases/Pages/Add Product/Click Terbitkan Button

2023-07-03 17:42:07 - [TEST_STEP][PASSED] - click(findTestObject("Products/Add Product Page/label_Button Terbitkan")): Object: 'Object Repository/Products/Add Product Page/label_Button Terbitkan' is clicked on

2023-07-03 17:42:12 - [MESSAGE][PASSED] - Object: 'Object Repository/Products/Add Product Page/label_Button Terbitkan' is clicked on

2023-07-03 17:42:12 - [MESSAGE][PASSED] - Call Test Case 'Test Cases/Pages/Add Product/Click Terbitkan Button' successfully

2023-07-03 17:42:12 - [TEST_STEP][PASSED] - callTestCase(findTestCase("Pages/Edit Product/Verify Success Edit Product"), ["namaProduk":"Tambahan", "hargaProduk":"Rp 250.000", "kategoriProduk":"Kesehatan", "deskripsiProduk":"Tambahan"], STOP_ON_FAILURE): Call Test Case 'Test Cases/Pages/Edit Product/Verify Success Edit Product' successfully

2023-07-03 17:42:12 - [TEST_CASE][PASSED] - Test Cases/Pages/Edit Product/Verify Success Edit Product: Test Cases/Pages/Edit Product/Verify Success Edit Product

2023-07-03 17:42:12 - [TEST_STEP][PASSED] - waitForElementPresent(findTestObject("Products/Product Detail Page/h5_Nama Produk"), 0): Object 'Object Repository/Products/Product Detail Page/h5_Nama Produk' is present

2023-07-03 17:42:12 - [MESSAGE][WARNING] - Timeout '0' is invalid. Using default page load timeout: '30'

2023-07-03 17:42:13 - [MESSAGE][PASSED] - Object 'Object Repository/Products/Product Detail Page/h5_Nama Produk' is present

2023-07-03 17:42:13 - [TEST_STEP][PASSED] - waitForElementPresent(findTestObject("Products/Product Detail Page/p_Kategori Produk"), 0): Object 'Object Repository/Products/Product Detail Page/p_Kategori Produk' is present

2023-07-03 17:42:13 - [MESSAGE][WARNING] - Timeout '0' is invalid. Using default page load timeout: '30'

2023-07-03 17:42:13 - [MESSAGE][PASSED] - Object 'Object Repository/Products/Product Detail Page/p_Kategori Produk' is present

2023-07-03 17:42:13 - [TEST_STEP][PASSED] - waitForElementPresent(findTestObject("Products/Product Detail Page/p_Harga Produk"), 0): Object 'Object Repository/Products/Product Detail Page/p_Harga Produk' is present

2023-07-03 17:42:13 - [MESSAGE][WARNING] - Timeout '0' is invalid. Using default page load timeout: '30'

2023-07-03 17:42:13 - [MESSAGE][PASSED] - Object 'Object Repository/Products/Product Detail Page/p_Harga Produk' is present

2023-07-03 17:42:13 - [TEST_STEP][PASSED] - waitForElementPresent(findTestObject("Products/Product Detail Page/p_Deskripsi Produk"), 0): Object 'Object Repository/Products/Product Detail Page/p_Deskripsi Produk' is present

2023-07-03 17:42:13 - [MESSAGE][WARNING] - Timeout '0' is invalid. Using default page load timeout: '30'

2023-07-03 17:42:13 - [MESSAGE][PASSED] - Object 'Object Repository/Products/Product Detail Page/p_Deskripsi Produk' is present

2023-07-03 17:42:13 - [TEST_STEP][PASSED] - verifyMatch(getText(findTestObject("Products/Product Detail Page/h5_Nama Produk"), STOP_ON_FAILURE), "(?i).*" + namaProduk + ".*", true): Actual text 'Produk A Tambahan' and expected text '(?i).*Tambahan.*' are matched  using regular expression

2023-07-03 17:42:14 - [MESSAGE][PASSED] - Text of object 'Object Repository/Products/Product Detail Page/h5_Nama Produk' is: 'Produk A Tambahan'

2023-07-03 17:42:14 - [MESSAGE][PASSED] - Actual text 'Produk A Tambahan' and expected text '(?i).*Tambahan.*' are matched  using regular expression

2023-07-03 17:42:14 - [TEST_STEP][PASSED] - verifyMatch(getText(findTestObject("Products/Product Detail Page/p_Kategori Produk"), STOP_ON_FAILURE), kategoriProduk, false): Actual text 'Kesehatan' and expected text 'Kesehatan' are matched 

2023-07-03 17:42:14 - [MESSAGE][PASSED] - Text of object 'Object Repository/Products/Product Detail Page/p_Kategori Produk' is: 'Kesehatan'

2023-07-03 17:42:14 - [MESSAGE][PASSED] - Actual text 'Kesehatan' and expected text 'Kesehatan' are matched 

2023-07-03 17:42:14 - [TEST_STEP][PASSED] - verifyMatch(getText(findTestObject("Products/Product Detail Page/p_Harga Produk"), STOP_ON_FAILURE), hargaProduk, false): Actual text 'Rp 250.000' and expected text 'Rp 250.000' are matched 

2023-07-03 17:42:14 - [MESSAGE][PASSED] - Text of object 'Object Repository/Products/Product Detail Page/p_Harga Produk' is: 'Rp 250.000'

2023-07-03 17:42:14 - [MESSAGE][PASSED] - Actual text 'Rp 250.000' and expected text 'Rp 250.000' are matched 

2023-07-03 17:42:14 - [TEST_STEP][PASSED] - verifyMatch(getText(findTestObject("Products/Product Detail Page/p_Deskripsi Produk"), STOP_ON_FAILURE), "(?i).*" + deskripsiProduk + ".*", true): Actual text 'Deskripsi Produk A Tambahan' and expected text '(?i).*Tambahan.*' are matched  using regular expression

2023-07-03 17:42:15 - [MESSAGE][PASSED] - Text of object 'Object Repository/Products/Product Detail Page/p_Deskripsi Produk' is: 'Deskripsi Produk A Tambahan'

2023-07-03 17:42:15 - [MESSAGE][PASSED] - Actual text 'Deskripsi Produk A Tambahan' and expected text '(?i).*Tambahan.*' are matched  using regular expression

2023-07-03 17:42:15 - [MESSAGE][PASSED] - Call Test Case 'Test Cases/Pages/Edit Product/Verify Success Edit Product' successfully

2023-07-03 17:42:15 - [TEST_STEP][PASSED] - Start listener action : AfterTestCase: Browser is closed

2023-07-03 17:42:15 - [TEST_STEP][PASSED] - logInfo("Test Case: " + testCaseContext.getTestCaseId() + " | " + testCaseContext.getTestCaseStatus()): Test Case: Test Cases/Step Definition/Feature Edit Product/EDP01 - Edit Product with Valid Data | PASSED

2023-07-03 17:42:15 - [MESSAGE][INFO] - Test Case: Test Cases/Step Definition/Feature Edit Product/EDP01 - Edit Product with Valid Data | PASSED

2023-07-03 17:42:15 - [TEST_STEP][PASSED] - closeBrowser(): null

2023-07-03 17:42:15 - [TEST_STEP][PASSED] - closeBrowser(): Browser is closed

2023-07-03 17:42:15 - [MESSAGE][PASSED] - Browser is closed]]></system-out>
         <system-err><![CDATA[]]></system-err>
      </testcase>
      <system-out><![CDATA[2023-07-03 17:41:27 - [TEST_SUITE][PASSED] - Feature Edit Product - Positive Case: Test Cases/Step Definition/Feature Edit Product/EDP01 - Edit Product with Valid Data]]></system-out>
      <system-err><![CDATA[]]></system-err>
   </testsuite>
</testsuites>
