<?xml version="1.0" encoding="UTF-8"?>
<testsuites name="Feature Edit Profile - Positive Case" time="258.867" tests="12" failures="1" errors="0">
   <testsuite name="Feature Edit Profile - Positive Case" tests="12" failures="1" errors="0" time="258.867" skipped="0" timestamp="2023-07-03 22:38:59" hostname="ASUS - ASUS-RN911" id="Test Suites/Feature Edit Profile - Positive Case">
      <properties>
         <property name="deviceName" value="realme RMX1921 (Android 11)"/>
         <property name="devicePlatform" value=""/>
         <property name="logFolder" value="E:\\GitRepo\\Katalon\\binarqa-group1-app\\Reports\\20230703_223849\\Feature Edit Profile - Positive Case\\20230703_223849"/>
         <property name="logFiles" value="E:\\GitRepo\\Katalon\\binarqa-group1-app\\Reports\\20230703_223849\\Feature Edit Profile - Positive Case\\20230703_223849\\appium.log, E:\\GitRepo\\Katalon\\binarqa-group1-app\\Reports\\20230703_223849\\Feature Edit Profile - Positive Case\\20230703_223849\\execution0.log"/>
         <property name="attachments" value="E:\\GitRepo\\Katalon\\binarqa-group1-app\\Reports\\20230703_223849\\Feature Edit Profile - Positive Case\\20230703_223849\\1688398813312.png"/>
         <property name="hostName" value="ASUS - ASUS-RN911"/>
         <property name="os" value="Windows 10 64bit"/>
         <property name="appiumServerStatus" value="{&quot;value&quot;:{&quot;build&quot;:{&quot;version&quot;:&quot;1.22.3&quot;}},&quot;sessionId&quot;:null,&quot;status&quot;:0}"/>
         <property name="katalonVersion" value="8.6.0.208"/>
         <property name="deviceOS" value="Android"/>
         <property name="appiumVersion" value="1.22.3"/>
         <property name="deviceModel" value="RMX1921"/>
         <property name="hostAddress" value="192.168.1.116"/>
         <property name="deviceManufacturer" value="realme"/>
         <property name="deviceId" value="fd03a52e"/>
         <property name="deviceName" value="realme RMX1921 (Android 11)"/>
         <property name="deviceOSVersion" value="11"/>
      </properties>
      <testcase name="Test Cases/Step Definition/Feature Edit Profile/EP01_edit_nama" time="21.922" classname="Test Cases/Step Definition/Feature Edit Profile/EP01_edit_nama" status="PASSED">
         <system-out><![CDATA[2023-07-03 22:39:12 - [TEST_CASE][PASSED] - Test Cases/Step Definition/Feature Edit Profile/EP01_edit_nama: Test Cases/Step Definition/Feature Edit Profile/EP01_edit_nama

2023-07-03 22:39:12 - [TEST_STEP][PASSED] - Start listener action : beforeTestCase: Started app at: 'E:\GitRepo\Katalon\binarqa-group1-app\Apk\app-release-second-hand-gcp.apk'

2023-07-03 22:39:12 - [TEST_STEP][PASSED] - logInfo("Test Case: " + testCaseContext.getTestCaseId()): Test Case: Test Cases/Step Definition/Feature Edit Profile/EP01_edit_nama

2023-07-03 22:39:12 - [MESSAGE][INFO] - Test Case: Test Cases/Step Definition/Feature Edit Profile/EP01_edit_nama

2023-07-03 22:39:12 - [TEST_STEP][PASSED] - launchApp(): null

2023-07-03 22:39:12 - [TEST_STEP][PASSED] - startApplication(System.getProperty("user.dir") + "\Apk\app-release-second-hand-gcp.apk", false): Started app at: 'E:\GitRepo\Katalon\binarqa-group1-app\Apk\app-release-second-hand-gcp.apk'

2023-07-03 22:39:12 - [MESSAGE][INFO] - User set preference: ['appWaitActivity', '*']

2023-07-03 22:39:12 - [MESSAGE][INFO] - User set preference: ['appWaitforLaunch', 'false']

2023-07-03 22:39:12 - [MESSAGE][INFO] - User set preference: ['noReset', 'true']

2023-07-03 22:39:12 - [MESSAGE][INFO] - User set preference: ['ignoreHiddenApiPolicyError', 'true']

2023-07-03 22:39:12 - [MESSAGE][INFO] - User set preference: ['deviceId', '']

2023-07-03 22:39:19 - [MESSAGE][PASSED] - Started app at: 'E:\GitRepo\Katalon\binarqa-group1-app\Apk\app-release-second-hand-gcp.apk'

2023-07-03 22:39:20 - [TEST_STEP][PASSED] - callTestCase(findTestCase("Pages/Navbar/Tap Akun"), [:], STOP_ON_FAILURE): Call Test Case 'Test Cases/Pages/Navbar/Tap Akun' successfully

2023-07-03 22:39:20 - [TEST_CASE][PASSED] - Test Cases/Pages/Navbar/Tap Akun: Test Cases/Pages/Navbar/Tap Akun

2023-07-03 22:39:20 - [TEST_STEP][PASSED] - tap(findTestObject("Navbar/android.widget.FrameLayout - Navbar Akun"), 0): Tapped on element 'Object Repository/Navbar/android.widget.FrameLayout - Navbar Akun'

2023-07-03 22:39:20 - [MESSAGE][WARNING] - Timeout '0' is invalid. Using default page load timeout: '30'

2023-07-03 22:39:20 - [MESSAGE][PASSED] - Tapped on element 'Object Repository/Navbar/android.widget.FrameLayout - Navbar Akun'

2023-07-03 22:39:20 - [MESSAGE][PASSED] - Call Test Case 'Test Cases/Pages/Navbar/Tap Akun' successfully

2023-07-03 22:39:20 - [TEST_STEP][PASSED] - callTestCase(findTestCase("Pages/Edit Profile/Button-masuk"), [:], STOP_ON_FAILURE): Call Test Case 'Test Cases/Pages/Edit Profile/Button-masuk' successfully

2023-07-03 22:39:20 - [TEST_CASE][PASSED] - Test Cases/Pages/Edit Profile/Button-masuk: Test Cases/Pages/Edit Profile/Button-masuk

2023-07-03 22:39:20 - [TEST_STEP][PASSED] - tap(findTestObject("Edit Profile/Edit_profile1/Button - Masuk"), 0): Tapped on element 'Object Repository/Edit Profile/Edit_profile1/Button - Masuk'

2023-07-03 22:39:20 - [MESSAGE][WARNING] - Timeout '0' is invalid. Using default page load timeout: '30'

2023-07-03 22:39:21 - [MESSAGE][PASSED] - Tapped on element 'Object Repository/Edit Profile/Edit_profile1/Button - Masuk'

2023-07-03 22:39:21 - [MESSAGE][PASSED] - Call Test Case 'Test Cases/Pages/Edit Profile/Button-masuk' successfully

2023-07-03 22:39:21 - [TEST_STEP][PASSED] - callTestCase(findTestCase("Pages/Edit Profile/Input_email"), [:], STOP_ON_FAILURE): Call Test Case 'Test Cases/Pages/Edit Profile/Input_email' successfully

2023-07-03 22:39:21 - [TEST_CASE][PASSED] - Test Cases/Pages/Edit Profile/Input_email: Test Cases/Pages/Edit Profile/Input_email

2023-07-03 22:39:21 - [TEST_STEP][PASSED] - setText(findTestObject("Edit Profile/Edit_profile1/input_email_masuk"), "syafradha@gmail.com", 0): Text 'syafradha@gmail.com' has been set to element 'Object Repository/Edit Profile/Edit_profile1/input_email_masuk'

2023-07-03 22:39:21 - [MESSAGE][WARNING] - Timeout '0' is invalid. Using default page load timeout: '30'

2023-07-03 22:39:23 - [MESSAGE][PASSED] - Text 'syafradha@gmail.com' has been set to element 'Object Repository/Edit Profile/Edit_profile1/input_email_masuk'

2023-07-03 22:39:23 - [MESSAGE][PASSED] - Call Test Case 'Test Cases/Pages/Edit Profile/Input_email' successfully

2023-07-03 22:39:23 - [TEST_STEP][PASSED] - callTestCase(findTestCase("Pages/Edit Profile/Input_password"), [:], STOP_ON_FAILURE): Call Test Case 'Test Cases/Pages/Edit Profile/Input_password' successfully

2023-07-03 22:39:23 - [TEST_CASE][PASSED] - Test Cases/Pages/Edit Profile/Input_password: Test Cases/Pages/Edit Profile/Input_password

2023-07-03 22:39:23 - [TEST_STEP][PASSED] - setText(findTestObject("Edit Profile/Edit_profile1/Input_password_masuk"), "meditran5", 0): Text 'meditran5' has been set to element 'Object Repository/Edit Profile/Edit_profile1/Input_password_masuk'

2023-07-03 22:39:23 - [MESSAGE][WARNING] - Timeout '0' is invalid. Using default page load timeout: '30'

2023-07-03 22:39:24 - [MESSAGE][PASSED] - Text 'meditran5' has been set to element 'Object Repository/Edit Profile/Edit_profile1/Input_password_masuk'

2023-07-03 22:39:24 - [MESSAGE][PASSED] - Call Test Case 'Test Cases/Pages/Edit Profile/Input_password' successfully

2023-07-03 22:39:24 - [TEST_STEP][PASSED] - callTestCase(findTestCase("Pages/Edit Profile/Button-masuk2"), [:], STOP_ON_FAILURE): Call Test Case 'Test Cases/Pages/Edit Profile/Button-masuk2' successfully

2023-07-03 22:39:24 - [TEST_CASE][PASSED] - Test Cases/Pages/Edit Profile/Button-masuk2: Test Cases/Pages/Edit Profile/Button-masuk2

2023-07-03 22:39:24 - [TEST_STEP][PASSED] - checkElement(findTestObject("Edit Profile/Edit_profile1/button-masuk 2"), 0): Element 'Object Repository/Edit Profile/Edit_profile1/button-masuk 2' is checked

2023-07-03 22:39:24 - [MESSAGE][WARNING] - Timeout '0' is invalid. Using default page load timeout: '30'

2023-07-03 22:39:27 - [MESSAGE][PASSED] - Element 'Object Repository/Edit Profile/Edit_profile1/button-masuk 2' is checked

2023-07-03 22:39:27 - [MESSAGE][PASSED] - Call Test Case 'Test Cases/Pages/Edit Profile/Button-masuk2' successfully

2023-07-03 22:39:27 - [TEST_STEP][PASSED] - callTestCase(findTestCase("Pages/Edit Profile/Click_gambar_edit"), [:], STOP_ON_FAILURE): Call Test Case 'Test Cases/Pages/Edit Profile/Click_gambar_edit' successfully

2023-07-03 22:39:27 - [TEST_CASE][PASSED] - Test Cases/Pages/Edit Profile/Click_gambar_edit: Test Cases/Pages/Edit Profile/Click_gambar_edit

2023-07-03 22:39:27 - [TEST_STEP][PASSED] - tap(findTestObject("Edit Profile/Edit_profile1/android.widget.ImageView_edit_profile (1)"), 0): Tapped on element 'Object Repository/Edit Profile/Edit_profile1/android.widget.ImageView_edit_profile (1)'

2023-07-03 22:39:27 - [MESSAGE][WARNING] - Timeout '0' is invalid. Using default page load timeout: '30'

2023-07-03 22:39:27 - [MESSAGE][PASSED] - Tapped on element 'Object Repository/Edit Profile/Edit_profile1/android.widget.ImageView_edit_profile (1)'

2023-07-03 22:39:27 - [MESSAGE][PASSED] - Call Test Case 'Test Cases/Pages/Edit Profile/Click_gambar_edit' successfully

2023-07-03 22:39:27 - [TEST_STEP][PASSED] - callTestCase(findTestCase("Pages/Edit Profile/Edit nama"), [:], STOP_ON_FAILURE): Call Test Case 'Test Cases/Pages/Edit Profile/Edit nama' successfully

2023-07-03 22:39:27 - [TEST_CASE][PASSED] - Test Cases/Pages/Edit Profile/Edit nama: Test Cases/Pages/Edit Profile/Edit nama

2023-07-03 22:39:28 - [TEST_STEP][PASSED] - tap(findTestObject("Edit Profile/Edit_profile1/android.view.ViewGroup_edit_nama"), 0): Tapped on element 'Object Repository/Edit Profile/Edit_profile1/android.view.ViewGroup_edit_nama'

2023-07-03 22:39:28 - [MESSAGE][WARNING] - Timeout '0' is invalid. Using default page load timeout: '30'

2023-07-03 22:39:29 - [MESSAGE][PASSED] - Tapped on element 'Object Repository/Edit Profile/Edit_profile1/android.view.ViewGroup_edit_nama'

2023-07-03 22:39:29 - [TEST_STEP][PASSED] - setText(findTestObject("Edit Profile/Edit_profile1/android.widget.EditText - Deksa Syafradha_edit_nama1"), "budi", 0): Text 'budi' has been set to element 'Object Repository/Edit Profile/Edit_profile1/android.widget.EditText - Deksa Syafradha_edit_nama1'

2023-07-03 22:39:29 - [MESSAGE][WARNING] - Timeout '0' is invalid. Using default page load timeout: '30'

2023-07-03 22:39:31 - [MESSAGE][PASSED] - Text 'budi' has been set to element 'Object Repository/Edit Profile/Edit_profile1/android.widget.EditText - Deksa Syafradha_edit_nama1'

2023-07-03 22:39:31 - [MESSAGE][PASSED] - Call Test Case 'Test Cases/Pages/Edit Profile/Edit nama' successfully

2023-07-03 22:39:31 - [TEST_STEP][PASSED] - callTestCase(findTestCase("Pages/Edit Profile/Button simpan"), [:], STOP_ON_FAILURE): Call Test Case 'Test Cases/Pages/Edit Profile/Button simpan' successfully

2023-07-03 22:39:31 - [TEST_CASE][PASSED] - Test Cases/Pages/Edit Profile/Button simpan: Test Cases/Pages/Edit Profile/Button simpan

2023-07-03 22:39:32 - [TEST_STEP][PASSED] - tap(findTestObject("Edit Profile/Edit_profile1/android.widget.Button - Simpan1"), 0): Tapped on element 'Object Repository/Edit Profile/Edit_profile1/android.widget.Button - Simpan1'

2023-07-03 22:39:32 - [MESSAGE][WARNING] - Timeout '0' is invalid. Using default page load timeout: '30'

2023-07-03 22:39:32 - [MESSAGE][PASSED] - Tapped on element 'Object Repository/Edit Profile/Edit_profile1/android.widget.Button - Simpan1'

2023-07-03 22:39:32 - [MESSAGE][PASSED] - Call Test Case 'Test Cases/Pages/Edit Profile/Button simpan' successfully

2023-07-03 22:39:32 - [TEST_STEP][PASSED] - callTestCase(findTestCase("Pages/Edit Profile/edit profile deksa/verify"), [:], STOP_ON_FAILURE): Call Test Case 'Test Cases/Pages/Edit Profile/edit profile deksa/verify' successfully

2023-07-03 22:39:32 - [TEST_CASE][PASSED] - Test Cases/Pages/Edit Profile/edit profile deksa/verify: Test Cases/Pages/Edit Profile/edit profile deksa/verify

2023-07-03 22:39:32 - [TEST_STEP][PASSED] - verifyElementVisible(findTestObject("Edit Profile/edit profile deksa/android.widget.TextView - Profil berhasil diperbarui"), 0): Element 'Object Repository/Edit Profile/edit profile deksa/android.widget.TextView - Profil berhasil diperbarui' is visible

2023-07-03 22:39:32 - [MESSAGE][WARNING] - Timeout '0' is invalid. Using default page load timeout: '30'

2023-07-03 22:39:34 - [MESSAGE][PASSED] - Element 'Object Repository/Edit Profile/edit profile deksa/android.widget.TextView - Profil berhasil diperbarui' is visible

2023-07-03 22:39:34 - [MESSAGE][PASSED] - Call Test Case 'Test Cases/Pages/Edit Profile/edit profile deksa/verify' successfully

2023-07-03 22:39:34 - [TEST_STEP][PASSED] - Start listener action : afterTestCase: Close app successfully

2023-07-03 22:39:34 - [TEST_STEP][PASSED] - logInfo("Test Case: " + testCaseContext.getTestCaseId() + " | Status: " + testCaseContext.getTestCaseStatus()): Test Case: Test Cases/Step Definition/Feature Edit Profile/EP01_edit_nama | Status: PASSED

2023-07-03 22:39:34 - [MESSAGE][INFO] - Test Case: Test Cases/Step Definition/Feature Edit Profile/EP01_edit_nama | Status: PASSED

2023-07-03 22:39:34 - [TEST_STEP][PASSED] - closeApplication(): Close app successfully

2023-07-03 22:39:34 - [MESSAGE][PASSED] - Close app successfully]]></system-out>
         <system-err><![CDATA[]]></system-err>
      </testcase>
      <testcase name="Test Cases/Step Definition/Feature Logout/LGT01 - Logout" time="19.627" classname="Test Cases/Step Definition/Feature Logout/LGT01 - Logout" status="PASSED">
         <system-out><![CDATA[2023-07-03 22:39:34 - [TEST_CASE][PASSED] - Test Cases/Step Definition/Feature Logout/LGT01 - Logout: Test Cases/Step Definition/Feature Logout/LGT01 - Logout

2023-07-03 22:39:34 - [TEST_STEP][PASSED] - Start listener action : beforeTestCase: Started app at: 'E:\GitRepo\Katalon\binarqa-group1-app\Apk\app-release-second-hand-gcp.apk'

2023-07-03 22:39:34 - [TEST_STEP][PASSED] - logInfo("Test Case: " + testCaseContext.getTestCaseId()): Test Case: Test Cases/Step Definition/Feature Logout/LGT01 - Logout

2023-07-03 22:39:34 - [MESSAGE][INFO] - Test Case: Test Cases/Step Definition/Feature Logout/LGT01 - Logout

2023-07-03 22:39:34 - [TEST_STEP][PASSED] - launchApp(): null

2023-07-03 22:39:34 - [TEST_STEP][PASSED] - startApplication(System.getProperty("user.dir") + "\Apk\app-release-second-hand-gcp.apk", false): Started app at: 'E:\GitRepo\Katalon\binarqa-group1-app\Apk\app-release-second-hand-gcp.apk'

2023-07-03 22:39:34 - [MESSAGE][INFO] - User set preference: ['appWaitActivity', '*']

2023-07-03 22:39:34 - [MESSAGE][INFO] - User set preference: ['appWaitforLaunch', 'false']

2023-07-03 22:39:34 - [MESSAGE][INFO] - User set preference: ['noReset', 'true']

2023-07-03 22:39:34 - [MESSAGE][INFO] - User set preference: ['ignoreHiddenApiPolicyError', 'true']

2023-07-03 22:39:34 - [MESSAGE][INFO] - User set preference: ['deviceId', '']

2023-07-03 22:39:34 - [MESSAGE][INFO] - Detected NodeJS location: "C:\Program Files\nodejs\node.exe"

2023-07-03 22:39:35 - [MESSAGE][INFO] - Appium server started on port 62,799

2023-07-03 22:39:43 - [MESSAGE][PASSED] - Started app at: 'E:\GitRepo\Katalon\binarqa-group1-app\Apk\app-release-second-hand-gcp.apk'

2023-07-03 22:39:44 - [TEST_STEP][PASSED] - try: Call Test Case 'Test Cases/Pages/Homepage/Verify Already Logged In' successfully

2023-07-03 22:39:44 - [TEST_STEP][PASSED] - callTestCase(findTestCase("Pages/Homepage/Verify Already Logged In"), [:], STOP_ON_FAILURE): Call Test Case 'Test Cases/Pages/Homepage/Verify Already Logged In' successfully

2023-07-03 22:39:44 - [TEST_CASE][PASSED] - Test Cases/Pages/Homepage/Verify Already Logged In: Test Cases/Pages/Homepage/Verify Already Logged In

2023-07-03 22:39:44 - [TEST_STEP][PASSED] - tap(findTestObject("Navbar/android.widget.FrameLayout - Navbar Akun"), 0): Tapped on element 'Object Repository/Navbar/android.widget.FrameLayout - Navbar Akun'

2023-07-03 22:39:44 - [MESSAGE][WARNING] - Timeout '0' is invalid. Using default page load timeout: '30'

2023-07-03 22:39:45 - [MESSAGE][PASSED] - Tapped on element 'Object Repository/Navbar/android.widget.FrameLayout - Navbar Akun'

2023-07-03 22:39:45 - [TEST_STEP][PASSED] - verifyElementVisible(findTestObject("Akun/android.widget.ImageView - Profile Photo"), 1): Element 'Object Repository/Akun/android.widget.ImageView - Profile Photo' is visible

2023-07-03 22:39:46 - [MESSAGE][PASSED] - Element 'Object Repository/Akun/android.widget.ImageView - Profile Photo' is visible

2023-07-03 22:39:46 - [TEST_STEP][PASSED] - verifyElementVisible(findTestObject("Akun/android.widget.TextView - Email"), 1): Element 'Object Repository/Akun/android.widget.TextView - Email' is visible

2023-07-03 22:39:46 - [MESSAGE][PASSED] - Element 'Object Repository/Akun/android.widget.TextView - Email' is visible

2023-07-03 22:39:46 - [TEST_STEP][PASSED] - verifyElementVisible(findTestObject("Akun/android.widget.TextView - Nama"), 1): Element 'Object Repository/Akun/android.widget.TextView - Nama' is visible

2023-07-03 22:39:46 - [MESSAGE][PASSED] - Element 'Object Repository/Akun/android.widget.TextView - Nama' is visible

2023-07-03 22:39:46 - [TEST_STEP][PASSED] - verifyElementVisible(findTestObject("Akun/android.widget.TextView - Nomor HP"), 1): Element 'Object Repository/Akun/android.widget.TextView - Nomor HP' is visible

2023-07-03 22:39:47 - [MESSAGE][PASSED] - Element 'Object Repository/Akun/android.widget.TextView - Nomor HP' is visible

2023-07-03 22:39:47 - [TEST_STEP][PASSED] - verifyElementVisible(findTestObject("Akun/android.widget.ImageView - Profile Photo"), 1): Element 'Object Repository/Akun/android.widget.ImageView - Profile Photo' is visible

2023-07-03 22:39:47 - [MESSAGE][PASSED] - Element 'Object Repository/Akun/android.widget.ImageView - Profile Photo' is visible

2023-07-03 22:39:47 - [TEST_STEP][PASSED] - verifyElementVisible(findTestObject("Akun/android.view.ViewGroup - Logout"), 1): Element 'Object Repository/Akun/android.view.ViewGroup - Logout' is visible

2023-07-03 22:39:47 - [MESSAGE][PASSED] - Element 'Object Repository/Akun/android.view.ViewGroup - Logout' is visible

2023-07-03 22:39:47 - [TEST_STEP][PASSED] - pressBack(): Press back button successfully

2023-07-03 22:39:50 - [MESSAGE][PASSED] - Press back button successfully

2023-07-03 22:39:50 - [MESSAGE][PASSED] - Call Test Case 'Test Cases/Pages/Homepage/Verify Already Logged In' successfully

2023-07-03 22:39:50 - [TEST_STEP][PASSED] - callTestCase(findTestCase("Pages/Navbar/Tap Akun"), [:]): Call Test Case 'Test Cases/Pages/Navbar/Tap Akun' successfully

2023-07-03 22:39:50 - [TEST_CASE][PASSED] - Test Cases/Pages/Navbar/Tap Akun: Test Cases/Pages/Navbar/Tap Akun

2023-07-03 22:39:50 - [TEST_STEP][PASSED] - tap(findTestObject("Navbar/android.widget.FrameLayout - Navbar Akun"), 0): Tapped on element 'Object Repository/Navbar/android.widget.FrameLayout - Navbar Akun'

2023-07-03 22:39:50 - [MESSAGE][WARNING] - Timeout '0' is invalid. Using default page load timeout: '30'

2023-07-03 22:39:52 - [MESSAGE][PASSED] - Tapped on element 'Object Repository/Navbar/android.widget.FrameLayout - Navbar Akun'

2023-07-03 22:39:52 - [MESSAGE][PASSED] - Call Test Case 'Test Cases/Pages/Navbar/Tap Akun' successfully

2023-07-03 22:39:52 - [TEST_STEP][PASSED] - callTestCase(findTestCase("Pages/Akun/Tap Logout"), [:]): Call Test Case 'Test Cases/Pages/Akun/Tap Logout' successfully

2023-07-03 22:39:52 - [TEST_CASE][PASSED] - Test Cases/Pages/Akun/Tap Logout: Test Cases/Pages/Akun/Tap Logout

2023-07-03 22:39:52 - [TEST_STEP][PASSED] - tap(findTestObject("Akun/android.view.ViewGroup - Logout"), 0): Tapped on element 'Object Repository/Akun/android.view.ViewGroup - Logout'

2023-07-03 22:39:52 - [MESSAGE][WARNING] - Timeout '0' is invalid. Using default page load timeout: '30'

2023-07-03 22:39:53 - [MESSAGE][PASSED] - Tapped on element 'Object Repository/Akun/android.view.ViewGroup - Logout'

2023-07-03 22:39:53 - [MESSAGE][PASSED] - Call Test Case 'Test Cases/Pages/Akun/Tap Logout' successfully

2023-07-03 22:39:53 - [TEST_STEP][PASSED] - Start listener action : afterTestCase: Close app successfully

2023-07-03 22:39:53 - [TEST_STEP][PASSED] - logInfo("Test Case: " + testCaseContext.getTestCaseId() + " | Status: " + testCaseContext.getTestCaseStatus()): Test Case: Test Cases/Step Definition/Feature Logout/LGT01 - Logout | Status: PASSED

2023-07-03 22:39:53 - [MESSAGE][INFO] - Test Case: Test Cases/Step Definition/Feature Logout/LGT01 - Logout | Status: PASSED

2023-07-03 22:39:53 - [TEST_STEP][PASSED] - closeApplication(): Close app successfully

2023-07-03 22:39:54 - [MESSAGE][PASSED] - Close app successfully]]></system-out>
         <system-err><![CDATA[]]></system-err>
      </testcase>
      <testcase name="Test Cases/Step Definition/Feature Edit Profile/EP02-edit no handphone" time="22.633" classname="Test Cases/Step Definition/Feature Edit Profile/EP02-edit no handphone" status="FAILED">
         <failure type="FAILED" message="Test Cases/Step Definition/Feature Edit Profile/EP02-edit no handphone FAILED.
Reason:
com.kms.katalon.core.exception.StepFailedException: Call Test Case 'Test Cases/Pages/Edit Profile/edit nomor handphone' failed
	at com.kms.katalon.core.keyword.builtin.CallTestCaseKeyword$_callTestCase_closure1.doCall(CallTestCaseKeyword.groovy:63)
	at com.kms.katalon.core.keyword.builtin.CallTestCaseKeyword$_callTestCase_closure1.call(CallTestCaseKeyword.groovy)
	at com.kms.katalon.core.keyword.internal.KeywordMain.runKeyword(KeywordMain.groovy:75)
	at com.kms.katalon.core.keyword.builtin.CallTestCaseKeyword.callTestCase(CallTestCaseKeyword.groovy:81)
	at com.kms.katalon.core.keyword.builtin.CallTestCaseKeyword.execute(CallTestCaseKeyword.groovy:44)
	at com.kms.katalon.core.keyword.internal.KeywordExecutor.executeKeywordForPlatform(KeywordExecutor.groovy:74)
	at com.kms.katalon.core.keyword.BuiltinKeywords.callTestCase(BuiltinKeywords.groovy:334)
	at EP02-edit no handphone.run(EP02-edit no handphone:32)
	at com.kms.katalon.core.main.ScriptEngine.run(ScriptEngine.java:194)
	at com.kms.katalon.core.main.ScriptEngine.runScriptAsRawText(ScriptEngine.java:119)
	at com.kms.katalon.core.main.TestCaseExecutor.runScript(TestCaseExecutor.java:448)
	at com.kms.katalon.core.main.TestCaseExecutor.doExecute(TestCaseExecutor.java:439)
	at com.kms.katalon.core.main.TestCaseExecutor.processExecutionPhase(TestCaseExecutor.java:418)
	at com.kms.katalon.core.main.TestCaseExecutor.accessMainPhase(TestCaseExecutor.java:410)
	at com.kms.katalon.core.main.TestCaseExecutor.execute(TestCaseExecutor.java:285)
	at com.kms.katalon.core.common.CommonExecutor.accessTestCaseMainPhase(CommonExecutor.java:65)
	at com.kms.katalon.core.main.TestSuiteExecutor.accessTestSuiteMainPhase(TestSuiteExecutor.java:148)
	at com.kms.katalon.core.main.TestSuiteExecutor.execute(TestSuiteExecutor.java:106)
	at com.kms.katalon.core.main.TestCaseMain.startTestSuite(TestCaseMain.java:187)
	at com.kms.katalon.core.main.TestCaseMain$startTestSuite$0.call(Unknown Source)
	at TempTestSuite1688398729789.run(TempTestSuite1688398729789.groovy:36)
Caused by: com.kms.katalon.core.exception.StepFailedException: Failed to set text into element (Root cause: org.openqa.selenium.InvalidElementStateException: Cannot set the element to '08324343'. Did you interact with the correct element?
Build info: version: '3.141.59', revision: 'e82be7d358', time: '2018-11-14T08:25:53'
System info: host: 'ASUS-RN911', ip: '192.168.1.116', os.name: 'Windows 10', os.arch: 'amd64', os.version: '10.0', java.version: '1.8.0_282'
Driver info: com.kms.katalon.core.appium.driver.SwipeableAndroidDriver
Capabilities {app: E:\GitRepo\Katalon\binarqa-..., appPackage: id.binar.fp.secondhand, appWaitActivity: *, appWaitforLaunch: false, autoGrantPermissions: true, automationName: uiautomator2, chromedriverPort: 63028, databaseEnabled: false, desired: {app: E:\GitRepo\Katalon\binarqa-..., appWaitActivity: *, appWaitforLaunch: false, autoGrantPermissions: true, automationName: uiautomator2, chromedriverPort: 63028, deviceId: , deviceName: realme RMX1921 (Android 11), fullReset: false, ignoreHiddenApiPolicyError: true, newCommandTimeout: 1800, noReset: true, platform: ANDROID, platformName: android, platformVersion: 11, systemPort: 63025, udid: fd03a52e}, deviceApiLevel: 30, deviceId: , deviceManufacturer: realme, deviceModel: RMX1921, deviceName: fd03a52e, deviceScreenDensity: 480, deviceScreenSize: 1080x2340, deviceUDID: fd03a52e, fullReset: false, ignoreHiddenApiPolicyError: true, javascriptEnabled: true, locationContextEnabled: false, networkConnectionEnabled: true, newCommandTimeout: 1800, noReset: true, pixelRatio: 3, platform: ANDROID, platformName: Android, platformVersion: 11, statBarHeight: 96, systemPort: 63025, takesScreenshot: true, udid: fd03a52e, viewportRect: {height: 2168, left: 0, top: 96, width: 1080}, warnings: {}, webStorageEnabled: false}
Session ID: 2a58c21e-f12b-4dab-bc91-280854796a40
	at org.openqa.selenium.remote.http.W3CHttpResponseCodec.createException(W3CHttpResponseCodec.java:187)
	at org.openqa.selenium.remote.http.W3CHttpResponseCodec.decode(W3CHttpResponseCodec.java:122)
	at org.openqa.selenium.remote.http.W3CHttpResponseCodec.decode(W3CHttpResponseCodec.java:49)
	at org.openqa.selenium.remote.HttpCommandExecutor.execute(HttpCommandExecutor.java:158)
	at io.appium.java_client.remote.AppiumCommandExecutor.execute(AppiumCommandExecutor.java:239)
	at org.openqa.selenium.remote.RemoteWebDriver.execute(RemoteWebDriver.java:552)
	at io.appium.java_client.DefaultGenericMobileDriver.execute(DefaultGenericMobileDriver.java:42)
	at io.appium.java_client.AppiumDriver.execute(AppiumDriver.java:1)
	at io.appium.java_client.android.AndroidDriver.execute(AndroidDriver.java:1)
	at com.kms.katalon.core.appium.driver.SwipeableAndroidDriver.execute(SwipeableAndroidDriver.java:1)
	at org.openqa.selenium.remote.RemoteWebElement.execute(RemoteWebElement.java:285)
	at io.appium.java_client.DefaultGenericMobileElement.execute(DefaultGenericMobileElement.java:45)
	at io.appium.java_client.MobileElement.execute(MobileElement.java:1)
	at io.appium.java_client.android.AndroidElement.execute(AndroidElement.java:1)
	at org.openqa.selenium.remote.RemoteWebElement.sendKeys(RemoteWebElement.java:106)
	at com.kms.katalon.core.mobile.keyword.builtin.SetTextKeyword$_setText_closure1.doCall(SetTextKeyword.groovy:80)
	at com.kms.katalon.core.mobile.keyword.builtin.SetTextKeyword$_setText_closure1.call(SetTextKeyword.groovy)
	at com.kms.katalon.core.mobile.keyword.internal.MobileKeywordMain.runKeyword(MobileKeywordMain.groovy:21)
	at com.kms.katalon.core.mobile.keyword.builtin.SetTextKeyword.setText(SetTextKeyword.groovy:83)
	at com.kms.katalon.core.mobile.keyword.builtin.SetTextKeyword.execute(SetTextKeyword.groovy:66)
	at com.kms.katalon.core.keyword.internal.KeywordExecutor.executeKeywordForPlatform(KeywordExecutor.groovy:74)
	at com.kms.katalon.core.mobile.keyword.MobileBuiltInKeywords.setText(MobileBuiltInKeywords.groovy:1307)
	at com.kms.katalon.core.mobile.keyword.MobileBuiltInKeywords$setText$1.call(Unknown Source)
	at edit nomor handphone.run(edit nomor handphone:22)
	at com.kms.katalon.core.main.ScriptEngine.run(ScriptEngine.java:194)
	at com.kms.katalon.core.main.ScriptEngine.runScriptAsRawText(ScriptEngine.java:119)
	at com.kms.katalon.core.main.TestCaseExecutor.runScript(TestCaseExecutor.java:448)
	at com.kms.katalon.core.main.TestCaseExecutor.doExecute(TestCaseExecutor.java:439)
	at com.kms.katalon.core.main.TestCaseExecutor.processExecutionPhase(TestCaseExecutor.java:418)
	at com.kms.katalon.core.main.TestCaseExecutor.accessMainPhase(TestCaseExecutor.java:410)
	at com.kms.katalon.core.main.TestCaseExecutor.execute(TestCaseExecutor.java:285)
	at com.kms.katalon.core.main.TestCaseMain.runTestCase(TestCaseMain.java:144)
	at com.kms.katalon.core.keyword.builtin.CallTestCaseKeyword$_callTestCase_closure1.doCall(CallTestCaseKeyword.groovy:59)
	at com.kms.katalon.core.keyword.builtin.CallTestCaseKeyword$_callTestCase_closure1.call(CallTestCaseKeyword.groovy)
	at com.kms.katalon.core.keyword.internal.KeywordMain.runKeyword(KeywordMain.groovy:75)
	at com.kms.katalon.core.keyword.builtin.CallTestCaseKeyword.callTestCase(CallTestCaseKeyword.groovy:81)
	at com.kms.katalon.core.keyword.builtin.CallTestCaseKeyword.execute(CallTestCaseKeyword.groovy:44)
	at com.kms.katalon.core.keyword.internal.KeywordExecutor.executeKeywordForPlatform(KeywordExecutor.groovy:74)
	at com.kms.katalon.core.keyword.BuiltinKeywords.callTestCase(BuiltinKeywords.groovy:334)
	at EP02-edit no handphone.run(EP02-edit no handphone:32)
	at com.kms.katalon.core.main.ScriptEngine.run(ScriptEngine.java:194)
	at com.kms.katalon.core.main.ScriptEngine.runScriptAsRawText(ScriptEngine.java:119)
	at com.kms.katalon.core.main.TestCaseExecutor.runScript(TestCaseExecutor.java:448)
	at com.kms.katalon.core.main.TestCaseExecutor.doExecute(TestCaseExecutor.java:439)
	at com.kms.katalon.core.main.TestCaseExecutor.processExecutionPhase(TestCaseExecutor.java:418)
	at com.kms.katalon.core.main.TestCaseExecutor.accessMainPhase(TestCaseExecutor.java:410)
	at com.kms.katalon.core.main.TestCaseExecutor.execute(TestCaseExecutor.java:285)
	at com.kms.katalon.core.common.CommonExecutor.accessTestCaseMainPhase(CommonExecutor.java:65)
	at com.kms.katalon.core.main.TestSuiteExecutor.accessTestSuiteMainPhase(TestSuiteExecutor.java:148)
	at com.kms.katalon.core.main.TestSuiteExecutor.execute(TestSuiteExecutor.java:106)
	at com.kms.katalon.core.main.TestCaseMain.startTestSuite(TestCaseMain.java:187)
	at com.kms.katalon.core.main.TestCaseMain$startTestSuite$0.call(Unknown Source)
	at TempTestSuite1688398729789.run(TempTestSuite1688398729789.groovy:36)
)
	at com.kms.katalon.core.keyword.internal.KeywordMain.stepFailed(KeywordMain.groovy:51)
	at com.kms.katalon.core.mobile.keyword.internal.MobileKeywordMain.stepFailed(MobileKeywordMain.groovy:40)
	at com.kms.katalon.core.mobile.keyword.internal.MobileKeywordMain.runKeyword(MobileKeywordMain.groovy:23)
	at com.kms.katalon.core.mobile.keyword.builtin.SetTextKeyword.setText(SetTextKeyword.groovy:83)
	at com.kms.katalon.core.mobile.keyword.builtin.SetTextKeyword.execute(SetTextKeyword.groovy:66)
	at com.kms.katalon.core.keyword.internal.KeywordExecutor.executeKeywordForPlatform(KeywordExecutor.groovy:74)
	at com.kms.katalon.core.mobile.keyword.MobileBuiltInKeywords.setText(MobileBuiltInKeywords.groovy:1307)
	at com.kms.katalon.core.mobile.keyword.MobileBuiltInKeywords$setText$1.call(Unknown Source)
	at edit nomor handphone.run(edit nomor handphone:22)
	at com.kms.katalon.core.main.ScriptEngine.run(ScriptEngine.java:194)
	at com.kms.katalon.core.main.ScriptEngine.runScriptAsRawText(ScriptEngine.java:119)
	at com.kms.katalon.core.main.TestCaseExecutor.runScript(TestCaseExecutor.java:448)
	at com.kms.katalon.core.main.TestCaseExecutor.doExecute(TestCaseExecutor.java:439)
	at com.kms.katalon.core.main.TestCaseExecutor.processExecutionPhase(TestCaseExecutor.java:418)
	at com.kms.katalon.core.main.TestCaseExecutor.accessMainPhase(TestCaseExecutor.java:410)
	at com.kms.katalon.core.main.TestCaseExecutor.execute(TestCaseExecutor.java:285)
	at com.kms.katalon.core.main.TestCaseMain.runTestCase(TestCaseMain.java:144)
	at com.kms.katalon.core.keyword.builtin.CallTestCaseKeyword$_callTestCase_closure1.doCall(CallTestCaseKeyword.groovy:59)
	... 20 more
Caused by: org.openqa.selenium.InvalidElementStateException: Cannot set the element to '08324343'. Did you interact with the correct element?
Build info: version: '3.141.59', revision: 'e82be7d358', time: '2018-11-14T08:25:53'
System info: host: 'ASUS-RN911', ip: '192.168.1.116', os.name: 'Windows 10', os.arch: 'amd64', os.version: '10.0', java.version: '1.8.0_282'
Driver info: com.kms.katalon.core.appium.driver.SwipeableAndroidDriver
Capabilities {app: E:\GitRepo\Katalon\binarqa-..., appPackage: id.binar.fp.secondhand, appWaitActivity: *, appWaitforLaunch: false, autoGrantPermissions: true, automationName: uiautomator2, chromedriverPort: 63028, databaseEnabled: false, desired: {app: E:\GitRepo\Katalon\binarqa-..., appWaitActivity: *, appWaitforLaunch: false, autoGrantPermissions: true, automationName: uiautomator2, chromedriverPort: 63028, deviceId: , deviceName: realme RMX1921 (Android 11), fullReset: false, ignoreHiddenApiPolicyError: true, newCommandTimeout: 1800, noReset: true, platform: ANDROID, platformName: android, platformVersion: 11, systemPort: 63025, udid: fd03a52e}, deviceApiLevel: 30, deviceId: , deviceManufacturer: realme, deviceModel: RMX1921, deviceName: fd03a52e, deviceScreenDensity: 480, deviceScreenSize: 1080x2340, deviceUDID: fd03a52e, fullReset: false, ignoreHiddenApiPolicyError: true, javascriptEnabled: true, locationContextEnabled: false, networkConnectionEnabled: true, newCommandTimeout: 1800, noReset: true, pixelRatio: 3, platform: ANDROID, platformName: Android, platformVersion: 11, statBarHeight: 96, systemPort: 63025, takesScreenshot: true, udid: fd03a52e, viewportRect: {height: 2168, left: 0, top: 96, width: 1080}, warnings: {}, webStorageEnabled: false}
Session ID: 2a58c21e-f12b-4dab-bc91-280854796a40
	at org.openqa.selenium.remote.http.W3CHttpResponseCodec.createException(W3CHttpResponseCodec.java:187)
	at org.openqa.selenium.remote.http.W3CHttpResponseCodec.decode(W3CHttpResponseCodec.java:122)
	at org.openqa.selenium.remote.http.W3CHttpResponseCodec.decode(W3CHttpResponseCodec.java:49)
	at org.openqa.selenium.remote.HttpCommandExecutor.execute(HttpCommandExecutor.java:158)
	at io.appium.java_client.remote.AppiumCommandExecutor.execute(AppiumCommandExecutor.java:239)
	at org.openqa.selenium.remote.RemoteWebDriver.execute(RemoteWebDriver.java:552)
	at io.appium.java_client.DefaultGenericMobileDriver.execute(DefaultGenericMobileDriver.java:42)
	at io.appium.java_client.AppiumDriver.execute(AppiumDriver.java:1)
	at io.appium.java_client.android.AndroidDriver.execute(AndroidDriver.java:1)
	at com.kms.katalon.core.appium.driver.SwipeableAndroidDriver.execute(SwipeableAndroidDriver.java:1)
	at org.openqa.selenium.remote.RemoteWebElement.execute(RemoteWebElement.java:285)
	at io.appium.java_client.DefaultGenericMobileElement.execute(DefaultGenericMobileElement.java:45)
	at io.appium.java_client.MobileElement.execute(MobileElement.java:1)
	at io.appium.java_client.android.AndroidElement.execute(AndroidElement.java:1)
	at org.openqa.selenium.remote.RemoteWebElement.sendKeys(RemoteWebElement.java:106)
	at com.kms.katalon.core.mobile.keyword.builtin.SetTextKeyword$_setText_closure1.doCall(SetTextKeyword.groovy:80)
	at com.kms.katalon.core.mobile.keyword.builtin.SetTextKeyword$_setText_closure1.call(SetTextKeyword.groovy)
	at com.kms.katalon.core.mobile.keyword.internal.MobileKeywordMain.runKeyword(MobileKeywordMain.groovy:21)
	... 35 more
"/>
         <system-out><![CDATA[2023-07-03 22:39:54 - [TEST_CASE][FAILED] - Test Cases/Step Definition/Feature Edit Profile/EP02-edit no handphone: Test Cases/Step Definition/Feature Edit Profile/EP02-edit no handphone FAILED.
Reason:
com.kms.katalon.core.exception.StepFailedException: Call Test Case 'Test Cases/Pages/Edit Profile/edit nomor handphone' failed
	at com.kms.katalon.core.keyword.builtin.CallTestCaseKeyword$_callTestCase_closure1.doCall(CallTestCaseKeyword.groovy:63)
	at com.kms.katalon.core.keyword.builtin.CallTestCaseKeyword$_callTestCase_closure1.call(CallTestCaseKeyword.groovy)
	at com.kms.katalon.core.keyword.internal.KeywordMain.runKeyword(KeywordMain.groovy:75)
	at com.kms.katalon.core.keyword.builtin.CallTestCaseKeyword.callTestCase(CallTestCaseKeyword.groovy:81)
	at com.kms.katalon.core.keyword.builtin.CallTestCaseKeyword.execute(CallTestCaseKeyword.groovy:44)
	at com.kms.katalon.core.keyword.internal.KeywordExecutor.executeKeywordForPlatform(KeywordExecutor.groovy:74)
	at com.kms.katalon.core.keyword.BuiltinKeywords.callTestCase(BuiltinKeywords.groovy:334)
	at EP02-edit no handphone.run(EP02-edit no handphone:32)
	at com.kms.katalon.core.main.ScriptEngine.run(ScriptEngine.java:194)
	at com.kms.katalon.core.main.ScriptEngine.runScriptAsRawText(ScriptEngine.java:119)
	at com.kms.katalon.core.main.TestCaseExecutor.runScript(TestCaseExecutor.java:448)
	at com.kms.katalon.core.main.TestCaseExecutor.doExecute(TestCaseExecutor.java:439)
	at com.kms.katalon.core.main.TestCaseExecutor.processExecutionPhase(TestCaseExecutor.java:418)
	at com.kms.katalon.core.main.TestCaseExecutor.accessMainPhase(TestCaseExecutor.java:410)
	at com.kms.katalon.core.main.TestCaseExecutor.execute(TestCaseExecutor.java:285)
	at com.kms.katalon.core.common.CommonExecutor.accessTestCaseMainPhase(CommonExecutor.java:65)
	at com.kms.katalon.core.main.TestSuiteExecutor.accessTestSuiteMainPhase(TestSuiteExecutor.java:148)
	at com.kms.katalon.core.main.TestSuiteExecutor.execute(TestSuiteExecutor.java:106)
	at com.kms.katalon.core.main.TestCaseMain.startTestSuite(TestCaseMain.java:187)
	at com.kms.katalon.core.main.TestCaseMain$startTestSuite$0.call(Unknown Source)
	at TempTestSuite1688398729789.run(TempTestSuite1688398729789.groovy:36)
Caused by: com.kms.katalon.core.exception.StepFailedException: Failed to set text into element (Root cause: org.openqa.selenium.InvalidElementStateException: Cannot set the element to '08324343'. Did you interact with the correct element?
Build info: version: '3.141.59', revision: 'e82be7d358', time: '2018-11-14T08:25:53'
System info: host: 'ASUS-RN911', ip: '192.168.1.116', os.name: 'Windows 10', os.arch: 'amd64', os.version: '10.0', java.version: '1.8.0_282'
Driver info: com.kms.katalon.core.appium.driver.SwipeableAndroidDriver
Capabilities {app: E:\GitRepo\Katalon\binarqa-..., appPackage: id.binar.fp.secondhand, appWaitActivity: *, appWaitforLaunch: false, autoGrantPermissions: true, automationName: uiautomator2, chromedriverPort: 63028, databaseEnabled: false, desired: {app: E:\GitRepo\Katalon\binarqa-..., appWaitActivity: *, appWaitforLaunch: false, autoGrantPermissions: true, automationName: uiautomator2, chromedriverPort: 63028, deviceId: , deviceName: realme RMX1921 (Android 11), fullReset: false, ignoreHiddenApiPolicyError: true, newCommandTimeout: 1800, noReset: true, platform: ANDROID, platformName: android, platformVersion: 11, systemPort: 63025, udid: fd03a52e}, deviceApiLevel: 30, deviceId: , deviceManufacturer: realme, deviceModel: RMX1921, deviceName: fd03a52e, deviceScreenDensity: 480, deviceScreenSize: 1080x2340, deviceUDID: fd03a52e, fullReset: false, ignoreHiddenApiPolicyError: true, javascriptEnabled: true, locationContextEnabled: false, networkConnectionEnabled: true, newCommandTimeout: 1800, noReset: true, pixelRatio: 3, platform: ANDROID, platformName: Android, platformVersion: 11, statBarHeight: 96, systemPort: 63025, takesScreenshot: true, udid: fd03a52e, viewportRect: {height: 2168, left: 0, top: 96, width: 1080}, warnings: {}, webStorageEnabled: false}
Session ID: 2a58c21e-f12b-4dab-bc91-280854796a40
	at org.openqa.selenium.remote.http.W3CHttpResponseCodec.createException(W3CHttpResponseCodec.java:187)
	at org.openqa.selenium.remote.http.W3CHttpResponseCodec.decode(W3CHttpResponseCodec.java:122)
	at org.openqa.selenium.remote.http.W3CHttpResponseCodec.decode(W3CHttpResponseCodec.java:49)
	at org.openqa.selenium.remote.HttpCommandExecutor.execute(HttpCommandExecutor.java:158)
	at io.appium.java_client.remote.AppiumCommandExecutor.execute(AppiumCommandExecutor.java:239)
	at org.openqa.selenium.remote.RemoteWebDriver.execute(RemoteWebDriver.java:552)
	at io.appium.java_client.DefaultGenericMobileDriver.execute(DefaultGenericMobileDriver.java:42)
	at io.appium.java_client.AppiumDriver.execute(AppiumDriver.java:1)
	at io.appium.java_client.android.AndroidDriver.execute(AndroidDriver.java:1)
	at com.kms.katalon.core.appium.driver.SwipeableAndroidDriver.execute(SwipeableAndroidDriver.java:1)
	at org.openqa.selenium.remote.RemoteWebElement.execute(RemoteWebElement.java:285)
	at io.appium.java_client.DefaultGenericMobileElement.execute(DefaultGenericMobileElement.java:45)
	at io.appium.java_client.MobileElement.execute(MobileElement.java:1)
	at io.appium.java_client.android.AndroidElement.execute(AndroidElement.java:1)
	at org.openqa.selenium.remote.RemoteWebElement.sendKeys(RemoteWebElement.java:106)
	at com.kms.katalon.core.mobile.keyword.builtin.SetTextKeyword$_setText_closure1.doCall(SetTextKeyword.groovy:80)
	at com.kms.katalon.core.mobile.keyword.builtin.SetTextKeyword$_setText_closure1.call(SetTextKeyword.groovy)
	at com.kms.katalon.core.mobile.keyword.internal.MobileKeywordMain.runKeyword(MobileKeywordMain.groovy:21)
	at com.kms.katalon.core.mobile.keyword.builtin.SetTextKeyword.setText(SetTextKeyword.groovy:83)
	at com.kms.katalon.core.mobile.keyword.builtin.SetTextKeyword.execute(SetTextKeyword.groovy:66)
	at com.kms.katalon.core.keyword.internal.KeywordExecutor.executeKeywordForPlatform(KeywordExecutor.groovy:74)
	at com.kms.katalon.core.mobile.keyword.MobileBuiltInKeywords.setText(MobileBuiltInKeywords.groovy:1307)
	at com.kms.katalon.core.mobile.keyword.MobileBuiltInKeywords$setText$1.call(Unknown Source)
	at edit nomor handphone.run(edit nomor handphone:22)
	at com.kms.katalon.core.main.ScriptEngine.run(ScriptEngine.java:194)
	at com.kms.katalon.core.main.ScriptEngine.runScriptAsRawText(ScriptEngine.java:119)
	at com.kms.katalon.core.main.TestCaseExecutor.runScript(TestCaseExecutor.java:448)
	at com.kms.katalon.core.main.TestCaseExecutor.doExecute(TestCaseExecutor.java:439)
	at com.kms.katalon.core.main.TestCaseExecutor.processExecutionPhase(TestCaseExecutor.java:418)
	at com.kms.katalon.core.main.TestCaseExecutor.accessMainPhase(TestCaseExecutor.java:410)
	at com.kms.katalon.core.main.TestCaseExecutor.execute(TestCaseExecutor.java:285)
	at com.kms.katalon.core.main.TestCaseMain.runTestCase(TestCaseMain.java:144)
	at com.kms.katalon.core.keyword.builtin.CallTestCaseKeyword$_callTestCase_closure1.doCall(CallTestCaseKeyword.groovy:59)
	at com.kms.katalon.core.keyword.builtin.CallTestCaseKeyword$_callTestCase_closure1.call(CallTestCaseKeyword.groovy)
	at com.kms.katalon.core.keyword.internal.KeywordMain.runKeyword(KeywordMain.groovy:75)
	at com.kms.katalon.core.keyword.builtin.CallTestCaseKeyword.callTestCase(CallTestCaseKeyword.groovy:81)
	at com.kms.katalon.core.keyword.builtin.CallTestCaseKeyword.execute(CallTestCaseKeyword.groovy:44)
	at com.kms.katalon.core.keyword.internal.KeywordExecutor.executeKeywordForPlatform(KeywordExecutor.groovy:74)
	at com.kms.katalon.core.keyword.BuiltinKeywords.callTestCase(BuiltinKeywords.groovy:334)
	at EP02-edit no handphone.run(EP02-edit no handphone:32)
	at com.kms.katalon.core.main.ScriptEngine.run(ScriptEngine.java:194)
	at com.kms.katalon.core.main.ScriptEngine.runScriptAsRawText(ScriptEngine.java:119)
	at com.kms.katalon.core.main.TestCaseExecutor.runScript(TestCaseExecutor.java:448)
	at com.kms.katalon.core.main.TestCaseExecutor.doExecute(TestCaseExecutor.java:439)
	at com.kms.katalon.core.main.TestCaseExecutor.processExecutionPhase(TestCaseExecutor.java:418)
	at com.kms.katalon.core.main.TestCaseExecutor.accessMainPhase(TestCaseExecutor.java:410)
	at com.kms.katalon.core.main.TestCaseExecutor.execute(TestCaseExecutor.java:285)
	at com.kms.katalon.core.common.CommonExecutor.accessTestCaseMainPhase(CommonExecutor.java:65)
	at com.kms.katalon.core.main.TestSuiteExecutor.accessTestSuiteMainPhase(TestSuiteExecutor.java:148)
	at com.kms.katalon.core.main.TestSuiteExecutor.execute(TestSuiteExecutor.java:106)
	at com.kms.katalon.core.main.TestCaseMain.startTestSuite(TestCaseMain.java:187)
	at com.kms.katalon.core.main.TestCaseMain$startTestSuite$0.call(Unknown Source)
	at TempTestSuite1688398729789.run(TempTestSuite1688398729789.groovy:36)
)
	at com.kms.katalon.core.keyword.internal.KeywordMain.stepFailed(KeywordMain.groovy:51)
	at com.kms.katalon.core.mobile.keyword.internal.MobileKeywordMain.stepFailed(MobileKeywordMain.groovy:40)
	at com.kms.katalon.core.mobile.keyword.internal.MobileKeywordMain.runKeyword(MobileKeywordMain.groovy:23)
	at com.kms.katalon.core.mobile.keyword.builtin.SetTextKeyword.setText(SetTextKeyword.groovy:83)
	at com.kms.katalon.core.mobile.keyword.builtin.SetTextKeyword.execute(SetTextKeyword.groovy:66)
	at com.kms.katalon.core.keyword.internal.KeywordExecutor.executeKeywordForPlatform(KeywordExecutor.groovy:74)
	at com.kms.katalon.core.mobile.keyword.MobileBuiltInKeywords.setText(MobileBuiltInKeywords.groovy:1307)
	at com.kms.katalon.core.mobile.keyword.MobileBuiltInKeywords$setText$1.call(Unknown Source)
	at edit nomor handphone.run(edit nomor handphone:22)
	at com.kms.katalon.core.main.ScriptEngine.run(ScriptEngine.java:194)
	at com.kms.katalon.core.main.ScriptEngine.runScriptAsRawText(ScriptEngine.java:119)
	at com.kms.katalon.core.main.TestCaseExecutor.runScript(TestCaseExecutor.java:448)
	at com.kms.katalon.core.main.TestCaseExecutor.doExecute(TestCaseExecutor.java:439)
	at com.kms.katalon.core.main.TestCaseExecutor.processExecutionPhase(TestCaseExecutor.java:418)
	at com.kms.katalon.core.main.TestCaseExecutor.accessMainPhase(TestCaseExecutor.java:410)
	at com.kms.katalon.core.main.TestCaseExecutor.execute(TestCaseExecutor.java:285)
	at com.kms.katalon.core.main.TestCaseMain.runTestCase(TestCaseMain.java:144)
	at com.kms.katalon.core.keyword.builtin.CallTestCaseKeyword$_callTestCase_closure1.doCall(CallTestCaseKeyword.groovy:59)
	... 20 more
Caused by: org.openqa.selenium.InvalidElementStateException: Cannot set the element to '08324343'. Did you interact with the correct element?
Build info: version: '3.141.59', revision: 'e82be7d358', time: '2018-11-14T08:25:53'
System info: host: 'ASUS-RN911', ip: '192.168.1.116', os.name: 'Windows 10', os.arch: 'amd64', os.version: '10.0', java.version: '1.8.0_282'
Driver info: com.kms.katalon.core.appium.driver.SwipeableAndroidDriver
Capabilities {app: E:\GitRepo\Katalon\binarqa-..., appPackage: id.binar.fp.secondhand, appWaitActivity: *, appWaitforLaunch: false, autoGrantPermissions: true, automationName: uiautomator2, chromedriverPort: 63028, databaseEnabled: false, desired: {app: E:\GitRepo\Katalon\binarqa-..., appWaitActivity: *, appWaitforLaunch: false, autoGrantPermissions: true, automationName: uiautomator2, chromedriverPort: 63028, deviceId: , deviceName: realme RMX1921 (Android 11), fullReset: false, ignoreHiddenApiPolicyError: true, newCommandTimeout: 1800, noReset: true, platform: ANDROID, platformName: android, platformVersion: 11, systemPort: 63025, udid: fd03a52e}, deviceApiLevel: 30, deviceId: , deviceManufacturer: realme, deviceModel: RMX1921, deviceName: fd03a52e, deviceScreenDensity: 480, deviceScreenSize: 1080x2340, deviceUDID: fd03a52e, fullReset: false, ignoreHiddenApiPolicyError: true, javascriptEnabled: true, locationContextEnabled: false, networkConnectionEnabled: true, newCommandTimeout: 1800, noReset: true, pixelRatio: 3, platform: ANDROID, platformName: Android, platformVersion: 11, statBarHeight: 96, systemPort: 63025, takesScreenshot: true, udid: fd03a52e, viewportRect: {height: 2168, left: 0, top: 96, width: 1080}, warnings: {}, webStorageEnabled: false}
Session ID: 2a58c21e-f12b-4dab-bc91-280854796a40
	at org.openqa.selenium.remote.http.W3CHttpResponseCodec.createException(W3CHttpResponseCodec.java:187)
	at org.openqa.selenium.remote.http.W3CHttpResponseCodec.decode(W3CHttpResponseCodec.java:122)
	at org.openqa.selenium.remote.http.W3CHttpResponseCodec.decode(W3CHttpResponseCodec.java:49)
	at org.openqa.selenium.remote.HttpCommandExecutor.execute(HttpCommandExecutor.java:158)
	at io.appium.java_client.remote.AppiumCommandExecutor.execute(AppiumCommandExecutor.java:239)
	at org.openqa.selenium.remote.RemoteWebDriver.execute(RemoteWebDriver.java:552)
	at io.appium.java_client.DefaultGenericMobileDriver.execute(DefaultGenericMobileDriver.java:42)
	at io.appium.java_client.AppiumDriver.execute(AppiumDriver.java:1)
	at io.appium.java_client.android.AndroidDriver.execute(AndroidDriver.java:1)
	at com.kms.katalon.core.appium.driver.SwipeableAndroidDriver.execute(SwipeableAndroidDriver.java:1)
	at org.openqa.selenium.remote.RemoteWebElement.execute(RemoteWebElement.java:285)
	at io.appium.java_client.DefaultGenericMobileElement.execute(DefaultGenericMobileElement.java:45)
	at io.appium.java_client.MobileElement.execute(MobileElement.java:1)
	at io.appium.java_client.android.AndroidElement.execute(AndroidElement.java:1)
	at org.openqa.selenium.remote.RemoteWebElement.sendKeys(RemoteWebElement.java:106)
	at com.kms.katalon.core.mobile.keyword.builtin.SetTextKeyword$_setText_closure1.doCall(SetTextKeyword.groovy:80)
	at com.kms.katalon.core.mobile.keyword.builtin.SetTextKeyword$_setText_closure1.call(SetTextKeyword.groovy)
	at com.kms.katalon.core.mobile.keyword.internal.MobileKeywordMain.runKeyword(MobileKeywordMain.groovy:21)
	... 35 more


2023-07-03 22:39:54 - [TEST_STEP][PASSED] - Start listener action : beforeTestCase: Started app at: 'E:\GitRepo\Katalon\binarqa-group1-app\Apk\app-release-second-hand-gcp.apk'

2023-07-03 22:39:54 - [TEST_STEP][PASSED] - logInfo("Test Case: " + testCaseContext.getTestCaseId()): Test Case: Test Cases/Step Definition/Feature Edit Profile/EP02-edit no handphone

2023-07-03 22:39:54 - [MESSAGE][INFO] - Test Case: Test Cases/Step Definition/Feature Edit Profile/EP02-edit no handphone

2023-07-03 22:39:54 - [TEST_STEP][PASSED] - launchApp(): null

2023-07-03 22:39:54 - [TEST_STEP][PASSED] - startApplication(System.getProperty("user.dir") + "\Apk\app-release-second-hand-gcp.apk", false): Started app at: 'E:\GitRepo\Katalon\binarqa-group1-app\Apk\app-release-second-hand-gcp.apk'

2023-07-03 22:39:54 - [MESSAGE][INFO] - User set preference: ['appWaitActivity', '*']

2023-07-03 22:39:54 - [MESSAGE][INFO] - User set preference: ['appWaitforLaunch', 'false']

2023-07-03 22:39:54 - [MESSAGE][INFO] - User set preference: ['noReset', 'true']

2023-07-03 22:39:54 - [MESSAGE][INFO] - User set preference: ['ignoreHiddenApiPolicyError', 'true']

2023-07-03 22:39:54 - [MESSAGE][INFO] - User set preference: ['deviceId', '']

2023-07-03 22:39:54 - [MESSAGE][INFO] - Detected NodeJS location: "C:\Program Files\nodejs\node.exe"

2023-07-03 22:39:55 - [MESSAGE][INFO] - Appium server started on port 63,026

2023-07-03 22:40:04 - [MESSAGE][PASSED] - Started app at: 'E:\GitRepo\Katalon\binarqa-group1-app\Apk\app-release-second-hand-gcp.apk'

2023-07-03 22:40:04 - [TEST_STEP][PASSED] - callTestCase(findTestCase("Pages/Navbar/Tap Akun"), [:], STOP_ON_FAILURE): Call Test Case 'Test Cases/Pages/Navbar/Tap Akun' successfully

2023-07-03 22:40:04 - [TEST_CASE][PASSED] - Test Cases/Pages/Navbar/Tap Akun: Test Cases/Pages/Navbar/Tap Akun

2023-07-03 22:40:04 - [TEST_STEP][PASSED] - tap(findTestObject("Navbar/android.widget.FrameLayout - Navbar Akun"), 0): Tapped on element 'Object Repository/Navbar/android.widget.FrameLayout - Navbar Akun'

2023-07-03 22:40:04 - [MESSAGE][WARNING] - Timeout '0' is invalid. Using default page load timeout: '30'

2023-07-03 22:40:04 - [MESSAGE][PASSED] - Tapped on element 'Object Repository/Navbar/android.widget.FrameLayout - Navbar Akun'

2023-07-03 22:40:04 - [MESSAGE][PASSED] - Call Test Case 'Test Cases/Pages/Navbar/Tap Akun' successfully

2023-07-03 22:40:04 - [TEST_STEP][PASSED] - callTestCase(findTestCase("Pages/Edit Profile/Button-masuk"), [:], STOP_ON_FAILURE): Call Test Case 'Test Cases/Pages/Edit Profile/Button-masuk' successfully

2023-07-03 22:40:04 - [TEST_CASE][PASSED] - Test Cases/Pages/Edit Profile/Button-masuk: Test Cases/Pages/Edit Profile/Button-masuk

2023-07-03 22:40:04 - [TEST_STEP][PASSED] - tap(findTestObject("Edit Profile/Edit_profile1/Button - Masuk"), 0): Tapped on element 'Object Repository/Edit Profile/Edit_profile1/Button - Masuk'

2023-07-03 22:40:04 - [MESSAGE][WARNING] - Timeout '0' is invalid. Using default page load timeout: '30'

2023-07-03 22:40:05 - [MESSAGE][PASSED] - Tapped on element 'Object Repository/Edit Profile/Edit_profile1/Button - Masuk'

2023-07-03 22:40:05 - [MESSAGE][PASSED] - Call Test Case 'Test Cases/Pages/Edit Profile/Button-masuk' successfully

2023-07-03 22:40:05 - [TEST_STEP][PASSED] - callTestCase(findTestCase("Pages/Edit Profile/Input_email"), [:], STOP_ON_FAILURE): Call Test Case 'Test Cases/Pages/Edit Profile/Input_email' successfully

2023-07-03 22:40:05 - [TEST_CASE][PASSED] - Test Cases/Pages/Edit Profile/Input_email: Test Cases/Pages/Edit Profile/Input_email

2023-07-03 22:40:05 - [TEST_STEP][PASSED] - setText(findTestObject("Edit Profile/Edit_profile1/input_email_masuk"), "syafradha@gmail.com", 0): Text 'syafradha@gmail.com' has been set to element 'Object Repository/Edit Profile/Edit_profile1/input_email_masuk'

2023-07-03 22:40:05 - [MESSAGE][WARNING] - Timeout '0' is invalid. Using default page load timeout: '30'

2023-07-03 22:40:07 - [MESSAGE][PASSED] - Text 'syafradha@gmail.com' has been set to element 'Object Repository/Edit Profile/Edit_profile1/input_email_masuk'

2023-07-03 22:40:07 - [MESSAGE][PASSED] - Call Test Case 'Test Cases/Pages/Edit Profile/Input_email' successfully

2023-07-03 22:40:07 - [TEST_STEP][PASSED] - callTestCase(findTestCase("Pages/Edit Profile/Input_password"), [:], STOP_ON_FAILURE): Call Test Case 'Test Cases/Pages/Edit Profile/Input_password' successfully

2023-07-03 22:40:07 - [TEST_CASE][PASSED] - Test Cases/Pages/Edit Profile/Input_password: Test Cases/Pages/Edit Profile/Input_password

2023-07-03 22:40:07 - [TEST_STEP][PASSED] - setText(findTestObject("Edit Profile/Edit_profile1/Input_password_masuk"), "meditran5", 0): Text 'meditran5' has been set to element 'Object Repository/Edit Profile/Edit_profile1/Input_password_masuk'

2023-07-03 22:40:07 - [MESSAGE][WARNING] - Timeout '0' is invalid. Using default page load timeout: '30'

2023-07-03 22:40:09 - [MESSAGE][PASSED] - Text 'meditran5' has been set to element 'Object Repository/Edit Profile/Edit_profile1/Input_password_masuk'

2023-07-03 22:40:09 - [MESSAGE][PASSED] - Call Test Case 'Test Cases/Pages/Edit Profile/Input_password' successfully

2023-07-03 22:40:09 - [TEST_STEP][PASSED] - callTestCase(findTestCase("Pages/Edit Profile/Button-masuk2"), [:], STOP_ON_FAILURE): Call Test Case 'Test Cases/Pages/Edit Profile/Button-masuk2' successfully

2023-07-03 22:40:09 - [TEST_CASE][PASSED] - Test Cases/Pages/Edit Profile/Button-masuk2: Test Cases/Pages/Edit Profile/Button-masuk2

2023-07-03 22:40:09 - [TEST_STEP][PASSED] - checkElement(findTestObject("Edit Profile/Edit_profile1/button-masuk 2"), 0): Element 'Object Repository/Edit Profile/Edit_profile1/button-masuk 2' is checked

2023-07-03 22:40:09 - [MESSAGE][WARNING] - Timeout '0' is invalid. Using default page load timeout: '30'

2023-07-03 22:40:11 - [MESSAGE][PASSED] - Element 'Object Repository/Edit Profile/Edit_profile1/button-masuk 2' is checked

2023-07-03 22:40:11 - [MESSAGE][PASSED] - Call Test Case 'Test Cases/Pages/Edit Profile/Button-masuk2' successfully

2023-07-03 22:40:11 - [TEST_STEP][PASSED] - callTestCase(findTestCase("Pages/Edit Profile/Click_gambar_edit"), [:], STOP_ON_FAILURE): Call Test Case 'Test Cases/Pages/Edit Profile/Click_gambar_edit' successfully

2023-07-03 22:40:11 - [TEST_CASE][PASSED] - Test Cases/Pages/Edit Profile/Click_gambar_edit: Test Cases/Pages/Edit Profile/Click_gambar_edit

2023-07-03 22:40:11 - [TEST_STEP][PASSED] - tap(findTestObject("Edit Profile/Edit_profile1/android.widget.ImageView_edit_profile (1)"), 0): Tapped on element 'Object Repository/Edit Profile/Edit_profile1/android.widget.ImageView_edit_profile (1)'

2023-07-03 22:40:11 - [MESSAGE][WARNING] - Timeout '0' is invalid. Using default page load timeout: '30'

2023-07-03 22:40:11 - [MESSAGE][PASSED] - Tapped on element 'Object Repository/Edit Profile/Edit_profile1/android.widget.ImageView_edit_profile (1)'

2023-07-03 22:40:11 - [MESSAGE][PASSED] - Call Test Case 'Test Cases/Pages/Edit Profile/Click_gambar_edit' successfully

2023-07-03 22:40:11 - [TEST_STEP][FAILED] - callTestCase(findTestCase("Pages/Edit Profile/edit nomor handphone"), [:], STOP_ON_FAILURE): Unable to call Test Case 'Test Cases/Pages/Edit Profile/edit nomor handphone' (Root cause: com.kms.katalon.core.exception.StepFailedException: Call Test Case 'Test Cases/Pages/Edit Profile/edit nomor handphone' failed
	at com.kms.katalon.core.keyword.builtin.CallTestCaseKeyword$_callTestCase_closure1.doCall(CallTestCaseKeyword.groovy:63)
	at com.kms.katalon.core.keyword.builtin.CallTestCaseKeyword$_callTestCase_closure1.call(CallTestCaseKeyword.groovy)
	at com.kms.katalon.core.keyword.internal.KeywordMain.runKeyword(KeywordMain.groovy:75)
	at com.kms.katalon.core.keyword.builtin.CallTestCaseKeyword.callTestCase(CallTestCaseKeyword.groovy:81)
	at com.kms.katalon.core.keyword.builtin.CallTestCaseKeyword.execute(CallTestCaseKeyword.groovy:44)
	at com.kms.katalon.core.keyword.internal.KeywordExecutor.executeKeywordForPlatform(KeywordExecutor.groovy:74)
	at com.kms.katalon.core.keyword.BuiltinKeywords.callTestCase(BuiltinKeywords.groovy:334)
	at EP02-edit no handphone.run(EP02-edit no handphone:32)
	at com.kms.katalon.core.main.ScriptEngine.run(ScriptEngine.java:194)
	at com.kms.katalon.core.main.ScriptEngine.runScriptAsRawText(ScriptEngine.java:119)
	at com.kms.katalon.core.main.TestCaseExecutor.runScript(TestCaseExecutor.java:448)
	at com.kms.katalon.core.main.TestCaseExecutor.doExecute(TestCaseExecutor.java:439)
	at com.kms.katalon.core.main.TestCaseExecutor.processExecutionPhase(TestCaseExecutor.java:418)
	at com.kms.katalon.core.main.TestCaseExecutor.accessMainPhase(TestCaseExecutor.java:410)
	at com.kms.katalon.core.main.TestCaseExecutor.execute(TestCaseExecutor.java:285)
	at com.kms.katalon.core.common.CommonExecutor.accessTestCaseMainPhase(CommonExecutor.java:65)
	at com.kms.katalon.core.main.TestSuiteExecutor.accessTestSuiteMainPhase(TestSuiteExecutor.java:148)
	at com.kms.katalon.core.main.TestSuiteExecutor.execute(TestSuiteExecutor.java:106)
	at com.kms.katalon.core.main.TestCaseMain.startTestSuite(TestCaseMain.java:187)
	at com.kms.katalon.core.main.TestCaseMain$startTestSuite$0.call(Unknown Source)
	at TempTestSuite1688398729789.run(TempTestSuite1688398729789.groovy:36)
Caused by: com.kms.katalon.core.exception.StepFailedException: Failed to set text into element (Root cause: org.openqa.selenium.InvalidElementStateException: Cannot set the element to '08324343'. Did you interact with the correct element?
Build info: version: '3.141.59', revision: 'e82be7d358', time: '2018-11-14T08:25:53'
System info: host: 'ASUS-RN911', ip: '192.168.1.116', os.name: 'Windows 10', os.arch: 'amd64', os.version: '10.0', java.version: '1.8.0_282'
Driver info: com.kms.katalon.core.appium.driver.SwipeableAndroidDriver
Capabilities {app: E:\GitRepo\Katalon\binarqa-..., appPackage: id.binar.fp.secondhand, appWaitActivity: *, appWaitforLaunch: false, autoGrantPermissions: true, automationName: uiautomator2, chromedriverPort: 63028, databaseEnabled: false, desired: {app: E:\GitRepo\Katalon\binarqa-..., appWaitActivity: *, appWaitforLaunch: false, autoGrantPermissions: true, automationName: uiautomator2, chromedriverPort: 63028, deviceId: , deviceName: realme RMX1921 (Android 11), fullReset: false, ignoreHiddenApiPolicyError: true, newCommandTimeout: 1800, noReset: true, platform: ANDROID, platformName: android, platformVersion: 11, systemPort: 63025, udid: fd03a52e}, deviceApiLevel: 30, deviceId: , deviceManufacturer: realme, deviceModel: RMX1921, deviceName: fd03a52e, deviceScreenDensity: 480, deviceScreenSize: 1080x2340, deviceUDID: fd03a52e, fullReset: false, ignoreHiddenApiPolicyError: true, javascriptEnabled: true, locationContextEnabled: false, networkConnectionEnabled: true, newCommandTimeout: 1800, noReset: true, pixelRatio: 3, platform: ANDROID, platformName: Android, platformVersion: 11, statBarHeight: 96, systemPort: 63025, takesScreenshot: true, udid: fd03a52e, viewportRect: {height: 2168, left: 0, top: 96, width: 1080}, warnings: {}, webStorageEnabled: false}
Session ID: 2a58c21e-f12b-4dab-bc91-280854796a40
	at org.openqa.selenium.remote.http.W3CHttpResponseCodec.createException(W3CHttpResponseCodec.java:187)
	at org.openqa.selenium.remote.http.W3CHttpResponseCodec.decode(W3CHttpResponseCodec.java:122)
	at org.openqa.selenium.remote.http.W3CHttpResponseCodec.decode(W3CHttpResponseCodec.java:49)
	at org.openqa.selenium.remote.HttpCommandExecutor.execute(HttpCommandExecutor.java:158)
	at io.appium.java_client.remote.AppiumCommandExecutor.execute(AppiumCommandExecutor.java:239)
	at org.openqa.selenium.remote.RemoteWebDriver.execute(RemoteWebDriver.java:552)
	at io.appium.java_client.DefaultGenericMobileDriver.execute(DefaultGenericMobileDriver.java:42)
	at io.appium.java_client.AppiumDriver.execute(AppiumDriver.java:1)
	at io.appium.java_client.android.AndroidDriver.execute(AndroidDriver.java:1)
	at com.kms.katalon.core.appium.driver.SwipeableAndroidDriver.execute(SwipeableAndroidDriver.java:1)
	at org.openqa.selenium.remote.RemoteWebElement.execute(RemoteWebElement.java:285)
	at io.appium.java_client.DefaultGenericMobileElement.execute(DefaultGenericMobileElement.java:45)
	at io.appium.java_client.MobileElement.execute(MobileElement.java:1)
	at io.appium.java_client.android.AndroidElement.execute(AndroidElement.java:1)
	at org.openqa.selenium.remote.RemoteWebElement.sendKeys(RemoteWebElement.java:106)
	at com.kms.katalon.core.mobile.keyword.builtin.SetTextKeyword$_setText_closure1.doCall(SetTextKeyword.groovy:80)
	at com.kms.katalon.core.mobile.keyword.builtin.SetTextKeyword$_setText_closure1.call(SetTextKeyword.groovy)
	at com.kms.katalon.core.mobile.keyword.internal.MobileKeywordMain.runKeyword(MobileKeywordMain.groovy:21)
	at com.kms.katalon.core.mobile.keyword.builtin.SetTextKeyword.setText(SetTextKeyword.groovy:83)
	at com.kms.katalon.core.mobile.keyword.builtin.SetTextKeyword.execute(SetTextKeyword.groovy:66)
	at com.kms.katalon.core.keyword.internal.KeywordExecutor.executeKeywordForPlatform(KeywordExecutor.groovy:74)
	at com.kms.katalon.core.mobile.keyword.MobileBuiltInKeywords.setText(MobileBuiltInKeywords.groovy:1307)
	at com.kms.katalon.core.mobile.keyword.MobileBuiltInKeywords$setText$1.call(Unknown Source)
	at edit nomor handphone.run(edit nomor handphone:22)
	at com.kms.katalon.core.main.ScriptEngine.run(ScriptEngine.java:194)
	at com.kms.katalon.core.main.ScriptEngine.runScriptAsRawText(ScriptEngine.java:119)
	at com.kms.katalon.core.main.TestCaseExecutor.runScript(TestCaseExecutor.java:448)
	at com.kms.katalon.core.main.TestCaseExecutor.doExecute(TestCaseExecutor.java:439)
	at com.kms.katalon.core.main.TestCaseExecutor.processExecutionPhase(TestCaseExecutor.java:418)
	at com.kms.katalon.core.main.TestCaseExecutor.accessMainPhase(TestCaseExecutor.java:410)
	at com.kms.katalon.core.main.TestCaseExecutor.execute(TestCaseExecutor.java:285)
	at com.kms.katalon.core.main.TestCaseMain.runTestCase(TestCaseMain.java:144)
	at com.kms.katalon.core.keyword.builtin.CallTestCaseKeyword$_callTestCase_closure1.doCall(CallTestCaseKeyword.groovy:59)
	at com.kms.katalon.core.keyword.builtin.CallTestCaseKeyword$_callTestCase_closure1.call(CallTestCaseKeyword.groovy)
	at com.kms.katalon.core.keyword.internal.KeywordMain.runKeyword(KeywordMain.groovy:75)
	at com.kms.katalon.core.keyword.builtin.CallTestCaseKeyword.callTestCase(CallTestCaseKeyword.groovy:81)
	at com.kms.katalon.core.keyword.builtin.CallTestCaseKeyword.execute(CallTestCaseKeyword.groovy:44)
	at com.kms.katalon.core.keyword.internal.KeywordExecutor.executeKeywordForPlatform(KeywordExecutor.groovy:74)
	at com.kms.katalon.core.keyword.BuiltinKeywords.callTestCase(BuiltinKeywords.groovy:334)
	at EP02-edit no handphone.run(EP02-edit no handphone:32)
	at com.kms.katalon.core.main.ScriptEngine.run(ScriptEngine.java:194)
	at com.kms.katalon.core.main.ScriptEngine.runScriptAsRawText(ScriptEngine.java:119)
	at com.kms.katalon.core.main.TestCaseExecutor.runScript(TestCaseExecutor.java:448)
	at com.kms.katalon.core.main.TestCaseExecutor.doExecute(TestCaseExecutor.java:439)
	at com.kms.katalon.core.main.TestCaseExecutor.processExecutionPhase(TestCaseExecutor.java:418)
	at com.kms.katalon.core.main.TestCaseExecutor.accessMainPhase(TestCaseExecutor.java:410)
	at com.kms.katalon.core.main.TestCaseExecutor.execute(TestCaseExecutor.java:285)
	at com.kms.katalon.core.common.CommonExecutor.accessTestCaseMainPhase(CommonExecutor.java:65)
	at com.kms.katalon.core.main.TestSuiteExecutor.accessTestSuiteMainPhase(TestSuiteExecutor.java:148)
	at com.kms.katalon.core.main.TestSuiteExecutor.execute(TestSuiteExecutor.java:106)
	at com.kms.katalon.core.main.TestCaseMain.startTestSuite(TestCaseMain.java:187)
	at com.kms.katalon.core.main.TestCaseMain$startTestSuite$0.call(Unknown Source)
	at TempTestSuite1688398729789.run(TempTestSuite1688398729789.groovy:36)
)
	at com.kms.katalon.core.keyword.internal.KeywordMain.stepFailed(KeywordMain.groovy:51)
	at com.kms.katalon.core.mobile.keyword.internal.MobileKeywordMain.stepFailed(MobileKeywordMain.groovy:40)
	at com.kms.katalon.core.mobile.keyword.internal.MobileKeywordMain.runKeyword(MobileKeywordMain.groovy:23)
	at com.kms.katalon.core.mobile.keyword.builtin.SetTextKeyword.setText(SetTextKeyword.groovy:83)
	at com.kms.katalon.core.mobile.keyword.builtin.SetTextKeyword.execute(SetTextKeyword.groovy:66)
	at com.kms.katalon.core.keyword.internal.KeywordExecutor.executeKeywordForPlatform(KeywordExecutor.groovy:74)
	at com.kms.katalon.core.mobile.keyword.MobileBuiltInKeywords.setText(MobileBuiltInKeywords.groovy:1307)
	at com.kms.katalon.core.mobile.keyword.MobileBuiltInKeywords$setText$1.call(Unknown Source)
	at edit nomor handphone.run(edit nomor handphone:22)
	at com.kms.katalon.core.main.ScriptEngine.run(ScriptEngine.java:194)
	at com.kms.katalon.core.main.ScriptEngine.runScriptAsRawText(ScriptEngine.java:119)
	at com.kms.katalon.core.main.TestCaseExecutor.runScript(TestCaseExecutor.java:448)
	at com.kms.katalon.core.main.TestCaseExecutor.doExecute(TestCaseExecutor.java:439)
	at com.kms.katalon.core.main.TestCaseExecutor.processExecutionPhase(TestCaseExecutor.java:418)
	at com.kms.katalon.core.main.TestCaseExecutor.accessMainPhase(TestCaseExecutor.java:410)
	at com.kms.katalon.core.main.TestCaseExecutor.execute(TestCaseExecutor.java:285)
	at com.kms.katalon.core.main.TestCaseMain.runTestCase(TestCaseMain.java:144)
	at com.kms.katalon.core.keyword.builtin.CallTestCaseKeyword$_callTestCase_closure1.doCall(CallTestCaseKeyword.groovy:59)
	... 20 more
Caused by: org.openqa.selenium.InvalidElementStateException: Cannot set the element to '08324343'. Did you interact with the correct element?
Build info: version: '3.141.59', revision: 'e82be7d358', time: '2018-11-14T08:25:53'
System info: host: 'ASUS-RN911', ip: '192.168.1.116', os.name: 'Windows 10', os.arch: 'amd64', os.version: '10.0', java.version: '1.8.0_282'
Driver info: com.kms.katalon.core.appium.driver.SwipeableAndroidDriver
Capabilities {app: E:\GitRepo\Katalon\binarqa-..., appPackage: id.binar.fp.secondhand, appWaitActivity: *, appWaitforLaunch: false, autoGrantPermissions: true, automationName: uiautomator2, chromedriverPort: 63028, databaseEnabled: false, desired: {app: E:\GitRepo\Katalon\binarqa-..., appWaitActivity: *, appWaitforLaunch: false, autoGrantPermissions: true, automationName: uiautomator2, chromedriverPort: 63028, deviceId: , deviceName: realme RMX1921 (Android 11), fullReset: false, ignoreHiddenApiPolicyError: true, newCommandTimeout: 1800, noReset: true, platform: ANDROID, platformName: android, platformVersion: 11, systemPort: 63025, udid: fd03a52e}, deviceApiLevel: 30, deviceId: , deviceManufacturer: realme, deviceModel: RMX1921, deviceName: fd03a52e, deviceScreenDensity: 480, deviceScreenSize: 1080x2340, deviceUDID: fd03a52e, fullReset: false, ignoreHiddenApiPolicyError: true, javascriptEnabled: true, locationContextEnabled: false, networkConnectionEnabled: true, newCommandTimeout: 1800, noReset: true, pixelRatio: 3, platform: ANDROID, platformName: Android, platformVersion: 11, statBarHeight: 96, systemPort: 63025, takesScreenshot: true, udid: fd03a52e, viewportRect: {height: 2168, left: 0, top: 96, width: 1080}, warnings: {}, webStorageEnabled: false}
Session ID: 2a58c21e-f12b-4dab-bc91-280854796a40
	at org.openqa.selenium.remote.http.W3CHttpResponseCodec.createException(W3CHttpResponseCodec.java:187)
	at org.openqa.selenium.remote.http.W3CHttpResponseCodec.decode(W3CHttpResponseCodec.java:122)
	at org.openqa.selenium.remote.http.W3CHttpResponseCodec.decode(W3CHttpResponseCodec.java:49)
	at org.openqa.selenium.remote.HttpCommandExecutor.execute(HttpCommandExecutor.java:158)
	at io.appium.java_client.remote.AppiumCommandExecutor.execute(AppiumCommandExecutor.java:239)
	at org.openqa.selenium.remote.RemoteWebDriver.execute(RemoteWebDriver.java:552)
	at io.appium.java_client.DefaultGenericMobileDriver.execute(DefaultGenericMobileDriver.java:42)
	at io.appium.java_client.AppiumDriver.execute(AppiumDriver.java:1)
	at io.appium.java_client.android.AndroidDriver.execute(AndroidDriver.java:1)
	at com.kms.katalon.core.appium.driver.SwipeableAndroidDriver.execute(SwipeableAndroidDriver.java:1)
	at org.openqa.selenium.remote.RemoteWebElement.execute(RemoteWebElement.java:285)
	at io.appium.java_client.DefaultGenericMobileElement.execute(DefaultGenericMobileElement.java:45)
	at io.appium.java_client.MobileElement.execute(MobileElement.java:1)
	at io.appium.java_client.android.AndroidElement.execute(AndroidElement.java:1)
	at org.openqa.selenium.remote.RemoteWebElement.sendKeys(RemoteWebElement.java:106)
	at com.kms.katalon.core.mobile.keyword.builtin.SetTextKeyword$_setText_closure1.doCall(SetTextKeyword.groovy:80)
	at com.kms.katalon.core.mobile.keyword.builtin.SetTextKeyword$_setText_closure1.call(SetTextKeyword.groovy)
	at com.kms.katalon.core.mobile.keyword.internal.MobileKeywordMain.runKeyword(MobileKeywordMain.groovy:21)
	... 35 more
)

2023-07-03 22:40:11 - [TEST_CASE][FAILED] - Test Cases/Pages/Edit Profile/edit nomor handphone: Test Cases/Pages/Edit Profile/edit nomor handphone FAILED.
Reason:
com.kms.katalon.core.exception.StepFailedException: Failed to set text into element (Root cause: org.openqa.selenium.InvalidElementStateException: Cannot set the element to '08324343'. Did you interact with the correct element?
Build info: version: '3.141.59', revision: 'e82be7d358', time: '2018-11-14T08:25:53'
System info: host: 'ASUS-RN911', ip: '192.168.1.116', os.name: 'Windows 10', os.arch: 'amd64', os.version: '10.0', java.version: '1.8.0_282'
Driver info: com.kms.katalon.core.appium.driver.SwipeableAndroidDriver
Capabilities {app: E:\GitRepo\Katalon\binarqa-..., appPackage: id.binar.fp.secondhand, appWaitActivity: *, appWaitforLaunch: false, autoGrantPermissions: true, automationName: uiautomator2, chromedriverPort: 63028, databaseEnabled: false, desired: {app: E:\GitRepo\Katalon\binarqa-..., appWaitActivity: *, appWaitforLaunch: false, autoGrantPermissions: true, automationName: uiautomator2, chromedriverPort: 63028, deviceId: , deviceName: realme RMX1921 (Android 11), fullReset: false, ignoreHiddenApiPolicyError: true, newCommandTimeout: 1800, noReset: true, platform: ANDROID, platformName: android, platformVersion: 11, systemPort: 63025, udid: fd03a52e}, deviceApiLevel: 30, deviceId: , deviceManufacturer: realme, deviceModel: RMX1921, deviceName: fd03a52e, deviceScreenDensity: 480, deviceScreenSize: 1080x2340, deviceUDID: fd03a52e, fullReset: false, ignoreHiddenApiPolicyError: true, javascriptEnabled: true, locationContextEnabled: false, networkConnectionEnabled: true, newCommandTimeout: 1800, noReset: true, pixelRatio: 3, platform: ANDROID, platformName: Android, platformVersion: 11, statBarHeight: 96, systemPort: 63025, takesScreenshot: true, udid: fd03a52e, viewportRect: {height: 2168, left: 0, top: 96, width: 1080}, warnings: {}, webStorageEnabled: false}
Session ID: 2a58c21e-f12b-4dab-bc91-280854796a40
	at org.openqa.selenium.remote.http.W3CHttpResponseCodec.createException(W3CHttpResponseCodec.java:187)
	at org.openqa.selenium.remote.http.W3CHttpResponseCodec.decode(W3CHttpResponseCodec.java:122)
	at org.openqa.selenium.remote.http.W3CHttpResponseCodec.decode(W3CHttpResponseCodec.java:49)
	at org.openqa.selenium.remote.HttpCommandExecutor.execute(HttpCommandExecutor.java:158)
	at io.appium.java_client.remote.AppiumCommandExecutor.execute(AppiumCommandExecutor.java:239)
	at org.openqa.selenium.remote.RemoteWebDriver.execute(RemoteWebDriver.java:552)
	at io.appium.java_client.DefaultGenericMobileDriver.execute(DefaultGenericMobileDriver.java:42)
	at io.appium.java_client.AppiumDriver.execute(AppiumDriver.java:1)
	at io.appium.java_client.android.AndroidDriver.execute(AndroidDriver.java:1)
	at com.kms.katalon.core.appium.driver.SwipeableAndroidDriver.execute(SwipeableAndroidDriver.java:1)
	at org.openqa.selenium.remote.RemoteWebElement.execute(RemoteWebElement.java:285)
	at io.appium.java_client.DefaultGenericMobileElement.execute(DefaultGenericMobileElement.java:45)
	at io.appium.java_client.MobileElement.execute(MobileElement.java:1)
	at io.appium.java_client.android.AndroidElement.execute(AndroidElement.java:1)
	at org.openqa.selenium.remote.RemoteWebElement.sendKeys(RemoteWebElement.java:106)
	at com.kms.katalon.core.mobile.keyword.builtin.SetTextKeyword$_setText_closure1.doCall(SetTextKeyword.groovy:80)
	at com.kms.katalon.core.mobile.keyword.builtin.SetTextKeyword$_setText_closure1.call(SetTextKeyword.groovy)
	at com.kms.katalon.core.mobile.keyword.internal.MobileKeywordMain.runKeyword(MobileKeywordMain.groovy:21)
	at com.kms.katalon.core.mobile.keyword.builtin.SetTextKeyword.setText(SetTextKeyword.groovy:83)
	at com.kms.katalon.core.mobile.keyword.builtin.SetTextKeyword.execute(SetTextKeyword.groovy:66)
	at com.kms.katalon.core.keyword.internal.KeywordExecutor.executeKeywordForPlatform(KeywordExecutor.groovy:74)
	at com.kms.katalon.core.mobile.keyword.MobileBuiltInKeywords.setText(MobileBuiltInKeywords.groovy:1307)
	at com.kms.katalon.core.mobile.keyword.MobileBuiltInKeywords$setText$1.call(Unknown Source)
	at edit nomor handphone.run(edit nomor handphone:22)
	at com.kms.katalon.core.main.ScriptEngine.run(ScriptEngine.java:194)
	at com.kms.katalon.core.main.ScriptEngine.runScriptAsRawText(ScriptEngine.java:119)
	at com.kms.katalon.core.main.TestCaseExecutor.runScript(TestCaseExecutor.java:448)
	at com.kms.katalon.core.main.TestCaseExecutor.doExecute(TestCaseExecutor.java:439)
	at com.kms.katalon.core.main.TestCaseExecutor.processExecutionPhase(TestCaseExecutor.java:418)
	at com.kms.katalon.core.main.TestCaseExecutor.accessMainPhase(TestCaseExecutor.java:410)
	at com.kms.katalon.core.main.TestCaseExecutor.execute(TestCaseExecutor.java:285)
	at com.kms.katalon.core.main.TestCaseMain.runTestCase(TestCaseMain.java:144)
	at com.kms.katalon.core.keyword.builtin.CallTestCaseKeyword$_callTestCase_closure1.doCall(CallTestCaseKeyword.groovy:59)
	at com.kms.katalon.core.keyword.builtin.CallTestCaseKeyword$_callTestCase_closure1.call(CallTestCaseKeyword.groovy)
	at com.kms.katalon.core.keyword.internal.KeywordMain.runKeyword(KeywordMain.groovy:75)
	at com.kms.katalon.core.keyword.builtin.CallTestCaseKeyword.callTestCase(CallTestCaseKeyword.groovy:81)
	at com.kms.katalon.core.keyword.builtin.CallTestCaseKeyword.execute(CallTestCaseKeyword.groovy:44)
	at com.kms.katalon.core.keyword.internal.KeywordExecutor.executeKeywordForPlatform(KeywordExecutor.groovy:74)
	at com.kms.katalon.core.keyword.BuiltinKeywords.callTestCase(BuiltinKeywords.groovy:334)
	at EP02-edit no handphone.run(EP02-edit no handphone:32)
	at com.kms.katalon.core.main.ScriptEngine.run(ScriptEngine.java:194)
	at com.kms.katalon.core.main.ScriptEngine.runScriptAsRawText(ScriptEngine.java:119)
	at com.kms.katalon.core.main.TestCaseExecutor.runScript(TestCaseExecutor.java:448)
	at com.kms.katalon.core.main.TestCaseExecutor.doExecute(TestCaseExecutor.java:439)
	at com.kms.katalon.core.main.TestCaseExecutor.processExecutionPhase(TestCaseExecutor.java:418)
	at com.kms.katalon.core.main.TestCaseExecutor.accessMainPhase(TestCaseExecutor.java:410)
	at com.kms.katalon.core.main.TestCaseExecutor.execute(TestCaseExecutor.java:285)
	at com.kms.katalon.core.common.CommonExecutor.accessTestCaseMainPhase(CommonExecutor.java:65)
	at com.kms.katalon.core.main.TestSuiteExecutor.accessTestSuiteMainPhase(TestSuiteExecutor.java:148)
	at com.kms.katalon.core.main.TestSuiteExecutor.execute(TestSuiteExecutor.java:106)
	at com.kms.katalon.core.main.TestCaseMain.startTestSuite(TestCaseMain.java:187)
	at com.kms.katalon.core.main.TestCaseMain$startTestSuite$0.call(Unknown Source)
	at TempTestSuite1688398729789.run(TempTestSuite1688398729789.groovy:36)
)
	at com.kms.katalon.core.keyword.internal.KeywordMain.stepFailed(KeywordMain.groovy:51)
	at com.kms.katalon.core.mobile.keyword.internal.MobileKeywordMain.stepFailed(MobileKeywordMain.groovy:40)
	at com.kms.katalon.core.mobile.keyword.internal.MobileKeywordMain.runKeyword(MobileKeywordMain.groovy:23)
	at com.kms.katalon.core.mobile.keyword.builtin.SetTextKeyword.setText(SetTextKeyword.groovy:83)
	at com.kms.katalon.core.mobile.keyword.builtin.SetTextKeyword.execute(SetTextKeyword.groovy:66)
	at com.kms.katalon.core.keyword.internal.KeywordExecutor.executeKeywordForPlatform(KeywordExecutor.groovy:74)
	at com.kms.katalon.core.mobile.keyword.MobileBuiltInKeywords.setText(MobileBuiltInKeywords.groovy:1307)
	at com.kms.katalon.core.mobile.keyword.MobileBuiltInKeywords$setText$1.call(Unknown Source)
	at edit nomor handphone.run(edit nomor handphone:22)
	at com.kms.katalon.core.main.ScriptEngine.run(ScriptEngine.java:194)
	at com.kms.katalon.core.main.ScriptEngine.runScriptAsRawText(ScriptEngine.java:119)
	at com.kms.katalon.core.main.TestCaseExecutor.runScript(TestCaseExecutor.java:448)
	at com.kms.katalon.core.main.TestCaseExecutor.doExecute(TestCaseExecutor.java:439)
	at com.kms.katalon.core.main.TestCaseExecutor.processExecutionPhase(TestCaseExecutor.java:418)
	at com.kms.katalon.core.main.TestCaseExecutor.accessMainPhase(TestCaseExecutor.java:410)
	at com.kms.katalon.core.main.TestCaseExecutor.execute(TestCaseExecutor.java:285)
	at com.kms.katalon.core.main.TestCaseMain.runTestCase(TestCaseMain.java:144)
	at com.kms.katalon.core.keyword.builtin.CallTestCaseKeyword$_callTestCase_closure1.doCall(CallTestCaseKeyword.groovy:59)
	at com.kms.katalon.core.keyword.builtin.CallTestCaseKeyword$_callTestCase_closure1.call(CallTestCaseKeyword.groovy)
	at com.kms.katalon.core.keyword.internal.KeywordMain.runKeyword(KeywordMain.groovy:75)
	at com.kms.katalon.core.keyword.builtin.CallTestCaseKeyword.callTestCase(CallTestCaseKeyword.groovy:81)
	at com.kms.katalon.core.keyword.builtin.CallTestCaseKeyword.execute(CallTestCaseKeyword.groovy:44)
	at com.kms.katalon.core.keyword.internal.KeywordExecutor.executeKeywordForPlatform(KeywordExecutor.groovy:74)
	at com.kms.katalon.core.keyword.BuiltinKeywords.callTestCase(BuiltinKeywords.groovy:334)
	at EP02-edit no handphone.run(EP02-edit no handphone:32)
	at com.kms.katalon.core.main.ScriptEngine.run(ScriptEngine.java:194)
	at com.kms.katalon.core.main.ScriptEngine.runScriptAsRawText(ScriptEngine.java:119)
	at com.kms.katalon.core.main.TestCaseExecutor.runScript(TestCaseExecutor.java:448)
	at com.kms.katalon.core.main.TestCaseExecutor.doExecute(TestCaseExecutor.java:439)
	at com.kms.katalon.core.main.TestCaseExecutor.processExecutionPhase(TestCaseExecutor.java:418)
	at com.kms.katalon.core.main.TestCaseExecutor.accessMainPhase(TestCaseExecutor.java:410)
	at com.kms.katalon.core.main.TestCaseExecutor.execute(TestCaseExecutor.java:285)
	at com.kms.katalon.core.common.CommonExecutor.accessTestCaseMainPhase(CommonExecutor.java:65)
	at com.kms.katalon.core.main.TestSuiteExecutor.accessTestSuiteMainPhase(TestSuiteExecutor.java:148)
	at com.kms.katalon.core.main.TestSuiteExecutor.execute(TestSuiteExecutor.java:106)
	at com.kms.katalon.core.main.TestCaseMain.startTestSuite(TestCaseMain.java:187)
	at com.kms.katalon.core.main.TestCaseMain$startTestSuite$0.call(Unknown Source)
	at TempTestSuite1688398729789.run(TempTestSuite1688398729789.groovy:36)
Caused by: org.openqa.selenium.InvalidElementStateException: Cannot set the element to '08324343'. Did you interact with the correct element?
Build info: version: '3.141.59', revision: 'e82be7d358', time: '2018-11-14T08:25:53'
System info: host: 'ASUS-RN911', ip: '192.168.1.116', os.name: 'Windows 10', os.arch: 'amd64', os.version: '10.0', java.version: '1.8.0_282'
Driver info: com.kms.katalon.core.appium.driver.SwipeableAndroidDriver
Capabilities {app: E:\GitRepo\Katalon\binarqa-..., appPackage: id.binar.fp.secondhand, appWaitActivity: *, appWaitforLaunch: false, autoGrantPermissions: true, automationName: uiautomator2, chromedriverPort: 63028, databaseEnabled: false, desired: {app: E:\GitRepo\Katalon\binarqa-..., appWaitActivity: *, appWaitforLaunch: false, autoGrantPermissions: true, automationName: uiautomator2, chromedriverPort: 63028, deviceId: , deviceName: realme RMX1921 (Android 11), fullReset: false, ignoreHiddenApiPolicyError: true, newCommandTimeout: 1800, noReset: true, platform: ANDROID, platformName: android, platformVersion: 11, systemPort: 63025, udid: fd03a52e}, deviceApiLevel: 30, deviceId: , deviceManufacturer: realme, deviceModel: RMX1921, deviceName: fd03a52e, deviceScreenDensity: 480, deviceScreenSize: 1080x2340, deviceUDID: fd03a52e, fullReset: false, ignoreHiddenApiPolicyError: true, javascriptEnabled: true, locationContextEnabled: false, networkConnectionEnabled: true, newCommandTimeout: 1800, noReset: true, pixelRatio: 3, platform: ANDROID, platformName: Android, platformVersion: 11, statBarHeight: 96, systemPort: 63025, takesScreenshot: true, udid: fd03a52e, viewportRect: {height: 2168, left: 0, top: 96, width: 1080}, warnings: {}, webStorageEnabled: false}
Session ID: 2a58c21e-f12b-4dab-bc91-280854796a40
	at org.openqa.selenium.remote.http.W3CHttpResponseCodec.createException(W3CHttpResponseCodec.java:187)
	at org.openqa.selenium.remote.http.W3CHttpResponseCodec.decode(W3CHttpResponseCodec.java:122)
	at org.openqa.selenium.remote.http.W3CHttpResponseCodec.decode(W3CHttpResponseCodec.java:49)
	at org.openqa.selenium.remote.HttpCommandExecutor.execute(HttpCommandExecutor.java:158)
	at io.appium.java_client.remote.AppiumCommandExecutor.execute(AppiumCommandExecutor.java:239)
	at org.openqa.selenium.remote.RemoteWebDriver.execute(RemoteWebDriver.java:552)
	at io.appium.java_client.DefaultGenericMobileDriver.execute(DefaultGenericMobileDriver.java:42)
	at io.appium.java_client.AppiumDriver.execute(AppiumDriver.java:1)
	at io.appium.java_client.android.AndroidDriver.execute(AndroidDriver.java:1)
	at com.kms.katalon.core.appium.driver.SwipeableAndroidDriver.execute(SwipeableAndroidDriver.java:1)
	at org.openqa.selenium.remote.RemoteWebElement.execute(RemoteWebElement.java:285)
	at io.appium.java_client.DefaultGenericMobileElement.execute(DefaultGenericMobileElement.java:45)
	at io.appium.java_client.MobileElement.execute(MobileElement.java:1)
	at io.appium.java_client.android.AndroidElement.execute(AndroidElement.java:1)
	at org.openqa.selenium.remote.RemoteWebElement.sendKeys(RemoteWebElement.java:106)
	at com.kms.katalon.core.mobile.keyword.builtin.SetTextKeyword$_setText_closure1.doCall(SetTextKeyword.groovy:80)
	at com.kms.katalon.core.mobile.keyword.builtin.SetTextKeyword$_setText_closure1.call(SetTextKeyword.groovy)
	at com.kms.katalon.core.mobile.keyword.internal.MobileKeywordMain.runKeyword(MobileKeywordMain.groovy:21)
	... 35 more


2023-07-03 22:40:11 - [TEST_STEP][PASSED] - tap(findTestObject("Edit Profile/Edit_profile1/android.widget.TextView - 081287844972_edit Telepon"), 0): Tapped on element 'Object Repository/Edit Profile/Edit_profile1/android.widget.TextView - 081287844972_edit Telepon'

2023-07-03 22:40:11 - [MESSAGE][WARNING] - Timeout '0' is invalid. Using default page load timeout: '30'

2023-07-03 22:40:12 - [MESSAGE][PASSED] - Tapped on element 'Object Repository/Edit Profile/Edit_profile1/android.widget.TextView - 081287844972_edit Telepon'

2023-07-03 22:40:12 - [TEST_STEP][FAILED] - setText(findTestObject("Edit Profile/Edit_profile1/android.widget.TextView - 081287844972_edit Telepon"), "08324343", 30): Failed to set text into element (Root cause: org.openqa.selenium.InvalidElementStateException: Cannot set the element to '08324343'. Did you interact with the correct element?
Build info: version: '3.141.59', revision: 'e82be7d358', time: '2018-11-14T08:25:53'
System info: host: 'ASUS-RN911', ip: '192.168.1.116', os.name: 'Windows 10', os.arch: 'amd64', os.version: '10.0', java.version: '1.8.0_282'
Driver info: com.kms.katalon.core.appium.driver.SwipeableAndroidDriver
Capabilities {app: E:\GitRepo\Katalon\binarqa-..., appPackage: id.binar.fp.secondhand, appWaitActivity: *, appWaitforLaunch: false, autoGrantPermissions: true, automationName: uiautomator2, chromedriverPort: 63028, databaseEnabled: false, desired: {app: E:\GitRepo\Katalon\binarqa-..., appWaitActivity: *, appWaitforLaunch: false, autoGrantPermissions: true, automationName: uiautomator2, chromedriverPort: 63028, deviceId: , deviceName: realme RMX1921 (Android 11), fullReset: false, ignoreHiddenApiPolicyError: true, newCommandTimeout: 1800, noReset: true, platform: ANDROID, platformName: android, platformVersion: 11, systemPort: 63025, udid: fd03a52e}, deviceApiLevel: 30, deviceId: , deviceManufacturer: realme, deviceModel: RMX1921, deviceName: fd03a52e, deviceScreenDensity: 480, deviceScreenSize: 1080x2340, deviceUDID: fd03a52e, fullReset: false, ignoreHiddenApiPolicyError: true, javascriptEnabled: true, locationContextEnabled: false, networkConnectionEnabled: true, newCommandTimeout: 1800, noReset: true, pixelRatio: 3, platform: ANDROID, platformName: Android, platformVersion: 11, statBarHeight: 96, systemPort: 63025, takesScreenshot: true, udid: fd03a52e, viewportRect: {height: 2168, left: 0, top: 96, width: 1080}, warnings: {}, webStorageEnabled: false}
Session ID: 2a58c21e-f12b-4dab-bc91-280854796a40
	at org.openqa.selenium.remote.http.W3CHttpResponseCodec.createException(W3CHttpResponseCodec.java:187)
	at org.openqa.selenium.remote.http.W3CHttpResponseCodec.decode(W3CHttpResponseCodec.java:122)
	at org.openqa.selenium.remote.http.W3CHttpResponseCodec.decode(W3CHttpResponseCodec.java:49)
	at org.openqa.selenium.remote.HttpCommandExecutor.execute(HttpCommandExecutor.java:158)
	at io.appium.java_client.remote.AppiumCommandExecutor.execute(AppiumCommandExecutor.java:239)
	at org.openqa.selenium.remote.RemoteWebDriver.execute(RemoteWebDriver.java:552)
	at io.appium.java_client.DefaultGenericMobileDriver.execute(DefaultGenericMobileDriver.java:42)
	at io.appium.java_client.AppiumDriver.execute(AppiumDriver.java:1)
	at io.appium.java_client.android.AndroidDriver.execute(AndroidDriver.java:1)
	at com.kms.katalon.core.appium.driver.SwipeableAndroidDriver.execute(SwipeableAndroidDriver.java:1)
	at org.openqa.selenium.remote.RemoteWebElement.execute(RemoteWebElement.java:285)
	at io.appium.java_client.DefaultGenericMobileElement.execute(DefaultGenericMobileElement.java:45)
	at io.appium.java_client.MobileElement.execute(MobileElement.java:1)
	at io.appium.java_client.android.AndroidElement.execute(AndroidElement.java:1)
	at org.openqa.selenium.remote.RemoteWebElement.sendKeys(RemoteWebElement.java:106)
	at com.kms.katalon.core.mobile.keyword.builtin.SetTextKeyword$_setText_closure1.doCall(SetTextKeyword.groovy:80)
	at com.kms.katalon.core.mobile.keyword.builtin.SetTextKeyword$_setText_closure1.call(SetTextKeyword.groovy)
	at com.kms.katalon.core.mobile.keyword.internal.MobileKeywordMain.runKeyword(MobileKeywordMain.groovy:21)
	at com.kms.katalon.core.mobile.keyword.builtin.SetTextKeyword.setText(SetTextKeyword.groovy:83)
	at com.kms.katalon.core.mobile.keyword.builtin.SetTextKeyword.execute(SetTextKeyword.groovy:66)
	at com.kms.katalon.core.keyword.internal.KeywordExecutor.executeKeywordForPlatform(KeywordExecutor.groovy:74)
	at com.kms.katalon.core.mobile.keyword.MobileBuiltInKeywords.setText(MobileBuiltInKeywords.groovy:1307)
	at com.kms.katalon.core.mobile.keyword.MobileBuiltInKeywords$setText$1.call(Unknown Source)
	at edit nomor handphone.run(edit nomor handphone:22)
	at com.kms.katalon.core.main.ScriptEngine.run(ScriptEngine.java:194)
	at com.kms.katalon.core.main.ScriptEngine.runScriptAsRawText(ScriptEngine.java:119)
	at com.kms.katalon.core.main.TestCaseExecutor.runScript(TestCaseExecutor.java:448)
	at com.kms.katalon.core.main.TestCaseExecutor.doExecute(TestCaseExecutor.java:439)
	at com.kms.katalon.core.main.TestCaseExecutor.processExecutionPhase(TestCaseExecutor.java:418)
	at com.kms.katalon.core.main.TestCaseExecutor.accessMainPhase(TestCaseExecutor.java:410)
	at com.kms.katalon.core.main.TestCaseExecutor.execute(TestCaseExecutor.java:285)
	at com.kms.katalon.core.main.TestCaseMain.runTestCase(TestCaseMain.java:144)
	at com.kms.katalon.core.keyword.builtin.CallTestCaseKeyword$_callTestCase_closure1.doCall(CallTestCaseKeyword.groovy:59)
	at com.kms.katalon.core.keyword.builtin.CallTestCaseKeyword$_callTestCase_closure1.call(CallTestCaseKeyword.groovy)
	at com.kms.katalon.core.keyword.internal.KeywordMain.runKeyword(KeywordMain.groovy:75)
	at com.kms.katalon.core.keyword.builtin.CallTestCaseKeyword.callTestCase(CallTestCaseKeyword.groovy:81)
	at com.kms.katalon.core.keyword.builtin.CallTestCaseKeyword.execute(CallTestCaseKeyword.groovy:44)
	at com.kms.katalon.core.keyword.internal.KeywordExecutor.executeKeywordForPlatform(KeywordExecutor.groovy:74)
	at com.kms.katalon.core.keyword.BuiltinKeywords.callTestCase(BuiltinKeywords.groovy:334)
	at EP02-edit no handphone.run(EP02-edit no handphone:32)
	at com.kms.katalon.core.main.ScriptEngine.run(ScriptEngine.java:194)
	at com.kms.katalon.core.main.ScriptEngine.runScriptAsRawText(ScriptEngine.java:119)
	at com.kms.katalon.core.main.TestCaseExecutor.runScript(TestCaseExecutor.java:448)
	at com.kms.katalon.core.main.TestCaseExecutor.doExecute(TestCaseExecutor.java:439)
	at com.kms.katalon.core.main.TestCaseExecutor.processExecutionPhase(TestCaseExecutor.java:418)
	at com.kms.katalon.core.main.TestCaseExecutor.accessMainPhase(TestCaseExecutor.java:410)
	at com.kms.katalon.core.main.TestCaseExecutor.execute(TestCaseExecutor.java:285)
	at com.kms.katalon.core.common.CommonExecutor.accessTestCaseMainPhase(CommonExecutor.java:65)
	at com.kms.katalon.core.main.TestSuiteExecutor.accessTestSuiteMainPhase(TestSuiteExecutor.java:148)
	at com.kms.katalon.core.main.TestSuiteExecutor.execute(TestSuiteExecutor.java:106)
	at com.kms.katalon.core.main.TestCaseMain.startTestSuite(TestCaseMain.java:187)
	at com.kms.katalon.core.main.TestCaseMain$startTestSuite$0.call(Unknown Source)
	at TempTestSuite1688398729789.run(TempTestSuite1688398729789.groovy:36)
)

2023-07-03 22:40:16 - [MESSAGE][FAILED] - Failed to set text into element (Root cause: org.openqa.selenium.InvalidElementStateException: Cannot set the element to '08324343'. Did you interact with the correct element?
Build info: version: '3.141.59', revision: 'e82be7d358', time: '2018-11-14T08:25:53'
System info: host: 'ASUS-RN911', ip: '192.168.1.116', os.name: 'Windows 10', os.arch: 'amd64', os.version: '10.0', java.version: '1.8.0_282'
Driver info: com.kms.katalon.core.appium.driver.SwipeableAndroidDriver
Capabilities {app: E:\GitRepo\Katalon\binarqa-..., appPackage: id.binar.fp.secondhand, appWaitActivity: *, appWaitforLaunch: false, autoGrantPermissions: true, automationName: uiautomator2, chromedriverPort: 63028, databaseEnabled: false, desired: {app: E:\GitRepo\Katalon\binarqa-..., appWaitActivity: *, appWaitforLaunch: false, autoGrantPermissions: true, automationName: uiautomator2, chromedriverPort: 63028, deviceId: , deviceName: realme RMX1921 (Android 11), fullReset: false, ignoreHiddenApiPolicyError: true, newCommandTimeout: 1800, noReset: true, platform: ANDROID, platformName: android, platformVersion: 11, systemPort: 63025, udid: fd03a52e}, deviceApiLevel: 30, deviceId: , deviceManufacturer: realme, deviceModel: RMX1921, deviceName: fd03a52e, deviceScreenDensity: 480, deviceScreenSize: 1080x2340, deviceUDID: fd03a52e, fullReset: false, ignoreHiddenApiPolicyError: true, javascriptEnabled: true, locationContextEnabled: false, networkConnectionEnabled: true, newCommandTimeout: 1800, noReset: true, pixelRatio: 3, platform: ANDROID, platformName: Android, platformVersion: 11, statBarHeight: 96, systemPort: 63025, takesScreenshot: true, udid: fd03a52e, viewportRect: {height: 2168, left: 0, top: 96, width: 1080}, warnings: {}, webStorageEnabled: false}
Session ID: 2a58c21e-f12b-4dab-bc91-280854796a40
	at org.openqa.selenium.remote.http.W3CHttpResponseCodec.createException(W3CHttpResponseCodec.java:187)
	at org.openqa.selenium.remote.http.W3CHttpResponseCodec.decode(W3CHttpResponseCodec.java:122)
	at org.openqa.selenium.remote.http.W3CHttpResponseCodec.decode(W3CHttpResponseCodec.java:49)
	at org.openqa.selenium.remote.HttpCommandExecutor.execute(HttpCommandExecutor.java:158)
	at io.appium.java_client.remote.AppiumCommandExecutor.execute(AppiumCommandExecutor.java:239)
	at org.openqa.selenium.remote.RemoteWebDriver.execute(RemoteWebDriver.java:552)
	at io.appium.java_client.DefaultGenericMobileDriver.execute(DefaultGenericMobileDriver.java:42)
	at io.appium.java_client.AppiumDriver.execute(AppiumDriver.java:1)
	at io.appium.java_client.android.AndroidDriver.execute(AndroidDriver.java:1)
	at com.kms.katalon.core.appium.driver.SwipeableAndroidDriver.execute(SwipeableAndroidDriver.java:1)
	at org.openqa.selenium.remote.RemoteWebElement.execute(RemoteWebElement.java:285)
	at io.appium.java_client.DefaultGenericMobileElement.execute(DefaultGenericMobileElement.java:45)
	at io.appium.java_client.MobileElement.execute(MobileElement.java:1)
	at io.appium.java_client.android.AndroidElement.execute(AndroidElement.java:1)
	at org.openqa.selenium.remote.RemoteWebElement.sendKeys(RemoteWebElement.java:106)
	at com.kms.katalon.core.mobile.keyword.builtin.SetTextKeyword$_setText_closure1.doCall(SetTextKeyword.groovy:80)
	at com.kms.katalon.core.mobile.keyword.builtin.SetTextKeyword$_setText_closure1.call(SetTextKeyword.groovy)
	at com.kms.katalon.core.mobile.keyword.internal.MobileKeywordMain.runKeyword(MobileKeywordMain.groovy:21)
	at com.kms.katalon.core.mobile.keyword.builtin.SetTextKeyword.setText(SetTextKeyword.groovy:83)
	at com.kms.katalon.core.mobile.keyword.builtin.SetTextKeyword.execute(SetTextKeyword.groovy:66)
	at com.kms.katalon.core.keyword.internal.KeywordExecutor.executeKeywordForPlatform(KeywordExecutor.groovy:74)
	at com.kms.katalon.core.mobile.keyword.MobileBuiltInKeywords.setText(MobileBuiltInKeywords.groovy:1307)
	at com.kms.katalon.core.mobile.keyword.MobileBuiltInKeywords$setText$1.call(Unknown Source)
	at edit nomor handphone.run(edit nomor handphone:22)
	at com.kms.katalon.core.main.ScriptEngine.run(ScriptEngine.java:194)
	at com.kms.katalon.core.main.ScriptEngine.runScriptAsRawText(ScriptEngine.java:119)
	at com.kms.katalon.core.main.TestCaseExecutor.runScript(TestCaseExecutor.java:448)
	at com.kms.katalon.core.main.TestCaseExecutor.doExecute(TestCaseExecutor.java:439)
	at com.kms.katalon.core.main.TestCaseExecutor.processExecutionPhase(TestCaseExecutor.java:418)
	at com.kms.katalon.core.main.TestCaseExecutor.accessMainPhase(TestCaseExecutor.java:410)
	at com.kms.katalon.core.main.TestCaseExecutor.execute(TestCaseExecutor.java:285)
	at com.kms.katalon.core.main.TestCaseMain.runTestCase(TestCaseMain.java:144)
	at com.kms.katalon.core.keyword.builtin.CallTestCaseKeyword$_callTestCase_closure1.doCall(CallTestCaseKeyword.groovy:59)
	at com.kms.katalon.core.keyword.builtin.CallTestCaseKeyword$_callTestCase_closure1.call(CallTestCaseKeyword.groovy)
	at com.kms.katalon.core.keyword.internal.KeywordMain.runKeyword(KeywordMain.groovy:75)
	at com.kms.katalon.core.keyword.builtin.CallTestCaseKeyword.callTestCase(CallTestCaseKeyword.groovy:81)
	at com.kms.katalon.core.keyword.builtin.CallTestCaseKeyword.execute(CallTestCaseKeyword.groovy:44)
	at com.kms.katalon.core.keyword.internal.KeywordExecutor.executeKeywordForPlatform(KeywordExecutor.groovy:74)
	at com.kms.katalon.core.keyword.BuiltinKeywords.callTestCase(BuiltinKeywords.groovy:334)
	at EP02-edit no handphone.run(EP02-edit no handphone:32)
	at com.kms.katalon.core.main.ScriptEngine.run(ScriptEngine.java:194)
	at com.kms.katalon.core.main.ScriptEngine.runScriptAsRawText(ScriptEngine.java:119)
	at com.kms.katalon.core.main.TestCaseExecutor.runScript(TestCaseExecutor.java:448)
	at com.kms.katalon.core.main.TestCaseExecutor.doExecute(TestCaseExecutor.java:439)
	at com.kms.katalon.core.main.TestCaseExecutor.processExecutionPhase(TestCaseExecutor.java:418)
	at com.kms.katalon.core.main.TestCaseExecutor.accessMainPhase(TestCaseExecutor.java:410)
	at com.kms.katalon.core.main.TestCaseExecutor.execute(TestCaseExecutor.java:285)
	at com.kms.katalon.core.common.CommonExecutor.accessTestCaseMainPhase(CommonExecutor.java:65)
	at com.kms.katalon.core.main.TestSuiteExecutor.accessTestSuiteMainPhase(TestSuiteExecutor.java:148)
	at com.kms.katalon.core.main.TestSuiteExecutor.execute(TestSuiteExecutor.java:106)
	at com.kms.katalon.core.main.TestCaseMain.startTestSuite(TestCaseMain.java:187)
	at com.kms.katalon.core.main.TestCaseMain$startTestSuite$0.call(Unknown Source)
	at TempTestSuite1688398729789.run(TempTestSuite1688398729789.groovy:36)
)
[[ATTACHMENT|E:\\GitRepo\\Katalon\\binarqa-group1-app\\Reports\\20230703_223849\\Feature Edit Profile - Positive Case\\20230703_223849\\1688398813312.png]]

2023-07-03 22:40:16 - [MESSAGE][FAILED] - Unable to call Test Case 'Test Cases/Pages/Edit Profile/edit nomor handphone' (Root cause: com.kms.katalon.core.exception.StepFailedException: Call Test Case 'Test Cases/Pages/Edit Profile/edit nomor handphone' failed
	at com.kms.katalon.core.keyword.builtin.CallTestCaseKeyword$_callTestCase_closure1.doCall(CallTestCaseKeyword.groovy:63)
	at com.kms.katalon.core.keyword.builtin.CallTestCaseKeyword$_callTestCase_closure1.call(CallTestCaseKeyword.groovy)
	at com.kms.katalon.core.keyword.internal.KeywordMain.runKeyword(KeywordMain.groovy:75)
	at com.kms.katalon.core.keyword.builtin.CallTestCaseKeyword.callTestCase(CallTestCaseKeyword.groovy:81)
	at com.kms.katalon.core.keyword.builtin.CallTestCaseKeyword.execute(CallTestCaseKeyword.groovy:44)
	at com.kms.katalon.core.keyword.internal.KeywordExecutor.executeKeywordForPlatform(KeywordExecutor.groovy:74)
	at com.kms.katalon.core.keyword.BuiltinKeywords.callTestCase(BuiltinKeywords.groovy:334)
	at EP02-edit no handphone.run(EP02-edit no handphone:32)
	at com.kms.katalon.core.main.ScriptEngine.run(ScriptEngine.java:194)
	at com.kms.katalon.core.main.ScriptEngine.runScriptAsRawText(ScriptEngine.java:119)
	at com.kms.katalon.core.main.TestCaseExecutor.runScript(TestCaseExecutor.java:448)
	at com.kms.katalon.core.main.TestCaseExecutor.doExecute(TestCaseExecutor.java:439)
	at com.kms.katalon.core.main.TestCaseExecutor.processExecutionPhase(TestCaseExecutor.java:418)
	at com.kms.katalon.core.main.TestCaseExecutor.accessMainPhase(TestCaseExecutor.java:410)
	at com.kms.katalon.core.main.TestCaseExecutor.execute(TestCaseExecutor.java:285)
	at com.kms.katalon.core.common.CommonExecutor.accessTestCaseMainPhase(CommonExecutor.java:65)
	at com.kms.katalon.core.main.TestSuiteExecutor.accessTestSuiteMainPhase(TestSuiteExecutor.java:148)
	at com.kms.katalon.core.main.TestSuiteExecutor.execute(TestSuiteExecutor.java:106)
	at com.kms.katalon.core.main.TestCaseMain.startTestSuite(TestCaseMain.java:187)
	at com.kms.katalon.core.main.TestCaseMain$startTestSuite$0.call(Unknown Source)
	at TempTestSuite1688398729789.run(TempTestSuite1688398729789.groovy:36)
Caused by: com.kms.katalon.core.exception.StepFailedException: Failed to set text into element (Root cause: org.openqa.selenium.InvalidElementStateException: Cannot set the element to '08324343'. Did you interact with the correct element?
Build info: version: '3.141.59', revision: 'e82be7d358', time: '2018-11-14T08:25:53'
System info: host: 'ASUS-RN911', ip: '192.168.1.116', os.name: 'Windows 10', os.arch: 'amd64', os.version: '10.0', java.version: '1.8.0_282'
Driver info: com.kms.katalon.core.appium.driver.SwipeableAndroidDriver
Capabilities {app: E:\GitRepo\Katalon\binarqa-..., appPackage: id.binar.fp.secondhand, appWaitActivity: *, appWaitforLaunch: false, autoGrantPermissions: true, automationName: uiautomator2, chromedriverPort: 63028, databaseEnabled: false, desired: {app: E:\GitRepo\Katalon\binarqa-..., appWaitActivity: *, appWaitforLaunch: false, autoGrantPermissions: true, automationName: uiautomator2, chromedriverPort: 63028, deviceId: , deviceName: realme RMX1921 (Android 11), fullReset: false, ignoreHiddenApiPolicyError: true, newCommandTimeout: 1800, noReset: true, platform: ANDROID, platformName: android, platformVersion: 11, systemPort: 63025, udid: fd03a52e}, deviceApiLevel: 30, deviceId: , deviceManufacturer: realme, deviceModel: RMX1921, deviceName: fd03a52e, deviceScreenDensity: 480, deviceScreenSize: 1080x2340, deviceUDID: fd03a52e, fullReset: false, ignoreHiddenApiPolicyError: true, javascriptEnabled: true, locationContextEnabled: false, networkConnectionEnabled: true, newCommandTimeout: 1800, noReset: true, pixelRatio: 3, platform: ANDROID, platformName: Android, platformVersion: 11, statBarHeight: 96, systemPort: 63025, takesScreenshot: true, udid: fd03a52e, viewportRect: {height: 2168, left: 0, top: 96, width: 1080}, warnings: {}, webStorageEnabled: false}
Session ID: 2a58c21e-f12b-4dab-bc91-280854796a40
	at org.openqa.selenium.remote.http.W3CHttpResponseCodec.createException(W3CHttpResponseCodec.java:187)
	at org.openqa.selenium.remote.http.W3CHttpResponseCodec.decode(W3CHttpResponseCodec.java:122)
	at org.openqa.selenium.remote.http.W3CHttpResponseCodec.decode(W3CHttpResponseCodec.java:49)
	at org.openqa.selenium.remote.HttpCommandExecutor.execute(HttpCommandExecutor.java:158)
	at io.appium.java_client.remote.AppiumCommandExecutor.execute(AppiumCommandExecutor.java:239)
	at org.openqa.selenium.remote.RemoteWebDriver.execute(RemoteWebDriver.java:552)
	at io.appium.java_client.DefaultGenericMobileDriver.execute(DefaultGenericMobileDriver.java:42)
	at io.appium.java_client.AppiumDriver.execute(AppiumDriver.java:1)
	at io.appium.java_client.android.AndroidDriver.execute(AndroidDriver.java:1)
	at com.kms.katalon.core.appium.driver.SwipeableAndroidDriver.execute(SwipeableAndroidDriver.java:1)
	at org.openqa.selenium.remote.RemoteWebElement.execute(RemoteWebElement.java:285)
	at io.appium.java_client.DefaultGenericMobileElement.execute(DefaultGenericMobileElement.java:45)
	at io.appium.java_client.MobileElement.execute(MobileElement.java:1)
	at io.appium.java_client.android.AndroidElement.execute(AndroidElement.java:1)
	at org.openqa.selenium.remote.RemoteWebElement.sendKeys(RemoteWebElement.java:106)
	at com.kms.katalon.core.mobile.keyword.builtin.SetTextKeyword$_setText_closure1.doCall(SetTextKeyword.groovy:80)
	at com.kms.katalon.core.mobile.keyword.builtin.SetTextKeyword$_setText_closure1.call(SetTextKeyword.groovy)
	at com.kms.katalon.core.mobile.keyword.internal.MobileKeywordMain.runKeyword(MobileKeywordMain.groovy:21)
	at com.kms.katalon.core.mobile.keyword.builtin.SetTextKeyword.setText(SetTextKeyword.groovy:83)
	at com.kms.katalon.core.mobile.keyword.builtin.SetTextKeyword.execute(SetTextKeyword.groovy:66)
	at com.kms.katalon.core.keyword.internal.KeywordExecutor.executeKeywordForPlatform(KeywordExecutor.groovy:74)
	at com.kms.katalon.core.mobile.keyword.MobileBuiltInKeywords.setText(MobileBuiltInKeywords.groovy:1307)
	at com.kms.katalon.core.mobile.keyword.MobileBuiltInKeywords$setText$1.call(Unknown Source)
	at edit nomor handphone.run(edit nomor handphone:22)
	at com.kms.katalon.core.main.ScriptEngine.run(ScriptEngine.java:194)
	at com.kms.katalon.core.main.ScriptEngine.runScriptAsRawText(ScriptEngine.java:119)
	at com.kms.katalon.core.main.TestCaseExecutor.runScript(TestCaseExecutor.java:448)
	at com.kms.katalon.core.main.TestCaseExecutor.doExecute(TestCaseExecutor.java:439)
	at com.kms.katalon.core.main.TestCaseExecutor.processExecutionPhase(TestCaseExecutor.java:418)
	at com.kms.katalon.core.main.TestCaseExecutor.accessMainPhase(TestCaseExecutor.java:410)
	at com.kms.katalon.core.main.TestCaseExecutor.execute(TestCaseExecutor.java:285)
	at com.kms.katalon.core.main.TestCaseMain.runTestCase(TestCaseMain.java:144)
	at com.kms.katalon.core.keyword.builtin.CallTestCaseKeyword$_callTestCase_closure1.doCall(CallTestCaseKeyword.groovy:59)
	at com.kms.katalon.core.keyword.builtin.CallTestCaseKeyword$_callTestCase_closure1.call(CallTestCaseKeyword.groovy)
	at com.kms.katalon.core.keyword.internal.KeywordMain.runKeyword(KeywordMain.groovy:75)
	at com.kms.katalon.core.keyword.builtin.CallTestCaseKeyword.callTestCase(CallTestCaseKeyword.groovy:81)
	at com.kms.katalon.core.keyword.builtin.CallTestCaseKeyword.execute(CallTestCaseKeyword.groovy:44)
	at com.kms.katalon.core.keyword.internal.KeywordExecutor.executeKeywordForPlatform(KeywordExecutor.groovy:74)
	at com.kms.katalon.core.keyword.BuiltinKeywords.callTestCase(BuiltinKeywords.groovy:334)
	at EP02-edit no handphone.run(EP02-edit no handphone:32)
	at com.kms.katalon.core.main.ScriptEngine.run(ScriptEngine.java:194)
	at com.kms.katalon.core.main.ScriptEngine.runScriptAsRawText(ScriptEngine.java:119)
	at com.kms.katalon.core.main.TestCaseExecutor.runScript(TestCaseExecutor.java:448)
	at com.kms.katalon.core.main.TestCaseExecutor.doExecute(TestCaseExecutor.java:439)
	at com.kms.katalon.core.main.TestCaseExecutor.processExecutionPhase(TestCaseExecutor.java:418)
	at com.kms.katalon.core.main.TestCaseExecutor.accessMainPhase(TestCaseExecutor.java:410)
	at com.kms.katalon.core.main.TestCaseExecutor.execute(TestCaseExecutor.java:285)
	at com.kms.katalon.core.common.CommonExecutor.accessTestCaseMainPhase(CommonExecutor.java:65)
	at com.kms.katalon.core.main.TestSuiteExecutor.accessTestSuiteMainPhase(TestSuiteExecutor.java:148)
	at com.kms.katalon.core.main.TestSuiteExecutor.execute(TestSuiteExecutor.java:106)
	at com.kms.katalon.core.main.TestCaseMain.startTestSuite(TestCaseMain.java:187)
	at com.kms.katalon.core.main.TestCaseMain$startTestSuite$0.call(Unknown Source)
	at TempTestSuite1688398729789.run(TempTestSuite1688398729789.groovy:36)
)
	at com.kms.katalon.core.keyword.internal.KeywordMain.stepFailed(KeywordMain.groovy:51)
	at com.kms.katalon.core.mobile.keyword.internal.MobileKeywordMain.stepFailed(MobileKeywordMain.groovy:40)
	at com.kms.katalon.core.mobile.keyword.internal.MobileKeywordMain.runKeyword(MobileKeywordMain.groovy:23)
	at com.kms.katalon.core.mobile.keyword.builtin.SetTextKeyword.setText(SetTextKeyword.groovy:83)
	at com.kms.katalon.core.mobile.keyword.builtin.SetTextKeyword.execute(SetTextKeyword.groovy:66)
	at com.kms.katalon.core.keyword.internal.KeywordExecutor.executeKeywordForPlatform(KeywordExecutor.groovy:74)
	at com.kms.katalon.core.mobile.keyword.MobileBuiltInKeywords.setText(MobileBuiltInKeywords.groovy:1307)
	at com.kms.katalon.core.mobile.keyword.MobileBuiltInKeywords$setText$1.call(Unknown Source)
	at edit nomor handphone.run(edit nomor handphone:22)
	at com.kms.katalon.core.main.ScriptEngine.run(ScriptEngine.java:194)
	at com.kms.katalon.core.main.ScriptEngine.runScriptAsRawText(ScriptEngine.java:119)
	at com.kms.katalon.core.main.TestCaseExecutor.runScript(TestCaseExecutor.java:448)
	at com.kms.katalon.core.main.TestCaseExecutor.doExecute(TestCaseExecutor.java:439)
	at com.kms.katalon.core.main.TestCaseExecutor.processExecutionPhase(TestCaseExecutor.java:418)
	at com.kms.katalon.core.main.TestCaseExecutor.accessMainPhase(TestCaseExecutor.java:410)
	at com.kms.katalon.core.main.TestCaseExecutor.execute(TestCaseExecutor.java:285)
	at com.kms.katalon.core.main.TestCaseMain.runTestCase(TestCaseMain.java:144)
	at com.kms.katalon.core.keyword.builtin.CallTestCaseKeyword$_callTestCase_closure1.doCall(CallTestCaseKeyword.groovy:59)
	... 20 more
Caused by: org.openqa.selenium.InvalidElementStateException: Cannot set the element to '08324343'. Did you interact with the correct element?
Build info: version: '3.141.59', revision: 'e82be7d358', time: '2018-11-14T08:25:53'
System info: host: 'ASUS-RN911', ip: '192.168.1.116', os.name: 'Windows 10', os.arch: 'amd64', os.version: '10.0', java.version: '1.8.0_282'
Driver info: com.kms.katalon.core.appium.driver.SwipeableAndroidDriver
Capabilities {app: E:\GitRepo\Katalon\binarqa-..., appPackage: id.binar.fp.secondhand, appWaitActivity: *, appWaitforLaunch: false, autoGrantPermissions: true, automationName: uiautomator2, chromedriverPort: 63028, databaseEnabled: false, desired: {app: E:\GitRepo\Katalon\binarqa-..., appWaitActivity: *, appWaitforLaunch: false, autoGrantPermissions: true, automationName: uiautomator2, chromedriverPort: 63028, deviceId: , deviceName: realme RMX1921 (Android 11), fullReset: false, ignoreHiddenApiPolicyError: true, newCommandTimeout: 1800, noReset: true, platform: ANDROID, platformName: android, platformVersion: 11, systemPort: 63025, udid: fd03a52e}, deviceApiLevel: 30, deviceId: , deviceManufacturer: realme, deviceModel: RMX1921, deviceName: fd03a52e, deviceScreenDensity: 480, deviceScreenSize: 1080x2340, deviceUDID: fd03a52e, fullReset: false, ignoreHiddenApiPolicyError: true, javascriptEnabled: true, locationContextEnabled: false, networkConnectionEnabled: true, newCommandTimeout: 1800, noReset: true, pixelRatio: 3, platform: ANDROID, platformName: Android, platformVersion: 11, statBarHeight: 96, systemPort: 63025, takesScreenshot: true, udid: fd03a52e, viewportRect: {height: 2168, left: 0, top: 96, width: 1080}, warnings: {}, webStorageEnabled: false}
Session ID: 2a58c21e-f12b-4dab-bc91-280854796a40
	at org.openqa.selenium.remote.http.W3CHttpResponseCodec.createException(W3CHttpResponseCodec.java:187)
	at org.openqa.selenium.remote.http.W3CHttpResponseCodec.decode(W3CHttpResponseCodec.java:122)
	at org.openqa.selenium.remote.http.W3CHttpResponseCodec.decode(W3CHttpResponseCodec.java:49)
	at org.openqa.selenium.remote.HttpCommandExecutor.execute(HttpCommandExecutor.java:158)
	at io.appium.java_client.remote.AppiumCommandExecutor.execute(AppiumCommandExecutor.java:239)
	at org.openqa.selenium.remote.RemoteWebDriver.execute(RemoteWebDriver.java:552)
	at io.appium.java_client.DefaultGenericMobileDriver.execute(DefaultGenericMobileDriver.java:42)
	at io.appium.java_client.AppiumDriver.execute(AppiumDriver.java:1)
	at io.appium.java_client.android.AndroidDriver.execute(AndroidDriver.java:1)
	at com.kms.katalon.core.appium.driver.SwipeableAndroidDriver.execute(SwipeableAndroidDriver.java:1)
	at org.openqa.selenium.remote.RemoteWebElement.execute(RemoteWebElement.java:285)
	at io.appium.java_client.DefaultGenericMobileElement.execute(DefaultGenericMobileElement.java:45)
	at io.appium.java_client.MobileElement.execute(MobileElement.java:1)
	at io.appium.java_client.android.AndroidElement.execute(AndroidElement.java:1)
	at org.openqa.selenium.remote.RemoteWebElement.sendKeys(RemoteWebElement.java:106)
	at com.kms.katalon.core.mobile.keyword.builtin.SetTextKeyword$_setText_closure1.doCall(SetTextKeyword.groovy:80)
	at com.kms.katalon.core.mobile.keyword.builtin.SetTextKeyword$_setText_closure1.call(SetTextKeyword.groovy)
	at com.kms.katalon.core.mobile.keyword.internal.MobileKeywordMain.runKeyword(MobileKeywordMain.groovy:21)
	... 35 more
)

2023-07-03 22:40:16 - [TEST_STEP][PASSED] - Start listener action : afterTestCase: Close app successfully

2023-07-03 22:40:16 - [TEST_STEP][PASSED] - logInfo("Test Case: " + testCaseContext.getTestCaseId() + " | Status: " + testCaseContext.getTestCaseStatus()): Test Case: Test Cases/Step Definition/Feature Edit Profile/EP02-edit no handphone | Status: FAILED

2023-07-03 22:40:16 - [MESSAGE][INFO] - Test Case: Test Cases/Step Definition/Feature Edit Profile/EP02-edit no handphone | Status: FAILED

2023-07-03 22:40:16 - [TEST_STEP][PASSED] - closeApplication(): Close app successfully

2023-07-03 22:40:16 - [MESSAGE][PASSED] - Close app successfully]]></system-out>
         <system-err><![CDATA[2023-07-03 22:39:54 - [TEST_CASE][FAILED] - Test Cases/Step Definition/Feature Edit Profile/EP02-edit no handphone: Test Cases/Step Definition/Feature Edit Profile/EP02-edit no handphone FAILED.
Reason:
com.kms.katalon.core.exception.StepFailedException: Call Test Case 'Test Cases/Pages/Edit Profile/edit nomor handphone' failed
	at com.kms.katalon.core.keyword.builtin.CallTestCaseKeyword$_callTestCase_closure1.doCall(CallTestCaseKeyword.groovy:63)
	at com.kms.katalon.core.keyword.builtin.CallTestCaseKeyword$_callTestCase_closure1.call(CallTestCaseKeyword.groovy)
	at com.kms.katalon.core.keyword.internal.KeywordMain.runKeyword(KeywordMain.groovy:75)
	at com.kms.katalon.core.keyword.builtin.CallTestCaseKeyword.callTestCase(CallTestCaseKeyword.groovy:81)
	at com.kms.katalon.core.keyword.builtin.CallTestCaseKeyword.execute(CallTestCaseKeyword.groovy:44)
	at com.kms.katalon.core.keyword.internal.KeywordExecutor.executeKeywordForPlatform(KeywordExecutor.groovy:74)
	at com.kms.katalon.core.keyword.BuiltinKeywords.callTestCase(BuiltinKeywords.groovy:334)
	at EP02-edit no handphone.run(EP02-edit no handphone:32)
	at com.kms.katalon.core.main.ScriptEngine.run(ScriptEngine.java:194)
	at com.kms.katalon.core.main.ScriptEngine.runScriptAsRawText(ScriptEngine.java:119)
	at com.kms.katalon.core.main.TestCaseExecutor.runScript(TestCaseExecutor.java:448)
	at com.kms.katalon.core.main.TestCaseExecutor.doExecute(TestCaseExecutor.java:439)
	at com.kms.katalon.core.main.TestCaseExecutor.processExecutionPhase(TestCaseExecutor.java:418)
	at com.kms.katalon.core.main.TestCaseExecutor.accessMainPhase(TestCaseExecutor.java:410)
	at com.kms.katalon.core.main.TestCaseExecutor.execute(TestCaseExecutor.java:285)
	at com.kms.katalon.core.common.CommonExecutor.accessTestCaseMainPhase(CommonExecutor.java:65)
	at com.kms.katalon.core.main.TestSuiteExecutor.accessTestSuiteMainPhase(TestSuiteExecutor.java:148)
	at com.kms.katalon.core.main.TestSuiteExecutor.execute(TestSuiteExecutor.java:106)
	at com.kms.katalon.core.main.TestCaseMain.startTestSuite(TestCaseMain.java:187)
	at com.kms.katalon.core.main.TestCaseMain$startTestSuite$0.call(Unknown Source)
	at TempTestSuite1688398729789.run(TempTestSuite1688398729789.groovy:36)
Caused by: com.kms.katalon.core.exception.StepFailedException: Failed to set text into element (Root cause: org.openqa.selenium.InvalidElementStateException: Cannot set the element to '08324343'. Did you interact with the correct element?
Build info: version: '3.141.59', revision: 'e82be7d358', time: '2018-11-14T08:25:53'
System info: host: 'ASUS-RN911', ip: '192.168.1.116', os.name: 'Windows 10', os.arch: 'amd64', os.version: '10.0', java.version: '1.8.0_282'
Driver info: com.kms.katalon.core.appium.driver.SwipeableAndroidDriver
Capabilities {app: E:\GitRepo\Katalon\binarqa-..., appPackage: id.binar.fp.secondhand, appWaitActivity: *, appWaitforLaunch: false, autoGrantPermissions: true, automationName: uiautomator2, chromedriverPort: 63028, databaseEnabled: false, desired: {app: E:\GitRepo\Katalon\binarqa-..., appWaitActivity: *, appWaitforLaunch: false, autoGrantPermissions: true, automationName: uiautomator2, chromedriverPort: 63028, deviceId: , deviceName: realme RMX1921 (Android 11), fullReset: false, ignoreHiddenApiPolicyError: true, newCommandTimeout: 1800, noReset: true, platform: ANDROID, platformName: android, platformVersion: 11, systemPort: 63025, udid: fd03a52e}, deviceApiLevel: 30, deviceId: , deviceManufacturer: realme, deviceModel: RMX1921, deviceName: fd03a52e, deviceScreenDensity: 480, deviceScreenSize: 1080x2340, deviceUDID: fd03a52e, fullReset: false, ignoreHiddenApiPolicyError: true, javascriptEnabled: true, locationContextEnabled: false, networkConnectionEnabled: true, newCommandTimeout: 1800, noReset: true, pixelRatio: 3, platform: ANDROID, platformName: Android, platformVersion: 11, statBarHeight: 96, systemPort: 63025, takesScreenshot: true, udid: fd03a52e, viewportRect: {height: 2168, left: 0, top: 96, width: 1080}, warnings: {}, webStorageEnabled: false}
Session ID: 2a58c21e-f12b-4dab-bc91-280854796a40
	at org.openqa.selenium.remote.http.W3CHttpResponseCodec.createException(W3CHttpResponseCodec.java:187)
	at org.openqa.selenium.remote.http.W3CHttpResponseCodec.decode(W3CHttpResponseCodec.java:122)
	at org.openqa.selenium.remote.http.W3CHttpResponseCodec.decode(W3CHttpResponseCodec.java:49)
	at org.openqa.selenium.remote.HttpCommandExecutor.execute(HttpCommandExecutor.java:158)
	at io.appium.java_client.remote.AppiumCommandExecutor.execute(AppiumCommandExecutor.java:239)
	at org.openqa.selenium.remote.RemoteWebDriver.execute(RemoteWebDriver.java:552)
	at io.appium.java_client.DefaultGenericMobileDriver.execute(DefaultGenericMobileDriver.java:42)
	at io.appium.java_client.AppiumDriver.execute(AppiumDriver.java:1)
	at io.appium.java_client.android.AndroidDriver.execute(AndroidDriver.java:1)
	at com.kms.katalon.core.appium.driver.SwipeableAndroidDriver.execute(SwipeableAndroidDriver.java:1)
	at org.openqa.selenium.remote.RemoteWebElement.execute(RemoteWebElement.java:285)
	at io.appium.java_client.DefaultGenericMobileElement.execute(DefaultGenericMobileElement.java:45)
	at io.appium.java_client.MobileElement.execute(MobileElement.java:1)
	at io.appium.java_client.android.AndroidElement.execute(AndroidElement.java:1)
	at org.openqa.selenium.remote.RemoteWebElement.sendKeys(RemoteWebElement.java:106)
	at com.kms.katalon.core.mobile.keyword.builtin.SetTextKeyword$_setText_closure1.doCall(SetTextKeyword.groovy:80)
	at com.kms.katalon.core.mobile.keyword.builtin.SetTextKeyword$_setText_closure1.call(SetTextKeyword.groovy)
	at com.kms.katalon.core.mobile.keyword.internal.MobileKeywordMain.runKeyword(MobileKeywordMain.groovy:21)
	at com.kms.katalon.core.mobile.keyword.builtin.SetTextKeyword.setText(SetTextKeyword.groovy:83)
	at com.kms.katalon.core.mobile.keyword.builtin.SetTextKeyword.execute(SetTextKeyword.groovy:66)
	at com.kms.katalon.core.keyword.internal.KeywordExecutor.executeKeywordForPlatform(KeywordExecutor.groovy:74)
	at com.kms.katalon.core.mobile.keyword.MobileBuiltInKeywords.setText(MobileBuiltInKeywords.groovy:1307)
	at com.kms.katalon.core.mobile.keyword.MobileBuiltInKeywords$setText$1.call(Unknown Source)
	at edit nomor handphone.run(edit nomor handphone:22)
	at com.kms.katalon.core.main.ScriptEngine.run(ScriptEngine.java:194)
	at com.kms.katalon.core.main.ScriptEngine.runScriptAsRawText(ScriptEngine.java:119)
	at com.kms.katalon.core.main.TestCaseExecutor.runScript(TestCaseExecutor.java:448)
	at com.kms.katalon.core.main.TestCaseExecutor.doExecute(TestCaseExecutor.java:439)
	at com.kms.katalon.core.main.TestCaseExecutor.processExecutionPhase(TestCaseExecutor.java:418)
	at com.kms.katalon.core.main.TestCaseExecutor.accessMainPhase(TestCaseExecutor.java:410)
	at com.kms.katalon.core.main.TestCaseExecutor.execute(TestCaseExecutor.java:285)
	at com.kms.katalon.core.main.TestCaseMain.runTestCase(TestCaseMain.java:144)
	at com.kms.katalon.core.keyword.builtin.CallTestCaseKeyword$_callTestCase_closure1.doCall(CallTestCaseKeyword.groovy:59)
	at com.kms.katalon.core.keyword.builtin.CallTestCaseKeyword$_callTestCase_closure1.call(CallTestCaseKeyword.groovy)
	at com.kms.katalon.core.keyword.internal.KeywordMain.runKeyword(KeywordMain.groovy:75)
	at com.kms.katalon.core.keyword.builtin.CallTestCaseKeyword.callTestCase(CallTestCaseKeyword.groovy:81)
	at com.kms.katalon.core.keyword.builtin.CallTestCaseKeyword.execute(CallTestCaseKeyword.groovy:44)
	at com.kms.katalon.core.keyword.internal.KeywordExecutor.executeKeywordForPlatform(KeywordExecutor.groovy:74)
	at com.kms.katalon.core.keyword.BuiltinKeywords.callTestCase(BuiltinKeywords.groovy:334)
	at EP02-edit no handphone.run(EP02-edit no handphone:32)
	at com.kms.katalon.core.main.ScriptEngine.run(ScriptEngine.java:194)
	at com.kms.katalon.core.main.ScriptEngine.runScriptAsRawText(ScriptEngine.java:119)
	at com.kms.katalon.core.main.TestCaseExecutor.runScript(TestCaseExecutor.java:448)
	at com.kms.katalon.core.main.TestCaseExecutor.doExecute(TestCaseExecutor.java:439)
	at com.kms.katalon.core.main.TestCaseExecutor.processExecutionPhase(TestCaseExecutor.java:418)
	at com.kms.katalon.core.main.TestCaseExecutor.accessMainPhase(TestCaseExecutor.java:410)
	at com.kms.katalon.core.main.TestCaseExecutor.execute(TestCaseExecutor.java:285)
	at com.kms.katalon.core.common.CommonExecutor.accessTestCaseMainPhase(CommonExecutor.java:65)
	at com.kms.katalon.core.main.TestSuiteExecutor.accessTestSuiteMainPhase(TestSuiteExecutor.java:148)
	at com.kms.katalon.core.main.TestSuiteExecutor.execute(TestSuiteExecutor.java:106)
	at com.kms.katalon.core.main.TestCaseMain.startTestSuite(TestCaseMain.java:187)
	at com.kms.katalon.core.main.TestCaseMain$startTestSuite$0.call(Unknown Source)
	at TempTestSuite1688398729789.run(TempTestSuite1688398729789.groovy:36)
)
	at com.kms.katalon.core.keyword.internal.KeywordMain.stepFailed(KeywordMain.groovy:51)
	at com.kms.katalon.core.mobile.keyword.internal.MobileKeywordMain.stepFailed(MobileKeywordMain.groovy:40)
	at com.kms.katalon.core.mobile.keyword.internal.MobileKeywordMain.runKeyword(MobileKeywordMain.groovy:23)
	at com.kms.katalon.core.mobile.keyword.builtin.SetTextKeyword.setText(SetTextKeyword.groovy:83)
	at com.kms.katalon.core.mobile.keyword.builtin.SetTextKeyword.execute(SetTextKeyword.groovy:66)
	at com.kms.katalon.core.keyword.internal.KeywordExecutor.executeKeywordForPlatform(KeywordExecutor.groovy:74)
	at com.kms.katalon.core.mobile.keyword.MobileBuiltInKeywords.setText(MobileBuiltInKeywords.groovy:1307)
	at com.kms.katalon.core.mobile.keyword.MobileBuiltInKeywords$setText$1.call(Unknown Source)
	at edit nomor handphone.run(edit nomor handphone:22)
	at com.kms.katalon.core.main.ScriptEngine.run(ScriptEngine.java:194)
	at com.kms.katalon.core.main.ScriptEngine.runScriptAsRawText(ScriptEngine.java:119)
	at com.kms.katalon.core.main.TestCaseExecutor.runScript(TestCaseExecutor.java:448)
	at com.kms.katalon.core.main.TestCaseExecutor.doExecute(TestCaseExecutor.java:439)
	at com.kms.katalon.core.main.TestCaseExecutor.processExecutionPhase(TestCaseExecutor.java:418)
	at com.kms.katalon.core.main.TestCaseExecutor.accessMainPhase(TestCaseExecutor.java:410)
	at com.kms.katalon.core.main.TestCaseExecutor.execute(TestCaseExecutor.java:285)
	at com.kms.katalon.core.main.TestCaseMain.runTestCase(TestCaseMain.java:144)
	at com.kms.katalon.core.keyword.builtin.CallTestCaseKeyword$_callTestCase_closure1.doCall(CallTestCaseKeyword.groovy:59)
	... 20 more
Caused by: org.openqa.selenium.InvalidElementStateException: Cannot set the element to '08324343'. Did you interact with the correct element?
Build info: version: '3.141.59', revision: 'e82be7d358', time: '2018-11-14T08:25:53'
System info: host: 'ASUS-RN911', ip: '192.168.1.116', os.name: 'Windows 10', os.arch: 'amd64', os.version: '10.0', java.version: '1.8.0_282'
Driver info: com.kms.katalon.core.appium.driver.SwipeableAndroidDriver
Capabilities {app: E:\GitRepo\Katalon\binarqa-..., appPackage: id.binar.fp.secondhand, appWaitActivity: *, appWaitforLaunch: false, autoGrantPermissions: true, automationName: uiautomator2, chromedriverPort: 63028, databaseEnabled: false, desired: {app: E:\GitRepo\Katalon\binarqa-..., appWaitActivity: *, appWaitforLaunch: false, autoGrantPermissions: true, automationName: uiautomator2, chromedriverPort: 63028, deviceId: , deviceName: realme RMX1921 (Android 11), fullReset: false, ignoreHiddenApiPolicyError: true, newCommandTimeout: 1800, noReset: true, platform: ANDROID, platformName: android, platformVersion: 11, systemPort: 63025, udid: fd03a52e}, deviceApiLevel: 30, deviceId: , deviceManufacturer: realme, deviceModel: RMX1921, deviceName: fd03a52e, deviceScreenDensity: 480, deviceScreenSize: 1080x2340, deviceUDID: fd03a52e, fullReset: false, ignoreHiddenApiPolicyError: true, javascriptEnabled: true, locationContextEnabled: false, networkConnectionEnabled: true, newCommandTimeout: 1800, noReset: true, pixelRatio: 3, platform: ANDROID, platformName: Android, platformVersion: 11, statBarHeight: 96, systemPort: 63025, takesScreenshot: true, udid: fd03a52e, viewportRect: {height: 2168, left: 0, top: 96, width: 1080}, warnings: {}, webStorageEnabled: false}
Session ID: 2a58c21e-f12b-4dab-bc91-280854796a40
	at org.openqa.selenium.remote.http.W3CHttpResponseCodec.createException(W3CHttpResponseCodec.java:187)
	at org.openqa.selenium.remote.http.W3CHttpResponseCodec.decode(W3CHttpResponseCodec.java:122)
	at org.openqa.selenium.remote.http.W3CHttpResponseCodec.decode(W3CHttpResponseCodec.java:49)
	at org.openqa.selenium.remote.HttpCommandExecutor.execute(HttpCommandExecutor.java:158)
	at io.appium.java_client.remote.AppiumCommandExecutor.execute(AppiumCommandExecutor.java:239)
	at org.openqa.selenium.remote.RemoteWebDriver.execute(RemoteWebDriver.java:552)
	at io.appium.java_client.DefaultGenericMobileDriver.execute(DefaultGenericMobileDriver.java:42)
	at io.appium.java_client.AppiumDriver.execute(AppiumDriver.java:1)
	at io.appium.java_client.android.AndroidDriver.execute(AndroidDriver.java:1)
	at com.kms.katalon.core.appium.driver.SwipeableAndroidDriver.execute(SwipeableAndroidDriver.java:1)
	at org.openqa.selenium.remote.RemoteWebElement.execute(RemoteWebElement.java:285)
	at io.appium.java_client.DefaultGenericMobileElement.execute(DefaultGenericMobileElement.java:45)
	at io.appium.java_client.MobileElement.execute(MobileElement.java:1)
	at io.appium.java_client.android.AndroidElement.execute(AndroidElement.java:1)
	at org.openqa.selenium.remote.RemoteWebElement.sendKeys(RemoteWebElement.java:106)
	at com.kms.katalon.core.mobile.keyword.builtin.SetTextKeyword$_setText_closure1.doCall(SetTextKeyword.groovy:80)
	at com.kms.katalon.core.mobile.keyword.builtin.SetTextKeyword$_setText_closure1.call(SetTextKeyword.groovy)
	at com.kms.katalon.core.mobile.keyword.internal.MobileKeywordMain.runKeyword(MobileKeywordMain.groovy:21)
	... 35 more]]></system-err>
      </testcase>
      <testcase name="Test Cases/Step Definition/Feature Logout/LGT01 - Logout" time="17.172" classname="Test Cases/Step Definition/Feature Logout/LGT01 - Logout" status="PASSED">
         <system-out><![CDATA[2023-07-03 22:40:16 - [TEST_CASE][PASSED] - Test Cases/Step Definition/Feature Logout/LGT01 - Logout: Test Cases/Step Definition/Feature Logout/LGT01 - Logout

2023-07-03 22:40:16 - [TEST_STEP][PASSED] - Start listener action : beforeTestCase: Started app at: 'E:\GitRepo\Katalon\binarqa-group1-app\Apk\app-release-second-hand-gcp.apk'

2023-07-03 22:40:16 - [TEST_STEP][PASSED] - logInfo("Test Case: " + testCaseContext.getTestCaseId()): Test Case: Test Cases/Step Definition/Feature Logout/LGT01 - Logout

2023-07-03 22:40:16 - [MESSAGE][INFO] - Test Case: Test Cases/Step Definition/Feature Logout/LGT01 - Logout

2023-07-03 22:40:16 - [TEST_STEP][PASSED] - launchApp(): null

2023-07-03 22:40:16 - [TEST_STEP][PASSED] - startApplication(System.getProperty("user.dir") + "\Apk\app-release-second-hand-gcp.apk", false): Started app at: 'E:\GitRepo\Katalon\binarqa-group1-app\Apk\app-release-second-hand-gcp.apk'

2023-07-03 22:40:16 - [MESSAGE][INFO] - User set preference: ['appWaitActivity', '*']

2023-07-03 22:40:16 - [MESSAGE][INFO] - User set preference: ['appWaitforLaunch', 'false']

2023-07-03 22:40:16 - [MESSAGE][INFO] - User set preference: ['noReset', 'true']

2023-07-03 22:40:16 - [MESSAGE][INFO] - User set preference: ['ignoreHiddenApiPolicyError', 'true']

2023-07-03 22:40:16 - [MESSAGE][INFO] - User set preference: ['deviceId', '']

2023-07-03 22:40:17 - [MESSAGE][INFO] - Detected NodeJS location: "C:\Program Files\nodejs\node.exe"

2023-07-03 22:40:18 - [MESSAGE][INFO] - Appium server started on port 63,223

2023-07-03 22:40:25 - [MESSAGE][PASSED] - Started app at: 'E:\GitRepo\Katalon\binarqa-group1-app\Apk\app-release-second-hand-gcp.apk'

2023-07-03 22:40:25 - [TEST_STEP][PASSED] - try: Call Test Case 'Test Cases/Pages/Homepage/Verify Already Logged In' successfully

2023-07-03 22:40:25 - [TEST_STEP][PASSED] - callTestCase(findTestCase("Pages/Homepage/Verify Already Logged In"), [:], STOP_ON_FAILURE): Call Test Case 'Test Cases/Pages/Homepage/Verify Already Logged In' successfully

2023-07-03 22:40:25 - [TEST_CASE][PASSED] - Test Cases/Pages/Homepage/Verify Already Logged In: Test Cases/Pages/Homepage/Verify Already Logged In

2023-07-03 22:40:25 - [TEST_STEP][PASSED] - tap(findTestObject("Navbar/android.widget.FrameLayout - Navbar Akun"), 0): Tapped on element 'Object Repository/Navbar/android.widget.FrameLayout - Navbar Akun'

2023-07-03 22:40:25 - [MESSAGE][WARNING] - Timeout '0' is invalid. Using default page load timeout: '30'

2023-07-03 22:40:28 - [MESSAGE][PASSED] - Tapped on element 'Object Repository/Navbar/android.widget.FrameLayout - Navbar Akun'

2023-07-03 22:40:28 - [TEST_STEP][PASSED] - verifyElementVisible(findTestObject("Akun/android.widget.ImageView - Profile Photo"), 1): Element 'Object Repository/Akun/android.widget.ImageView - Profile Photo' is visible

2023-07-03 22:40:28 - [MESSAGE][PASSED] - Element 'Object Repository/Akun/android.widget.ImageView - Profile Photo' is visible

2023-07-03 22:40:28 - [TEST_STEP][PASSED] - verifyElementVisible(findTestObject("Akun/android.widget.TextView - Email"), 1): Element 'Object Repository/Akun/android.widget.TextView - Email' is visible

2023-07-03 22:40:28 - [MESSAGE][PASSED] - Element 'Object Repository/Akun/android.widget.TextView - Email' is visible

2023-07-03 22:40:28 - [TEST_STEP][PASSED] - verifyElementVisible(findTestObject("Akun/android.widget.TextView - Nama"), 1): Element 'Object Repository/Akun/android.widget.TextView - Nama' is visible

2023-07-03 22:40:28 - [MESSAGE][PASSED] - Element 'Object Repository/Akun/android.widget.TextView - Nama' is visible

2023-07-03 22:40:28 - [TEST_STEP][PASSED] - verifyElementVisible(findTestObject("Akun/android.widget.TextView - Nomor HP"), 1): Element 'Object Repository/Akun/android.widget.TextView - Nomor HP' is visible

2023-07-03 22:40:29 - [MESSAGE][PASSED] - Element 'Object Repository/Akun/android.widget.TextView - Nomor HP' is visible

2023-07-03 22:40:29 - [TEST_STEP][PASSED] - verifyElementVisible(findTestObject("Akun/android.widget.ImageView - Profile Photo"), 1): Element 'Object Repository/Akun/android.widget.ImageView - Profile Photo' is visible

2023-07-03 22:40:29 - [MESSAGE][PASSED] - Element 'Object Repository/Akun/android.widget.ImageView - Profile Photo' is visible

2023-07-03 22:40:29 - [TEST_STEP][PASSED] - verifyElementVisible(findTestObject("Akun/android.view.ViewGroup - Logout"), 1): Element 'Object Repository/Akun/android.view.ViewGroup - Logout' is visible

2023-07-03 22:40:29 - [MESSAGE][PASSED] - Element 'Object Repository/Akun/android.view.ViewGroup - Logout' is visible

2023-07-03 22:40:29 - [TEST_STEP][PASSED] - pressBack(): Press back button successfully

2023-07-03 22:40:32 - [MESSAGE][PASSED] - Press back button successfully

2023-07-03 22:40:32 - [MESSAGE][PASSED] - Call Test Case 'Test Cases/Pages/Homepage/Verify Already Logged In' successfully

2023-07-03 22:40:32 - [TEST_STEP][PASSED] - callTestCase(findTestCase("Pages/Navbar/Tap Akun"), [:]): Call Test Case 'Test Cases/Pages/Navbar/Tap Akun' successfully

2023-07-03 22:40:32 - [TEST_CASE][PASSED] - Test Cases/Pages/Navbar/Tap Akun: Test Cases/Pages/Navbar/Tap Akun

2023-07-03 22:40:32 - [TEST_STEP][PASSED] - tap(findTestObject("Navbar/android.widget.FrameLayout - Navbar Akun"), 0): Tapped on element 'Object Repository/Navbar/android.widget.FrameLayout - Navbar Akun'

2023-07-03 22:40:32 - [MESSAGE][WARNING] - Timeout '0' is invalid. Using default page load timeout: '30'

2023-07-03 22:40:32 - [MESSAGE][PASSED] - Tapped on element 'Object Repository/Navbar/android.widget.FrameLayout - Navbar Akun'

2023-07-03 22:40:32 - [MESSAGE][PASSED] - Call Test Case 'Test Cases/Pages/Navbar/Tap Akun' successfully

2023-07-03 22:40:32 - [TEST_STEP][PASSED] - callTestCase(findTestCase("Pages/Akun/Tap Logout"), [:]): Call Test Case 'Test Cases/Pages/Akun/Tap Logout' successfully

2023-07-03 22:40:32 - [TEST_CASE][PASSED] - Test Cases/Pages/Akun/Tap Logout: Test Cases/Pages/Akun/Tap Logout

2023-07-03 22:40:32 - [TEST_STEP][PASSED] - tap(findTestObject("Akun/android.view.ViewGroup - Logout"), 0): Tapped on element 'Object Repository/Akun/android.view.ViewGroup - Logout'

2023-07-03 22:40:32 - [MESSAGE][WARNING] - Timeout '0' is invalid. Using default page load timeout: '30'

2023-07-03 22:40:33 - [MESSAGE][PASSED] - Tapped on element 'Object Repository/Akun/android.view.ViewGroup - Logout'

2023-07-03 22:40:33 - [MESSAGE][PASSED] - Call Test Case 'Test Cases/Pages/Akun/Tap Logout' successfully

2023-07-03 22:40:33 - [TEST_STEP][PASSED] - Start listener action : afterTestCase: Close app successfully

2023-07-03 22:40:33 - [TEST_STEP][PASSED] - logInfo("Test Case: " + testCaseContext.getTestCaseId() + " | Status: " + testCaseContext.getTestCaseStatus()): Test Case: Test Cases/Step Definition/Feature Logout/LGT01 - Logout | Status: PASSED

2023-07-03 22:40:33 - [MESSAGE][INFO] - Test Case: Test Cases/Step Definition/Feature Logout/LGT01 - Logout | Status: PASSED

2023-07-03 22:40:33 - [TEST_STEP][PASSED] - closeApplication(): Close app successfully

2023-07-03 22:40:34 - [MESSAGE][PASSED] - Close app successfully]]></system-out>
         <system-err><![CDATA[]]></system-err>
      </testcase>
      <testcase name="Test Cases/Step Definition/Feature Edit Profile/EP03-edit alamat" time="21.944" classname="Test Cases/Step Definition/Feature Edit Profile/EP03-edit alamat" status="PASSED">
         <system-out><![CDATA[2023-07-03 22:40:34 - [TEST_CASE][PASSED] - Test Cases/Step Definition/Feature Edit Profile/EP03-edit alamat: Test Cases/Step Definition/Feature Edit Profile/EP03-edit alamat

2023-07-03 22:40:34 - [TEST_STEP][PASSED] - Start listener action : beforeTestCase: Started app at: 'E:\GitRepo\Katalon\binarqa-group1-app\Apk\app-release-second-hand-gcp.apk'

2023-07-03 22:40:34 - [TEST_STEP][PASSED] - logInfo("Test Case: " + testCaseContext.getTestCaseId()): Test Case: Test Cases/Step Definition/Feature Edit Profile/EP03-edit alamat

2023-07-03 22:40:34 - [MESSAGE][INFO] - Test Case: Test Cases/Step Definition/Feature Edit Profile/EP03-edit alamat

2023-07-03 22:40:34 - [TEST_STEP][PASSED] - launchApp(): null

2023-07-03 22:40:34 - [TEST_STEP][PASSED] - startApplication(System.getProperty("user.dir") + "\Apk\app-release-second-hand-gcp.apk", false): Started app at: 'E:\GitRepo\Katalon\binarqa-group1-app\Apk\app-release-second-hand-gcp.apk'

2023-07-03 22:40:34 - [MESSAGE][INFO] - User set preference: ['appWaitActivity', '*']

2023-07-03 22:40:34 - [MESSAGE][INFO] - User set preference: ['appWaitforLaunch', 'false']

2023-07-03 22:40:34 - [MESSAGE][INFO] - User set preference: ['noReset', 'true']

2023-07-03 22:40:34 - [MESSAGE][INFO] - User set preference: ['ignoreHiddenApiPolicyError', 'true']

2023-07-03 22:40:34 - [MESSAGE][INFO] - User set preference: ['deviceId', '']

2023-07-03 22:40:34 - [MESSAGE][INFO] - Detected NodeJS location: "C:\Program Files\nodejs\node.exe"

2023-07-03 22:40:35 - [MESSAGE][INFO] - Appium server started on port 63,350

2023-07-03 22:40:43 - [MESSAGE][PASSED] - Started app at: 'E:\GitRepo\Katalon\binarqa-group1-app\Apk\app-release-second-hand-gcp.apk'

2023-07-03 22:40:43 - [TEST_STEP][PASSED] - callTestCase(findTestCase("Pages/Navbar/Tap Akun"), [:], STOP_ON_FAILURE): Call Test Case 'Test Cases/Pages/Navbar/Tap Akun' successfully

2023-07-03 22:40:43 - [TEST_CASE][PASSED] - Test Cases/Pages/Navbar/Tap Akun: Test Cases/Pages/Navbar/Tap Akun

2023-07-03 22:40:43 - [TEST_STEP][PASSED] - tap(findTestObject("Navbar/android.widget.FrameLayout - Navbar Akun"), 0): Tapped on element 'Object Repository/Navbar/android.widget.FrameLayout - Navbar Akun'

2023-07-03 22:40:43 - [MESSAGE][WARNING] - Timeout '0' is invalid. Using default page load timeout: '30'

2023-07-03 22:40:43 - [MESSAGE][PASSED] - Tapped on element 'Object Repository/Navbar/android.widget.FrameLayout - Navbar Akun'

2023-07-03 22:40:43 - [MESSAGE][PASSED] - Call Test Case 'Test Cases/Pages/Navbar/Tap Akun' successfully

2023-07-03 22:40:43 - [TEST_STEP][PASSED] - callTestCase(findTestCase("Pages/Edit Profile/Button-masuk"), [:], STOP_ON_FAILURE): Call Test Case 'Test Cases/Pages/Edit Profile/Button-masuk' successfully

2023-07-03 22:40:43 - [TEST_CASE][PASSED] - Test Cases/Pages/Edit Profile/Button-masuk: Test Cases/Pages/Edit Profile/Button-masuk

2023-07-03 22:40:43 - [TEST_STEP][PASSED] - tap(findTestObject("Edit Profile/Edit_profile1/Button - Masuk"), 0): Tapped on element 'Object Repository/Edit Profile/Edit_profile1/Button - Masuk'

2023-07-03 22:40:43 - [MESSAGE][WARNING] - Timeout '0' is invalid. Using default page load timeout: '30'

2023-07-03 22:40:44 - [MESSAGE][PASSED] - Tapped on element 'Object Repository/Edit Profile/Edit_profile1/Button - Masuk'

2023-07-03 22:40:44 - [MESSAGE][PASSED] - Call Test Case 'Test Cases/Pages/Edit Profile/Button-masuk' successfully

2023-07-03 22:40:44 - [TEST_STEP][PASSED] - callTestCase(findTestCase("Pages/Edit Profile/Input_email"), [:], STOP_ON_FAILURE): Call Test Case 'Test Cases/Pages/Edit Profile/Input_email' successfully

2023-07-03 22:40:44 - [TEST_CASE][PASSED] - Test Cases/Pages/Edit Profile/Input_email: Test Cases/Pages/Edit Profile/Input_email

2023-07-03 22:40:44 - [TEST_STEP][PASSED] - setText(findTestObject("Edit Profile/Edit_profile1/input_email_masuk"), "syafradha@gmail.com", 0): Text 'syafradha@gmail.com' has been set to element 'Object Repository/Edit Profile/Edit_profile1/input_email_masuk'

2023-07-03 22:40:44 - [MESSAGE][WARNING] - Timeout '0' is invalid. Using default page load timeout: '30'

2023-07-03 22:40:45 - [MESSAGE][PASSED] - Text 'syafradha@gmail.com' has been set to element 'Object Repository/Edit Profile/Edit_profile1/input_email_masuk'

2023-07-03 22:40:45 - [MESSAGE][PASSED] - Call Test Case 'Test Cases/Pages/Edit Profile/Input_email' successfully

2023-07-03 22:40:45 - [TEST_STEP][PASSED] - callTestCase(findTestCase("Pages/Edit Profile/Input_password"), [:], STOP_ON_FAILURE): Call Test Case 'Test Cases/Pages/Edit Profile/Input_password' successfully

2023-07-03 22:40:45 - [TEST_CASE][PASSED] - Test Cases/Pages/Edit Profile/Input_password: Test Cases/Pages/Edit Profile/Input_password

2023-07-03 22:40:45 - [TEST_STEP][PASSED] - setText(findTestObject("Edit Profile/Edit_profile1/Input_password_masuk"), "meditran5", 0): Text 'meditran5' has been set to element 'Object Repository/Edit Profile/Edit_profile1/Input_password_masuk'

2023-07-03 22:40:45 - [MESSAGE][WARNING] - Timeout '0' is invalid. Using default page load timeout: '30'

2023-07-03 22:40:47 - [MESSAGE][PASSED] - Text 'meditran5' has been set to element 'Object Repository/Edit Profile/Edit_profile1/Input_password_masuk'

2023-07-03 22:40:47 - [MESSAGE][PASSED] - Call Test Case 'Test Cases/Pages/Edit Profile/Input_password' successfully

2023-07-03 22:40:47 - [TEST_STEP][PASSED] - callTestCase(findTestCase("Pages/Edit Profile/Button-masuk2"), [:], STOP_ON_FAILURE): Call Test Case 'Test Cases/Pages/Edit Profile/Button-masuk2' successfully

2023-07-03 22:40:47 - [TEST_CASE][PASSED] - Test Cases/Pages/Edit Profile/Button-masuk2: Test Cases/Pages/Edit Profile/Button-masuk2

2023-07-03 22:40:47 - [TEST_STEP][PASSED] - checkElement(findTestObject("Edit Profile/Edit_profile1/button-masuk 2"), 0): Element 'Object Repository/Edit Profile/Edit_profile1/button-masuk 2' is checked

2023-07-03 22:40:47 - [MESSAGE][WARNING] - Timeout '0' is invalid. Using default page load timeout: '30'

2023-07-03 22:40:49 - [MESSAGE][PASSED] - Element 'Object Repository/Edit Profile/Edit_profile1/button-masuk 2' is checked

2023-07-03 22:40:49 - [MESSAGE][PASSED] - Call Test Case 'Test Cases/Pages/Edit Profile/Button-masuk2' successfully

2023-07-03 22:40:49 - [TEST_STEP][PASSED] - callTestCase(findTestCase("Pages/Edit Profile/Click_gambar_edit"), [:], STOP_ON_FAILURE): Call Test Case 'Test Cases/Pages/Edit Profile/Click_gambar_edit' successfully

2023-07-03 22:40:49 - [TEST_CASE][PASSED] - Test Cases/Pages/Edit Profile/Click_gambar_edit: Test Cases/Pages/Edit Profile/Click_gambar_edit

2023-07-03 22:40:49 - [TEST_STEP][PASSED] - tap(findTestObject("Edit Profile/Edit_profile1/android.widget.ImageView_edit_profile (1)"), 0): Tapped on element 'Object Repository/Edit Profile/Edit_profile1/android.widget.ImageView_edit_profile (1)'

2023-07-03 22:40:49 - [MESSAGE][WARNING] - Timeout '0' is invalid. Using default page load timeout: '30'

2023-07-03 22:40:50 - [MESSAGE][PASSED] - Tapped on element 'Object Repository/Edit Profile/Edit_profile1/android.widget.ImageView_edit_profile (1)'

2023-07-03 22:40:50 - [MESSAGE][PASSED] - Call Test Case 'Test Cases/Pages/Edit Profile/Click_gambar_edit' successfully

2023-07-03 22:40:50 - [TEST_STEP][PASSED] - callTestCase(findTestCase("Pages/Edit Profile/edit alamat"), [:], STOP_ON_FAILURE): Call Test Case 'Test Cases/Pages/Edit Profile/edit alamat' successfully

2023-07-03 22:40:50 - [TEST_CASE][PASSED] - Test Cases/Pages/Edit Profile/edit alamat: Test Cases/Pages/Edit Profile/edit alamat

2023-07-03 22:40:50 - [TEST_STEP][PASSED] - tap(findTestObject("Edit Profile/Edit_profile1/android.widget.TextView - jl meditran v m27 no 12 rtrw 0708 komplek pertamina(tap alamat)"), 0): Tapped on element 'Object Repository/Edit Profile/Edit_profile1/android.widget.TextView - jl meditran v m27 no 12 rtrw 0708 komplek pertamina(tap alamat)'

2023-07-03 22:40:50 - [MESSAGE][WARNING] - Timeout '0' is invalid. Using default page load timeout: '30'

2023-07-03 22:40:51 - [MESSAGE][PASSED] - Tapped on element 'Object Repository/Edit Profile/Edit_profile1/android.widget.TextView - jl meditran v m27 no 12 rtrw 0708 komplek pertamina(tap alamat)'

2023-07-03 22:40:51 - [TEST_STEP][PASSED] - setText(findTestObject("Edit Profile/Edit_profile1/android.widget.EditText - jl meditran v m27 no 12 rtrw 0708 komplek pertamina(edit alamat"), "jl anggrek", 0): Text 'jl anggrek' has been set to element 'Object Repository/Edit Profile/Edit_profile1/android.widget.EditText - jl meditran v m27 no 12 rtrw 0708 komplek pertamina(edit alamat'

2023-07-03 22:40:51 - [MESSAGE][WARNING] - Timeout '0' is invalid. Using default page load timeout: '30'

2023-07-03 22:40:53 - [MESSAGE][PASSED] - Text 'jl anggrek' has been set to element 'Object Repository/Edit Profile/Edit_profile1/android.widget.EditText - jl meditran v m27 no 12 rtrw 0708 komplek pertamina(edit alamat'

2023-07-03 22:40:53 - [MESSAGE][PASSED] - Call Test Case 'Test Cases/Pages/Edit Profile/edit alamat' successfully

2023-07-03 22:40:53 - [TEST_STEP][PASSED] - callTestCase(findTestCase("Pages/Edit Profile/Button simpan"), [:], STOP_ON_FAILURE): Call Test Case 'Test Cases/Pages/Edit Profile/Button simpan' successfully

2023-07-03 22:40:53 - [TEST_CASE][PASSED] - Test Cases/Pages/Edit Profile/Button simpan: Test Cases/Pages/Edit Profile/Button simpan

2023-07-03 22:40:53 - [TEST_STEP][PASSED] - tap(findTestObject("Edit Profile/Edit_profile1/android.widget.Button - Simpan1"), 0): Tapped on element 'Object Repository/Edit Profile/Edit_profile1/android.widget.Button - Simpan1'

2023-07-03 22:40:53 - [MESSAGE][WARNING] - Timeout '0' is invalid. Using default page load timeout: '30'

2023-07-03 22:40:54 - [MESSAGE][PASSED] - Tapped on element 'Object Repository/Edit Profile/Edit_profile1/android.widget.Button - Simpan1'

2023-07-03 22:40:54 - [MESSAGE][PASSED] - Call Test Case 'Test Cases/Pages/Edit Profile/Button simpan' successfully

2023-07-03 22:40:54 - [TEST_STEP][PASSED] - callTestCase(findTestCase("Pages/Edit Profile/edit profile deksa/verify"), [:], STOP_ON_FAILURE): Call Test Case 'Test Cases/Pages/Edit Profile/edit profile deksa/verify' successfully

2023-07-03 22:40:54 - [TEST_CASE][PASSED] - Test Cases/Pages/Edit Profile/edit profile deksa/verify: Test Cases/Pages/Edit Profile/edit profile deksa/verify

2023-07-03 22:40:54 - [TEST_STEP][PASSED] - verifyElementVisible(findTestObject("Edit Profile/edit profile deksa/android.widget.TextView - Profil berhasil diperbarui"), 0): Element 'Object Repository/Edit Profile/edit profile deksa/android.widget.TextView - Profil berhasil diperbarui' is visible

2023-07-03 22:40:54 - [MESSAGE][WARNING] - Timeout '0' is invalid. Using default page load timeout: '30'

2023-07-03 22:40:55 - [MESSAGE][PASSED] - Element 'Object Repository/Edit Profile/edit profile deksa/android.widget.TextView - Profil berhasil diperbarui' is visible

2023-07-03 22:40:55 - [MESSAGE][PASSED] - Call Test Case 'Test Cases/Pages/Edit Profile/edit profile deksa/verify' successfully

2023-07-03 22:40:55 - [TEST_STEP][PASSED] - Start listener action : afterTestCase: Close app successfully

2023-07-03 22:40:55 - [TEST_STEP][PASSED] - logInfo("Test Case: " + testCaseContext.getTestCaseId() + " | Status: " + testCaseContext.getTestCaseStatus()): Test Case: Test Cases/Step Definition/Feature Edit Profile/EP03-edit alamat | Status: PASSED

2023-07-03 22:40:55 - [MESSAGE][INFO] - Test Case: Test Cases/Step Definition/Feature Edit Profile/EP03-edit alamat | Status: PASSED

2023-07-03 22:40:55 - [TEST_STEP][PASSED] - closeApplication(): Close app successfully

2023-07-03 22:40:55 - [MESSAGE][PASSED] - Close app successfully]]></system-out>
         <system-err><![CDATA[]]></system-err>
      </testcase>
      <testcase name="Test Cases/Step Definition/Feature Logout/LGT01 - Logout" time="16.056" classname="Test Cases/Step Definition/Feature Logout/LGT01 - Logout" status="PASSED">
         <system-out><![CDATA[2023-07-03 22:40:55 - [TEST_CASE][PASSED] - Test Cases/Step Definition/Feature Logout/LGT01 - Logout: Test Cases/Step Definition/Feature Logout/LGT01 - Logout

2023-07-03 22:40:55 - [TEST_STEP][PASSED] - Start listener action : beforeTestCase: Started app at: 'E:\GitRepo\Katalon\binarqa-group1-app\Apk\app-release-second-hand-gcp.apk'

2023-07-03 22:40:55 - [TEST_STEP][PASSED] - logInfo("Test Case: " + testCaseContext.getTestCaseId()): Test Case: Test Cases/Step Definition/Feature Logout/LGT01 - Logout

2023-07-03 22:40:55 - [MESSAGE][INFO] - Test Case: Test Cases/Step Definition/Feature Logout/LGT01 - Logout

2023-07-03 22:40:55 - [TEST_STEP][PASSED] - launchApp(): null

2023-07-03 22:40:55 - [TEST_STEP][PASSED] - startApplication(System.getProperty("user.dir") + "\Apk\app-release-second-hand-gcp.apk", false): Started app at: 'E:\GitRepo\Katalon\binarqa-group1-app\Apk\app-release-second-hand-gcp.apk'

2023-07-03 22:40:55 - [MESSAGE][INFO] - User set preference: ['appWaitActivity', '*']

2023-07-03 22:40:55 - [MESSAGE][INFO] - User set preference: ['appWaitforLaunch', 'false']

2023-07-03 22:40:55 - [MESSAGE][INFO] - User set preference: ['noReset', 'true']

2023-07-03 22:40:55 - [MESSAGE][INFO] - User set preference: ['ignoreHiddenApiPolicyError', 'true']

2023-07-03 22:40:55 - [MESSAGE][INFO] - User set preference: ['deviceId', '']

2023-07-03 22:40:56 - [MESSAGE][INFO] - Detected NodeJS location: "C:\Program Files\nodejs\node.exe"

2023-07-03 22:40:57 - [MESSAGE][INFO] - Appium server started on port 63,454

2023-07-03 22:41:05 - [MESSAGE][PASSED] - Started app at: 'E:\GitRepo\Katalon\binarqa-group1-app\Apk\app-release-second-hand-gcp.apk'

2023-07-03 22:41:05 - [TEST_STEP][PASSED] - try: Call Test Case 'Test Cases/Pages/Homepage/Verify Already Logged In' successfully

2023-07-03 22:41:05 - [TEST_STEP][PASSED] - callTestCase(findTestCase("Pages/Homepage/Verify Already Logged In"), [:], STOP_ON_FAILURE): Call Test Case 'Test Cases/Pages/Homepage/Verify Already Logged In' successfully

2023-07-03 22:41:05 - [TEST_CASE][PASSED] - Test Cases/Pages/Homepage/Verify Already Logged In: Test Cases/Pages/Homepage/Verify Already Logged In

2023-07-03 22:41:05 - [TEST_STEP][PASSED] - tap(findTestObject("Navbar/android.widget.FrameLayout - Navbar Akun"), 0): Tapped on element 'Object Repository/Navbar/android.widget.FrameLayout - Navbar Akun'

2023-07-03 22:41:05 - [MESSAGE][WARNING] - Timeout '0' is invalid. Using default page load timeout: '30'

2023-07-03 22:41:06 - [MESSAGE][PASSED] - Tapped on element 'Object Repository/Navbar/android.widget.FrameLayout - Navbar Akun'

2023-07-03 22:41:06 - [TEST_STEP][PASSED] - verifyElementVisible(findTestObject("Akun/android.widget.ImageView - Profile Photo"), 1): Element 'Object Repository/Akun/android.widget.ImageView - Profile Photo' is visible

2023-07-03 22:41:07 - [MESSAGE][PASSED] - Element 'Object Repository/Akun/android.widget.ImageView - Profile Photo' is visible

2023-07-03 22:41:07 - [TEST_STEP][PASSED] - verifyElementVisible(findTestObject("Akun/android.widget.TextView - Email"), 1): Element 'Object Repository/Akun/android.widget.TextView - Email' is visible

2023-07-03 22:41:07 - [MESSAGE][PASSED] - Element 'Object Repository/Akun/android.widget.TextView - Email' is visible

2023-07-03 22:41:07 - [TEST_STEP][PASSED] - verifyElementVisible(findTestObject("Akun/android.widget.TextView - Nama"), 1): Element 'Object Repository/Akun/android.widget.TextView - Nama' is visible

2023-07-03 22:41:07 - [MESSAGE][PASSED] - Element 'Object Repository/Akun/android.widget.TextView - Nama' is visible

2023-07-03 22:41:07 - [TEST_STEP][PASSED] - verifyElementVisible(findTestObject("Akun/android.widget.TextView - Nomor HP"), 1): Element 'Object Repository/Akun/android.widget.TextView - Nomor HP' is visible

2023-07-03 22:41:08 - [MESSAGE][PASSED] - Element 'Object Repository/Akun/android.widget.TextView - Nomor HP' is visible

2023-07-03 22:41:08 - [TEST_STEP][PASSED] - verifyElementVisible(findTestObject("Akun/android.widget.ImageView - Profile Photo"), 1): Element 'Object Repository/Akun/android.widget.ImageView - Profile Photo' is visible

2023-07-03 22:41:08 - [MESSAGE][PASSED] - Element 'Object Repository/Akun/android.widget.ImageView - Profile Photo' is visible

2023-07-03 22:41:08 - [TEST_STEP][PASSED] - verifyElementVisible(findTestObject("Akun/android.view.ViewGroup - Logout"), 1): Element 'Object Repository/Akun/android.view.ViewGroup - Logout' is visible

2023-07-03 22:41:08 - [MESSAGE][PASSED] - Element 'Object Repository/Akun/android.view.ViewGroup - Logout' is visible

2023-07-03 22:41:08 - [TEST_STEP][PASSED] - pressBack(): Press back button successfully

2023-07-03 22:41:09 - [MESSAGE][PASSED] - Press back button successfully

2023-07-03 22:41:09 - [MESSAGE][PASSED] - Call Test Case 'Test Cases/Pages/Homepage/Verify Already Logged In' successfully

2023-07-03 22:41:09 - [TEST_STEP][PASSED] - callTestCase(findTestCase("Pages/Navbar/Tap Akun"), [:]): Call Test Case 'Test Cases/Pages/Navbar/Tap Akun' successfully

2023-07-03 22:41:09 - [TEST_CASE][PASSED] - Test Cases/Pages/Navbar/Tap Akun: Test Cases/Pages/Navbar/Tap Akun

2023-07-03 22:41:09 - [TEST_STEP][PASSED] - tap(findTestObject("Navbar/android.widget.FrameLayout - Navbar Akun"), 0): Tapped on element 'Object Repository/Navbar/android.widget.FrameLayout - Navbar Akun'

2023-07-03 22:41:09 - [MESSAGE][WARNING] - Timeout '0' is invalid. Using default page load timeout: '30'

2023-07-03 22:41:11 - [MESSAGE][PASSED] - Tapped on element 'Object Repository/Navbar/android.widget.FrameLayout - Navbar Akun'

2023-07-03 22:41:11 - [MESSAGE][PASSED] - Call Test Case 'Test Cases/Pages/Navbar/Tap Akun' successfully

2023-07-03 22:41:11 - [TEST_STEP][PASSED] - callTestCase(findTestCase("Pages/Akun/Tap Logout"), [:]): Call Test Case 'Test Cases/Pages/Akun/Tap Logout' successfully

2023-07-03 22:41:11 - [TEST_CASE][PASSED] - Test Cases/Pages/Akun/Tap Logout: Test Cases/Pages/Akun/Tap Logout

2023-07-03 22:41:11 - [TEST_STEP][PASSED] - tap(findTestObject("Akun/android.view.ViewGroup - Logout"), 0): Tapped on element 'Object Repository/Akun/android.view.ViewGroup - Logout'

2023-07-03 22:41:11 - [MESSAGE][WARNING] - Timeout '0' is invalid. Using default page load timeout: '30'

2023-07-03 22:41:11 - [MESSAGE][PASSED] - Tapped on element 'Object Repository/Akun/android.view.ViewGroup - Logout'

2023-07-03 22:41:11 - [MESSAGE][PASSED] - Call Test Case 'Test Cases/Pages/Akun/Tap Logout' successfully

2023-07-03 22:41:11 - [TEST_STEP][PASSED] - Start listener action : afterTestCase: Close app successfully

2023-07-03 22:41:11 - [TEST_STEP][PASSED] - logInfo("Test Case: " + testCaseContext.getTestCaseId() + " | Status: " + testCaseContext.getTestCaseStatus()): Test Case: Test Cases/Step Definition/Feature Logout/LGT01 - Logout | Status: PASSED

2023-07-03 22:41:11 - [MESSAGE][INFO] - Test Case: Test Cases/Step Definition/Feature Logout/LGT01 - Logout | Status: PASSED

2023-07-03 22:41:11 - [TEST_STEP][PASSED] - closeApplication(): Close app successfully

2023-07-03 22:41:12 - [MESSAGE][PASSED] - Close app successfully]]></system-out>
         <system-err><![CDATA[]]></system-err>
      </testcase>
      <testcase name="Test Cases/Step Definition/Feature Edit Profile/EP04-edit kota" time="22.907" classname="Test Cases/Step Definition/Feature Edit Profile/EP04-edit kota" status="PASSED">
         <system-out><![CDATA[2023-07-03 22:41:12 - [TEST_CASE][PASSED] - Test Cases/Step Definition/Feature Edit Profile/EP04-edit kota: Test Cases/Step Definition/Feature Edit Profile/EP04-edit kota

2023-07-03 22:41:12 - [TEST_STEP][PASSED] - Start listener action : beforeTestCase: Started app at: 'E:\GitRepo\Katalon\binarqa-group1-app\Apk\app-release-second-hand-gcp.apk'

2023-07-03 22:41:12 - [TEST_STEP][PASSED] - logInfo("Test Case: " + testCaseContext.getTestCaseId()): Test Case: Test Cases/Step Definition/Feature Edit Profile/EP04-edit kota

2023-07-03 22:41:12 - [MESSAGE][INFO] - Test Case: Test Cases/Step Definition/Feature Edit Profile/EP04-edit kota

2023-07-03 22:41:12 - [TEST_STEP][PASSED] - launchApp(): null

2023-07-03 22:41:12 - [TEST_STEP][PASSED] - startApplication(System.getProperty("user.dir") + "\Apk\app-release-second-hand-gcp.apk", false): Started app at: 'E:\GitRepo\Katalon\binarqa-group1-app\Apk\app-release-second-hand-gcp.apk'

2023-07-03 22:41:12 - [MESSAGE][INFO] - User set preference: ['appWaitActivity', '*']

2023-07-03 22:41:12 - [MESSAGE][INFO] - User set preference: ['appWaitforLaunch', 'false']

2023-07-03 22:41:12 - [MESSAGE][INFO] - User set preference: ['noReset', 'true']

2023-07-03 22:41:12 - [MESSAGE][INFO] - User set preference: ['ignoreHiddenApiPolicyError', 'true']

2023-07-03 22:41:12 - [MESSAGE][INFO] - User set preference: ['deviceId', '']

2023-07-03 22:41:12 - [MESSAGE][INFO] - Detected NodeJS location: "C:\Program Files\nodejs\node.exe"

2023-07-03 22:41:13 - [MESSAGE][INFO] - Appium server started on port 63,583

2023-07-03 22:41:21 - [MESSAGE][PASSED] - Started app at: 'E:\GitRepo\Katalon\binarqa-group1-app\Apk\app-release-second-hand-gcp.apk'

2023-07-03 22:41:21 - [TEST_STEP][PASSED] - callTestCase(findTestCase("Pages/Navbar/Tap Akun"), [:], STOP_ON_FAILURE): Call Test Case 'Test Cases/Pages/Navbar/Tap Akun' successfully

2023-07-03 22:41:22 - [TEST_CASE][PASSED] - Test Cases/Pages/Navbar/Tap Akun: Test Cases/Pages/Navbar/Tap Akun

2023-07-03 22:41:22 - [TEST_STEP][PASSED] - tap(findTestObject("Navbar/android.widget.FrameLayout - Navbar Akun"), 0): Tapped on element 'Object Repository/Navbar/android.widget.FrameLayout - Navbar Akun'

2023-07-03 22:41:22 - [MESSAGE][WARNING] - Timeout '0' is invalid. Using default page load timeout: '30'

2023-07-03 22:41:23 - [MESSAGE][PASSED] - Tapped on element 'Object Repository/Navbar/android.widget.FrameLayout - Navbar Akun'

2023-07-03 22:41:23 - [MESSAGE][PASSED] - Call Test Case 'Test Cases/Pages/Navbar/Tap Akun' successfully

2023-07-03 22:41:23 - [TEST_STEP][PASSED] - callTestCase(findTestCase("Pages/Edit Profile/Button-masuk"), [:], STOP_ON_FAILURE): Call Test Case 'Test Cases/Pages/Edit Profile/Button-masuk' successfully

2023-07-03 22:41:23 - [TEST_CASE][PASSED] - Test Cases/Pages/Edit Profile/Button-masuk: Test Cases/Pages/Edit Profile/Button-masuk

2023-07-03 22:41:23 - [TEST_STEP][PASSED] - tap(findTestObject("Edit Profile/Edit_profile1/Button - Masuk"), 0): Tapped on element 'Object Repository/Edit Profile/Edit_profile1/Button - Masuk'

2023-07-03 22:41:23 - [MESSAGE][WARNING] - Timeout '0' is invalid. Using default page load timeout: '30'

2023-07-03 22:41:23 - [MESSAGE][PASSED] - Tapped on element 'Object Repository/Edit Profile/Edit_profile1/Button - Masuk'

2023-07-03 22:41:23 - [MESSAGE][PASSED] - Call Test Case 'Test Cases/Pages/Edit Profile/Button-masuk' successfully

2023-07-03 22:41:23 - [TEST_STEP][PASSED] - callTestCase(findTestCase("Pages/Edit Profile/Input_email"), [:], STOP_ON_FAILURE): Call Test Case 'Test Cases/Pages/Edit Profile/Input_email' successfully

2023-07-03 22:41:23 - [TEST_CASE][PASSED] - Test Cases/Pages/Edit Profile/Input_email: Test Cases/Pages/Edit Profile/Input_email

2023-07-03 22:41:23 - [TEST_STEP][PASSED] - setText(findTestObject("Edit Profile/Edit_profile1/input_email_masuk"), "syafradha@gmail.com", 0): Text 'syafradha@gmail.com' has been set to element 'Object Repository/Edit Profile/Edit_profile1/input_email_masuk'

2023-07-03 22:41:23 - [MESSAGE][WARNING] - Timeout '0' is invalid. Using default page load timeout: '30'

2023-07-03 22:41:25 - [MESSAGE][PASSED] - Text 'syafradha@gmail.com' has been set to element 'Object Repository/Edit Profile/Edit_profile1/input_email_masuk'

2023-07-03 22:41:25 - [MESSAGE][PASSED] - Call Test Case 'Test Cases/Pages/Edit Profile/Input_email' successfully

2023-07-03 22:41:25 - [TEST_STEP][PASSED] - callTestCase(findTestCase("Pages/Edit Profile/Input_password"), [:], STOP_ON_FAILURE): Call Test Case 'Test Cases/Pages/Edit Profile/Input_password' successfully

2023-07-03 22:41:25 - [TEST_CASE][PASSED] - Test Cases/Pages/Edit Profile/Input_password: Test Cases/Pages/Edit Profile/Input_password

2023-07-03 22:41:25 - [TEST_STEP][PASSED] - setText(findTestObject("Edit Profile/Edit_profile1/Input_password_masuk"), "meditran5", 0): Text 'meditran5' has been set to element 'Object Repository/Edit Profile/Edit_profile1/Input_password_masuk'

2023-07-03 22:41:25 - [MESSAGE][WARNING] - Timeout '0' is invalid. Using default page load timeout: '30'

2023-07-03 22:41:26 - [MESSAGE][PASSED] - Text 'meditran5' has been set to element 'Object Repository/Edit Profile/Edit_profile1/Input_password_masuk'

2023-07-03 22:41:26 - [MESSAGE][PASSED] - Call Test Case 'Test Cases/Pages/Edit Profile/Input_password' successfully

2023-07-03 22:41:26 - [TEST_STEP][PASSED] - callTestCase(findTestCase("Pages/Edit Profile/Button-masuk2"), [:], STOP_ON_FAILURE): Call Test Case 'Test Cases/Pages/Edit Profile/Button-masuk2' successfully

2023-07-03 22:41:26 - [TEST_CASE][PASSED] - Test Cases/Pages/Edit Profile/Button-masuk2: Test Cases/Pages/Edit Profile/Button-masuk2

2023-07-03 22:41:26 - [TEST_STEP][PASSED] - checkElement(findTestObject("Edit Profile/Edit_profile1/button-masuk 2"), 0): Element 'Object Repository/Edit Profile/Edit_profile1/button-masuk 2' is checked

2023-07-03 22:41:26 - [MESSAGE][WARNING] - Timeout '0' is invalid. Using default page load timeout: '30'

2023-07-03 22:41:28 - [MESSAGE][PASSED] - Element 'Object Repository/Edit Profile/Edit_profile1/button-masuk 2' is checked

2023-07-03 22:41:28 - [MESSAGE][PASSED] - Call Test Case 'Test Cases/Pages/Edit Profile/Button-masuk2' successfully

2023-07-03 22:41:28 - [TEST_STEP][PASSED] - callTestCase(findTestCase("Pages/Edit Profile/Click_gambar_edit"), [:], STOP_ON_FAILURE): Call Test Case 'Test Cases/Pages/Edit Profile/Click_gambar_edit' successfully

2023-07-03 22:41:28 - [TEST_CASE][PASSED] - Test Cases/Pages/Edit Profile/Click_gambar_edit: Test Cases/Pages/Edit Profile/Click_gambar_edit

2023-07-03 22:41:28 - [TEST_STEP][PASSED] - tap(findTestObject("Edit Profile/Edit_profile1/android.widget.ImageView_edit_profile (1)"), 0): Tapped on element 'Object Repository/Edit Profile/Edit_profile1/android.widget.ImageView_edit_profile (1)'

2023-07-03 22:41:28 - [MESSAGE][WARNING] - Timeout '0' is invalid. Using default page load timeout: '30'

2023-07-03 22:41:29 - [MESSAGE][PASSED] - Tapped on element 'Object Repository/Edit Profile/Edit_profile1/android.widget.ImageView_edit_profile (1)'

2023-07-03 22:41:29 - [MESSAGE][PASSED] - Call Test Case 'Test Cases/Pages/Edit Profile/Click_gambar_edit' successfully

2023-07-03 22:41:29 - [TEST_STEP][PASSED] - callTestCase(findTestCase("Pages/Edit Profile/edit kota"), [:], STOP_ON_FAILURE): Call Test Case 'Test Cases/Pages/Edit Profile/edit kota' successfully

2023-07-03 22:41:29 - [TEST_CASE][PASSED] - Test Cases/Pages/Edit Profile/edit kota: Test Cases/Pages/Edit Profile/edit kota

2023-07-03 22:41:29 - [TEST_STEP][PASSED] - tap(findTestObject("Edit Profile/Edit_profile1/android.widget.TextView - Tangerang Selatan(tap kota)"), 0): Tapped on element 'Object Repository/Edit Profile/Edit_profile1/android.widget.TextView - Tangerang Selatan(tap kota)'

2023-07-03 22:41:29 - [MESSAGE][WARNING] - Timeout '0' is invalid. Using default page load timeout: '30'

2023-07-03 22:41:30 - [MESSAGE][PASSED] - Tapped on element 'Object Repository/Edit Profile/Edit_profile1/android.widget.TextView - Tangerang Selatan(tap kota)'

2023-07-03 22:41:30 - [TEST_STEP][PASSED] - setText(findTestObject("Edit Profile/Edit_profile1/android.widget.EditText - Tangerang Selatan(edit kota)"), "banten", 30): Text 'banten' has been set to element 'Object Repository/Edit Profile/Edit_profile1/android.widget.EditText - Tangerang Selatan(edit kota)'

2023-07-03 22:41:32 - [MESSAGE][PASSED] - Text 'banten' has been set to element 'Object Repository/Edit Profile/Edit_profile1/android.widget.EditText - Tangerang Selatan(edit kota)'

2023-07-03 22:41:32 - [MESSAGE][PASSED] - Call Test Case 'Test Cases/Pages/Edit Profile/edit kota' successfully

2023-07-03 22:41:32 - [TEST_STEP][PASSED] - callTestCase(findTestCase("Pages/Edit Profile/Button simpan"), [:], STOP_ON_FAILURE): Call Test Case 'Test Cases/Pages/Edit Profile/Button simpan' successfully

2023-07-03 22:41:32 - [TEST_CASE][PASSED] - Test Cases/Pages/Edit Profile/Button simpan: Test Cases/Pages/Edit Profile/Button simpan

2023-07-03 22:41:32 - [TEST_STEP][PASSED] - tap(findTestObject("Edit Profile/Edit_profile1/android.widget.Button - Simpan1"), 0): Tapped on element 'Object Repository/Edit Profile/Edit_profile1/android.widget.Button - Simpan1'

2023-07-03 22:41:32 - [MESSAGE][WARNING] - Timeout '0' is invalid. Using default page load timeout: '30'

2023-07-03 22:41:33 - [MESSAGE][PASSED] - Tapped on element 'Object Repository/Edit Profile/Edit_profile1/android.widget.Button - Simpan1'

2023-07-03 22:41:33 - [MESSAGE][PASSED] - Call Test Case 'Test Cases/Pages/Edit Profile/Button simpan' successfully

2023-07-03 22:41:33 - [TEST_STEP][PASSED] - callTestCase(findTestCase("Pages/Edit Profile/edit profile deksa/verify"), [:], STOP_ON_FAILURE): Call Test Case 'Test Cases/Pages/Edit Profile/edit profile deksa/verify' successfully

2023-07-03 22:41:33 - [TEST_CASE][PASSED] - Test Cases/Pages/Edit Profile/edit profile deksa/verify: Test Cases/Pages/Edit Profile/edit profile deksa/verify

2023-07-03 22:41:33 - [TEST_STEP][PASSED] - verifyElementVisible(findTestObject("Edit Profile/edit profile deksa/android.widget.TextView - Profil berhasil diperbarui"), 0): Element 'Object Repository/Edit Profile/edit profile deksa/android.widget.TextView - Profil berhasil diperbarui' is visible

2023-07-03 22:41:33 - [MESSAGE][WARNING] - Timeout '0' is invalid. Using default page load timeout: '30'

2023-07-03 22:41:34 - [MESSAGE][PASSED] - Element 'Object Repository/Edit Profile/edit profile deksa/android.widget.TextView - Profil berhasil diperbarui' is visible

2023-07-03 22:41:34 - [MESSAGE][PASSED] - Call Test Case 'Test Cases/Pages/Edit Profile/edit profile deksa/verify' successfully

2023-07-03 22:41:34 - [TEST_STEP][PASSED] - Start listener action : afterTestCase: Close app successfully

2023-07-03 22:41:34 - [TEST_STEP][PASSED] - logInfo("Test Case: " + testCaseContext.getTestCaseId() + " | Status: " + testCaseContext.getTestCaseStatus()): Test Case: Test Cases/Step Definition/Feature Edit Profile/EP04-edit kota | Status: PASSED

2023-07-03 22:41:34 - [MESSAGE][INFO] - Test Case: Test Cases/Step Definition/Feature Edit Profile/EP04-edit kota | Status: PASSED

2023-07-03 22:41:34 - [TEST_STEP][PASSED] - closeApplication(): Close app successfully

2023-07-03 22:41:34 - [MESSAGE][PASSED] - Close app successfully]]></system-out>
         <system-err><![CDATA[]]></system-err>
      </testcase>
      <testcase name="Test Cases/Step Definition/Feature Logout/LGT01 - Logout" time="14.521" classname="Test Cases/Step Definition/Feature Logout/LGT01 - Logout" status="PASSED">
         <system-out><![CDATA[2023-07-03 22:41:34 - [TEST_CASE][PASSED] - Test Cases/Step Definition/Feature Logout/LGT01 - Logout: Test Cases/Step Definition/Feature Logout/LGT01 - Logout

2023-07-03 22:41:34 - [TEST_STEP][PASSED] - Start listener action : beforeTestCase: Started app at: 'E:\GitRepo\Katalon\binarqa-group1-app\Apk\app-release-second-hand-gcp.apk'

2023-07-03 22:41:34 - [TEST_STEP][PASSED] - logInfo("Test Case: " + testCaseContext.getTestCaseId()): Test Case: Test Cases/Step Definition/Feature Logout/LGT01 - Logout

2023-07-03 22:41:34 - [MESSAGE][INFO] - Test Case: Test Cases/Step Definition/Feature Logout/LGT01 - Logout

2023-07-03 22:41:34 - [TEST_STEP][PASSED] - launchApp(): null

2023-07-03 22:41:34 - [TEST_STEP][PASSED] - startApplication(System.getProperty("user.dir") + "\Apk\app-release-second-hand-gcp.apk", false): Started app at: 'E:\GitRepo\Katalon\binarqa-group1-app\Apk\app-release-second-hand-gcp.apk'

2023-07-03 22:41:34 - [MESSAGE][INFO] - User set preference: ['appWaitActivity', '*']

2023-07-03 22:41:34 - [MESSAGE][INFO] - User set preference: ['appWaitforLaunch', 'false']

2023-07-03 22:41:34 - [MESSAGE][INFO] - User set preference: ['noReset', 'true']

2023-07-03 22:41:34 - [MESSAGE][INFO] - User set preference: ['ignoreHiddenApiPolicyError', 'true']

2023-07-03 22:41:34 - [MESSAGE][INFO] - User set preference: ['deviceId', '']

2023-07-03 22:41:35 - [MESSAGE][INFO] - Detected NodeJS location: "C:\Program Files\nodejs\node.exe"

2023-07-03 22:41:36 - [MESSAGE][INFO] - Appium server started on port 63,690

2023-07-03 22:41:43 - [MESSAGE][PASSED] - Started app at: 'E:\GitRepo\Katalon\binarqa-group1-app\Apk\app-release-second-hand-gcp.apk'

2023-07-03 22:41:43 - [TEST_STEP][PASSED] - try: Call Test Case 'Test Cases/Pages/Homepage/Verify Already Logged In' successfully

2023-07-03 22:41:43 - [TEST_STEP][PASSED] - callTestCase(findTestCase("Pages/Homepage/Verify Already Logged In"), [:], STOP_ON_FAILURE): Call Test Case 'Test Cases/Pages/Homepage/Verify Already Logged In' successfully

2023-07-03 22:41:43 - [TEST_CASE][PASSED] - Test Cases/Pages/Homepage/Verify Already Logged In: Test Cases/Pages/Homepage/Verify Already Logged In

2023-07-03 22:41:43 - [TEST_STEP][PASSED] - tap(findTestObject("Navbar/android.widget.FrameLayout - Navbar Akun"), 0): Tapped on element 'Object Repository/Navbar/android.widget.FrameLayout - Navbar Akun'

2023-07-03 22:41:43 - [MESSAGE][WARNING] - Timeout '0' is invalid. Using default page load timeout: '30'

2023-07-03 22:41:44 - [MESSAGE][PASSED] - Tapped on element 'Object Repository/Navbar/android.widget.FrameLayout - Navbar Akun'

2023-07-03 22:41:44 - [TEST_STEP][PASSED] - verifyElementVisible(findTestObject("Akun/android.widget.ImageView - Profile Photo"), 1): Element 'Object Repository/Akun/android.widget.ImageView - Profile Photo' is visible

2023-07-03 22:41:45 - [MESSAGE][PASSED] - Element 'Object Repository/Akun/android.widget.ImageView - Profile Photo' is visible

2023-07-03 22:41:45 - [TEST_STEP][PASSED] - verifyElementVisible(findTestObject("Akun/android.widget.TextView - Email"), 1): Element 'Object Repository/Akun/android.widget.TextView - Email' is visible

2023-07-03 22:41:45 - [MESSAGE][PASSED] - Element 'Object Repository/Akun/android.widget.TextView - Email' is visible

2023-07-03 22:41:45 - [TEST_STEP][PASSED] - verifyElementVisible(findTestObject("Akun/android.widget.TextView - Nama"), 1): Element 'Object Repository/Akun/android.widget.TextView - Nama' is visible

2023-07-03 22:41:45 - [MESSAGE][PASSED] - Element 'Object Repository/Akun/android.widget.TextView - Nama' is visible

2023-07-03 22:41:45 - [TEST_STEP][PASSED] - verifyElementVisible(findTestObject("Akun/android.widget.TextView - Nomor HP"), 1): Element 'Object Repository/Akun/android.widget.TextView - Nomor HP' is visible

2023-07-03 22:41:46 - [MESSAGE][PASSED] - Element 'Object Repository/Akun/android.widget.TextView - Nomor HP' is visible

2023-07-03 22:41:46 - [TEST_STEP][PASSED] - verifyElementVisible(findTestObject("Akun/android.widget.ImageView - Profile Photo"), 1): Element 'Object Repository/Akun/android.widget.ImageView - Profile Photo' is visible

2023-07-03 22:41:46 - [MESSAGE][PASSED] - Element 'Object Repository/Akun/android.widget.ImageView - Profile Photo' is visible

2023-07-03 22:41:46 - [TEST_STEP][PASSED] - verifyElementVisible(findTestObject("Akun/android.view.ViewGroup - Logout"), 1): Element 'Object Repository/Akun/android.view.ViewGroup - Logout' is visible

2023-07-03 22:41:46 - [MESSAGE][PASSED] - Element 'Object Repository/Akun/android.view.ViewGroup - Logout' is visible

2023-07-03 22:41:46 - [TEST_STEP][PASSED] - pressBack(): Press back button successfully

2023-07-03 22:41:47 - [MESSAGE][PASSED] - Press back button successfully

2023-07-03 22:41:47 - [MESSAGE][PASSED] - Call Test Case 'Test Cases/Pages/Homepage/Verify Already Logged In' successfully

2023-07-03 22:41:47 - [TEST_STEP][PASSED] - callTestCase(findTestCase("Pages/Navbar/Tap Akun"), [:]): Call Test Case 'Test Cases/Pages/Navbar/Tap Akun' successfully

2023-07-03 22:41:47 - [TEST_CASE][PASSED] - Test Cases/Pages/Navbar/Tap Akun: Test Cases/Pages/Navbar/Tap Akun

2023-07-03 22:41:47 - [TEST_STEP][PASSED] - tap(findTestObject("Navbar/android.widget.FrameLayout - Navbar Akun"), 0): Tapped on element 'Object Repository/Navbar/android.widget.FrameLayout - Navbar Akun'

2023-07-03 22:41:47 - [MESSAGE][WARNING] - Timeout '0' is invalid. Using default page load timeout: '30'

2023-07-03 22:41:48 - [MESSAGE][PASSED] - Tapped on element 'Object Repository/Navbar/android.widget.FrameLayout - Navbar Akun'

2023-07-03 22:41:48 - [MESSAGE][PASSED] - Call Test Case 'Test Cases/Pages/Navbar/Tap Akun' successfully

2023-07-03 22:41:48 - [TEST_STEP][PASSED] - callTestCase(findTestCase("Pages/Akun/Tap Logout"), [:]): Call Test Case 'Test Cases/Pages/Akun/Tap Logout' successfully

2023-07-03 22:41:48 - [TEST_CASE][PASSED] - Test Cases/Pages/Akun/Tap Logout: Test Cases/Pages/Akun/Tap Logout

2023-07-03 22:41:48 - [TEST_STEP][PASSED] - tap(findTestObject("Akun/android.view.ViewGroup - Logout"), 0): Tapped on element 'Object Repository/Akun/android.view.ViewGroup - Logout'

2023-07-03 22:41:48 - [MESSAGE][WARNING] - Timeout '0' is invalid. Using default page load timeout: '30'

2023-07-03 22:41:49 - [MESSAGE][PASSED] - Tapped on element 'Object Repository/Akun/android.view.ViewGroup - Logout'

2023-07-03 22:41:49 - [MESSAGE][PASSED] - Call Test Case 'Test Cases/Pages/Akun/Tap Logout' successfully

2023-07-03 22:41:49 - [TEST_STEP][PASSED] - Start listener action : afterTestCase: Close app successfully

2023-07-03 22:41:49 - [TEST_STEP][PASSED] - logInfo("Test Case: " + testCaseContext.getTestCaseId() + " | Status: " + testCaseContext.getTestCaseStatus()): Test Case: Test Cases/Step Definition/Feature Logout/LGT01 - Logout | Status: PASSED

2023-07-03 22:41:49 - [MESSAGE][INFO] - Test Case: Test Cases/Step Definition/Feature Logout/LGT01 - Logout | Status: PASSED

2023-07-03 22:41:49 - [TEST_STEP][PASSED] - closeApplication(): Close app successfully

2023-07-03 22:41:49 - [MESSAGE][PASSED] - Close app successfully]]></system-out>
         <system-err><![CDATA[]]></system-err>
      </testcase>
      <testcase name="Test Cases/Step Definition/Feature Edit Profile/EP05-edit email" time="22.549" classname="Test Cases/Step Definition/Feature Edit Profile/EP05-edit email" status="PASSED">
         <system-out><![CDATA[2023-07-03 22:41:49 - [TEST_CASE][PASSED] - Test Cases/Step Definition/Feature Edit Profile/EP05-edit email: Test Cases/Step Definition/Feature Edit Profile/EP05-edit email

2023-07-03 22:41:49 - [TEST_STEP][PASSED] - Start listener action : beforeTestCase: Started app at: 'E:\GitRepo\Katalon\binarqa-group1-app\Apk\app-release-second-hand-gcp.apk'

2023-07-03 22:41:49 - [TEST_STEP][PASSED] - logInfo("Test Case: " + testCaseContext.getTestCaseId()): Test Case: Test Cases/Step Definition/Feature Edit Profile/EP05-edit email

2023-07-03 22:41:49 - [MESSAGE][INFO] - Test Case: Test Cases/Step Definition/Feature Edit Profile/EP05-edit email

2023-07-03 22:41:49 - [TEST_STEP][PASSED] - launchApp(): null

2023-07-03 22:41:49 - [TEST_STEP][PASSED] - startApplication(System.getProperty("user.dir") + "\Apk\app-release-second-hand-gcp.apk", false): Started app at: 'E:\GitRepo\Katalon\binarqa-group1-app\Apk\app-release-second-hand-gcp.apk'

2023-07-03 22:41:49 - [MESSAGE][INFO] - User set preference: ['appWaitActivity', '*']

2023-07-03 22:41:49 - [MESSAGE][INFO] - User set preference: ['appWaitforLaunch', 'false']

2023-07-03 22:41:49 - [MESSAGE][INFO] - User set preference: ['noReset', 'true']

2023-07-03 22:41:49 - [MESSAGE][INFO] - User set preference: ['ignoreHiddenApiPolicyError', 'true']

2023-07-03 22:41:49 - [MESSAGE][INFO] - User set preference: ['deviceId', '']

2023-07-03 22:41:49 - [MESSAGE][INFO] - Detected NodeJS location: "C:\Program Files\nodejs\node.exe"

2023-07-03 22:41:50 - [MESSAGE][INFO] - Appium server started on port 63,819

2023-07-03 22:41:59 - [MESSAGE][PASSED] - Started app at: 'E:\GitRepo\Katalon\binarqa-group1-app\Apk\app-release-second-hand-gcp.apk'

2023-07-03 22:41:59 - [TEST_STEP][PASSED] - callTestCase(findTestCase("Pages/Navbar/Tap Akun"), [:], STOP_ON_FAILURE): Call Test Case 'Test Cases/Pages/Navbar/Tap Akun' successfully

2023-07-03 22:41:59 - [TEST_CASE][PASSED] - Test Cases/Pages/Navbar/Tap Akun: Test Cases/Pages/Navbar/Tap Akun

2023-07-03 22:41:59 - [TEST_STEP][PASSED] - tap(findTestObject("Navbar/android.widget.FrameLayout - Navbar Akun"), 0): Tapped on element 'Object Repository/Navbar/android.widget.FrameLayout - Navbar Akun'

2023-07-03 22:41:59 - [MESSAGE][WARNING] - Timeout '0' is invalid. Using default page load timeout: '30'

2023-07-03 22:42:00 - [MESSAGE][PASSED] - Tapped on element 'Object Repository/Navbar/android.widget.FrameLayout - Navbar Akun'

2023-07-03 22:42:00 - [MESSAGE][PASSED] - Call Test Case 'Test Cases/Pages/Navbar/Tap Akun' successfully

2023-07-03 22:42:00 - [TEST_STEP][PASSED] - callTestCase(findTestCase("Pages/Edit Profile/Button-masuk"), [:], STOP_ON_FAILURE): Call Test Case 'Test Cases/Pages/Edit Profile/Button-masuk' successfully

2023-07-03 22:42:00 - [TEST_CASE][PASSED] - Test Cases/Pages/Edit Profile/Button-masuk: Test Cases/Pages/Edit Profile/Button-masuk

2023-07-03 22:42:00 - [TEST_STEP][PASSED] - tap(findTestObject("Edit Profile/Edit_profile1/Button - Masuk"), 0): Tapped on element 'Object Repository/Edit Profile/Edit_profile1/Button - Masuk'

2023-07-03 22:42:00 - [MESSAGE][WARNING] - Timeout '0' is invalid. Using default page load timeout: '30'

2023-07-03 22:42:01 - [MESSAGE][PASSED] - Tapped on element 'Object Repository/Edit Profile/Edit_profile1/Button - Masuk'

2023-07-03 22:42:01 - [MESSAGE][PASSED] - Call Test Case 'Test Cases/Pages/Edit Profile/Button-masuk' successfully

2023-07-03 22:42:01 - [TEST_STEP][PASSED] - callTestCase(findTestCase("Pages/Edit Profile/Input_email"), [:], STOP_ON_FAILURE): Call Test Case 'Test Cases/Pages/Edit Profile/Input_email' successfully

2023-07-03 22:42:01 - [TEST_CASE][PASSED] - Test Cases/Pages/Edit Profile/Input_email: Test Cases/Pages/Edit Profile/Input_email

2023-07-03 22:42:01 - [TEST_STEP][PASSED] - setText(findTestObject("Edit Profile/Edit_profile1/input_email_masuk"), "syafradha@gmail.com", 0): Text 'syafradha@gmail.com' has been set to element 'Object Repository/Edit Profile/Edit_profile1/input_email_masuk'

2023-07-03 22:42:01 - [MESSAGE][WARNING] - Timeout '0' is invalid. Using default page load timeout: '30'

2023-07-03 22:42:02 - [MESSAGE][PASSED] - Text 'syafradha@gmail.com' has been set to element 'Object Repository/Edit Profile/Edit_profile1/input_email_masuk'

2023-07-03 22:42:02 - [MESSAGE][PASSED] - Call Test Case 'Test Cases/Pages/Edit Profile/Input_email' successfully

2023-07-03 22:42:02 - [TEST_STEP][PASSED] - callTestCase(findTestCase("Pages/Edit Profile/Input_password"), [:], STOP_ON_FAILURE): Call Test Case 'Test Cases/Pages/Edit Profile/Input_password' successfully

2023-07-03 22:42:02 - [TEST_CASE][PASSED] - Test Cases/Pages/Edit Profile/Input_password: Test Cases/Pages/Edit Profile/Input_password

2023-07-03 22:42:02 - [TEST_STEP][PASSED] - setText(findTestObject("Edit Profile/Edit_profile1/Input_password_masuk"), "meditran5", 0): Text 'meditran5' has been set to element 'Object Repository/Edit Profile/Edit_profile1/Input_password_masuk'

2023-07-03 22:42:02 - [MESSAGE][WARNING] - Timeout '0' is invalid. Using default page load timeout: '30'

2023-07-03 22:42:03 - [MESSAGE][PASSED] - Text 'meditran5' has been set to element 'Object Repository/Edit Profile/Edit_profile1/Input_password_masuk'

2023-07-03 22:42:03 - [MESSAGE][PASSED] - Call Test Case 'Test Cases/Pages/Edit Profile/Input_password' successfully

2023-07-03 22:42:03 - [TEST_STEP][PASSED] - callTestCase(findTestCase("Pages/Edit Profile/Button-masuk2"), [:], STOP_ON_FAILURE): Call Test Case 'Test Cases/Pages/Edit Profile/Button-masuk2' successfully

2023-07-03 22:42:04 - [TEST_CASE][PASSED] - Test Cases/Pages/Edit Profile/Button-masuk2: Test Cases/Pages/Edit Profile/Button-masuk2

2023-07-03 22:42:04 - [TEST_STEP][PASSED] - checkElement(findTestObject("Edit Profile/Edit_profile1/button-masuk 2"), 0): Element 'Object Repository/Edit Profile/Edit_profile1/button-masuk 2' is checked

2023-07-03 22:42:04 - [MESSAGE][WARNING] - Timeout '0' is invalid. Using default page load timeout: '30'

2023-07-03 22:42:06 - [MESSAGE][PASSED] - Element 'Object Repository/Edit Profile/Edit_profile1/button-masuk 2' is checked

2023-07-03 22:42:06 - [MESSAGE][PASSED] - Call Test Case 'Test Cases/Pages/Edit Profile/Button-masuk2' successfully

2023-07-03 22:42:06 - [TEST_STEP][PASSED] - callTestCase(findTestCase("Pages/Edit Profile/Click_gambar_edit"), [:], STOP_ON_FAILURE): Call Test Case 'Test Cases/Pages/Edit Profile/Click_gambar_edit' successfully

2023-07-03 22:42:06 - [TEST_CASE][PASSED] - Test Cases/Pages/Edit Profile/Click_gambar_edit: Test Cases/Pages/Edit Profile/Click_gambar_edit

2023-07-03 22:42:06 - [TEST_STEP][PASSED] - tap(findTestObject("Edit Profile/Edit_profile1/android.widget.ImageView_edit_profile (1)"), 0): Tapped on element 'Object Repository/Edit Profile/Edit_profile1/android.widget.ImageView_edit_profile (1)'

2023-07-03 22:42:06 - [MESSAGE][WARNING] - Timeout '0' is invalid. Using default page load timeout: '30'

2023-07-03 22:42:06 - [MESSAGE][PASSED] - Tapped on element 'Object Repository/Edit Profile/Edit_profile1/android.widget.ImageView_edit_profile (1)'

2023-07-03 22:42:06 - [MESSAGE][PASSED] - Call Test Case 'Test Cases/Pages/Edit Profile/Click_gambar_edit' successfully

2023-07-03 22:42:06 - [TEST_STEP][PASSED] - callTestCase(findTestCase("Pages/Edit Profile/edit_email"), [:], STOP_ON_FAILURE): Call Test Case 'Test Cases/Pages/Edit Profile/edit_email' successfully

2023-07-03 22:42:06 - [TEST_CASE][PASSED] - Test Cases/Pages/Edit Profile/edit_email: Test Cases/Pages/Edit Profile/edit_email

2023-07-03 22:42:06 - [TEST_STEP][PASSED] - tap(findTestObject("Edit Profile/Edit_profile1/android.widget.TextView - syafradhagmail.com(tap email)"), 0): Tapped on element 'Object Repository/Edit Profile/Edit_profile1/android.widget.TextView - syafradhagmail.com(tap email)'

2023-07-03 22:42:06 - [MESSAGE][WARNING] - Timeout '0' is invalid. Using default page load timeout: '30'

2023-07-03 22:42:07 - [MESSAGE][PASSED] - Tapped on element 'Object Repository/Edit Profile/Edit_profile1/android.widget.TextView - syafradhagmail.com(tap email)'

2023-07-03 22:42:07 - [TEST_STEP][PASSED] - setText(findTestObject("Edit Profile/Edit_profile1/android.widget.EditText - syafradhagmail.com(edit email)"), "syafradha@gmail.com", 0): Text 'syafradha@gmail.com' has been set to element 'Object Repository/Edit Profile/Edit_profile1/android.widget.EditText - syafradhagmail.com(edit email)'

2023-07-03 22:42:07 - [MESSAGE][WARNING] - Timeout '0' is invalid. Using default page load timeout: '30'

2023-07-03 22:42:09 - [MESSAGE][PASSED] - Text 'syafradha@gmail.com' has been set to element 'Object Repository/Edit Profile/Edit_profile1/android.widget.EditText - syafradhagmail.com(edit email)'

2023-07-03 22:42:09 - [MESSAGE][PASSED] - Call Test Case 'Test Cases/Pages/Edit Profile/edit_email' successfully

2023-07-03 22:42:09 - [TEST_STEP][PASSED] - callTestCase(findTestCase("Pages/Edit Profile/Button simpan"), [:], STOP_ON_FAILURE): Call Test Case 'Test Cases/Pages/Edit Profile/Button simpan' successfully

2023-07-03 22:42:09 - [TEST_CASE][PASSED] - Test Cases/Pages/Edit Profile/Button simpan: Test Cases/Pages/Edit Profile/Button simpan

2023-07-03 22:42:09 - [TEST_STEP][PASSED] - tap(findTestObject("Edit Profile/Edit_profile1/android.widget.Button - Simpan1"), 0): Tapped on element 'Object Repository/Edit Profile/Edit_profile1/android.widget.Button - Simpan1'

2023-07-03 22:42:09 - [MESSAGE][WARNING] - Timeout '0' is invalid. Using default page load timeout: '30'

2023-07-03 22:42:10 - [MESSAGE][PASSED] - Tapped on element 'Object Repository/Edit Profile/Edit_profile1/android.widget.Button - Simpan1'

2023-07-03 22:42:10 - [MESSAGE][PASSED] - Call Test Case 'Test Cases/Pages/Edit Profile/Button simpan' successfully

2023-07-03 22:42:10 - [TEST_STEP][PASSED] - callTestCase(findTestCase("Pages/Edit Profile/edit profile deksa/verify"), [:], STOP_ON_FAILURE): Call Test Case 'Test Cases/Pages/Edit Profile/edit profile deksa/verify' successfully

2023-07-03 22:42:10 - [TEST_CASE][PASSED] - Test Cases/Pages/Edit Profile/edit profile deksa/verify: Test Cases/Pages/Edit Profile/edit profile deksa/verify

2023-07-03 22:42:10 - [TEST_STEP][PASSED] - verifyElementVisible(findTestObject("Edit Profile/edit profile deksa/android.widget.TextView - Profil berhasil diperbarui"), 0): Element 'Object Repository/Edit Profile/edit profile deksa/android.widget.TextView - Profil berhasil diperbarui' is visible

2023-07-03 22:42:10 - [MESSAGE][WARNING] - Timeout '0' is invalid. Using default page load timeout: '30'

2023-07-03 22:42:11 - [MESSAGE][PASSED] - Element 'Object Repository/Edit Profile/edit profile deksa/android.widget.TextView - Profil berhasil diperbarui' is visible

2023-07-03 22:42:11 - [MESSAGE][PASSED] - Call Test Case 'Test Cases/Pages/Edit Profile/edit profile deksa/verify' successfully

2023-07-03 22:42:11 - [TEST_STEP][PASSED] - Start listener action : afterTestCase: Close app successfully

2023-07-03 22:42:11 - [TEST_STEP][PASSED] - logInfo("Test Case: " + testCaseContext.getTestCaseId() + " | Status: " + testCaseContext.getTestCaseStatus()): Test Case: Test Cases/Step Definition/Feature Edit Profile/EP05-edit email | Status: PASSED

2023-07-03 22:42:11 - [MESSAGE][INFO] - Test Case: Test Cases/Step Definition/Feature Edit Profile/EP05-edit email | Status: PASSED

2023-07-03 22:42:11 - [TEST_STEP][PASSED] - closeApplication(): Close app successfully

2023-07-03 22:42:12 - [MESSAGE][PASSED] - Close app successfully]]></system-out>
         <system-err><![CDATA[]]></system-err>
      </testcase>
      <testcase name="Test Cases/Step Definition/Feature Logout/LGT01 - Logout" time="15.85" classname="Test Cases/Step Definition/Feature Logout/LGT01 - Logout" status="PASSED">
         <system-out><![CDATA[2023-07-03 22:42:12 - [TEST_CASE][PASSED] - Test Cases/Step Definition/Feature Logout/LGT01 - Logout: Test Cases/Step Definition/Feature Logout/LGT01 - Logout

2023-07-03 22:42:12 - [TEST_STEP][PASSED] - Start listener action : beforeTestCase: Started app at: 'E:\GitRepo\Katalon\binarqa-group1-app\Apk\app-release-second-hand-gcp.apk'

2023-07-03 22:42:12 - [TEST_STEP][PASSED] - logInfo("Test Case: " + testCaseContext.getTestCaseId()): Test Case: Test Cases/Step Definition/Feature Logout/LGT01 - Logout

2023-07-03 22:42:12 - [MESSAGE][INFO] - Test Case: Test Cases/Step Definition/Feature Logout/LGT01 - Logout

2023-07-03 22:42:12 - [TEST_STEP][PASSED] - launchApp(): null

2023-07-03 22:42:12 - [TEST_STEP][PASSED] - startApplication(System.getProperty("user.dir") + "\Apk\app-release-second-hand-gcp.apk", false): Started app at: 'E:\GitRepo\Katalon\binarqa-group1-app\Apk\app-release-second-hand-gcp.apk'

2023-07-03 22:42:12 - [MESSAGE][INFO] - User set preference: ['appWaitActivity', '*']

2023-07-03 22:42:12 - [MESSAGE][INFO] - User set preference: ['appWaitforLaunch', 'false']

2023-07-03 22:42:12 - [MESSAGE][INFO] - User set preference: ['noReset', 'true']

2023-07-03 22:42:12 - [MESSAGE][INFO] - User set preference: ['ignoreHiddenApiPolicyError', 'true']

2023-07-03 22:42:12 - [MESSAGE][INFO] - User set preference: ['deviceId', '']

2023-07-03 22:42:12 - [MESSAGE][INFO] - Detected NodeJS location: "C:\Program Files\nodejs\node.exe"

2023-07-03 22:42:13 - [MESSAGE][INFO] - Appium server started on port 63,927

2023-07-03 22:42:20 - [MESSAGE][PASSED] - Started app at: 'E:\GitRepo\Katalon\binarqa-group1-app\Apk\app-release-second-hand-gcp.apk'

2023-07-03 22:42:20 - [TEST_STEP][PASSED] - try: Call Test Case 'Test Cases/Pages/Homepage/Verify Already Logged In' successfully

2023-07-03 22:42:20 - [TEST_STEP][PASSED] - callTestCase(findTestCase("Pages/Homepage/Verify Already Logged In"), [:], STOP_ON_FAILURE): Call Test Case 'Test Cases/Pages/Homepage/Verify Already Logged In' successfully

2023-07-03 22:42:21 - [TEST_CASE][PASSED] - Test Cases/Pages/Homepage/Verify Already Logged In: Test Cases/Pages/Homepage/Verify Already Logged In

2023-07-03 22:42:21 - [TEST_STEP][PASSED] - tap(findTestObject("Navbar/android.widget.FrameLayout - Navbar Akun"), 0): Tapped on element 'Object Repository/Navbar/android.widget.FrameLayout - Navbar Akun'

2023-07-03 22:42:21 - [MESSAGE][WARNING] - Timeout '0' is invalid. Using default page load timeout: '30'

2023-07-03 22:42:22 - [MESSAGE][PASSED] - Tapped on element 'Object Repository/Navbar/android.widget.FrameLayout - Navbar Akun'

2023-07-03 22:42:22 - [TEST_STEP][PASSED] - verifyElementVisible(findTestObject("Akun/android.widget.ImageView - Profile Photo"), 1): Element 'Object Repository/Akun/android.widget.ImageView - Profile Photo' is visible

2023-07-03 22:42:23 - [MESSAGE][PASSED] - Element 'Object Repository/Akun/android.widget.ImageView - Profile Photo' is visible

2023-07-03 22:42:23 - [TEST_STEP][PASSED] - verifyElementVisible(findTestObject("Akun/android.widget.TextView - Email"), 1): Element 'Object Repository/Akun/android.widget.TextView - Email' is visible

2023-07-03 22:42:23 - [MESSAGE][PASSED] - Element 'Object Repository/Akun/android.widget.TextView - Email' is visible

2023-07-03 22:42:23 - [TEST_STEP][PASSED] - verifyElementVisible(findTestObject("Akun/android.widget.TextView - Nama"), 1): Element 'Object Repository/Akun/android.widget.TextView - Nama' is visible

2023-07-03 22:42:23 - [MESSAGE][PASSED] - Element 'Object Repository/Akun/android.widget.TextView - Nama' is visible

2023-07-03 22:42:23 - [TEST_STEP][PASSED] - verifyElementVisible(findTestObject("Akun/android.widget.TextView - Nomor HP"), 1): Element 'Object Repository/Akun/android.widget.TextView - Nomor HP' is visible

2023-07-03 22:42:24 - [MESSAGE][PASSED] - Element 'Object Repository/Akun/android.widget.TextView - Nomor HP' is visible

2023-07-03 22:42:24 - [TEST_STEP][PASSED] - verifyElementVisible(findTestObject("Akun/android.widget.ImageView - Profile Photo"), 1): Element 'Object Repository/Akun/android.widget.ImageView - Profile Photo' is visible

2023-07-03 22:42:24 - [MESSAGE][PASSED] - Element 'Object Repository/Akun/android.widget.ImageView - Profile Photo' is visible

2023-07-03 22:42:24 - [TEST_STEP][PASSED] - verifyElementVisible(findTestObject("Akun/android.view.ViewGroup - Logout"), 1): Element 'Object Repository/Akun/android.view.ViewGroup - Logout' is visible

2023-07-03 22:42:24 - [MESSAGE][PASSED] - Element 'Object Repository/Akun/android.view.ViewGroup - Logout' is visible

2023-07-03 22:42:24 - [TEST_STEP][PASSED] - pressBack(): Press back button successfully

2023-07-03 22:42:25 - [MESSAGE][PASSED] - Press back button successfully

2023-07-03 22:42:25 - [MESSAGE][PASSED] - Call Test Case 'Test Cases/Pages/Homepage/Verify Already Logged In' successfully

2023-07-03 22:42:25 - [TEST_STEP][PASSED] - callTestCase(findTestCase("Pages/Navbar/Tap Akun"), [:]): Call Test Case 'Test Cases/Pages/Navbar/Tap Akun' successfully

2023-07-03 22:42:25 - [TEST_CASE][PASSED] - Test Cases/Pages/Navbar/Tap Akun: Test Cases/Pages/Navbar/Tap Akun

2023-07-03 22:42:25 - [TEST_STEP][PASSED] - tap(findTestObject("Navbar/android.widget.FrameLayout - Navbar Akun"), 0): Tapped on element 'Object Repository/Navbar/android.widget.FrameLayout - Navbar Akun'

2023-07-03 22:42:25 - [MESSAGE][WARNING] - Timeout '0' is invalid. Using default page load timeout: '30'

2023-07-03 22:42:26 - [MESSAGE][PASSED] - Tapped on element 'Object Repository/Navbar/android.widget.FrameLayout - Navbar Akun'

2023-07-03 22:42:26 - [MESSAGE][PASSED] - Call Test Case 'Test Cases/Pages/Navbar/Tap Akun' successfully

2023-07-03 22:42:26 - [TEST_STEP][PASSED] - callTestCase(findTestCase("Pages/Akun/Tap Logout"), [:]): Call Test Case 'Test Cases/Pages/Akun/Tap Logout' successfully

2023-07-03 22:42:26 - [TEST_CASE][PASSED] - Test Cases/Pages/Akun/Tap Logout: Test Cases/Pages/Akun/Tap Logout

2023-07-03 22:42:26 - [TEST_STEP][PASSED] - tap(findTestObject("Akun/android.view.ViewGroup - Logout"), 0): Tapped on element 'Object Repository/Akun/android.view.ViewGroup - Logout'

2023-07-03 22:42:26 - [MESSAGE][WARNING] - Timeout '0' is invalid. Using default page load timeout: '30'

2023-07-03 22:42:27 - [MESSAGE][PASSED] - Tapped on element 'Object Repository/Akun/android.view.ViewGroup - Logout'

2023-07-03 22:42:27 - [MESSAGE][PASSED] - Call Test Case 'Test Cases/Pages/Akun/Tap Logout' successfully

2023-07-03 22:42:27 - [TEST_STEP][PASSED] - Start listener action : afterTestCase: Close app successfully

2023-07-03 22:42:27 - [TEST_STEP][PASSED] - logInfo("Test Case: " + testCaseContext.getTestCaseId() + " | Status: " + testCaseContext.getTestCaseStatus()): Test Case: Test Cases/Step Definition/Feature Logout/LGT01 - Logout | Status: PASSED

2023-07-03 22:42:27 - [MESSAGE][INFO] - Test Case: Test Cases/Step Definition/Feature Logout/LGT01 - Logout | Status: PASSED

2023-07-03 22:42:27 - [TEST_STEP][PASSED] - closeApplication(): Close app successfully

2023-07-03 22:42:27 - [MESSAGE][PASSED] - Close app successfully]]></system-out>
         <system-err><![CDATA[]]></system-err>
      </testcase>
      <testcase name="Test Cases/Step Definition/Feature Edit Profile/EP06-Edit all" time="36.101" classname="Test Cases/Step Definition/Feature Edit Profile/EP06-Edit all" status="PASSED">
         <system-out><![CDATA[2023-07-03 22:42:27 - [TEST_CASE][PASSED] - Test Cases/Step Definition/Feature Edit Profile/EP06-Edit all: Test Cases/Step Definition/Feature Edit Profile/EP06-Edit all

2023-07-03 22:42:27 - [TEST_STEP][PASSED] - Start listener action : beforeTestCase: Started app at: 'E:\GitRepo\Katalon\binarqa-group1-app\Apk\app-release-second-hand-gcp.apk'

2023-07-03 22:42:27 - [TEST_STEP][PASSED] - logInfo("Test Case: " + testCaseContext.getTestCaseId()): Test Case: Test Cases/Step Definition/Feature Edit Profile/EP06-Edit all

2023-07-03 22:42:27 - [MESSAGE][INFO] - Test Case: Test Cases/Step Definition/Feature Edit Profile/EP06-Edit all

2023-07-03 22:42:27 - [TEST_STEP][PASSED] - launchApp(): null

2023-07-03 22:42:27 - [TEST_STEP][PASSED] - startApplication(System.getProperty("user.dir") + "\Apk\app-release-second-hand-gcp.apk", false): Started app at: 'E:\GitRepo\Katalon\binarqa-group1-app\Apk\app-release-second-hand-gcp.apk'

2023-07-03 22:42:27 - [MESSAGE][INFO] - User set preference: ['appWaitActivity', '*']

2023-07-03 22:42:27 - [MESSAGE][INFO] - User set preference: ['appWaitforLaunch', 'false']

2023-07-03 22:42:27 - [MESSAGE][INFO] - User set preference: ['noReset', 'true']

2023-07-03 22:42:27 - [MESSAGE][INFO] - User set preference: ['ignoreHiddenApiPolicyError', 'true']

2023-07-03 22:42:27 - [MESSAGE][INFO] - User set preference: ['deviceId', '']

2023-07-03 22:42:28 - [MESSAGE][INFO] - Detected NodeJS location: "C:\Program Files\nodejs\node.exe"

2023-07-03 22:42:29 - [MESSAGE][INFO] - Appium server started on port 64,058

2023-07-03 22:42:37 - [MESSAGE][PASSED] - Started app at: 'E:\GitRepo\Katalon\binarqa-group1-app\Apk\app-release-second-hand-gcp.apk'

2023-07-03 22:42:38 - [TEST_STEP][PASSED] - callTestCase(findTestCase("Pages/Navbar/Tap Akun"), [:], STOP_ON_FAILURE): Call Test Case 'Test Cases/Pages/Navbar/Tap Akun' successfully

2023-07-03 22:42:38 - [TEST_CASE][PASSED] - Test Cases/Pages/Navbar/Tap Akun: Test Cases/Pages/Navbar/Tap Akun

2023-07-03 22:42:38 - [TEST_STEP][PASSED] - tap(findTestObject("Navbar/android.widget.FrameLayout - Navbar Akun"), 0): Tapped on element 'Object Repository/Navbar/android.widget.FrameLayout - Navbar Akun'

2023-07-03 22:42:38 - [MESSAGE][WARNING] - Timeout '0' is invalid. Using default page load timeout: '30'

2023-07-03 22:42:39 - [MESSAGE][PASSED] - Tapped on element 'Object Repository/Navbar/android.widget.FrameLayout - Navbar Akun'

2023-07-03 22:42:39 - [MESSAGE][PASSED] - Call Test Case 'Test Cases/Pages/Navbar/Tap Akun' successfully

2023-07-03 22:42:39 - [TEST_STEP][PASSED] - callTestCase(findTestCase("Pages/Edit Profile/Button-masuk"), [:], STOP_ON_FAILURE): Call Test Case 'Test Cases/Pages/Edit Profile/Button-masuk' successfully

2023-07-03 22:42:39 - [TEST_CASE][PASSED] - Test Cases/Pages/Edit Profile/Button-masuk: Test Cases/Pages/Edit Profile/Button-masuk

2023-07-03 22:42:39 - [TEST_STEP][PASSED] - tap(findTestObject("Edit Profile/Edit_profile1/Button - Masuk"), 0): Tapped on element 'Object Repository/Edit Profile/Edit_profile1/Button - Masuk'

2023-07-03 22:42:39 - [MESSAGE][WARNING] - Timeout '0' is invalid. Using default page load timeout: '30'

2023-07-03 22:42:40 - [MESSAGE][PASSED] - Tapped on element 'Object Repository/Edit Profile/Edit_profile1/Button - Masuk'

2023-07-03 22:42:40 - [MESSAGE][PASSED] - Call Test Case 'Test Cases/Pages/Edit Profile/Button-masuk' successfully

2023-07-03 22:42:40 - [TEST_STEP][PASSED] - callTestCase(findTestCase("Pages/Edit Profile/Input_email"), [:], STOP_ON_FAILURE): Call Test Case 'Test Cases/Pages/Edit Profile/Input_email' successfully

2023-07-03 22:42:40 - [TEST_CASE][PASSED] - Test Cases/Pages/Edit Profile/Input_email: Test Cases/Pages/Edit Profile/Input_email

2023-07-03 22:42:40 - [TEST_STEP][PASSED] - setText(findTestObject("Edit Profile/Edit_profile1/input_email_masuk"), "syafradha@gmail.com", 0): Text 'syafradha@gmail.com' has been set to element 'Object Repository/Edit Profile/Edit_profile1/input_email_masuk'

2023-07-03 22:42:40 - [MESSAGE][WARNING] - Timeout '0' is invalid. Using default page load timeout: '30'

2023-07-03 22:42:41 - [MESSAGE][PASSED] - Text 'syafradha@gmail.com' has been set to element 'Object Repository/Edit Profile/Edit_profile1/input_email_masuk'

2023-07-03 22:42:41 - [MESSAGE][PASSED] - Call Test Case 'Test Cases/Pages/Edit Profile/Input_email' successfully

2023-07-03 22:42:41 - [TEST_STEP][PASSED] - callTestCase(findTestCase("Pages/Edit Profile/Input_password"), [:], STOP_ON_FAILURE): Call Test Case 'Test Cases/Pages/Edit Profile/Input_password' successfully

2023-07-03 22:42:41 - [TEST_CASE][PASSED] - Test Cases/Pages/Edit Profile/Input_password: Test Cases/Pages/Edit Profile/Input_password

2023-07-03 22:42:41 - [TEST_STEP][PASSED] - setText(findTestObject("Edit Profile/Edit_profile1/Input_password_masuk"), "meditran5", 0): Text 'meditran5' has been set to element 'Object Repository/Edit Profile/Edit_profile1/Input_password_masuk'

2023-07-03 22:42:41 - [MESSAGE][WARNING] - Timeout '0' is invalid. Using default page load timeout: '30'

2023-07-03 22:42:43 - [MESSAGE][PASSED] - Text 'meditran5' has been set to element 'Object Repository/Edit Profile/Edit_profile1/Input_password_masuk'

2023-07-03 22:42:43 - [MESSAGE][PASSED] - Call Test Case 'Test Cases/Pages/Edit Profile/Input_password' successfully

2023-07-03 22:42:43 - [TEST_STEP][PASSED] - callTestCase(findTestCase("Pages/Edit Profile/Button-masuk2"), [:], STOP_ON_FAILURE): Call Test Case 'Test Cases/Pages/Edit Profile/Button-masuk2' successfully

2023-07-03 22:42:43 - [TEST_CASE][PASSED] - Test Cases/Pages/Edit Profile/Button-masuk2: Test Cases/Pages/Edit Profile/Button-masuk2

2023-07-03 22:42:43 - [TEST_STEP][PASSED] - checkElement(findTestObject("Edit Profile/Edit_profile1/button-masuk 2"), 0): Element 'Object Repository/Edit Profile/Edit_profile1/button-masuk 2' is checked

2023-07-03 22:42:43 - [MESSAGE][WARNING] - Timeout '0' is invalid. Using default page load timeout: '30'

2023-07-03 22:42:46 - [MESSAGE][PASSED] - Element 'Object Repository/Edit Profile/Edit_profile1/button-masuk 2' is checked

2023-07-03 22:42:46 - [MESSAGE][PASSED] - Call Test Case 'Test Cases/Pages/Edit Profile/Button-masuk2' successfully

2023-07-03 22:42:46 - [TEST_STEP][PASSED] - callTestCase(findTestCase("Pages/Edit Profile/Click_gambar_edit"), [:], STOP_ON_FAILURE): Call Test Case 'Test Cases/Pages/Edit Profile/Click_gambar_edit' successfully

2023-07-03 22:42:46 - [TEST_CASE][PASSED] - Test Cases/Pages/Edit Profile/Click_gambar_edit: Test Cases/Pages/Edit Profile/Click_gambar_edit

2023-07-03 22:42:46 - [TEST_STEP][PASSED] - tap(findTestObject("Edit Profile/Edit_profile1/android.widget.ImageView_edit_profile (1)"), 0): Tapped on element 'Object Repository/Edit Profile/Edit_profile1/android.widget.ImageView_edit_profile (1)'

2023-07-03 22:42:46 - [MESSAGE][WARNING] - Timeout '0' is invalid. Using default page load timeout: '30'

2023-07-03 22:42:46 - [MESSAGE][PASSED] - Tapped on element 'Object Repository/Edit Profile/Edit_profile1/android.widget.ImageView_edit_profile (1)'

2023-07-03 22:42:46 - [MESSAGE][PASSED] - Call Test Case 'Test Cases/Pages/Edit Profile/Click_gambar_edit' successfully

2023-07-03 22:42:46 - [TEST_STEP][PASSED] - callTestCase(findTestCase("Pages/Edit Profile/edit profile deksa/tap nama"), [:], STOP_ON_FAILURE): Call Test Case 'Test Cases/Pages/Edit Profile/edit profile deksa/tap nama' successfully

2023-07-03 22:42:46 - [TEST_CASE][PASSED] - Test Cases/Pages/Edit Profile/edit profile deksa/tap nama: Test Cases/Pages/Edit Profile/edit profile deksa/tap nama

2023-07-03 22:42:46 - [TEST_STEP][PASSED] - tap(findTestObject("Edit Profile/edit profile deksa1/android.view.ViewGroup(tap nama)"), 30): Tapped on element 'Object Repository/Edit Profile/edit profile deksa1/android.view.ViewGroup(tap nama)'

2023-07-03 22:42:47 - [MESSAGE][PASSED] - Tapped on element 'Object Repository/Edit Profile/edit profile deksa1/android.view.ViewGroup(tap nama)'

2023-07-03 22:42:47 - [TEST_STEP][PASSED] - setText(findTestObject("Edit Profile/edit profile deksa1/android.widget.EditText - deksa(edit nama)"), "deksa", 30): Text 'deksa' has been set to element 'Object Repository/Edit Profile/edit profile deksa1/android.widget.EditText - deksa(edit nama)'

2023-07-03 22:42:49 - [MESSAGE][PASSED] - Text 'deksa' has been set to element 'Object Repository/Edit Profile/edit profile deksa1/android.widget.EditText - deksa(edit nama)'

2023-07-03 22:42:49 - [MESSAGE][PASSED] - Call Test Case 'Test Cases/Pages/Edit Profile/edit profile deksa/tap nama' successfully

2023-07-03 22:42:49 - [TEST_STEP][PASSED] - callTestCase(findTestCase("Pages/Edit Profile/Button simpan"), [:], STOP_ON_FAILURE): Call Test Case 'Test Cases/Pages/Edit Profile/Button simpan' successfully

2023-07-03 22:42:49 - [TEST_CASE][PASSED] - Test Cases/Pages/Edit Profile/Button simpan: Test Cases/Pages/Edit Profile/Button simpan

2023-07-03 22:42:49 - [TEST_STEP][PASSED] - tap(findTestObject("Edit Profile/Edit_profile1/android.widget.Button - Simpan1"), 0): Tapped on element 'Object Repository/Edit Profile/Edit_profile1/android.widget.Button - Simpan1'

2023-07-03 22:42:49 - [MESSAGE][WARNING] - Timeout '0' is invalid. Using default page load timeout: '30'

2023-07-03 22:42:50 - [MESSAGE][PASSED] - Tapped on element 'Object Repository/Edit Profile/Edit_profile1/android.widget.Button - Simpan1'

2023-07-03 22:42:50 - [MESSAGE][PASSED] - Call Test Case 'Test Cases/Pages/Edit Profile/Button simpan' successfully

2023-07-03 22:42:50 - [TEST_STEP][PASSED] - callTestCase(findTestCase("Pages/Edit Profile/edit profile deksa/tap nomor"), [:], STOP_ON_FAILURE): Call Test Case 'Test Cases/Pages/Edit Profile/edit profile deksa/tap nomor' successfully

2023-07-03 22:42:50 - [TEST_CASE][PASSED] - Test Cases/Pages/Edit Profile/edit profile deksa/tap nomor: Test Cases/Pages/Edit Profile/edit profile deksa/tap nomor

2023-07-03 22:42:50 - [TEST_STEP][PASSED] - tap(findTestObject("Edit Profile/edit profile deksa1/android.view.ViewGroup(tap nomor handphone)"), 0): Tapped on element 'Object Repository/Edit Profile/edit profile deksa1/android.view.ViewGroup(tap nomor handphone)'

2023-07-03 22:42:50 - [MESSAGE][WARNING] - Timeout '0' is invalid. Using default page load timeout: '30'

2023-07-03 22:42:51 - [MESSAGE][PASSED] - Tapped on element 'Object Repository/Edit Profile/edit profile deksa1/android.view.ViewGroup(tap nomor handphone)'

2023-07-03 22:42:51 - [TEST_STEP][PASSED] - setText(findTestObject("Edit Profile/edit profile deksa1/android.widget.EditText - 083232773223(edit nomor)"), "083232773223", 30): Text '083232773223' has been set to element 'Object Repository/Edit Profile/edit profile deksa1/android.widget.EditText - 083232773223(edit nomor)'

2023-07-03 22:42:53 - [MESSAGE][PASSED] - Text '083232773223' has been set to element 'Object Repository/Edit Profile/edit profile deksa1/android.widget.EditText - 083232773223(edit nomor)'

2023-07-03 22:42:53 - [MESSAGE][PASSED] - Call Test Case 'Test Cases/Pages/Edit Profile/edit profile deksa/tap nomor' successfully

2023-07-03 22:42:53 - [TEST_STEP][PASSED] - callTestCase(findTestCase("Pages/Edit Profile/Button simpan"), [:], STOP_ON_FAILURE): Call Test Case 'Test Cases/Pages/Edit Profile/Button simpan' successfully

2023-07-03 22:42:53 - [TEST_CASE][PASSED] - Test Cases/Pages/Edit Profile/Button simpan: Test Cases/Pages/Edit Profile/Button simpan

2023-07-03 22:42:53 - [TEST_STEP][PASSED] - tap(findTestObject("Edit Profile/Edit_profile1/android.widget.Button - Simpan1"), 0): Tapped on element 'Object Repository/Edit Profile/Edit_profile1/android.widget.Button - Simpan1'

2023-07-03 22:42:53 - [MESSAGE][WARNING] - Timeout '0' is invalid. Using default page load timeout: '30'

2023-07-03 22:42:54 - [MESSAGE][PASSED] - Tapped on element 'Object Repository/Edit Profile/Edit_profile1/android.widget.Button - Simpan1'

2023-07-03 22:42:54 - [MESSAGE][PASSED] - Call Test Case 'Test Cases/Pages/Edit Profile/Button simpan' successfully

2023-07-03 22:42:54 - [TEST_STEP][PASSED] - callTestCase(findTestCase("Pages/Edit Profile/edit profile deksa/tap kota"), [:], STOP_ON_FAILURE): Call Test Case 'Test Cases/Pages/Edit Profile/edit profile deksa/tap kota' successfully

2023-07-03 22:42:54 - [TEST_CASE][PASSED] - Test Cases/Pages/Edit Profile/edit profile deksa/tap kota: Test Cases/Pages/Edit Profile/edit profile deksa/tap kota

2023-07-03 22:42:54 - [TEST_STEP][PASSED] - tap(findTestObject("Edit Profile/edit profile deksa1/android.view.ViewGroup(tap kota)"), 0): Tapped on element 'Object Repository/Edit Profile/edit profile deksa1/android.view.ViewGroup(tap kota)'

2023-07-03 22:42:54 - [MESSAGE][WARNING] - Timeout '0' is invalid. Using default page load timeout: '30'

2023-07-03 22:42:55 - [MESSAGE][PASSED] - Tapped on element 'Object Repository/Edit Profile/edit profile deksa1/android.view.ViewGroup(tap kota)'

2023-07-03 22:42:55 - [TEST_STEP][PASSED] - setText(findTestObject("Edit Profile/edit profile deksa1/android.widget.EditText - jakarta(edit kota)"), "jakarta", 30): Text 'jakarta' has been set to element 'Object Repository/Edit Profile/edit profile deksa1/android.widget.EditText - jakarta(edit kota)'

2023-07-03 22:42:57 - [MESSAGE][PASSED] - Text 'jakarta' has been set to element 'Object Repository/Edit Profile/edit profile deksa1/android.widget.EditText - jakarta(edit kota)'

2023-07-03 22:42:57 - [MESSAGE][PASSED] - Call Test Case 'Test Cases/Pages/Edit Profile/edit profile deksa/tap kota' successfully

2023-07-03 22:42:57 - [TEST_STEP][PASSED] - callTestCase(findTestCase("Pages/Edit Profile/Button simpan"), [:], STOP_ON_FAILURE): Call Test Case 'Test Cases/Pages/Edit Profile/Button simpan' successfully

2023-07-03 22:42:57 - [TEST_CASE][PASSED] - Test Cases/Pages/Edit Profile/Button simpan: Test Cases/Pages/Edit Profile/Button simpan

2023-07-03 22:42:57 - [TEST_STEP][PASSED] - tap(findTestObject("Edit Profile/Edit_profile1/android.widget.Button - Simpan1"), 0): Tapped on element 'Object Repository/Edit Profile/Edit_profile1/android.widget.Button - Simpan1'

2023-07-03 22:42:57 - [MESSAGE][WARNING] - Timeout '0' is invalid. Using default page load timeout: '30'

2023-07-03 22:42:58 - [MESSAGE][PASSED] - Tapped on element 'Object Repository/Edit Profile/Edit_profile1/android.widget.Button - Simpan1'

2023-07-03 22:42:58 - [MESSAGE][PASSED] - Call Test Case 'Test Cases/Pages/Edit Profile/Button simpan' successfully

2023-07-03 22:42:58 - [TEST_STEP][PASSED] - callTestCase(findTestCase("Pages/Edit Profile/edit profile deksa/tap alamat"), [:], STOP_ON_FAILURE): Call Test Case 'Test Cases/Pages/Edit Profile/edit profile deksa/tap alamat' successfully

2023-07-03 22:42:58 - [TEST_CASE][PASSED] - Test Cases/Pages/Edit Profile/edit profile deksa/tap alamat: Test Cases/Pages/Edit Profile/edit profile deksa/tap alamat

2023-07-03 22:42:58 - [TEST_STEP][PASSED] - tap(findTestObject("Edit Profile/edit profile deksa1/android.widget.TextView - jl meditran v m27 no 12 rtrw 0708 komplek pertamina(tap alamat)"), 0): Tapped on element 'Object Repository/Edit Profile/edit profile deksa1/android.widget.TextView - jl meditran v m27 no 12 rtrw 0708 komplek pertamina(tap alamat)'

2023-07-03 22:42:58 - [MESSAGE][WARNING] - Timeout '0' is invalid. Using default page load timeout: '30'

2023-07-03 22:42:59 - [MESSAGE][PASSED] - Tapped on element 'Object Repository/Edit Profile/edit profile deksa1/android.widget.TextView - jl meditran v m27 no 12 rtrw 0708 komplek pertamina(tap alamat)'

2023-07-03 22:42:59 - [TEST_STEP][PASSED] - setText(findTestObject("Edit Profile/edit profile deksa1/android.widget.EditText - jl meditran v m27 no 12 rtrw 0708 komplek pertamina(edit alamat1)"), "jl mangga 1", 0): Text 'jl mangga 1' has been set to element 'Object Repository/Edit Profile/edit profile deksa1/android.widget.EditText - jl meditran v m27 no 12 rtrw 0708 komplek pertamina(edit alamat1)'

2023-07-03 22:42:59 - [MESSAGE][WARNING] - Timeout '0' is invalid. Using default page load timeout: '30'

2023-07-03 22:43:01 - [MESSAGE][PASSED] - Text 'jl mangga 1' has been set to element 'Object Repository/Edit Profile/edit profile deksa1/android.widget.EditText - jl meditran v m27 no 12 rtrw 0708 komplek pertamina(edit alamat1)'

2023-07-03 22:43:01 - [MESSAGE][PASSED] - Call Test Case 'Test Cases/Pages/Edit Profile/edit profile deksa/tap alamat' successfully

2023-07-03 22:43:01 - [TEST_STEP][PASSED] - callTestCase(findTestCase("Pages/Edit Profile/Button simpan"), [:], STOP_ON_FAILURE): Call Test Case 'Test Cases/Pages/Edit Profile/Button simpan' successfully

2023-07-03 22:43:01 - [TEST_CASE][PASSED] - Test Cases/Pages/Edit Profile/Button simpan: Test Cases/Pages/Edit Profile/Button simpan

2023-07-03 22:43:01 - [TEST_STEP][PASSED] - tap(findTestObject("Edit Profile/Edit_profile1/android.widget.Button - Simpan1"), 0): Tapped on element 'Object Repository/Edit Profile/Edit_profile1/android.widget.Button - Simpan1'

2023-07-03 22:43:01 - [MESSAGE][WARNING] - Timeout '0' is invalid. Using default page load timeout: '30'

2023-07-03 22:43:02 - [MESSAGE][PASSED] - Tapped on element 'Object Repository/Edit Profile/Edit_profile1/android.widget.Button - Simpan1'

2023-07-03 22:43:02 - [MESSAGE][PASSED] - Call Test Case 'Test Cases/Pages/Edit Profile/Button simpan' successfully

2023-07-03 22:43:02 - [TEST_STEP][PASSED] - callTestCase(findTestCase("Pages/Edit Profile/edit profile deksa/verify"), [:], STOP_ON_FAILURE): Call Test Case 'Test Cases/Pages/Edit Profile/edit profile deksa/verify' successfully

2023-07-03 22:43:02 - [TEST_CASE][PASSED] - Test Cases/Pages/Edit Profile/edit profile deksa/verify: Test Cases/Pages/Edit Profile/edit profile deksa/verify

2023-07-03 22:43:02 - [TEST_STEP][PASSED] - verifyElementVisible(findTestObject("Edit Profile/edit profile deksa/android.widget.TextView - Profil berhasil diperbarui"), 0): Element 'Object Repository/Edit Profile/edit profile deksa/android.widget.TextView - Profil berhasil diperbarui' is visible

2023-07-03 22:43:02 - [MESSAGE][WARNING] - Timeout '0' is invalid. Using default page load timeout: '30'

2023-07-03 22:43:03 - [MESSAGE][PASSED] - Element 'Object Repository/Edit Profile/edit profile deksa/android.widget.TextView - Profil berhasil diperbarui' is visible

2023-07-03 22:43:03 - [MESSAGE][PASSED] - Call Test Case 'Test Cases/Pages/Edit Profile/edit profile deksa/verify' successfully

2023-07-03 22:43:03 - [TEST_STEP][PASSED] - Start listener action : afterTestCase: Close app successfully

2023-07-03 22:43:03 - [TEST_STEP][PASSED] - logInfo("Test Case: " + testCaseContext.getTestCaseId() + " | Status: " + testCaseContext.getTestCaseStatus()): Test Case: Test Cases/Step Definition/Feature Edit Profile/EP06-Edit all | Status: PASSED

2023-07-03 22:43:03 - [MESSAGE][INFO] - Test Case: Test Cases/Step Definition/Feature Edit Profile/EP06-Edit all | Status: PASSED

2023-07-03 22:43:03 - [TEST_STEP][PASSED] - closeApplication(): Close app successfully

2023-07-03 22:43:03 - [MESSAGE][PASSED] - Close app successfully]]></system-out>
         <system-err><![CDATA[]]></system-err>
      </testcase>
      <testcase name="Test Cases/Step Definition/Feature Logout/LGT01 - Logout" time="14.862" classname="Test Cases/Step Definition/Feature Logout/LGT01 - Logout" status="PASSED">
         <system-out><![CDATA[2023-07-03 22:43:03 - [TEST_CASE][PASSED] - Test Cases/Step Definition/Feature Logout/LGT01 - Logout: Test Cases/Step Definition/Feature Logout/LGT01 - Logout

2023-07-03 22:43:03 - [TEST_STEP][PASSED] - Start listener action : beforeTestCase: Started app at: 'E:\GitRepo\Katalon\binarqa-group1-app\Apk\app-release-second-hand-gcp.apk'

2023-07-03 22:43:03 - [TEST_STEP][PASSED] - logInfo("Test Case: " + testCaseContext.getTestCaseId()): Test Case: Test Cases/Step Definition/Feature Logout/LGT01 - Logout

2023-07-03 22:43:03 - [MESSAGE][INFO] - Test Case: Test Cases/Step Definition/Feature Logout/LGT01 - Logout

2023-07-03 22:43:03 - [TEST_STEP][PASSED] - launchApp(): null

2023-07-03 22:43:03 - [TEST_STEP][PASSED] - startApplication(System.getProperty("user.dir") + "\Apk\app-release-second-hand-gcp.apk", false): Started app at: 'E:\GitRepo\Katalon\binarqa-group1-app\Apk\app-release-second-hand-gcp.apk'

2023-07-03 22:43:03 - [MESSAGE][INFO] - User set preference: ['appWaitActivity', '*']

2023-07-03 22:43:03 - [MESSAGE][INFO] - User set preference: ['appWaitforLaunch', 'false']

2023-07-03 22:43:03 - [MESSAGE][INFO] - User set preference: ['noReset', 'true']

2023-07-03 22:43:03 - [MESSAGE][INFO] - User set preference: ['ignoreHiddenApiPolicyError', 'true']

2023-07-03 22:43:03 - [MESSAGE][INFO] - User set preference: ['deviceId', '']

2023-07-03 22:43:04 - [MESSAGE][INFO] - Detected NodeJS location: "C:\Program Files\nodejs\node.exe"

2023-07-03 22:43:05 - [MESSAGE][INFO] - Appium server started on port 64,167

2023-07-03 22:43:14 - [MESSAGE][PASSED] - Started app at: 'E:\GitRepo\Katalon\binarqa-group1-app\Apk\app-release-second-hand-gcp.apk'

2023-07-03 22:43:14 - [TEST_STEP][PASSED] - try: Call Test Case 'Test Cases/Pages/Homepage/Verify Already Logged In' successfully

2023-07-03 22:43:14 - [TEST_STEP][PASSED] - callTestCase(findTestCase("Pages/Homepage/Verify Already Logged In"), [:], STOP_ON_FAILURE): Call Test Case 'Test Cases/Pages/Homepage/Verify Already Logged In' successfully

2023-07-03 22:43:14 - [TEST_CASE][PASSED] - Test Cases/Pages/Homepage/Verify Already Logged In: Test Cases/Pages/Homepage/Verify Already Logged In

2023-07-03 22:43:14 - [TEST_STEP][PASSED] - tap(findTestObject("Navbar/android.widget.FrameLayout - Navbar Akun"), 0): Tapped on element 'Object Repository/Navbar/android.widget.FrameLayout - Navbar Akun'

2023-07-03 22:43:14 - [MESSAGE][WARNING] - Timeout '0' is invalid. Using default page load timeout: '30'

2023-07-03 22:43:14 - [MESSAGE][PASSED] - Tapped on element 'Object Repository/Navbar/android.widget.FrameLayout - Navbar Akun'

2023-07-03 22:43:14 - [TEST_STEP][PASSED] - verifyElementVisible(findTestObject("Akun/android.widget.ImageView - Profile Photo"), 1): Element 'Object Repository/Akun/android.widget.ImageView - Profile Photo' is visible

2023-07-03 22:43:15 - [MESSAGE][PASSED] - Element 'Object Repository/Akun/android.widget.ImageView - Profile Photo' is visible

2023-07-03 22:43:15 - [TEST_STEP][PASSED] - verifyElementVisible(findTestObject("Akun/android.widget.TextView - Email"), 1): Element 'Object Repository/Akun/android.widget.TextView - Email' is visible

2023-07-03 22:43:15 - [MESSAGE][PASSED] - Element 'Object Repository/Akun/android.widget.TextView - Email' is visible

2023-07-03 22:43:15 - [TEST_STEP][PASSED] - verifyElementVisible(findTestObject("Akun/android.widget.TextView - Nama"), 1): Element 'Object Repository/Akun/android.widget.TextView - Nama' is visible

2023-07-03 22:43:15 - [MESSAGE][PASSED] - Element 'Object Repository/Akun/android.widget.TextView - Nama' is visible

2023-07-03 22:43:15 - [TEST_STEP][PASSED] - verifyElementVisible(findTestObject("Akun/android.widget.TextView - Nomor HP"), 1): Element 'Object Repository/Akun/android.widget.TextView - Nomor HP' is visible

2023-07-03 22:43:15 - [MESSAGE][PASSED] - Element 'Object Repository/Akun/android.widget.TextView - Nomor HP' is visible

2023-07-03 22:43:15 - [TEST_STEP][PASSED] - verifyElementVisible(findTestObject("Akun/android.widget.ImageView - Profile Photo"), 1): Element 'Object Repository/Akun/android.widget.ImageView - Profile Photo' is visible

2023-07-03 22:43:16 - [MESSAGE][PASSED] - Element 'Object Repository/Akun/android.widget.ImageView - Profile Photo' is visible

2023-07-03 22:43:16 - [TEST_STEP][PASSED] - verifyElementVisible(findTestObject("Akun/android.view.ViewGroup - Logout"), 1): Element 'Object Repository/Akun/android.view.ViewGroup - Logout' is visible

2023-07-03 22:43:16 - [MESSAGE][PASSED] - Element 'Object Repository/Akun/android.view.ViewGroup - Logout' is visible

2023-07-03 22:43:16 - [TEST_STEP][PASSED] - pressBack(): Press back button successfully

2023-07-03 22:43:16 - [MESSAGE][PASSED] - Press back button successfully

2023-07-03 22:43:16 - [MESSAGE][PASSED] - Call Test Case 'Test Cases/Pages/Homepage/Verify Already Logged In' successfully

2023-07-03 22:43:16 - [TEST_STEP][PASSED] - callTestCase(findTestCase("Pages/Navbar/Tap Akun"), [:]): Call Test Case 'Test Cases/Pages/Navbar/Tap Akun' successfully

2023-07-03 22:43:17 - [TEST_CASE][PASSED] - Test Cases/Pages/Navbar/Tap Akun: Test Cases/Pages/Navbar/Tap Akun

2023-07-03 22:43:17 - [TEST_STEP][PASSED] - tap(findTestObject("Navbar/android.widget.FrameLayout - Navbar Akun"), 0): Tapped on element 'Object Repository/Navbar/android.widget.FrameLayout - Navbar Akun'

2023-07-03 22:43:17 - [MESSAGE][WARNING] - Timeout '0' is invalid. Using default page load timeout: '30'

2023-07-03 22:43:17 - [MESSAGE][PASSED] - Tapped on element 'Object Repository/Navbar/android.widget.FrameLayout - Navbar Akun'

2023-07-03 22:43:17 - [MESSAGE][PASSED] - Call Test Case 'Test Cases/Pages/Navbar/Tap Akun' successfully

2023-07-03 22:43:17 - [TEST_STEP][PASSED] - callTestCase(findTestCase("Pages/Akun/Tap Logout"), [:]): Call Test Case 'Test Cases/Pages/Akun/Tap Logout' successfully

2023-07-03 22:43:17 - [TEST_CASE][PASSED] - Test Cases/Pages/Akun/Tap Logout: Test Cases/Pages/Akun/Tap Logout

2023-07-03 22:43:17 - [TEST_STEP][PASSED] - tap(findTestObject("Akun/android.view.ViewGroup - Logout"), 0): Tapped on element 'Object Repository/Akun/android.view.ViewGroup - Logout'

2023-07-03 22:43:17 - [MESSAGE][WARNING] - Timeout '0' is invalid. Using default page load timeout: '30'

2023-07-03 22:43:18 - [MESSAGE][PASSED] - Tapped on element 'Object Repository/Akun/android.view.ViewGroup - Logout'

2023-07-03 22:43:18 - [MESSAGE][PASSED] - Call Test Case 'Test Cases/Pages/Akun/Tap Logout' successfully

2023-07-03 22:43:18 - [TEST_STEP][PASSED] - Start listener action : afterTestCase: Close app successfully

2023-07-03 22:43:18 - [TEST_STEP][PASSED] - logInfo("Test Case: " + testCaseContext.getTestCaseId() + " | Status: " + testCaseContext.getTestCaseStatus()): Test Case: Test Cases/Step Definition/Feature Logout/LGT01 - Logout | Status: PASSED

2023-07-03 22:43:18 - [MESSAGE][INFO] - Test Case: Test Cases/Step Definition/Feature Logout/LGT01 - Logout | Status: PASSED

2023-07-03 22:43:18 - [TEST_STEP][PASSED] - closeApplication(): Close app successfully

2023-07-03 22:43:18 - [MESSAGE][PASSED] - Close app successfully]]></system-out>
         <system-err><![CDATA[]]></system-err>
      </testcase>
      <system-out><![CDATA[2023-07-03 22:38:59 - [TEST_SUITE][FAILED] - Feature Edit Profile - Positive Case: Test Cases/Step Definition/Feature Edit Profile/EP02-edit no handphone FAILED.
Reason:
com.kms.katalon.core.exception.StepFailedException: Call Test Case 'Test Cases/Pages/Edit Profile/edit nomor handphone' failed
	at com.kms.katalon.core.keyword.builtin.CallTestCaseKeyword$_callTestCase_closure1.doCall(CallTestCaseKeyword.groovy:63)
	at com.kms.katalon.core.keyword.builtin.CallTestCaseKeyword$_callTestCase_closure1.call(CallTestCaseKeyword.groovy)
	at com.kms.katalon.core.keyword.internal.KeywordMain.runKeyword(KeywordMain.groovy:75)
	at com.kms.katalon.core.keyword.builtin.CallTestCaseKeyword.callTestCase(CallTestCaseKeyword.groovy:81)
	at com.kms.katalon.core.keyword.builtin.CallTestCaseKeyword.execute(CallTestCaseKeyword.groovy:44)
	at com.kms.katalon.core.keyword.internal.KeywordExecutor.executeKeywordForPlatform(KeywordExecutor.groovy:74)
	at com.kms.katalon.core.keyword.BuiltinKeywords.callTestCase(BuiltinKeywords.groovy:334)
	at EP02-edit no handphone.run(EP02-edit no handphone:32)
	at com.kms.katalon.core.main.ScriptEngine.run(ScriptEngine.java:194)
	at com.kms.katalon.core.main.ScriptEngine.runScriptAsRawText(ScriptEngine.java:119)
	at com.kms.katalon.core.main.TestCaseExecutor.runScript(TestCaseExecutor.java:448)
	at com.kms.katalon.core.main.TestCaseExecutor.doExecute(TestCaseExecutor.java:439)
	at com.kms.katalon.core.main.TestCaseExecutor.processExecutionPhase(TestCaseExecutor.java:418)
	at com.kms.katalon.core.main.TestCaseExecutor.accessMainPhase(TestCaseExecutor.java:410)
	at com.kms.katalon.core.main.TestCaseExecutor.execute(TestCaseExecutor.java:285)
	at com.kms.katalon.core.common.CommonExecutor.accessTestCaseMainPhase(CommonExecutor.java:65)
	at com.kms.katalon.core.main.TestSuiteExecutor.accessTestSuiteMainPhase(TestSuiteExecutor.java:148)
	at com.kms.katalon.core.main.TestSuiteExecutor.execute(TestSuiteExecutor.java:106)
	at com.kms.katalon.core.main.TestCaseMain.startTestSuite(TestCaseMain.java:187)
	at com.kms.katalon.core.main.TestCaseMain$startTestSuite$0.call(Unknown Source)
	at TempTestSuite1688398729789.run(TempTestSuite1688398729789.groovy:36)
Caused by: com.kms.katalon.core.exception.StepFailedException: Failed to set text into element (Root cause: org.openqa.selenium.InvalidElementStateException: Cannot set the element to '08324343'. Did you interact with the correct element?
Build info: version: '3.141.59', revision: 'e82be7d358', time: '2018-11-14T08:25:53'
System info: host: 'ASUS-RN911', ip: '192.168.1.116', os.name: 'Windows 10', os.arch: 'amd64', os.version: '10.0', java.version: '1.8.0_282'
Driver info: com.kms.katalon.core.appium.driver.SwipeableAndroidDriver
Capabilities {app: E:\GitRepo\Katalon\binarqa-..., appPackage: id.binar.fp.secondhand, appWaitActivity: *, appWaitforLaunch: false, autoGrantPermissions: true, automationName: uiautomator2, chromedriverPort: 63028, databaseEnabled: false, desired: {app: E:\GitRepo\Katalon\binarqa-..., appWaitActivity: *, appWaitforLaunch: false, autoGrantPermissions: true, automationName: uiautomator2, chromedriverPort: 63028, deviceId: , deviceName: realme RMX1921 (Android 11), fullReset: false, ignoreHiddenApiPolicyError: true, newCommandTimeout: 1800, noReset: true, platform: ANDROID, platformName: android, platformVersion: 11, systemPort: 63025, udid: fd03a52e}, deviceApiLevel: 30, deviceId: , deviceManufacturer: realme, deviceModel: RMX1921, deviceName: fd03a52e, deviceScreenDensity: 480, deviceScreenSize: 1080x2340, deviceUDID: fd03a52e, fullReset: false, ignoreHiddenApiPolicyError: true, javascriptEnabled: true, locationContextEnabled: false, networkConnectionEnabled: true, newCommandTimeout: 1800, noReset: true, pixelRatio: 3, platform: ANDROID, platformName: Android, platformVersion: 11, statBarHeight: 96, systemPort: 63025, takesScreenshot: true, udid: fd03a52e, viewportRect: {height: 2168, left: 0, top: 96, width: 1080}, warnings: {}, webStorageEnabled: false}
Session ID: 2a58c21e-f12b-4dab-bc91-280854796a40
	at org.openqa.selenium.remote.http.W3CHttpResponseCodec.createException(W3CHttpResponseCodec.java:187)
	at org.openqa.selenium.remote.http.W3CHttpResponseCodec.decode(W3CHttpResponseCodec.java:122)
	at org.openqa.selenium.remote.http.W3CHttpResponseCodec.decode(W3CHttpResponseCodec.java:49)
	at org.openqa.selenium.remote.HttpCommandExecutor.execute(HttpCommandExecutor.java:158)
	at io.appium.java_client.remote.AppiumCommandExecutor.execute(AppiumCommandExecutor.java:239)
	at org.openqa.selenium.remote.RemoteWebDriver.execute(RemoteWebDriver.java:552)
	at io.appium.java_client.DefaultGenericMobileDriver.execute(DefaultGenericMobileDriver.java:42)
	at io.appium.java_client.AppiumDriver.execute(AppiumDriver.java:1)
	at io.appium.java_client.android.AndroidDriver.execute(AndroidDriver.java:1)
	at com.kms.katalon.core.appium.driver.SwipeableAndroidDriver.execute(SwipeableAndroidDriver.java:1)
	at org.openqa.selenium.remote.RemoteWebElement.execute(RemoteWebElement.java:285)
	at io.appium.java_client.DefaultGenericMobileElement.execute(DefaultGenericMobileElement.java:45)
	at io.appium.java_client.MobileElement.execute(MobileElement.java:1)
	at io.appium.java_client.android.AndroidElement.execute(AndroidElement.java:1)
	at org.openqa.selenium.remote.RemoteWebElement.sendKeys(RemoteWebElement.java:106)
	at com.kms.katalon.core.mobile.keyword.builtin.SetTextKeyword$_setText_closure1.doCall(SetTextKeyword.groovy:80)
	at com.kms.katalon.core.mobile.keyword.builtin.SetTextKeyword$_setText_closure1.call(SetTextKeyword.groovy)
	at com.kms.katalon.core.mobile.keyword.internal.MobileKeywordMain.runKeyword(MobileKeywordMain.groovy:21)
	at com.kms.katalon.core.mobile.keyword.builtin.SetTextKeyword.setText(SetTextKeyword.groovy:83)
	at com.kms.katalon.core.mobile.keyword.builtin.SetTextKeyword.execute(SetTextKeyword.groovy:66)
	at com.kms.katalon.core.keyword.internal.KeywordExecutor.executeKeywordForPlatform(KeywordExecutor.groovy:74)
	at com.kms.katalon.core.mobile.keyword.MobileBuiltInKeywords.setText(MobileBuiltInKeywords.groovy:1307)
	at com.kms.katalon.core.mobile.keyword.MobileBuiltInKeywords$setText$1.call(Unknown Source)
	at edit nomor handphone.run(edit nomor handphone:22)
	at com.kms.katalon.core.main.ScriptEngine.run(ScriptEngine.java:194)
	at com.kms.katalon.core.main.ScriptEngine.runScriptAsRawText(ScriptEngine.java:119)
	at com.kms.katalon.core.main.TestCaseExecutor.runScript(TestCaseExecutor.java:448)
	at com.kms.katalon.core.main.TestCaseExecutor.doExecute(TestCaseExecutor.java:439)
	at com.kms.katalon.core.main.TestCaseExecutor.processExecutionPhase(TestCaseExecutor.java:418)
	at com.kms.katalon.core.main.TestCaseExecutor.accessMainPhase(TestCaseExecutor.java:410)
	at com.kms.katalon.core.main.TestCaseExecutor.execute(TestCaseExecutor.java:285)
	at com.kms.katalon.core.main.TestCaseMain.runTestCase(TestCaseMain.java:144)
	at com.kms.katalon.core.keyword.builtin.CallTestCaseKeyword$_callTestCase_closure1.doCall(CallTestCaseKeyword.groovy:59)
	at com.kms.katalon.core.keyword.builtin.CallTestCaseKeyword$_callTestCase_closure1.call(CallTestCaseKeyword.groovy)
	at com.kms.katalon.core.keyword.internal.KeywordMain.runKeyword(KeywordMain.groovy:75)
	at com.kms.katalon.core.keyword.builtin.CallTestCaseKeyword.callTestCase(CallTestCaseKeyword.groovy:81)
	at com.kms.katalon.core.keyword.builtin.CallTestCaseKeyword.execute(CallTestCaseKeyword.groovy:44)
	at com.kms.katalon.core.keyword.internal.KeywordExecutor.executeKeywordForPlatform(KeywordExecutor.groovy:74)
	at com.kms.katalon.core.keyword.BuiltinKeywords.callTestCase(BuiltinKeywords.groovy:334)
	at EP02-edit no handphone.run(EP02-edit no handphone:32)
	at com.kms.katalon.core.main.ScriptEngine.run(ScriptEngine.java:194)
	at com.kms.katalon.core.main.ScriptEngine.runScriptAsRawText(ScriptEngine.java:119)
	at com.kms.katalon.core.main.TestCaseExecutor.runScript(TestCaseExecutor.java:448)
	at com.kms.katalon.core.main.TestCaseExecutor.doExecute(TestCaseExecutor.java:439)
	at com.kms.katalon.core.main.TestCaseExecutor.processExecutionPhase(TestCaseExecutor.java:418)
	at com.kms.katalon.core.main.TestCaseExecutor.accessMainPhase(TestCaseExecutor.java:410)
	at com.kms.katalon.core.main.TestCaseExecutor.execute(TestCaseExecutor.java:285)
	at com.kms.katalon.core.common.CommonExecutor.accessTestCaseMainPhase(CommonExecutor.java:65)
	at com.kms.katalon.core.main.TestSuiteExecutor.accessTestSuiteMainPhase(TestSuiteExecutor.java:148)
	at com.kms.katalon.core.main.TestSuiteExecutor.execute(TestSuiteExecutor.java:106)
	at com.kms.katalon.core.main.TestCaseMain.startTestSuite(TestCaseMain.java:187)
	at com.kms.katalon.core.main.TestCaseMain$startTestSuite$0.call(Unknown Source)
	at TempTestSuite1688398729789.run(TempTestSuite1688398729789.groovy:36)
)
	at com.kms.katalon.core.keyword.internal.KeywordMain.stepFailed(KeywordMain.groovy:51)
	at com.kms.katalon.core.mobile.keyword.internal.MobileKeywordMain.stepFailed(MobileKeywordMain.groovy:40)
	at com.kms.katalon.core.mobile.keyword.internal.MobileKeywordMain.runKeyword(MobileKeywordMain.groovy:23)
	at com.kms.katalon.core.mobile.keyword.builtin.SetTextKeyword.setText(SetTextKeyword.groovy:83)
	at com.kms.katalon.core.mobile.keyword.builtin.SetTextKeyword.execute(SetTextKeyword.groovy:66)
	at com.kms.katalon.core.keyword.internal.KeywordExecutor.executeKeywordForPlatform(KeywordExecutor.groovy:74)
	at com.kms.katalon.core.mobile.keyword.MobileBuiltInKeywords.setText(MobileBuiltInKeywords.groovy:1307)
	at com.kms.katalon.core.mobile.keyword.MobileBuiltInKeywords$setText$1.call(Unknown Source)
	at edit nomor handphone.run(edit nomor handphone:22)
	at com.kms.katalon.core.main.ScriptEngine.run(ScriptEngine.java:194)
	at com.kms.katalon.core.main.ScriptEngine.runScriptAsRawText(ScriptEngine.java:119)
	at com.kms.katalon.core.main.TestCaseExecutor.runScript(TestCaseExecutor.java:448)
	at com.kms.katalon.core.main.TestCaseExecutor.doExecute(TestCaseExecutor.java:439)
	at com.kms.katalon.core.main.TestCaseExecutor.processExecutionPhase(TestCaseExecutor.java:418)
	at com.kms.katalon.core.main.TestCaseExecutor.accessMainPhase(TestCaseExecutor.java:410)
	at com.kms.katalon.core.main.TestCaseExecutor.execute(TestCaseExecutor.java:285)
	at com.kms.katalon.core.main.TestCaseMain.runTestCase(TestCaseMain.java:144)
	at com.kms.katalon.core.keyword.builtin.CallTestCaseKeyword$_callTestCase_closure1.doCall(CallTestCaseKeyword.groovy:59)
	... 20 more
Caused by: org.openqa.selenium.InvalidElementStateException: Cannot set the element to '08324343'. Did you interact with the correct element?
Build info: version: '3.141.59', revision: 'e82be7d358', time: '2018-11-14T08:25:53'
System info: host: 'ASUS-RN911', ip: '192.168.1.116', os.name: 'Windows 10', os.arch: 'amd64', os.version: '10.0', java.version: '1.8.0_282'
Driver info: com.kms.katalon.core.appium.driver.SwipeableAndroidDriver
Capabilities {app: E:\GitRepo\Katalon\binarqa-..., appPackage: id.binar.fp.secondhand, appWaitActivity: *, appWaitforLaunch: false, autoGrantPermissions: true, automationName: uiautomator2, chromedriverPort: 63028, databaseEnabled: false, desired: {app: E:\GitRepo\Katalon\binarqa-..., appWaitActivity: *, appWaitforLaunch: false, autoGrantPermissions: true, automationName: uiautomator2, chromedriverPort: 63028, deviceId: , deviceName: realme RMX1921 (Android 11), fullReset: false, ignoreHiddenApiPolicyError: true, newCommandTimeout: 1800, noReset: true, platform: ANDROID, platformName: android, platformVersion: 11, systemPort: 63025, udid: fd03a52e}, deviceApiLevel: 30, deviceId: , deviceManufacturer: realme, deviceModel: RMX1921, deviceName: fd03a52e, deviceScreenDensity: 480, deviceScreenSize: 1080x2340, deviceUDID: fd03a52e, fullReset: false, ignoreHiddenApiPolicyError: true, javascriptEnabled: true, locationContextEnabled: false, networkConnectionEnabled: true, newCommandTimeout: 1800, noReset: true, pixelRatio: 3, platform: ANDROID, platformName: Android, platformVersion: 11, statBarHeight: 96, systemPort: 63025, takesScreenshot: true, udid: fd03a52e, viewportRect: {height: 2168, left: 0, top: 96, width: 1080}, warnings: {}, webStorageEnabled: false}
Session ID: 2a58c21e-f12b-4dab-bc91-280854796a40
	at org.openqa.selenium.remote.http.W3CHttpResponseCodec.createException(W3CHttpResponseCodec.java:187)
	at org.openqa.selenium.remote.http.W3CHttpResponseCodec.decode(W3CHttpResponseCodec.java:122)
	at org.openqa.selenium.remote.http.W3CHttpResponseCodec.decode(W3CHttpResponseCodec.java:49)
	at org.openqa.selenium.remote.HttpCommandExecutor.execute(HttpCommandExecutor.java:158)
	at io.appium.java_client.remote.AppiumCommandExecutor.execute(AppiumCommandExecutor.java:239)
	at org.openqa.selenium.remote.RemoteWebDriver.execute(RemoteWebDriver.java:552)
	at io.appium.java_client.DefaultGenericMobileDriver.execute(DefaultGenericMobileDriver.java:42)
	at io.appium.java_client.AppiumDriver.execute(AppiumDriver.java:1)
	at io.appium.java_client.android.AndroidDriver.execute(AndroidDriver.java:1)
	at com.kms.katalon.core.appium.driver.SwipeableAndroidDriver.execute(SwipeableAndroidDriver.java:1)
	at org.openqa.selenium.remote.RemoteWebElement.execute(RemoteWebElement.java:285)
	at io.appium.java_client.DefaultGenericMobileElement.execute(DefaultGenericMobileElement.java:45)
	at io.appium.java_client.MobileElement.execute(MobileElement.java:1)
	at io.appium.java_client.android.AndroidElement.execute(AndroidElement.java:1)
	at org.openqa.selenium.remote.RemoteWebElement.sendKeys(RemoteWebElement.java:106)
	at com.kms.katalon.core.mobile.keyword.builtin.SetTextKeyword$_setText_closure1.doCall(SetTextKeyword.groovy:80)
	at com.kms.katalon.core.mobile.keyword.builtin.SetTextKeyword$_setText_closure1.call(SetTextKeyword.groovy)
	at com.kms.katalon.core.mobile.keyword.internal.MobileKeywordMain.runKeyword(MobileKeywordMain.groovy:21)
	... 35 more]]></system-out>
      <system-err><![CDATA[2023-07-03 22:38:59 - [TEST_SUITE][FAILED] - Feature Edit Profile - Positive Case: Test Cases/Step Definition/Feature Edit Profile/EP02-edit no handphone FAILED.
Reason:
com.kms.katalon.core.exception.StepFailedException: Call Test Case 'Test Cases/Pages/Edit Profile/edit nomor handphone' failed
	at com.kms.katalon.core.keyword.builtin.CallTestCaseKeyword$_callTestCase_closure1.doCall(CallTestCaseKeyword.groovy:63)
	at com.kms.katalon.core.keyword.builtin.CallTestCaseKeyword$_callTestCase_closure1.call(CallTestCaseKeyword.groovy)
	at com.kms.katalon.core.keyword.internal.KeywordMain.runKeyword(KeywordMain.groovy:75)
	at com.kms.katalon.core.keyword.builtin.CallTestCaseKeyword.callTestCase(CallTestCaseKeyword.groovy:81)
	at com.kms.katalon.core.keyword.builtin.CallTestCaseKeyword.execute(CallTestCaseKeyword.groovy:44)
	at com.kms.katalon.core.keyword.internal.KeywordExecutor.executeKeywordForPlatform(KeywordExecutor.groovy:74)
	at com.kms.katalon.core.keyword.BuiltinKeywords.callTestCase(BuiltinKeywords.groovy:334)
	at EP02-edit no handphone.run(EP02-edit no handphone:32)
	at com.kms.katalon.core.main.ScriptEngine.run(ScriptEngine.java:194)
	at com.kms.katalon.core.main.ScriptEngine.runScriptAsRawText(ScriptEngine.java:119)
	at com.kms.katalon.core.main.TestCaseExecutor.runScript(TestCaseExecutor.java:448)
	at com.kms.katalon.core.main.TestCaseExecutor.doExecute(TestCaseExecutor.java:439)
	at com.kms.katalon.core.main.TestCaseExecutor.processExecutionPhase(TestCaseExecutor.java:418)
	at com.kms.katalon.core.main.TestCaseExecutor.accessMainPhase(TestCaseExecutor.java:410)
	at com.kms.katalon.core.main.TestCaseExecutor.execute(TestCaseExecutor.java:285)
	at com.kms.katalon.core.common.CommonExecutor.accessTestCaseMainPhase(CommonExecutor.java:65)
	at com.kms.katalon.core.main.TestSuiteExecutor.accessTestSuiteMainPhase(TestSuiteExecutor.java:148)
	at com.kms.katalon.core.main.TestSuiteExecutor.execute(TestSuiteExecutor.java:106)
	at com.kms.katalon.core.main.TestCaseMain.startTestSuite(TestCaseMain.java:187)
	at com.kms.katalon.core.main.TestCaseMain$startTestSuite$0.call(Unknown Source)
	at TempTestSuite1688398729789.run(TempTestSuite1688398729789.groovy:36)
Caused by: com.kms.katalon.core.exception.StepFailedException: Failed to set text into element (Root cause: org.openqa.selenium.InvalidElementStateException: Cannot set the element to '08324343'. Did you interact with the correct element?
Build info: version: '3.141.59', revision: 'e82be7d358', time: '2018-11-14T08:25:53'
System info: host: 'ASUS-RN911', ip: '192.168.1.116', os.name: 'Windows 10', os.arch: 'amd64', os.version: '10.0', java.version: '1.8.0_282'
Driver info: com.kms.katalon.core.appium.driver.SwipeableAndroidDriver
Capabilities {app: E:\GitRepo\Katalon\binarqa-..., appPackage: id.binar.fp.secondhand, appWaitActivity: *, appWaitforLaunch: false, autoGrantPermissions: true, automationName: uiautomator2, chromedriverPort: 63028, databaseEnabled: false, desired: {app: E:\GitRepo\Katalon\binarqa-..., appWaitActivity: *, appWaitforLaunch: false, autoGrantPermissions: true, automationName: uiautomator2, chromedriverPort: 63028, deviceId: , deviceName: realme RMX1921 (Android 11), fullReset: false, ignoreHiddenApiPolicyError: true, newCommandTimeout: 1800, noReset: true, platform: ANDROID, platformName: android, platformVersion: 11, systemPort: 63025, udid: fd03a52e}, deviceApiLevel: 30, deviceId: , deviceManufacturer: realme, deviceModel: RMX1921, deviceName: fd03a52e, deviceScreenDensity: 480, deviceScreenSize: 1080x2340, deviceUDID: fd03a52e, fullReset: false, ignoreHiddenApiPolicyError: true, javascriptEnabled: true, locationContextEnabled: false, networkConnectionEnabled: true, newCommandTimeout: 1800, noReset: true, pixelRatio: 3, platform: ANDROID, platformName: Android, platformVersion: 11, statBarHeight: 96, systemPort: 63025, takesScreenshot: true, udid: fd03a52e, viewportRect: {height: 2168, left: 0, top: 96, width: 1080}, warnings: {}, webStorageEnabled: false}
Session ID: 2a58c21e-f12b-4dab-bc91-280854796a40
	at org.openqa.selenium.remote.http.W3CHttpResponseCodec.createException(W3CHttpResponseCodec.java:187)
	at org.openqa.selenium.remote.http.W3CHttpResponseCodec.decode(W3CHttpResponseCodec.java:122)
	at org.openqa.selenium.remote.http.W3CHttpResponseCodec.decode(W3CHttpResponseCodec.java:49)
	at org.openqa.selenium.remote.HttpCommandExecutor.execute(HttpCommandExecutor.java:158)
	at io.appium.java_client.remote.AppiumCommandExecutor.execute(AppiumCommandExecutor.java:239)
	at org.openqa.selenium.remote.RemoteWebDriver.execute(RemoteWebDriver.java:552)
	at io.appium.java_client.DefaultGenericMobileDriver.execute(DefaultGenericMobileDriver.java:42)
	at io.appium.java_client.AppiumDriver.execute(AppiumDriver.java:1)
	at io.appium.java_client.android.AndroidDriver.execute(AndroidDriver.java:1)
	at com.kms.katalon.core.appium.driver.SwipeableAndroidDriver.execute(SwipeableAndroidDriver.java:1)
	at org.openqa.selenium.remote.RemoteWebElement.execute(RemoteWebElement.java:285)
	at io.appium.java_client.DefaultGenericMobileElement.execute(DefaultGenericMobileElement.java:45)
	at io.appium.java_client.MobileElement.execute(MobileElement.java:1)
	at io.appium.java_client.android.AndroidElement.execute(AndroidElement.java:1)
	at org.openqa.selenium.remote.RemoteWebElement.sendKeys(RemoteWebElement.java:106)
	at com.kms.katalon.core.mobile.keyword.builtin.SetTextKeyword$_setText_closure1.doCall(SetTextKeyword.groovy:80)
	at com.kms.katalon.core.mobile.keyword.builtin.SetTextKeyword$_setText_closure1.call(SetTextKeyword.groovy)
	at com.kms.katalon.core.mobile.keyword.internal.MobileKeywordMain.runKeyword(MobileKeywordMain.groovy:21)
	at com.kms.katalon.core.mobile.keyword.builtin.SetTextKeyword.setText(SetTextKeyword.groovy:83)
	at com.kms.katalon.core.mobile.keyword.builtin.SetTextKeyword.execute(SetTextKeyword.groovy:66)
	at com.kms.katalon.core.keyword.internal.KeywordExecutor.executeKeywordForPlatform(KeywordExecutor.groovy:74)
	at com.kms.katalon.core.mobile.keyword.MobileBuiltInKeywords.setText(MobileBuiltInKeywords.groovy:1307)
	at com.kms.katalon.core.mobile.keyword.MobileBuiltInKeywords$setText$1.call(Unknown Source)
	at edit nomor handphone.run(edit nomor handphone:22)
	at com.kms.katalon.core.main.ScriptEngine.run(ScriptEngine.java:194)
	at com.kms.katalon.core.main.ScriptEngine.runScriptAsRawText(ScriptEngine.java:119)
	at com.kms.katalon.core.main.TestCaseExecutor.runScript(TestCaseExecutor.java:448)
	at com.kms.katalon.core.main.TestCaseExecutor.doExecute(TestCaseExecutor.java:439)
	at com.kms.katalon.core.main.TestCaseExecutor.processExecutionPhase(TestCaseExecutor.java:418)
	at com.kms.katalon.core.main.TestCaseExecutor.accessMainPhase(TestCaseExecutor.java:410)
	at com.kms.katalon.core.main.TestCaseExecutor.execute(TestCaseExecutor.java:285)
	at com.kms.katalon.core.main.TestCaseMain.runTestCase(TestCaseMain.java:144)
	at com.kms.katalon.core.keyword.builtin.CallTestCaseKeyword$_callTestCase_closure1.doCall(CallTestCaseKeyword.groovy:59)
	at com.kms.katalon.core.keyword.builtin.CallTestCaseKeyword$_callTestCase_closure1.call(CallTestCaseKeyword.groovy)
	at com.kms.katalon.core.keyword.internal.KeywordMain.runKeyword(KeywordMain.groovy:75)
	at com.kms.katalon.core.keyword.builtin.CallTestCaseKeyword.callTestCase(CallTestCaseKeyword.groovy:81)
	at com.kms.katalon.core.keyword.builtin.CallTestCaseKeyword.execute(CallTestCaseKeyword.groovy:44)
	at com.kms.katalon.core.keyword.internal.KeywordExecutor.executeKeywordForPlatform(KeywordExecutor.groovy:74)
	at com.kms.katalon.core.keyword.BuiltinKeywords.callTestCase(BuiltinKeywords.groovy:334)
	at EP02-edit no handphone.run(EP02-edit no handphone:32)
	at com.kms.katalon.core.main.ScriptEngine.run(ScriptEngine.java:194)
	at com.kms.katalon.core.main.ScriptEngine.runScriptAsRawText(ScriptEngine.java:119)
	at com.kms.katalon.core.main.TestCaseExecutor.runScript(TestCaseExecutor.java:448)
	at com.kms.katalon.core.main.TestCaseExecutor.doExecute(TestCaseExecutor.java:439)
	at com.kms.katalon.core.main.TestCaseExecutor.processExecutionPhase(TestCaseExecutor.java:418)
	at com.kms.katalon.core.main.TestCaseExecutor.accessMainPhase(TestCaseExecutor.java:410)
	at com.kms.katalon.core.main.TestCaseExecutor.execute(TestCaseExecutor.java:285)
	at com.kms.katalon.core.common.CommonExecutor.accessTestCaseMainPhase(CommonExecutor.java:65)
	at com.kms.katalon.core.main.TestSuiteExecutor.accessTestSuiteMainPhase(TestSuiteExecutor.java:148)
	at com.kms.katalon.core.main.TestSuiteExecutor.execute(TestSuiteExecutor.java:106)
	at com.kms.katalon.core.main.TestCaseMain.startTestSuite(TestCaseMain.java:187)
	at com.kms.katalon.core.main.TestCaseMain$startTestSuite$0.call(Unknown Source)
	at TempTestSuite1688398729789.run(TempTestSuite1688398729789.groovy:36)
)
	at com.kms.katalon.core.keyword.internal.KeywordMain.stepFailed(KeywordMain.groovy:51)
	at com.kms.katalon.core.mobile.keyword.internal.MobileKeywordMain.stepFailed(MobileKeywordMain.groovy:40)
	at com.kms.katalon.core.mobile.keyword.internal.MobileKeywordMain.runKeyword(MobileKeywordMain.groovy:23)
	at com.kms.katalon.core.mobile.keyword.builtin.SetTextKeyword.setText(SetTextKeyword.groovy:83)
	at com.kms.katalon.core.mobile.keyword.builtin.SetTextKeyword.execute(SetTextKeyword.groovy:66)
	at com.kms.katalon.core.keyword.internal.KeywordExecutor.executeKeywordForPlatform(KeywordExecutor.groovy:74)
	at com.kms.katalon.core.mobile.keyword.MobileBuiltInKeywords.setText(MobileBuiltInKeywords.groovy:1307)
	at com.kms.katalon.core.mobile.keyword.MobileBuiltInKeywords$setText$1.call(Unknown Source)
	at edit nomor handphone.run(edit nomor handphone:22)
	at com.kms.katalon.core.main.ScriptEngine.run(ScriptEngine.java:194)
	at com.kms.katalon.core.main.ScriptEngine.runScriptAsRawText(ScriptEngine.java:119)
	at com.kms.katalon.core.main.TestCaseExecutor.runScript(TestCaseExecutor.java:448)
	at com.kms.katalon.core.main.TestCaseExecutor.doExecute(TestCaseExecutor.java:439)
	at com.kms.katalon.core.main.TestCaseExecutor.processExecutionPhase(TestCaseExecutor.java:418)
	at com.kms.katalon.core.main.TestCaseExecutor.accessMainPhase(TestCaseExecutor.java:410)
	at com.kms.katalon.core.main.TestCaseExecutor.execute(TestCaseExecutor.java:285)
	at com.kms.katalon.core.main.TestCaseMain.runTestCase(TestCaseMain.java:144)
	at com.kms.katalon.core.keyword.builtin.CallTestCaseKeyword$_callTestCase_closure1.doCall(CallTestCaseKeyword.groovy:59)
	... 20 more
Caused by: org.openqa.selenium.InvalidElementStateException: Cannot set the element to '08324343'. Did you interact with the correct element?
Build info: version: '3.141.59', revision: 'e82be7d358', time: '2018-11-14T08:25:53'
System info: host: 'ASUS-RN911', ip: '192.168.1.116', os.name: 'Windows 10', os.arch: 'amd64', os.version: '10.0', java.version: '1.8.0_282'
Driver info: com.kms.katalon.core.appium.driver.SwipeableAndroidDriver
Capabilities {app: E:\GitRepo\Katalon\binarqa-..., appPackage: id.binar.fp.secondhand, appWaitActivity: *, appWaitforLaunch: false, autoGrantPermissions: true, automationName: uiautomator2, chromedriverPort: 63028, databaseEnabled: false, desired: {app: E:\GitRepo\Katalon\binarqa-..., appWaitActivity: *, appWaitforLaunch: false, autoGrantPermissions: true, automationName: uiautomator2, chromedriverPort: 63028, deviceId: , deviceName: realme RMX1921 (Android 11), fullReset: false, ignoreHiddenApiPolicyError: true, newCommandTimeout: 1800, noReset: true, platform: ANDROID, platformName: android, platformVersion: 11, systemPort: 63025, udid: fd03a52e}, deviceApiLevel: 30, deviceId: , deviceManufacturer: realme, deviceModel: RMX1921, deviceName: fd03a52e, deviceScreenDensity: 480, deviceScreenSize: 1080x2340, deviceUDID: fd03a52e, fullReset: false, ignoreHiddenApiPolicyError: true, javascriptEnabled: true, locationContextEnabled: false, networkConnectionEnabled: true, newCommandTimeout: 1800, noReset: true, pixelRatio: 3, platform: ANDROID, platformName: Android, platformVersion: 11, statBarHeight: 96, systemPort: 63025, takesScreenshot: true, udid: fd03a52e, viewportRect: {height: 2168, left: 0, top: 96, width: 1080}, warnings: {}, webStorageEnabled: false}
Session ID: 2a58c21e-f12b-4dab-bc91-280854796a40
	at org.openqa.selenium.remote.http.W3CHttpResponseCodec.createException(W3CHttpResponseCodec.java:187)
	at org.openqa.selenium.remote.http.W3CHttpResponseCodec.decode(W3CHttpResponseCodec.java:122)
	at org.openqa.selenium.remote.http.W3CHttpResponseCodec.decode(W3CHttpResponseCodec.java:49)
	at org.openqa.selenium.remote.HttpCommandExecutor.execute(HttpCommandExecutor.java:158)
	at io.appium.java_client.remote.AppiumCommandExecutor.execute(AppiumCommandExecutor.java:239)
	at org.openqa.selenium.remote.RemoteWebDriver.execute(RemoteWebDriver.java:552)
	at io.appium.java_client.DefaultGenericMobileDriver.execute(DefaultGenericMobileDriver.java:42)
	at io.appium.java_client.AppiumDriver.execute(AppiumDriver.java:1)
	at io.appium.java_client.android.AndroidDriver.execute(AndroidDriver.java:1)
	at com.kms.katalon.core.appium.driver.SwipeableAndroidDriver.execute(SwipeableAndroidDriver.java:1)
	at org.openqa.selenium.remote.RemoteWebElement.execute(RemoteWebElement.java:285)
	at io.appium.java_client.DefaultGenericMobileElement.execute(DefaultGenericMobileElement.java:45)
	at io.appium.java_client.MobileElement.execute(MobileElement.java:1)
	at io.appium.java_client.android.AndroidElement.execute(AndroidElement.java:1)
	at org.openqa.selenium.remote.RemoteWebElement.sendKeys(RemoteWebElement.java:106)
	at com.kms.katalon.core.mobile.keyword.builtin.SetTextKeyword$_setText_closure1.doCall(SetTextKeyword.groovy:80)
	at com.kms.katalon.core.mobile.keyword.builtin.SetTextKeyword$_setText_closure1.call(SetTextKeyword.groovy)
	at com.kms.katalon.core.mobile.keyword.internal.MobileKeywordMain.runKeyword(MobileKeywordMain.groovy:21)
	... 35 more]]></system-err>
   </testsuite>
</testsuites>
