<?xml version="1.0" encoding="UTF-8"?>
<testsuites name="Feature Buyer Bid Product - Positive Case" time="14.034" tests="1" failures="0" errors="0">
   <testsuite name="Feature Buyer Bid Product - Positive Case" tests="1" failures="0" errors="0" time="14.034" skipped="0" timestamp="2023-07-03 17:48:47" hostname="ASUS - ASUS-RN911" id="Test Suites/Feature Buyer Bid Product - Positive Case">
      <properties>
         <property name="deviceName" value=""/>
         <property name="devicePlatform" value=""/>
         <property name="logFolder" value="E:\\GitRepo\\Katalon\\binarqa-group1-web\\Reports\\20230703_174844\\Feature Buyer Bid Product - Positive Case\\20230703_174845"/>
         <property name="logFiles" value="E:\\GitRepo\\Katalon\\binarqa-group1-web\\Reports\\20230703_174844\\Feature Buyer Bid Product - Positive Case\\20230703_174845\\execution0.log"/>
         <property name="attachments" value=""/>
         <property name="hostName" value="ASUS - ASUS-RN911"/>
         <property name="os" value="Windows 10 64bit"/>
         <property name="katalonVersion" value="8.6.0.208"/>
         <property name="browser" value="Chrome 114.0.0.0"/>
         <property name="hostAddress" value="192.168.1.116"/>
         <property name="sessionId" value="4c4e52c960a40e3738f7534c31e33751"/>
         <property name="seleniumVersion" value="3.141.59"/>
         <property name="proxyInformation" value="ProxyInformation { proxyOption=NO_PROXY, proxyServerType=HTTP, username=, password=********, proxyServerAddress=, proxyServerPort=0, executionList=&quot;&quot;, isApplyToDesiredCapabilities=true }"/>
         <property name="platform" value="Windows 10"/>
      </properties>
      <testcase name="Test Cases/Step Definition/Feature Bid/BID01 - Buyer Bid with Input Valid Data in Harga Tawar Field" time="13.864" classname="Test Cases/Step Definition/Feature Bid/BID01 - Buyer Bid with Input Valid Data in Harga Tawar Field" status="PASSED">
         <system-out><![CDATA[2023-07-03 17:48:47 - [TEST_CASE][PASSED] - Test Cases/Step Definition/Feature Bid/BID01 - Buyer Bid with Input Valid Data in Harga Tawar Field: Test Cases/Step Definition/Feature Bid/BID01 - Buyer Bid with Input Valid Data in Harga Tawar Field

2023-07-03 17:48:47 - [TEST_STEP][PASSED] - Start listener action : BeforeTestCase: Current window maximized

2023-07-03 17:48:47 - [TEST_STEP][PASSED] - logInfo("Test Case: " + testCaseContext.getTestCaseId()): Test Case: Test Cases/Step Definition/Feature Bid/BID01 - Buyer Bid with Input Valid Data in Harga Tawar Field

2023-07-03 17:48:47 - [MESSAGE][INFO] - Test Case: Test Cases/Step Definition/Feature Bid/BID01 - Buyer Bid with Input Valid Data in Harga Tawar Field

2023-07-03 17:48:47 - [TEST_STEP][PASSED] - openBrowser(): null

2023-07-03 17:48:47 - [TEST_STEP][PASSED] - openBrowser("https://secondhand.binaracademy.org/"): Browser is opened with url: 'https://secondhand.binaracademy.org/'

2023-07-03 17:48:48 - [MESSAGE][INFO] - Starting 'Chrome' driver

2023-07-03 17:48:48 - [MESSAGE][INFO] - Action delay is set to 0 milliseconds

2023-07-03 17:48:51 - [MESSAGE][PASSED] - Browser is opened with url: 'https://secondhand.binaracademy.org/'

2023-07-03 17:48:51 - [TEST_STEP][PASSED] - maximizeWindow(): Current window maximized

2023-07-03 17:48:51 - [MESSAGE][PASSED] - Current window maximized

2023-07-03 17:48:51 - [TEST_STEP][PASSED] - callTestCase(findTestCase("Pages/Homepage/Click Masuk from homepage"), [:], STOP_ON_FAILURE): Call Test Case 'Test Cases/Pages/Homepage/Click Masuk from homepage' successfully

2023-07-03 17:48:52 - [TEST_CASE][PASSED] - Test Cases/Pages/Homepage/Click Masuk from homepage: Test Cases/Pages/Homepage/Click Masuk from homepage

2023-07-03 17:48:52 - [TEST_STEP][PASSED] - click(findTestObject("Navbar/a_Masuk")): Object: 'Object Repository/Navbar/a_Masuk' is clicked on

2023-07-03 17:48:52 - [MESSAGE][PASSED] - Object: 'Object Repository/Navbar/a_Masuk' is clicked on

2023-07-03 17:48:52 - [MESSAGE][PASSED] - Call Test Case 'Test Cases/Pages/Homepage/Click Masuk from homepage' successfully

2023-07-03 17:48:52 - [TEST_STEP][PASSED] - callTestCase(findTestCase("Pages/Login/Input Email"), ["email":"alexbeli1@gmail.com"], STOP_ON_FAILURE): Call Test Case 'Test Cases/Pages/Login/Input Email' successfully

2023-07-03 17:48:52 - [TEST_CASE][PASSED] - Test Cases/Pages/Login/Input Email: Test Cases/Pages/Login/Input Email

2023-07-03 17:48:52 - [TEST_STEP][PASSED] - setText(findTestObject("Login/input_Email"), email): Text 'alexbeli1@gmail.com' is set on object 'Object Repository/Login/input_Email'

2023-07-03 17:48:53 - [MESSAGE][PASSED] - Text 'alexbeli1@gmail.com' is set on object 'Object Repository/Login/input_Email'

2023-07-03 17:48:53 - [MESSAGE][PASSED] - Call Test Case 'Test Cases/Pages/Login/Input Email' successfully

2023-07-03 17:48:53 - [TEST_STEP][PASSED] - callTestCase(findTestCase("Pages/Login/Input Password"), ["password":"asdqwe"], STOP_ON_FAILURE): Call Test Case 'Test Cases/Pages/Login/Input Password' successfully

2023-07-03 17:48:53 - [TEST_CASE][PASSED] - Test Cases/Pages/Login/Input Password: Test Cases/Pages/Login/Input Password

2023-07-03 17:48:53 - [TEST_STEP][PASSED] - setText(findTestObject("Login/input_Password"), password): Text 'asdqwe' is set on object 'Object Repository/Login/input_Password'

2023-07-03 17:48:54 - [MESSAGE][PASSED] - Text 'asdqwe' is set on object 'Object Repository/Login/input_Password'

2023-07-03 17:48:54 - [MESSAGE][PASSED] - Call Test Case 'Test Cases/Pages/Login/Input Password' successfully

2023-07-03 17:48:54 - [TEST_STEP][PASSED] - callTestCase(findTestCase("Pages/Login/Click Button Masuk"), [:], STOP_ON_FAILURE): Call Test Case 'Test Cases/Pages/Login/Click Button Masuk' successfully

2023-07-03 17:48:54 - [TEST_CASE][PASSED] - Test Cases/Pages/Login/Click Button Masuk: Test Cases/Pages/Login/Click Button Masuk

2023-07-03 17:48:54 - [TEST_STEP][PASSED] - click(findTestObject("Login/button_Masuk")): Object: 'Object Repository/Login/button_Masuk' is clicked on

2023-07-03 17:48:54 - [MESSAGE][PASSED] - Object: 'Object Repository/Login/button_Masuk' is clicked on

2023-07-03 17:48:54 - [TEST_STEP][PASSED] - waitForPageLoad(5): Wait for page load successfully

2023-07-03 17:48:54 - [MESSAGE][PASSED] - Wait for page load successfully

2023-07-03 17:48:54 - [MESSAGE][PASSED] - Call Test Case 'Test Cases/Pages/Login/Click Button Masuk' successfully

2023-07-03 17:48:54 - [TEST_STEP][PASSED] - callTestCase(findTestCase("Pages/Homepage/Click First Card Product"), [:], STOP_ON_FAILURE): Call Test Case 'Test Cases/Pages/Homepage/Click First Card Product' successfully

2023-07-03 17:48:55 - [TEST_CASE][PASSED] - Test Cases/Pages/Homepage/Click First Card Product: Test Cases/Pages/Homepage/Click First Card Product

2023-07-03 17:48:55 - [TEST_STEP][PASSED] - click(findTestObject("Homepage/a_First Product Card")): Object: 'Object Repository/Homepage/a_First Product Card' is clicked on

2023-07-03 17:48:58 - [MESSAGE][PASSED] - Object: 'Object Repository/Homepage/a_First Product Card' is clicked on

2023-07-03 17:48:58 - [MESSAGE][PASSED] - Call Test Case 'Test Cases/Pages/Homepage/Click First Card Product' successfully

2023-07-03 17:48:58 - [TEST_STEP][PASSED] - callTestCase(findTestCase("Pages/Product Detail/Click Saya Tertarik dan Ingin Nego"), [:], STOP_ON_FAILURE): Call Test Case 'Test Cases/Pages/Product Detail/Click Saya Tertarik dan Ingin Nego' successfully

2023-07-03 17:48:58 - [TEST_CASE][PASSED] - Test Cases/Pages/Product Detail/Click Saya Tertarik dan Ingin Nego: Test Cases/Pages/Product Detail/Click Saya Tertarik dan Ingin Nego

2023-07-03 17:48:58 - [TEST_STEP][PASSED] - click(findTestObject("Products/Product Detail Page/button_Saya tertarik dan ingin nego")): Object: 'Object Repository/Products/Product Detail Page/button_Saya tertarik dan ingin nego' is clicked on

2023-07-03 17:48:58 - [MESSAGE][PASSED] - Object: 'Object Repository/Products/Product Detail Page/button_Saya tertarik dan ingin nego' is clicked on

2023-07-03 17:48:58 - [MESSAGE][PASSED] - Call Test Case 'Test Cases/Pages/Product Detail/Click Saya Tertarik dan Ingin Nego' successfully

2023-07-03 17:48:58 - [TEST_STEP][PASSED] - callTestCase(findTestCase("Pages/Product Detail/Buy Bid Product/Input Harga Tawar"), ["harga":"2000"], STOP_ON_FAILURE): Call Test Case 'Test Cases/Pages/Product Detail/Buy Bid Product/Input Harga Tawar' successfully

2023-07-03 17:48:58 - [TEST_CASE][PASSED] - Test Cases/Pages/Product Detail/Buy Bid Product/Input Harga Tawar: Test Cases/Pages/Product Detail/Buy Bid Product/Input Harga Tawar

2023-07-03 17:48:59 - [TEST_STEP][PASSED] - setText(findTestObject("Products/Product Detail Page/input_Harga Tawar_offerprice"), harga): Text '2000' is set on object 'Object Repository/Products/Product Detail Page/input_Harga Tawar_offerprice'

2023-07-03 17:48:59 - [MESSAGE][PASSED] - Text '2000' is set on object 'Object Repository/Products/Product Detail Page/input_Harga Tawar_offerprice'

2023-07-03 17:48:59 - [MESSAGE][PASSED] - Call Test Case 'Test Cases/Pages/Product Detail/Buy Bid Product/Input Harga Tawar' successfully

2023-07-03 17:48:59 - [TEST_STEP][PASSED] - callTestCase(findTestCase("Pages/Product Detail/Buy Bid Product/Click Button Kirim"), [:], STOP_ON_FAILURE): Call Test Case 'Test Cases/Pages/Product Detail/Buy Bid Product/Click Button Kirim' successfully

2023-07-03 17:48:59 - [TEST_CASE][PASSED] - Test Cases/Pages/Product Detail/Buy Bid Product/Click Button Kirim: Test Cases/Pages/Product Detail/Buy Bid Product/Click Button Kirim

2023-07-03 17:49:00 - [TEST_STEP][PASSED] - click(findTestObject("Products/Product Detail Page/input_Harga Tawar")): Object: 'Object Repository/Products/Product Detail Page/input_Harga Tawar' is clicked on

2023-07-03 17:49:00 - [MESSAGE][PASSED] - Object: 'Object Repository/Products/Product Detail Page/input_Harga Tawar' is clicked on

2023-07-03 17:49:00 - [MESSAGE][PASSED] - Call Test Case 'Test Cases/Pages/Product Detail/Buy Bid Product/Click Button Kirim' successfully

2023-07-03 17:49:00 - [TEST_STEP][PASSED] - callTestCase(findTestCase("Pages/Product Detail/Buy Bid Product/Verify Text - Menunggu respon penjual"), [:], STOP_ON_FAILURE): Call Test Case 'Test Cases/Pages/Product Detail/Buy Bid Product/Verify Text - Menunggu respon penjual' successfully

2023-07-03 17:49:00 - [TEST_CASE][PASSED] - Test Cases/Pages/Product Detail/Buy Bid Product/Verify Text - Menunggu respon penjual: Test Cases/Pages/Product Detail/Buy Bid Product/Verify Text - Menunggu respon penjual

2023-07-03 17:49:00 - [TEST_STEP][PASSED] - verifyTextPresent("Menunggu respon penjual", true): Text 'Menunggu respon penjual' is present on page  using regular expression

2023-07-03 17:49:01 - [MESSAGE][PASSED] - Text 'Menunggu respon penjual' is present on page  using regular expression

2023-07-03 17:49:01 - [MESSAGE][PASSED] - Call Test Case 'Test Cases/Pages/Product Detail/Buy Bid Product/Verify Text - Menunggu respon penjual' successfully

2023-07-03 17:49:01 - [TEST_STEP][PASSED] - Start listener action : AfterTestCase: Browser is closed

2023-07-03 17:49:01 - [TEST_STEP][PASSED] - logInfo("Test Case: " + testCaseContext.getTestCaseId() + " | " + testCaseContext.getTestCaseStatus()): Test Case: Test Cases/Step Definition/Feature Bid/BID01 - Buyer Bid with Input Valid Data in Harga Tawar Field | PASSED

2023-07-03 17:49:01 - [MESSAGE][INFO] - Test Case: Test Cases/Step Definition/Feature Bid/BID01 - Buyer Bid with Input Valid Data in Harga Tawar Field | PASSED

2023-07-03 17:49:01 - [TEST_STEP][PASSED] - closeBrowser(): null

2023-07-03 17:49:01 - [TEST_STEP][PASSED] - closeBrowser(): Browser is closed

2023-07-03 17:49:01 - [MESSAGE][PASSED] - Browser is closed]]></system-out>
         <system-err><![CDATA[]]></system-err>
      </testcase>
      <system-out><![CDATA[2023-07-03 17:48:47 - [TEST_SUITE][PASSED] - Feature Buyer Bid Product - Positive Case: Test Cases/Step Definition/Feature Bid/BID01 - Buyer Bid with Input Valid Data in Harga Tawar Field]]></system-out>
      <system-err><![CDATA[]]></system-err>
   </testsuite>
</testsuites>
